
*** Running vivado
    with args -log design_1_v_axi4s_vid_out_0_0.vds -m64 -product Vivado -mode batch -messageDb vivado.pb -notrace -source design_1_v_axi4s_vid_out_0_0.tcl

WARNING: Ignoring invalid XILINX_PATH location C:\Xilinx\Vivado\2017.4\patches\AR70530\vivado.
Resolution: An invalid XILINX_PATH location has been detected. To resolve this issue:

1. Verify the value of XILINX_PATH is accurate by viewing the value the variable via 'set XILINX_PATH' for Windows or 'echo $XILINX_PATH' for Linux, and update it as needed.

2. To unset the variable using on Windows using 'set XILINX_PATH=' or remove it from Advanced System Settings\Environment Variables. On Linux 'unsetenv XILINX_PATH'


****** Vivado v2018.2 (64-bit)
  **** SW Build 2258646 on Thu Jun 14 20:03:12 MDT 2018
  **** IP Build 2256618 on Thu Jun 14 22:10:49 MDT 2018
    ** Copyright 1986-2018 Xilinx, Inc. All Rights Reserved.

WARNING: [Common 17-1271] The MYVIVADO environment variable specifies an invalid location 'C:\Xilinx\Vivado\2017.4\patches\AR70530\vivado'
source design_1_v_axi4s_vid_out_0_0.tcl -notrace
Command: synth_design -top design_1_v_axi4s_vid_out_0_0 -part xc7s50csga324-1 -mode out_of_context
Starting synth_design
Attempting to get a license for feature 'Synthesis' and/or device 'xc7s50'
INFO: [Common 17-349] Got license for feature 'Synthesis' and/or device 'xc7s50'
INFO: Launching helper process for spawning children vivado processes
INFO: Helper process launched with PID 8784 
---------------------------------------------------------------------------------
Starting RTL Elaboration : Time (s): cpu = 00:00:04 ; elapsed = 00:00:05 . Memory (MB): peak = 477.008 ; gain = 103.711
---------------------------------------------------------------------------------
INFO: [Synth 8-6157] synthesizing module 'design_1_v_axi4s_vid_out_0_0' [c:/hdl_projects/s7_tdm114/s7_tdm114.srcs/sources_1/bd/design_1/ip/design_1_v_axi4s_vid_out_0_0/synth/design_1_v_axi4s_vid_out_0_0.v:58]
INFO: [Synth 8-6157] synthesizing module 'v_axi4s_vid_out_v4_0_9' [c:/hdl_projects/s7_tdm114/s7_tdm114.srcs/sources_1/bd/design_1/ipshared/9a07/hdl/v_axi4s_vid_out_v4_0_vl_rfs.v:2101]
	Parameter C_FAMILY bound to: spartan7 - type: string 
	Parameter C_PIXELS_PER_CLOCK bound to: 1 - type: integer 
	Parameter C_COMPONENTS_PER_PIXEL bound to: 1 - type: integer 
	Parameter C_S_AXIS_COMPONENT_WIDTH bound to: 8 - type: integer 
	Parameter C_NATIVE_COMPONENT_WIDTH bound to: 8 - type: integer 
	Parameter C_NATIVE_DATA_WIDTH bound to: 8 - type: integer 
	Parameter C_S_AXIS_TDATA_WIDTH bound to: 8 - type: integer 
	Parameter C_HAS_ASYNC_CLK bound to: 0 - type: integer 
	Parameter C_ADDR_WIDTH bound to: 13 - type: integer 
	Parameter C_VTG_MASTER_SLAVE bound to: 0 - type: integer 
	Parameter C_HYSTERESIS_LEVEL bound to: 32 - type: integer 
	Parameter C_SYNC_LOCK_THRESHOLD bound to: 4 - type: integer 
	Parameter C_INCLUDE_PIXEL_REPEAT bound to: 0 - type: integer 
	Parameter C_INCLUDE_PIXEL_REMAP_420 bound to: 0 - type: integer 
	Parameter C_ADDR_WIDTH_PIXEL_REMAP_420 bound to: 10 - type: integer 
INFO: [Synth 8-6157] synthesizing module 'v_axi4s_vid_out_v4_0_9_cdc_single' [c:/hdl_projects/s7_tdm114/s7_tdm114.srcs/sources_1/bd/design_1/ipshared/9a07/hdl/v_axi4s_vid_out_v4_0_vl_rfs.v:207]
	Parameter C_SYNC_FF bound to: 4 - type: integer 
INFO: [Synth 8-6157] synthesizing module 'xpm_cdc_single' [C:/Xilinx/Vivado/2018.2/data/ip/xpm/xpm_cdc/hdl/xpm_cdc.sv:153]
	Parameter DEST_SYNC_FF bound to: 4 - type: integer 
	Parameter INIT_SYNC_FF bound to: 0 - type: integer 
	Parameter SIM_ASSERT_CHK bound to: 0 - type: integer 
	Parameter SRC_INPUT_REG bound to: 0 - type: integer 
	Parameter VERSION bound to: 0 - type: integer 
INFO: [Synth 8-5534] Detected attribute (* ASYNC_REG = "TRUE" *) [C:/Xilinx/Vivado/2018.2/data/ip/xpm/xpm_cdc/hdl/xpm_cdc.sv:205]
INFO: [Synth 8-6155] done synthesizing module 'xpm_cdc_single' (1#1) [C:/Xilinx/Vivado/2018.2/data/ip/xpm/xpm_cdc/hdl/xpm_cdc.sv:153]
INFO: [Synth 8-6155] done synthesizing module 'v_axi4s_vid_out_v4_0_9_cdc_single' (2#1) [c:/hdl_projects/s7_tdm114/s7_tdm114.srcs/sources_1/bd/design_1/ipshared/9a07/hdl/v_axi4s_vid_out_v4_0_vl_rfs.v:207]
INFO: [Synth 8-6157] synthesizing module 'v_axi4s_vid_out_v4_0_9_coupler' [c:/hdl_projects/s7_tdm114/s7_tdm114.srcs/sources_1/bd/design_1/ipshared/9a07/hdl/v_axi4s_vid_out_v4_0_vl_rfs.v:294]
	Parameter C_FAMILY bound to: spartan7 - type: string 
	Parameter C_HAS_ASYNC_CLK bound to: 0 - type: integer 
	Parameter C_ADDR_WIDTH bound to: 13 - type: integer 
	Parameter C_PIXELS_PER_CLOCK bound to: 1 - type: integer 
	Parameter C_COMPONENTS_PER_PIXEL bound to: 1 - type: integer 
	Parameter C_S_AXIS_COMPONENT_WIDTH bound to: 8 - type: integer 
	Parameter C_NATIVE_COMPONENT_WIDTH bound to: 8 - type: integer 
	Parameter C_S_AXIS_TDATA_WIDTH bound to: 8 - type: integer 
	Parameter C_NATIVE_DATA_WIDTH bound to: 8 - type: integer 
	Parameter C_NUM_COMPONENTS bound to: 1 - type: integer 
	Parameter C_DO_TRIM bound to: 1'b0 
	Parameter C_DO_PAD bound to: 1'b0 
	Parameter C_DATA_WIDTH bound to: 11 - type: integer 
	Parameter C_DIFF_COMPONENT_WIDTH bound to: 0 - type: integer 
INFO: [Synth 8-6157] synthesizing module 'v_axi4s_vid_out_v4_0_9_fifo_sync' [c:/hdl_projects/s7_tdm114/s7_tdm114.srcs/sources_1/bd/design_1/ipshared/9a07/hdl/v_axi4s_vid_out_v4_0_vl_rfs.v:135]
	Parameter C_ADDR_WIDTH bound to: 13 - type: integer 
	Parameter C_DATA_WIDTH bound to: 11 - type: integer 
INFO: [Synth 8-6157] synthesizing module 'xpm_fifo_sync' [C:/Xilinx/Vivado/2018.2/data/ip/xpm/xpm_fifo/hdl/xpm_fifo.sv:1800]
	Parameter FIFO_MEMORY_TYPE bound to: auto - type: string 
	Parameter ECC_MODE bound to: no_ecc - type: string 
	Parameter FIFO_WRITE_DEPTH bound to: 8192 - type: integer 
	Parameter WRITE_DATA_WIDTH bound to: 11 - type: integer 
	Parameter WR_DATA_COUNT_WIDTH bound to: 14 - type: integer 
	Parameter PROG_FULL_THRESH bound to: 10 - type: integer 
	Parameter FULL_RESET_VALUE bound to: 1 - type: integer 
	Parameter USE_ADV_FEATURES bound to: 0707 - type: string 
	Parameter READ_MODE bound to: fwft - type: string 
	Parameter FIFO_READ_LATENCY bound to: 0 - type: integer 
	Parameter READ_DATA_WIDTH bound to: 11 - type: integer 
	Parameter RD_DATA_COUNT_WIDTH bound to: 14 - type: integer 
	Parameter PROG_EMPTY_THRESH bound to: 10 - type: integer 
	Parameter DOUT_RESET_VALUE bound to: 0 - type: string 
	Parameter WAKEUP_TIME bound to: 0 - type: integer 
	Parameter P_FIFO_MEMORY_TYPE bound to: 0 - type: integer 
	Parameter P_COMMON_CLOCK bound to: 1 - type: integer 
	Parameter P_ECC_MODE bound to: 0 - type: integer 
	Parameter P_READ_MODE bound to: 1 - type: integer 
	Parameter P_WAKEUP_TIME bound to: 2 - type: integer 
INFO: [Synth 8-6157] synthesizing module 'xpm_fifo_base' [C:/Xilinx/Vivado/2018.2/data/ip/xpm/xpm_fifo/hdl/xpm_fifo.sv:56]
WARNING: [Synth 8-6104] Input port 'value' has an internal driver [C:/Xilinx/Vivado/2018.2/data/ip/xpm/xpm_fifo/hdl/xpm_fifo.sv:124]
WARNING: [Synth 8-6104] Input port 'value' has an internal driver [C:/Xilinx/Vivado/2018.2/data/ip/xpm/xpm_fifo/hdl/xpm_fifo.sv:126]
WARNING: [Synth 8-6104] Input port 'value' has an internal driver [C:/Xilinx/Vivado/2018.2/data/ip/xpm/xpm_fifo/hdl/xpm_fifo.sv:126]
WARNING: [Synth 8-6104] Input port 'value' has an internal driver [C:/Xilinx/Vivado/2018.2/data/ip/xpm/xpm_fifo/hdl/xpm_fifo.sv:126]
WARNING: [Synth 8-6104] Input port 'value' has an internal driver [C:/Xilinx/Vivado/2018.2/data/ip/xpm/xpm_fifo/hdl/xpm_fifo.sv:126]
WARNING: [Synth 8-6104] Input port 'value' has an internal driver [C:/Xilinx/Vivado/2018.2/data/ip/xpm/xpm_fifo/hdl/xpm_fifo.sv:126]
WARNING: [Synth 8-6104] Input port 'value' has an internal driver [C:/Xilinx/Vivado/2018.2/data/ip/xpm/xpm_fifo/hdl/xpm_fifo.sv:126]
WARNING: [Synth 8-6104] Input port 'value' has an internal driver [C:/Xilinx/Vivado/2018.2/data/ip/xpm/xpm_fifo/hdl/xpm_fifo.sv:126]
WARNING: [Synth 8-6104] Input port 'value' has an internal driver [C:/Xilinx/Vivado/2018.2/data/ip/xpm/xpm_fifo/hdl/xpm_fifo.sv:126]
WARNING: [Synth 8-6104] Input port 'value' has an internal driver [C:/Xilinx/Vivado/2018.2/data/ip/xpm/xpm_fifo/hdl/xpm_fifo.sv:126]
WARNING: [Synth 8-6104] Input port 'value' has an internal driver [C:/Xilinx/Vivado/2018.2/data/ip/xpm/xpm_fifo/hdl/xpm_fifo.sv:126]
WARNING: [Synth 8-6104] Input port 'value' has an internal driver [C:/Xilinx/Vivado/2018.2/data/ip/xpm/xpm_fifo/hdl/xpm_fifo.sv:126]
WARNING: [Synth 8-6104] Input port 'value' has an internal driver [C:/Xilinx/Vivado/2018.2/data/ip/xpm/xpm_fifo/hdl/xpm_fifo.sv:126]
WARNING: [Synth 8-6104] Input port 'value' has an internal driver [C:/Xilinx/Vivado/2018.2/data/ip/xpm/xpm_fifo/hdl/xpm_fifo.sv:126]
WARNING: [Synth 8-6104] Input port 'value' has an internal driver [C:/Xilinx/Vivado/2018.2/data/ip/xpm/xpm_fifo/hdl/xpm_fifo.sv:124]
WARNING: [Synth 8-6104] Input port 'value' has an internal driver [C:/Xilinx/Vivado/2018.2/data/ip/xpm/xpm_fifo/hdl/xpm_fifo.sv:126]
WARNING: [Synth 8-6104] Input port 'value' has an internal driver [C:/Xilinx/Vivado/2018.2/data/ip/xpm/xpm_fifo/hdl/xpm_fifo.sv:126]
WARNING: [Synth 8-6104] Input port 'value' has an internal driver [C:/Xilinx/Vivado/2018.2/data/ip/xpm/xpm_fifo/hdl/xpm_fifo.sv:126]
WARNING: [Synth 8-6104] Input port 'value' has an internal driver [C:/Xilinx/Vivado/2018.2/data/ip/xpm/xpm_fifo/hdl/xpm_fifo.sv:126]
WARNING: [Synth 8-6104] Input port 'value' has an internal driver [C:/Xilinx/Vivado/2018.2/data/ip/xpm/xpm_fifo/hdl/xpm_fifo.sv:126]
WARNING: [Synth 8-6104] Input port 'value' has an internal driver [C:/Xilinx/Vivado/2018.2/data/ip/xpm/xpm_fifo/hdl/xpm_fifo.sv:126]
WARNING: [Synth 8-6104] Input port 'value' has an internal driver [C:/Xilinx/Vivado/2018.2/data/ip/xpm/xpm_fifo/hdl/xpm_fifo.sv:126]
WARNING: [Synth 8-6104] Input port 'value' has an internal driver [C:/Xilinx/Vivado/2018.2/data/ip/xpm/xpm_fifo/hdl/xpm_fifo.sv:126]
WARNING: [Synth 8-6104] Input port 'value' has an internal driver [C:/Xilinx/Vivado/2018.2/data/ip/xpm/xpm_fifo/hdl/xpm_fifo.sv:126]
WARNING: [Synth 8-6104] Input port 'value' has an internal driver [C:/Xilinx/Vivado/2018.2/data/ip/xpm/xpm_fifo/hdl/xpm_fifo.sv:126]
WARNING: [Synth 8-6104] Input port 'value' has an internal driver [C:/Xilinx/Vivado/2018.2/data/ip/xpm/xpm_fifo/hdl/xpm_fifo.sv:126]
WARNING: [Synth 8-6104] Input port 'value' has an internal driver [C:/Xilinx/Vivado/2018.2/data/ip/xpm/xpm_fifo/hdl/xpm_fifo.sv:126]
WARNING: [Synth 8-6104] Input port 'value' has an internal driver [C:/Xilinx/Vivado/2018.2/data/ip/xpm/xpm_fifo/hdl/xpm_fifo.sv:126]
WARNING: [Synth 8-6104] Input port 'value' has an internal driver [C:/Xilinx/Vivado/2018.2/data/ip/xpm/xpm_fifo/hdl/xpm_fifo.sv:124]
WARNING: [Synth 8-6104] Input port 'value' has an internal driver [C:/Xilinx/Vivado/2018.2/data/ip/xpm/xpm_fifo/hdl/xpm_fifo.sv:126]
WARNING: [Synth 8-6104] Input port 'value' has an internal driver [C:/Xilinx/Vivado/2018.2/data/ip/xpm/xpm_fifo/hdl/xpm_fifo.sv:126]
WARNING: [Synth 8-6104] Input port 'value' has an internal driver [C:/Xilinx/Vivado/2018.2/data/ip/xpm/xpm_fifo/hdl/xpm_fifo.sv:126]
WARNING: [Synth 8-6104] Input port 'value' has an internal driver [C:/Xilinx/Vivado/2018.2/data/ip/xpm/xpm_fifo/hdl/xpm_fifo.sv:126]
WARNING: [Synth 8-6104] Input port 'value' has an internal driver [C:/Xilinx/Vivado/2018.2/data/ip/xpm/xpm_fifo/hdl/xpm_fifo.sv:126]
WARNING: [Synth 8-6104] Input port 'value' has an internal driver [C:/Xilinx/Vivado/2018.2/data/ip/xpm/xpm_fifo/hdl/xpm_fifo.sv:126]
WARNING: [Synth 8-6104] Input port 'value' has an internal driver [C:/Xilinx/Vivado/2018.2/data/ip/xpm/xpm_fifo/hdl/xpm_fifo.sv:126]
WARNING: [Synth 8-6104] Input port 'value' has an internal driver [C:/Xilinx/Vivado/2018.2/data/ip/xpm/xpm_fifo/hdl/xpm_fifo.sv:126]
WARNING: [Synth 8-6104] Input port 'value' has an internal driver [C:/Xilinx/Vivado/2018.2/data/ip/xpm/xpm_fifo/hdl/xpm_fifo.sv:126]
WARNING: [Synth 8-6104] Input port 'value' has an internal driver [C:/Xilinx/Vivado/2018.2/data/ip/xpm/xpm_fifo/hdl/xpm_fifo.sv:126]
WARNING: [Synth 8-6104] Input port 'value' has an internal driver [C:/Xilinx/Vivado/2018.2/data/ip/xpm/xpm_fifo/hdl/xpm_fifo.sv:126]
WARNING: [Synth 8-6104] Input port 'value' has an internal driver [C:/Xilinx/Vivado/2018.2/data/ip/xpm/xpm_fifo/hdl/xpm_fifo.sv:126]
WARNING: [Synth 8-6104] Input port 'value' has an internal driver [C:/Xilinx/Vivado/2018.2/data/ip/xpm/xpm_fifo/hdl/xpm_fifo.sv:126]
WARNING: [Synth 8-6104] Input port 'value' has an internal driver [C:/Xilinx/Vivado/2018.2/data/ip/xpm/xpm_fifo/hdl/xpm_fifo.sv:124]
WARNING: [Synth 8-6104] Input port 'value' has an internal driver [C:/Xilinx/Vivado/2018.2/data/ip/xpm/xpm_fifo/hdl/xpm_fifo.sv:126]
WARNING: [Synth 8-6104] Input port 'value' has an internal driver [C:/Xilinx/Vivado/2018.2/data/ip/xpm/xpm_fifo/hdl/xpm_fifo.sv:126]
WARNING: [Synth 8-6104] Input port 'value' has an internal driver [C:/Xilinx/Vivado/2018.2/data/ip/xpm/xpm_fifo/hdl/xpm_fifo.sv:126]
WARNING: [Synth 8-6104] Input port 'value' has an internal driver [C:/Xilinx/Vivado/2018.2/data/ip/xpm/xpm_fifo/hdl/xpm_fifo.sv:126]
WARNING: [Synth 8-6104] Input port 'value' has an internal driver [C:/Xilinx/Vivado/2018.2/data/ip/xpm/xpm_fifo/hdl/xpm_fifo.sv:126]
WARNING: [Synth 8-6104] Input port 'value' has an internal driver [C:/Xilinx/Vivado/2018.2/data/ip/xpm/xpm_fifo/hdl/xpm_fifo.sv:126]
WARNING: [Synth 8-6104] Input port 'value' has an internal driver [C:/Xilinx/Vivado/2018.2/data/ip/xpm/xpm_fifo/hdl/xpm_fifo.sv:126]
WARNING: [Synth 8-6104] Input port 'value' has an internal driver [C:/Xilinx/Vivado/2018.2/data/ip/xpm/xpm_fifo/hdl/xpm_fifo.sv:126]
WARNING: [Synth 8-6104] Input port 'value' has an internal driver [C:/Xilinx/Vivado/2018.2/data/ip/xpm/xpm_fifo/hdl/xpm_fifo.sv:126]
WARNING: [Synth 8-6104] Input port 'value' has an internal driver [C:/Xilinx/Vivado/2018.2/data/ip/xpm/xpm_fifo/hdl/xpm_fifo.sv:126]
WARNING: [Synth 8-6104] Input port 'value' has an internal driver [C:/Xilinx/Vivado/2018.2/data/ip/xpm/xpm_fifo/hdl/xpm_fifo.sv:126]
WARNING: [Synth 8-6104] Input port 'value' has an internal driver [C:/Xilinx/Vivado/2018.2/data/ip/xpm/xpm_fifo/hdl/xpm_fifo.sv:126]
WARNING: [Synth 8-6104] Input port 'value' has an internal driver [C:/Xilinx/Vivado/2018.2/data/ip/xpm/xpm_fifo/hdl/xpm_fifo.sv:126]
	Parameter COMMON_CLOCK bound to: 1 - type: integer 
	Parameter RELATED_CLOCKS bound to: 0 - type: integer 
	Parameter FIFO_MEMORY_TYPE bound to: 0 - type: integer 
	Parameter ECC_MODE bound to: 0 - type: integer 
	Parameter FIFO_WRITE_DEPTH bound to: 8192 - type: integer 
	Parameter WRITE_DATA_WIDTH bound to: 11 - type: integer 
	Parameter WR_DATA_COUNT_WIDTH bound to: 14 - type: integer 
	Parameter PROG_FULL_THRESH bound to: 10 - type: integer 
	Parameter USE_ADV_FEATURES bound to: 0707 - type: string 
	Parameter READ_MODE bound to: 1 - type: integer 
	Parameter FIFO_READ_LATENCY bound to: 0 - type: integer 
	Parameter READ_DATA_WIDTH bound to: 11 - type: integer 
	Parameter RD_DATA_COUNT_WIDTH bound to: 14 - type: integer 
	Parameter PROG_EMPTY_THRESH bound to: 10 - type: integer 
	Parameter DOUT_RESET_VALUE bound to: 0 - type: string 
	Parameter CDC_DEST_SYNC_FF bound to: 2 - type: integer 
	Parameter FULL_RESET_VALUE bound to: 1 - type: integer 
	Parameter REMOVE_WR_RD_PROT_LOGIC bound to: 0 - type: integer 
	Parameter WAKEUP_TIME bound to: 0 - type: integer 
	Parameter VERSION bound to: 0 - type: integer 
	Parameter SIM_ASSERT_CHK bound to: 0 - type: integer 
	Parameter FIFO_MEM_TYPE bound to: 0 - type: integer 
	Parameter RD_MODE bound to: 1 - type: integer 
	Parameter ENABLE_ECC bound to: 0 - type: integer 
	Parameter FIFO_READ_DEPTH bound to: 8192 - type: integer 
	Parameter FIFO_SIZE bound to: 90112 - type: integer 
	Parameter WR_PNTR_WIDTH bound to: 13 - type: integer 
	Parameter RD_PNTR_WIDTH bound to: 13 - type: integer 
	Parameter FULL_RST_VAL bound to: 1'b1 
	Parameter WR_RD_RATIO bound to: 0 - type: integer 
	Parameter PF_THRESH_ADJ bound to: 8 - type: integer 
	Parameter PE_THRESH_ADJ bound to: 8 - type: integer 
	Parameter PF_THRESH_MIN bound to: 5 - type: integer 
	Parameter PF_THRESH_MAX bound to: 8187 - type: integer 
	Parameter PE_THRESH_MIN bound to: 5 - type: integer 
	Parameter PE_THRESH_MAX bound to: 8187 - type: integer 
	Parameter WR_DC_WIDTH_EXT bound to: 14 - type: integer 
	Parameter RD_DC_WIDTH_EXT bound to: 14 - type: integer 
	Parameter RD_LATENCY bound to: 2 - type: integer 
	Parameter EN_ADV_FEATURE bound to: 16'b0000011100000111 
	Parameter EN_OF bound to: 1'b1 
	Parameter EN_PF bound to: 1'b1 
	Parameter EN_WDC bound to: 1'b1 
	Parameter EN_AF bound to: 1'b0 
	Parameter EN_WACK bound to: 1'b0 
	Parameter FG_EQ_ASYM_DOUT bound to: 1'b0 
	Parameter EN_UF bound to: 1'b1 
	Parameter EN_PE bound to: 1'b1 
	Parameter EN_RDC bound to: 1'b1 
	Parameter EN_AE bound to: 1'b0 
	Parameter EN_DVLD bound to: 1'b0 
WARNING: [Synth 8-6104] Input port 'value' has an internal driver [C:/Xilinx/Vivado/2018.2/data/ip/xpm/xpm_fifo/hdl/xpm_fifo.sv:124]
WARNING: [Synth 8-6104] Input port 'value' has an internal driver [C:/Xilinx/Vivado/2018.2/data/ip/xpm/xpm_fifo/hdl/xpm_fifo.sv:126]
WARNING: [Synth 8-6104] Input port 'value' has an internal driver [C:/Xilinx/Vivado/2018.2/data/ip/xpm/xpm_fifo/hdl/xpm_fifo.sv:126]
WARNING: [Synth 8-6104] Input port 'value' has an internal driver [C:/Xilinx/Vivado/2018.2/data/ip/xpm/xpm_fifo/hdl/xpm_fifo.sv:126]
WARNING: [Synth 8-6104] Input port 'value' has an internal driver [C:/Xilinx/Vivado/2018.2/data/ip/xpm/xpm_fifo/hdl/xpm_fifo.sv:126]
WARNING: [Synth 8-6104] Input port 'value' has an internal driver [C:/Xilinx/Vivado/2018.2/data/ip/xpm/xpm_fifo/hdl/xpm_fifo.sv:126]
WARNING: [Synth 8-6104] Input port 'value' has an internal driver [C:/Xilinx/Vivado/2018.2/data/ip/xpm/xpm_fifo/hdl/xpm_fifo.sv:126]
WARNING: [Synth 8-6104] Input port 'value' has an internal driver [C:/Xilinx/Vivado/2018.2/data/ip/xpm/xpm_fifo/hdl/xpm_fifo.sv:126]
WARNING: [Synth 8-6104] Input port 'value' has an internal driver [C:/Xilinx/Vivado/2018.2/data/ip/xpm/xpm_fifo/hdl/xpm_fifo.sv:126]
WARNING: [Synth 8-6104] Input port 'value' has an internal driver [C:/Xilinx/Vivado/2018.2/data/ip/xpm/xpm_fifo/hdl/xpm_fifo.sv:126]
WARNING: [Synth 8-6104] Input port 'value' has an internal driver [C:/Xilinx/Vivado/2018.2/data/ip/xpm/xpm_fifo/hdl/xpm_fifo.sv:126]
WARNING: [Synth 8-6104] Input port 'value' has an internal driver [C:/Xilinx/Vivado/2018.2/data/ip/xpm/xpm_fifo/hdl/xpm_fifo.sv:126]
WARNING: [Synth 8-6104] Input port 'value' has an internal driver [C:/Xilinx/Vivado/2018.2/data/ip/xpm/xpm_fifo/hdl/xpm_fifo.sv:126]
WARNING: [Synth 8-6104] Input port 'value' has an internal driver [C:/Xilinx/Vivado/2018.2/data/ip/xpm/xpm_fifo/hdl/xpm_fifo.sv:126]
INFO: [Synth 8-6157] synthesizing module 'xpm_memory_base' [C:/Xilinx/Vivado/2018.2/data/ip/xpm/xpm_memory/hdl/xpm_memory.sv:57]
	Parameter MEMORY_TYPE bound to: 1 - type: integer 
	Parameter MEMORY_SIZE bound to: 90112 - type: integer 
	Parameter MEMORY_PRIMITIVE bound to: 0 - type: integer 
	Parameter CLOCKING_MODE bound to: 0 - type: integer 
	Parameter ECC_MODE bound to: 0 - type: integer 
	Parameter MEMORY_INIT_FILE bound to: none - type: string 
	Parameter MEMORY_INIT_PARAM bound to: (null) - type: string 
	Parameter USE_MEM_INIT bound to: 1 - type: integer 
	Parameter MEMORY_OPTIMIZATION bound to: true - type: string 
	Parameter WAKEUP_TIME bound to: 0 - type: integer 
	Parameter AUTO_SLEEP_TIME bound to: 0 - type: integer 
	Parameter MESSAGE_CONTROL bound to: 0 - type: integer 
	Parameter VERSION bound to: 0 - type: integer 
	Parameter USE_EMBEDDED_CONSTRAINT bound to: 0 - type: integer 
	Parameter WRITE_DATA_WIDTH_A bound to: 11 - type: integer 
	Parameter READ_DATA_WIDTH_A bound to: 11 - type: integer 
	Parameter BYTE_WRITE_WIDTH_A bound to: 11 - type: integer 
	Parameter ADDR_WIDTH_A bound to: 13 - type: integer 
	Parameter READ_RESET_VALUE_A bound to: 0 - type: string 
	Parameter READ_LATENCY_A bound to: 2 - type: integer 
	Parameter WRITE_MODE_A bound to: 2 - type: integer 
	Parameter WRITE_DATA_WIDTH_B bound to: 11 - type: integer 
	Parameter READ_DATA_WIDTH_B bound to: 11 - type: integer 
	Parameter BYTE_WRITE_WIDTH_B bound to: 11 - type: integer 
	Parameter ADDR_WIDTH_B bound to: 13 - type: integer 
	Parameter READ_RESET_VALUE_B bound to: 0 - type: string 
	Parameter READ_LATENCY_B bound to: 2 - type: integer 
	Parameter WRITE_MODE_B bound to: 2 - type: integer 
	Parameter P_MEMORY_PRIMITIVE bound to: auto - type: string 
	Parameter P_MIN_WIDTH_DATA_A bound to: 11 - type: integer 
	Parameter P_MIN_WIDTH_DATA_B bound to: 11 - type: integer 
	Parameter P_MIN_WIDTH_DATA bound to: 11 - type: integer 
	Parameter P_MIN_WIDTH_DATA_ECC bound to: 11 - type: integer 
	Parameter P_MAX_DEPTH_DATA bound to: 8192 - type: integer 
	Parameter P_ECC_MODE bound to: no_ecc - type: string 
	Parameter P_MEMORY_OPT bound to: yes - type: string 
	Parameter P_WIDTH_COL_WRITE_A bound to: 11 - type: integer 
	Parameter P_WIDTH_COL_WRITE_B bound to: 11 - type: integer 
	Parameter P_NUM_COLS_WRITE_A bound to: 1 - type: integer 
	Parameter P_NUM_COLS_WRITE_B bound to: 1 - type: integer 
	Parameter P_NUM_ROWS_WRITE_A bound to: 1 - type: integer 
	Parameter P_NUM_ROWS_WRITE_B bound to: 1 - type: integer 
	Parameter P_NUM_ROWS_READ_A bound to: 1 - type: integer 
	Parameter P_NUM_ROWS_READ_B bound to: 1 - type: integer 
	Parameter P_WIDTH_ADDR_WRITE_A bound to: 13 - type: integer 
	Parameter P_WIDTH_ADDR_WRITE_B bound to: 13 - type: integer 
	Parameter P_WIDTH_ADDR_READ_A bound to: 13 - type: integer 
	Parameter P_WIDTH_ADDR_READ_B bound to: 13 - type: integer 
	Parameter P_WIDTH_ADDR_LSB_WRITE_A bound to: 0 - type: integer 
	Parameter P_WIDTH_ADDR_LSB_WRITE_B bound to: 0 - type: integer 
	Parameter P_WIDTH_ADDR_LSB_READ_A bound to: 0 - type: integer 
	Parameter P_WIDTH_ADDR_LSB_READ_B bound to: 0 - type: integer 
	Parameter P_ENABLE_BYTE_WRITE_A bound to: 0 - type: integer 
	Parameter P_ENABLE_BYTE_WRITE_B bound to: 0 - type: integer 
	Parameter P_SDP_WRITE_MODE bound to: yes - type: string 
	Parameter NUM_CHAR_LOC bound to: 0 - type: integer 
	Parameter MAX_NUM_CHAR bound to: 0 - type: integer 
	Parameter P_MIN_WIDTH_DATA_SHFT bound to: 11 - type: integer 
	Parameter P_MIN_WIDTH_DATA_LDW bound to: 4 - type: integer 
INFO: [Synth 8-6059] Synth Info: [XPM_MEMORY 20-1] MEMORY_PRIMITIVE (0) instructs Vivado Synthesis to choose the memory primitive type. Depending on their values, other XPM_MEMORY parameters may preclude the choice of certain memory primitive types. Review XPM_MEMORY documentation and parameter values to understand any limitations, or set MEMORY_PRIMITIVE to a different value.   [C:/Xilinx/Vivado/2018.2/data/ip/xpm/xpm_memory/hdl/xpm_memory.sv:467]
INFO: [Synth 8-6059] Synth Info: [XPM_MEMORY 20-2] MEMORY_INIT_FILE (none), MEMORY_INIT_PARAM together specify no memory initialization. Initial memory contents will be all 0's.   [C:/Xilinx/Vivado/2018.2/data/ip/xpm/xpm_memory/hdl/xpm_memory.sv:469]
WARNING: [Synth 8-6014] Unused sequential element gen_rd_b.gen_doutb_pipe.enb_pipe_reg[0] was removed.  [C:/Xilinx/Vivado/2018.2/data/ip/xpm/xpm_memory/hdl/xpm_memory.sv:2588]
INFO: [Synth 8-5772] Detected attribute (* rw_addr_collision = "yes" *) on RAM gen_wr_a.gen_word_narrow.mem_reg 
INFO: [Synth 8-5772] Detected attribute (* ram_ecc = "no_ecc" *) on RAM gen_wr_a.gen_word_narrow.mem_reg 
INFO: [Synth 8-6155] done synthesizing module 'xpm_memory_base' (3#1) [C:/Xilinx/Vivado/2018.2/data/ip/xpm/xpm_memory/hdl/xpm_memory.sv:57]
INFO: [Synth 8-6157] synthesizing module 'xpm_fifo_reg_bit' [C:/Xilinx/Vivado/2018.2/data/ip/xpm/xpm_fifo/hdl/xpm_fifo.sv:1755]
	Parameter RST_VALUE bound to: 0 - type: integer 
INFO: [Synth 8-6155] done synthesizing module 'xpm_fifo_reg_bit' (4#1) [C:/Xilinx/Vivado/2018.2/data/ip/xpm/xpm_fifo/hdl/xpm_fifo.sv:1755]
INFO: [Synth 8-226] default block is never used [C:/Xilinx/Vivado/2018.2/data/ip/xpm/xpm_fifo/hdl/xpm_fifo.sv:1161]
INFO: [Synth 8-226] default block is never used [C:/Xilinx/Vivado/2018.2/data/ip/xpm/xpm_fifo/hdl/xpm_fifo.sv:1207]
INFO: [Synth 8-226] default block is never used [C:/Xilinx/Vivado/2018.2/data/ip/xpm/xpm_fifo/hdl/xpm_fifo.sv:1218]
INFO: [Synth 8-6157] synthesizing module 'xpm_counter_updn' [C:/Xilinx/Vivado/2018.2/data/ip/xpm/xpm_fifo/hdl/xpm_fifo.sv:1707]
	Parameter COUNTER_WIDTH bound to: 2 - type: integer 
	Parameter RESET_VALUE bound to: 0 - type: integer 
INFO: [Synth 8-6155] done synthesizing module 'xpm_counter_updn' (5#1) [C:/Xilinx/Vivado/2018.2/data/ip/xpm/xpm_fifo/hdl/xpm_fifo.sv:1707]
INFO: [Synth 8-6157] synthesizing module 'xpm_fifo_rst' [C:/Xilinx/Vivado/2018.2/data/ip/xpm/xpm_fifo/hdl/xpm_fifo.sv:1478]
	Parameter COMMON_CLOCK bound to: 1 - type: integer 
	Parameter CDC_DEST_SYNC_FF bound to: 2 - type: integer 
	Parameter SIM_ASSERT_CHK bound to: 0 - type: integer 
INFO: [Synth 8-6155] done synthesizing module 'xpm_fifo_rst' (6#1) [C:/Xilinx/Vivado/2018.2/data/ip/xpm/xpm_fifo/hdl/xpm_fifo.sv:1478]
INFO: [Synth 8-6157] synthesizing module 'xpm_counter_updn__parameterized0' [C:/Xilinx/Vivado/2018.2/data/ip/xpm/xpm_fifo/hdl/xpm_fifo.sv:1707]
	Parameter COUNTER_WIDTH bound to: 14 - type: integer 
	Parameter RESET_VALUE bound to: 0 - type: integer 
INFO: [Synth 8-6155] done synthesizing module 'xpm_counter_updn__parameterized0' (6#1) [C:/Xilinx/Vivado/2018.2/data/ip/xpm/xpm_fifo/hdl/xpm_fifo.sv:1707]
INFO: [Synth 8-6157] synthesizing module 'xpm_counter_updn__parameterized1' [C:/Xilinx/Vivado/2018.2/data/ip/xpm/xpm_fifo/hdl/xpm_fifo.sv:1707]
	Parameter COUNTER_WIDTH bound to: 13 - type: integer 
	Parameter RESET_VALUE bound to: 1 - type: integer 
INFO: [Synth 8-6155] done synthesizing module 'xpm_counter_updn__parameterized1' (6#1) [C:/Xilinx/Vivado/2018.2/data/ip/xpm/xpm_fifo/hdl/xpm_fifo.sv:1707]
INFO: [Synth 8-6157] synthesizing module 'xpm_counter_updn__parameterized2' [C:/Xilinx/Vivado/2018.2/data/ip/xpm/xpm_fifo/hdl/xpm_fifo.sv:1707]
	Parameter COUNTER_WIDTH bound to: 13 - type: integer 
	Parameter RESET_VALUE bound to: 2 - type: integer 
INFO: [Synth 8-6155] done synthesizing module 'xpm_counter_updn__parameterized2' (6#1) [C:/Xilinx/Vivado/2018.2/data/ip/xpm/xpm_fifo/hdl/xpm_fifo.sv:1707]
WARNING: [Synth 8-6104] Input port 'value' has an internal driver [C:/Xilinx/Vivado/2018.2/data/ip/xpm/xpm_fifo/hdl/xpm_fifo.sv:124]
WARNING: [Synth 8-6104] Input port 'value' has an internal driver [C:/Xilinx/Vivado/2018.2/data/ip/xpm/xpm_fifo/hdl/xpm_fifo.sv:126]
WARNING: [Synth 8-6104] Input port 'value' has an internal driver [C:/Xilinx/Vivado/2018.2/data/ip/xpm/xpm_fifo/hdl/xpm_fifo.sv:126]
WARNING: [Synth 8-6104] Input port 'value' has an internal driver [C:/Xilinx/Vivado/2018.2/data/ip/xpm/xpm_fifo/hdl/xpm_fifo.sv:126]
WARNING: [Synth 8-6104] Input port 'value' has an internal driver [C:/Xilinx/Vivado/2018.2/data/ip/xpm/xpm_fifo/hdl/xpm_fifo.sv:126]
WARNING: [Synth 8-6104] Input port 'value' has an internal driver [C:/Xilinx/Vivado/2018.2/data/ip/xpm/xpm_fifo/hdl/xpm_fifo.sv:126]
WARNING: [Synth 8-6104] Input port 'value' has an internal driver [C:/Xilinx/Vivado/2018.2/data/ip/xpm/xpm_fifo/hdl/xpm_fifo.sv:126]
WARNING: [Synth 8-6104] Input port 'value' has an internal driver [C:/Xilinx/Vivado/2018.2/data/ip/xpm/xpm_fifo/hdl/xpm_fifo.sv:126]
WARNING: [Synth 8-6104] Input port 'value' has an internal driver [C:/Xilinx/Vivado/2018.2/data/ip/xpm/xpm_fifo/hdl/xpm_fifo.sv:126]
WARNING: [Synth 8-6104] Input port 'value' has an internal driver [C:/Xilinx/Vivado/2018.2/data/ip/xpm/xpm_fifo/hdl/xpm_fifo.sv:126]
WARNING: [Synth 8-6104] Input port 'value' has an internal driver [C:/Xilinx/Vivado/2018.2/data/ip/xpm/xpm_fifo/hdl/xpm_fifo.sv:126]
WARNING: [Synth 8-6104] Input port 'value' has an internal driver [C:/Xilinx/Vivado/2018.2/data/ip/xpm/xpm_fifo/hdl/xpm_fifo.sv:126]
WARNING: [Synth 8-6104] Input port 'value' has an internal driver [C:/Xilinx/Vivado/2018.2/data/ip/xpm/xpm_fifo/hdl/xpm_fifo.sv:126]
WARNING: [Synth 8-6104] Input port 'value' has an internal driver [C:/Xilinx/Vivado/2018.2/data/ip/xpm/xpm_fifo/hdl/xpm_fifo.sv:126]
WARNING: [Synth 8-6104] Input port 'value' has an internal driver [C:/Xilinx/Vivado/2018.2/data/ip/xpm/xpm_fifo/hdl/xpm_fifo.sv:124]
WARNING: [Synth 8-6104] Input port 'value' has an internal driver [C:/Xilinx/Vivado/2018.2/data/ip/xpm/xpm_fifo/hdl/xpm_fifo.sv:126]
WARNING: [Synth 8-6104] Input port 'value' has an internal driver [C:/Xilinx/Vivado/2018.2/data/ip/xpm/xpm_fifo/hdl/xpm_fifo.sv:126]
WARNING: [Synth 8-6104] Input port 'value' has an internal driver [C:/Xilinx/Vivado/2018.2/data/ip/xpm/xpm_fifo/hdl/xpm_fifo.sv:126]
WARNING: [Synth 8-6104] Input port 'value' has an internal driver [C:/Xilinx/Vivado/2018.2/data/ip/xpm/xpm_fifo/hdl/xpm_fifo.sv:126]
WARNING: [Synth 8-6104] Input port 'value' has an internal driver [C:/Xilinx/Vivado/2018.2/data/ip/xpm/xpm_fifo/hdl/xpm_fifo.sv:126]
WARNING: [Synth 8-6104] Input port 'value' has an internal driver [C:/Xilinx/Vivado/2018.2/data/ip/xpm/xpm_fifo/hdl/xpm_fifo.sv:126]
WARNING: [Synth 8-6104] Input port 'value' has an internal driver [C:/Xilinx/Vivado/2018.2/data/ip/xpm/xpm_fifo/hdl/xpm_fifo.sv:126]
WARNING: [Synth 8-6104] Input port 'value' has an internal driver [C:/Xilinx/Vivado/2018.2/data/ip/xpm/xpm_fifo/hdl/xpm_fifo.sv:126]
WARNING: [Synth 8-6104] Input port 'value' has an internal driver [C:/Xilinx/Vivado/2018.2/data/ip/xpm/xpm_fifo/hdl/xpm_fifo.sv:126]
WARNING: [Synth 8-6104] Input port 'value' has an internal driver [C:/Xilinx/Vivado/2018.2/data/ip/xpm/xpm_fifo/hdl/xpm_fifo.sv:126]
WARNING: [Synth 8-6104] Input port 'value' has an internal driver [C:/Xilinx/Vivado/2018.2/data/ip/xpm/xpm_fifo/hdl/xpm_fifo.sv:126]
WARNING: [Synth 8-6104] Input port 'value' has an internal driver [C:/Xilinx/Vivado/2018.2/data/ip/xpm/xpm_fifo/hdl/xpm_fifo.sv:126]
WARNING: [Synth 8-6104] Input port 'value' has an internal driver [C:/Xilinx/Vivado/2018.2/data/ip/xpm/xpm_fifo/hdl/xpm_fifo.sv:126]
WARNING: [Synth 8-6104] Input port 'value' has an internal driver [C:/Xilinx/Vivado/2018.2/data/ip/xpm/xpm_fifo/hdl/xpm_fifo.sv:124]
WARNING: [Synth 8-6104] Input port 'value' has an internal driver [C:/Xilinx/Vivado/2018.2/data/ip/xpm/xpm_fifo/hdl/xpm_fifo.sv:126]
INFO: [Common 17-14] Message 'Synth 8-6104' appears 100 times and further instances of the messages will be disabled. Use the Tcl command set_msg_config to change the current settings.
INFO: [Synth 8-5772] Detected attribute (* rw_addr_collision = "yes" *) on RAM gen_wr_a.gen_word_narrow.mem_reg 
INFO: [Synth 8-4471] merging register 'gen_fwft.empty_fwft_fb_reg' into 'gen_fwft.empty_fwft_i_reg' [C:/Xilinx/Vivado/2018.2/data/ip/xpm/xpm_fifo/hdl/xpm_fifo.sv:1266]
WARNING: [Synth 8-6014] Unused sequential element gen_fwft.empty_fwft_fb_reg was removed.  [C:/Xilinx/Vivado/2018.2/data/ip/xpm/xpm_fifo/hdl/xpm_fifo.sv:1266]
INFO: [Synth 8-6155] done synthesizing module 'xpm_fifo_base' (7#1) [C:/Xilinx/Vivado/2018.2/data/ip/xpm/xpm_fifo/hdl/xpm_fifo.sv:56]
INFO: [Synth 8-5772] Detected attribute (* rw_addr_collision = "yes" *) on RAM gen_wr_a.gen_word_narrow.mem_reg 
INFO: [Synth 8-6155] done synthesizing module 'xpm_fifo_sync' (8#1) [C:/Xilinx/Vivado/2018.2/data/ip/xpm/xpm_fifo/hdl/xpm_fifo.sv:1800]
WARNING: [Synth 8-350] instance 'XPM_FIFO_SYNC_INST' of module 'xpm_fifo_sync' requires 25 connections, but only 21 given [c:/hdl_projects/s7_tdm114/s7_tdm114.srcs/sources_1/bd/design_1/ipshared/9a07/hdl/v_axi4s_vid_out_v4_0_vl_rfs.v:181]
INFO: [Synth 8-5772] Detected attribute (* rw_addr_collision = "yes" *) on RAM gen_wr_a.gen_word_narrow.mem_reg 
INFO: [Synth 8-6155] done synthesizing module 'v_axi4s_vid_out_v4_0_9_fifo_sync' (9#1) [c:/hdl_projects/s7_tdm114/s7_tdm114.srcs/sources_1/bd/design_1/ipshared/9a07/hdl/v_axi4s_vid_out_v4_0_vl_rfs.v:135]
INFO: [Synth 8-5772] Detected attribute (* rw_addr_collision = "yes" *) on RAM gen_wr_a.gen_word_narrow.mem_reg 
INFO: [Synth 8-6155] done synthesizing module 'v_axi4s_vid_out_v4_0_9_coupler' (10#1) [c:/hdl_projects/s7_tdm114/s7_tdm114.srcs/sources_1/bd/design_1/ipshared/9a07/hdl/v_axi4s_vid_out_v4_0_vl_rfs.v:294]
INFO: [Synth 8-6157] synthesizing module 'v_axi4s_vid_out_v4_0_9_sync' [c:/hdl_projects/s7_tdm114/s7_tdm114.srcs/sources_1/bd/design_1/ipshared/9a07/hdl/v_axi4s_vid_out_v4_0_vl_rfs.v:506]
	Parameter C_ADDR_WIDTH bound to: 13 - type: integer 
	Parameter C_VTG_MASTER_SLAVE bound to: 0 - type: integer 
	Parameter C_HYSTERESIS_LEVEL bound to: 32 - type: integer 
	Parameter C_SYNC_LOCK_THRESHOLD bound to: 4 - type: integer 
	Parameter C_SYNC_VTG_LAG_MAX bound to: 32'b00000000000000000010000000000000 
	Parameter C_SYNC_IDLE bound to: 4'b0000 
	Parameter C_SYNC_CALN_SOF_VTG bound to: 4'b0001 
	Parameter C_SYNC_CALN_SOF_FIFO bound to: 4'b0010 
	Parameter C_SYNC_FALN_EOL_LEADING bound to: 4'b0011 
	Parameter C_SYNC_FALN_EOL_LAGGING bound to: 4'b0100 
	Parameter C_SYNC_FALN_SOF_LEADING bound to: 4'b0101 
	Parameter C_SYNC_FALN_SOF_LAGGING bound to: 4'b0110 
	Parameter C_SYNC_FALN_ACTIVE bound to: 4'b0111 
	Parameter C_SYNC_FALN_LOCK bound to: 4'b1000 
	Parameter C_SYNC_LALN_EOL_LEADING bound to: 4'b1001 
	Parameter C_SYNC_LALN_EOL_LAGGING bound to: 4'b1010 
	Parameter C_SYNC_LALN_SOF_LEADING bound to: 4'b1011 
	Parameter C_SYNC_LALN_SOF_LAGGING bound to: 4'b1100 
INFO: [Synth 8-155] case statement is not full and has no default [c:/hdl_projects/s7_tdm114/s7_tdm114.srcs/sources_1/bd/design_1/ipshared/9a07/hdl/v_axi4s_vid_out_v4_0_vl_rfs.v:820]
INFO: [Synth 8-155] case statement is not full and has no default [c:/hdl_projects/s7_tdm114/s7_tdm114.srcs/sources_1/bd/design_1/ipshared/9a07/hdl/v_axi4s_vid_out_v4_0_vl_rfs.v:648]
WARNING: [Synth 8-6014] Unused sequential element fifo_fid_dly_reg was removed.  [c:/hdl_projects/s7_tdm114/s7_tdm114.srcs/sources_1/bd/design_1/ipshared/9a07/hdl/v_axi4s_vid_out_v4_0_vl_rfs.v:675]
WARNING: [Synth 8-6014] Unused sequential element vtg_fid_dly_reg was removed.  [c:/hdl_projects/s7_tdm114/s7_tdm114.srcs/sources_1/bd/design_1/ipshared/9a07/hdl/v_axi4s_vid_out_v4_0_vl_rfs.v:702]
INFO: [Synth 8-6155] done synthesizing module 'v_axi4s_vid_out_v4_0_9_sync' (11#1) [c:/hdl_projects/s7_tdm114/s7_tdm114.srcs/sources_1/bd/design_1/ipshared/9a07/hdl/v_axi4s_vid_out_v4_0_vl_rfs.v:506]
INFO: [Synth 8-6157] synthesizing module 'v_axi4s_vid_out_v4_0_9_formatter' [c:/hdl_projects/s7_tdm114/s7_tdm114.srcs/sources_1/bd/design_1/ipshared/9a07/hdl/v_axi4s_vid_out_v4_0_vl_rfs.v:1142]
	Parameter C_NATIVE_DATA_WIDTH bound to: 8 - type: integer 
INFO: [Synth 8-6155] done synthesizing module 'v_axi4s_vid_out_v4_0_9_formatter' (12#1) [c:/hdl_projects/s7_tdm114/s7_tdm114.srcs/sources_1/bd/design_1/ipshared/9a07/hdl/v_axi4s_vid_out_v4_0_vl_rfs.v:1142]
WARNING: [Synth 8-6014] Unused sequential element locked_from_sync_dly_reg was removed.  [c:/hdl_projects/s7_tdm114/s7_tdm114.srcs/sources_1/bd/design_1/ipshared/9a07/hdl/v_axi4s_vid_out_v4_0_vl_rfs.v:2316]
WARNING: [Synth 8-6014] Unused sequential element aclk_reset_pulse_reg was removed.  [c:/hdl_projects/s7_tdm114/s7_tdm114.srcs/sources_1/bd/design_1/ipshared/9a07/hdl/v_axi4s_vid_out_v4_0_vl_rfs.v:2231]
INFO: [Synth 8-5772] Detected attribute (* rw_addr_collision = "yes" *) on RAM gen_wr_a.gen_word_narrow.mem_reg 
WARNING: [Synth 8-3848] Net fifo_underflow_from_remap in module/entity v_axi4s_vid_out_v4_0_9 does not have driver. [c:/hdl_projects/s7_tdm114/s7_tdm114.srcs/sources_1/bd/design_1/ipshared/9a07/hdl/v_axi4s_vid_out_v4_0_vl_rfs.v:2219]
INFO: [Synth 8-6155] done synthesizing module 'v_axi4s_vid_out_v4_0_9' (13#1) [c:/hdl_projects/s7_tdm114/s7_tdm114.srcs/sources_1/bd/design_1/ipshared/9a07/hdl/v_axi4s_vid_out_v4_0_vl_rfs.v:2101]
INFO: [Synth 8-5772] Detected attribute (* rw_addr_collision = "yes" *) on RAM gen_wr_a.gen_word_narrow.mem_reg 
INFO: [Synth 8-6155] done synthesizing module 'design_1_v_axi4s_vid_out_0_0' (14#1) [c:/hdl_projects/s7_tdm114/s7_tdm114.srcs/sources_1/bd/design_1/ip/design_1_v_axi4s_vid_out_0_0/synth/design_1_v_axi4s_vid_out_0_0.v:58]
WARNING: [Synth 8-3331] design v_axi4s_vid_out_v4_0_9_sync has unconnected port VTG_HSYNC
WARNING: [Synth 8-3331] design xpm_fifo_rst has unconnected port rd_clk
WARNING: [Synth 8-3331] design xpm_memory_base has unconnected port sleep
WARNING: [Synth 8-3331] design xpm_memory_base has unconnected port rsta
WARNING: [Synth 8-3331] design xpm_memory_base has unconnected port regcea
WARNING: [Synth 8-3331] design xpm_memory_base has unconnected port injectsbiterra
WARNING: [Synth 8-3331] design xpm_memory_base has unconnected port injectdbiterra
WARNING: [Synth 8-3331] design xpm_memory_base has unconnected port clkb
WARNING: [Synth 8-3331] design xpm_memory_base has unconnected port dinb[10]
WARNING: [Synth 8-3331] design xpm_memory_base has unconnected port dinb[9]
WARNING: [Synth 8-3331] design xpm_memory_base has unconnected port dinb[8]
WARNING: [Synth 8-3331] design xpm_memory_base has unconnected port dinb[7]
WARNING: [Synth 8-3331] design xpm_memory_base has unconnected port dinb[6]
WARNING: [Synth 8-3331] design xpm_memory_base has unconnected port dinb[5]
WARNING: [Synth 8-3331] design xpm_memory_base has unconnected port dinb[4]
WARNING: [Synth 8-3331] design xpm_memory_base has unconnected port dinb[3]
WARNING: [Synth 8-3331] design xpm_memory_base has unconnected port dinb[2]
WARNING: [Synth 8-3331] design xpm_memory_base has unconnected port dinb[1]
WARNING: [Synth 8-3331] design xpm_memory_base has unconnected port dinb[0]
WARNING: [Synth 8-3331] design xpm_memory_base has unconnected port injectsbiterrb
WARNING: [Synth 8-3331] design xpm_memory_base has unconnected port injectdbiterrb
WARNING: [Synth 8-3331] design v_axi4s_vid_out_v4_0_9_coupler has unconnected port VIDEO_OUT_CLK
WARNING: [Synth 8-3331] design v_axi4s_vid_out_v4_0_9_coupler has unconnected port VID_RESET
WARNING: [Synth 8-3331] design xpm_cdc_single has unconnected port src_clk
WARNING: [Synth 8-3331] design v_axi4s_vid_out_v4_0_9 has unconnected port vid_io_out_clk
WARNING: [Synth 8-3331] design v_axi4s_vid_out_v4_0_9 has unconnected port vid_io_out_reset
WARNING: [Synth 8-3331] design v_axi4s_vid_out_v4_0_9 has unconnected port repeat_en
WARNING: [Synth 8-3331] design v_axi4s_vid_out_v4_0_9 has unconnected port remap_420_en
---------------------------------------------------------------------------------
Finished RTL Elaboration : Time (s): cpu = 00:00:07 ; elapsed = 00:00:08 . Memory (MB): peak = 532.934 ; gain = 159.637
---------------------------------------------------------------------------------

Report Check Netlist: 
+------+------------------+-------+---------+-------+------------------+
|      |Item              |Errors |Warnings |Status |Description       |
+------+------------------+-------+---------+-------+------------------+
|1     |multi_driven_nets |      0|        0|Passed |Multi driven nets |
+------+------------------+-------+---------+-------+------------------+
INFO: [Synth 8-3295] tying undriven pin CDC_SINGLE_REMAP_UNDERFLOW_INST:DAT_IN to constant 0 [c:/hdl_projects/s7_tdm114/s7_tdm114.srcs/sources_1/bd/design_1/ipshared/9a07/hdl/v_axi4s_vid_out_v4_0_vl_rfs.v:2299]
---------------------------------------------------------------------------------
Start Handling Custom Attributes
---------------------------------------------------------------------------------
---------------------------------------------------------------------------------
Finished Handling Custom Attributes : Time (s): cpu = 00:00:07 ; elapsed = 00:00:09 . Memory (MB): peak = 532.934 ; gain = 159.637
---------------------------------------------------------------------------------
---------------------------------------------------------------------------------
Finished RTL Optimization Phase 1 : Time (s): cpu = 00:00:07 ; elapsed = 00:00:09 . Memory (MB): peak = 532.934 ; gain = 159.637
---------------------------------------------------------------------------------
INFO: [Device 21-403] Loading part xc7s50csga324-1
INFO: [Project 1-570] Preparing netlist for logic optimization

Processing XDC Constraints
Initializing timing engine
Parsing XDC File [c:/hdl_projects/s7_tdm114/s7_tdm114.srcs/sources_1/bd/design_1/ip/design_1_v_axi4s_vid_out_0_0/design_1_v_axi4s_vid_out_0_0_ooc.xdc] for cell 'inst'
Finished Parsing XDC File [c:/hdl_projects/s7_tdm114/s7_tdm114.srcs/sources_1/bd/design_1/ip/design_1_v_axi4s_vid_out_0_0/design_1_v_axi4s_vid_out_0_0_ooc.xdc] for cell 'inst'
Parsing XDC File [C:/hdl_projects/s7_tdm114/s7_tdm114.runs/design_1_v_axi4s_vid_out_0_0_synth_1/dont_touch.xdc]
Finished Parsing XDC File [C:/hdl_projects/s7_tdm114/s7_tdm114.runs/design_1_v_axi4s_vid_out_0_0_synth_1/dont_touch.xdc]
Parsing XDC File [c:/hdl_projects/s7_tdm114/s7_tdm114.srcs/sources_1/bd/design_1/ip/design_1_v_axi4s_vid_out_0_0/design_1_v_axi4s_vid_out_0_0_clocks.xdc] for cell 'inst'
Finished Parsing XDC File [c:/hdl_projects/s7_tdm114/s7_tdm114.srcs/sources_1/bd/design_1/ip/design_1_v_axi4s_vid_out_0_0/design_1_v_axi4s_vid_out_0_0_clocks.xdc] for cell 'inst'
Sourcing Tcl File [C:/Xilinx/Vivado/2018.2/data/ip/xpm/xpm_cdc/tcl/xpm_cdc_single.tcl] for cell 'inst/CDC_SINGLE_LOCKED_INST/xpm_cdc_single_inst'
Finished Sourcing Tcl File [C:/Xilinx/Vivado/2018.2/data/ip/xpm/xpm_cdc/tcl/xpm_cdc_single.tcl] for cell 'inst/CDC_SINGLE_LOCKED_INST/xpm_cdc_single_inst'
Sourcing Tcl File [C:/Xilinx/Vivado/2018.2/data/ip/xpm/xpm_cdc/tcl/xpm_cdc_single.tcl] for cell 'inst/CDC_SINGLE_REMAP_UNDERFLOW_INST/xpm_cdc_single_inst'
Finished Sourcing Tcl File [C:/Xilinx/Vivado/2018.2/data/ip/xpm/xpm_cdc/tcl/xpm_cdc_single.tcl] for cell 'inst/CDC_SINGLE_REMAP_UNDERFLOW_INST/xpm_cdc_single_inst'
INFO: [Project 1-236] Implementation specific constraints were found while reading constraint file [C:/Xilinx/Vivado/2018.2/data/ip/xpm/xpm_cdc/tcl/xpm_cdc_single.tcl]. These constraints will be ignored for synthesis but will be used in implementation. Impacted constraints are listed in the file [.Xil/design_1_v_axi4s_vid_out_0_0_propImpl.xdc].
Resolution: To avoid this warning, move constraints listed in [.Xil/design_1_v_axi4s_vid_out_0_0_propImpl.xdc] to another XDC file and exclude this new file from synthesis with the used_in_synthesis property (File Properties dialog in GUI) and re-run elaboration/synthesis.
Sourcing Tcl File [C:/Xilinx/Vivado/2018.2/data/ip/xpm/xpm_fifo/tcl/xpm_fifo_rst.tcl] for cell 'inst/COUPLER_INST/generate_sync_fifo.FIFO_INST/XPM_FIFO_SYNC_INST/xpm_fifo_base_inst'
Finished Sourcing Tcl File [C:/Xilinx/Vivado/2018.2/data/ip/xpm/xpm_fifo/tcl/xpm_fifo_rst.tcl] for cell 'inst/COUPLER_INST/generate_sync_fifo.FIFO_INST/XPM_FIFO_SYNC_INST/xpm_fifo_base_inst'
INFO: [Project 1-236] Implementation specific constraints were found while reading constraint file [C:/Xilinx/Vivado/2018.2/data/ip/xpm/xpm_fifo/tcl/xpm_fifo_rst.tcl]. These constraints will be ignored for synthesis but will be used in implementation. Impacted constraints are listed in the file [.Xil/design_1_v_axi4s_vid_out_0_0_propImpl.xdc].
Resolution: To avoid this warning, move constraints listed in [.Xil/design_1_v_axi4s_vid_out_0_0_propImpl.xdc] to another XDC file and exclude this new file from synthesis with the used_in_synthesis property (File Properties dialog in GUI) and re-run elaboration/synthesis.
WARNING: [Constraints 18-5210] No constraint will be written out.
Completed Processing XDC Constraints

INFO: [Project 1-111] Unisim Transformation Summary:
No Unisim elements were transformed.

Constraint Validation Runtime : Time (s): cpu = 00:00:00 ; elapsed = 00:00:00.116 . Memory (MB): peak = 864.484 ; gain = 0.000
---------------------------------------------------------------------------------
Finished Constraint Validation : Time (s): cpu = 00:00:22 ; elapsed = 00:00:46 . Memory (MB): peak = 864.484 ; gain = 491.188
---------------------------------------------------------------------------------
---------------------------------------------------------------------------------
Start Loading Part and Timing Information
---------------------------------------------------------------------------------
Loading part: xc7s50csga324-1
---------------------------------------------------------------------------------
Finished Loading Part and Timing Information : Time (s): cpu = 00:00:22 ; elapsed = 00:00:46 . Memory (MB): peak = 864.484 ; gain = 491.188
---------------------------------------------------------------------------------
---------------------------------------------------------------------------------
Start Applying 'set_property' XDC Constraints
---------------------------------------------------------------------------------
Applied set_property DONT_TOUCH = true for inst. (constraint file  C:/hdl_projects/s7_tdm114/s7_tdm114.runs/design_1_v_axi4s_vid_out_0_0_synth_1/dont_touch.xdc, line 9).
Applied set_property DONT_TOUCH = true for inst/CDC_SINGLE_REMAP_UNDERFLOW_INST/xpm_cdc_single_inst. (constraint file  auto generated constraint, line ).
Applied set_property DONT_TOUCH = true for inst/CDC_SINGLE_LOCKED_INST/xpm_cdc_single_inst. (constraint file  auto generated constraint, line ).
Applied set_property DONT_TOUCH = true for inst/COUPLER_INST/\generate_sync_fifo.FIFO_INST /XPM_FIFO_SYNC_INST/xpm_fifo_base_inst. (constraint file  auto generated constraint, line ).
---------------------------------------------------------------------------------
Finished applying 'set_property' XDC Constraints : Time (s): cpu = 00:00:22 ; elapsed = 00:00:46 . Memory (MB): peak = 864.484 ; gain = 491.188
---------------------------------------------------------------------------------
INFO: [Synth 8-5818] HDL ADVISOR - The operator resource <adder> is shared. To prevent sharing consider applying a KEEP on the output of the operator [C:/Xilinx/Vivado/2018.2/data/ip/xpm/xpm_fifo/hdl/xpm_fifo.sv:1030]
INFO: [Synth 8-802] inferred FSM for state register 'gen_fwft.curr_fwft_state_reg' in module 'xpm_fifo_base'
INFO: [Synth 8-5544] ROM "gen_fwft.leaving_empty_fwft" won't be mapped to Block RAM because address size (2) smaller than threshold (5)
INFO: [Synth 8-5544] ROM "gen_fwft.next_fwft_state" won't be mapped to Block RAM because address size (1) smaller than threshold (5)
INFO: [Synth 8-5544] ROM "gen_fwft.next_fwft_state" won't be mapped to Block RAM because address size (1) smaller than threshold (5)
INFO: [Synth 8-5544] ROM "gen_fwft.next_fwft_state" won't be mapped to Block RAM because address size (1) smaller than threshold (5)
INFO: [Synth 8-5544] ROM "gen_fwft.next_fwft_state" won't be mapped to Block RAM because address size (1) smaller than threshold (5)
INFO: [Synth 8-802] inferred FSM for state register 'state_reg' in module 'v_axi4s_vid_out_v4_0_9_sync'
INFO: [Synth 8-5544] ROM "status_reg" won't be mapped to Block RAM because address size (4) smaller than threshold (5)
INFO: [Synth 8-5544] ROM "next_state" won't be mapped to Block RAM because address size (1) smaller than threshold (5)
INFO: [Synth 8-5544] ROM "next_state" won't be mapped to Block RAM because address size (1) smaller than threshold (5)
INFO: [Synth 8-5544] ROM "next_state" won't be mapped to Block RAM because address size (1) smaller than threshold (5)
INFO: [Synth 8-5544] ROM "next_state" won't be mapped to Block RAM because address size (1) smaller than threshold (5)
INFO: [Synth 8-5544] ROM "next_state" won't be mapped to Block RAM because address size (1) smaller than threshold (5)
INFO: [Synth 8-5544] ROM "next_state" won't be mapped to Block RAM because address size (1) smaller than threshold (5)
---------------------------------------------------------------------------------------------------
                   State |                     New Encoding |                Previous Encoding 
---------------------------------------------------------------------------------------------------
                 invalid |                               00 |                               00
            stage1_valid |                               01 |                               10
       both_stages_valid |                               10 |                               11
            stage2_valid |                               11 |                               01
---------------------------------------------------------------------------------------------------
INFO: [Synth 8-3354] encoded FSM with state register 'gen_fwft.curr_fwft_state_reg' using encoding 'sequential' in module 'xpm_fifo_base'
---------------------------------------------------------------------------------------------------
                   State |                     New Encoding |                Previous Encoding 
---------------------------------------------------------------------------------------------------
             C_SYNC_IDLE |                             0001 |                             0000
     C_SYNC_CALN_SOF_VTG |                             1000 |                             0001
    C_SYNC_CALN_SOF_FIFO |                             0100 |                             0010
      C_SYNC_FALN_ACTIVE |                             0010 |                             0111
 C_SYNC_FALN_EOL_LEADING |                             0000 |                             0011
 C_SYNC_FALN_EOL_LAGGING |                             0011 |                             0100
 C_SYNC_FALN_SOF_LEADING |                             1001 |                             0101
 C_SYNC_FALN_SOF_LAGGING |                             1010 |                             0110
        C_SYNC_FALN_LOCK |                             1011 |                             1000
 C_SYNC_LALN_EOL_LEADING |                             1100 |                             1001
 C_SYNC_LALN_EOL_LAGGING |                             0111 |                             1010
 C_SYNC_LALN_SOF_LEADING |                             0110 |                             1011
 C_SYNC_LALN_SOF_LAGGING |                             0101 |                             1100
---------------------------------------------------------------------------------------------------
INFO: [Synth 8-3354] encoded FSM with state register 'state_reg' using encoding 'sequential' in module 'v_axi4s_vid_out_v4_0_9_sync'
---------------------------------------------------------------------------------
Finished RTL Optimization Phase 2 : Time (s): cpu = 00:00:24 ; elapsed = 00:00:47 . Memory (MB): peak = 864.484 ; gain = 491.188
---------------------------------------------------------------------------------

Report RTL Partitions: 
+-+--------------+------------+----------+
| |RTL Partition |Replication |Instances |
+-+--------------+------------+----------+
+-+--------------+------------+----------+
---------------------------------------------------------------------------------
Start RTL Component Statistics 
---------------------------------------------------------------------------------
Detailed RTL Component Info : 
+---Adders : 
	   4 Input     14 Bit       Adders := 4     
	   2 Input     14 Bit       Adders := 1     
	   4 Input     13 Bit       Adders := 3     
	   3 Input     13 Bit       Adders := 1     
	   2 Input      8 Bit       Adders := 2     
	   4 Input      2 Bit       Adders := 1     
+---Registers : 
	               32 Bit    Registers := 1     
	               14 Bit    Registers := 5     
	               13 Bit    Registers := 6     
	               11 Bit    Registers := 2     
	                8 Bit    Registers := 3     
	                4 Bit    Registers := 3     
	                3 Bit    Registers := 1     
	                2 Bit    Registers := 2     
	                1 Bit    Registers := 37    
+---RAMs : 
	              88K Bit         RAMs := 1     
+---Muxes : 
	  13 Input     32 Bit        Muxes := 1     
	   2 Input     32 Bit        Muxes := 1     
	  13 Input     13 Bit        Muxes := 1     
	   2 Input     13 Bit        Muxes := 1     
	  13 Input      4 Bit        Muxes := 1     
	  30 Input      4 Bit        Muxes := 1     
	   2 Input      2 Bit        Muxes := 31    
	   4 Input      2 Bit        Muxes := 7     
	   4 Input      1 Bit        Muxes := 2     
	   2 Input      1 Bit        Muxes := 11    
---------------------------------------------------------------------------------
Finished RTL Component Statistics 
---------------------------------------------------------------------------------
---------------------------------------------------------------------------------
Start RTL Hierarchical Component Statistics 
---------------------------------------------------------------------------------
Hierarchical RTL Component report 
Module xpm_cdc_single 
Detailed RTL Component Info : 
+---Registers : 
	                4 Bit    Registers := 1     
Module xpm_memory_base 
Detailed RTL Component Info : 
+---Registers : 
	               11 Bit    Registers := 2     
+---RAMs : 
	              88K Bit         RAMs := 1     
Module xpm_fifo_reg_bit 
Detailed RTL Component Info : 
+---Registers : 
	                1 Bit    Registers := 1     
Module xpm_counter_updn 
Detailed RTL Component Info : 
+---Adders : 
	   4 Input      2 Bit       Adders := 1     
+---Registers : 
	                2 Bit    Registers := 1     
Module xpm_fifo_rst 
Detailed RTL Component Info : 
+---Registers : 
	                3 Bit    Registers := 1     
	                2 Bit    Registers := 1     
Module xpm_counter_updn__parameterized0 
Detailed RTL Component Info : 
+---Adders : 
	   4 Input     14 Bit       Adders := 1     
+---Registers : 
	               14 Bit    Registers := 1     
Module xpm_counter_updn__parameterized1 
Detailed RTL Component Info : 
+---Adders : 
	   4 Input     13 Bit       Adders := 1     
+---Registers : 
	               13 Bit    Registers := 1     
Module xpm_counter_updn__parameterized2 
Detailed RTL Component Info : 
+---Adders : 
	   4 Input     13 Bit       Adders := 1     
+---Registers : 
	               13 Bit    Registers := 1     
Module xpm_fifo_base 
Detailed RTL Component Info : 
+---Adders : 
	   2 Input     14 Bit       Adders := 1     
	   4 Input     14 Bit       Adders := 2     
	   3 Input     13 Bit       Adders := 1     
+---Registers : 
	               14 Bit    Registers := 3     
	               13 Bit    Registers := 1     
	                1 Bit    Registers := 12    
+---Muxes : 
	   2 Input      2 Bit        Muxes := 31    
	   4 Input      2 Bit        Muxes := 7     
	   4 Input      1 Bit        Muxes := 2     
	   2 Input      1 Bit        Muxes := 7     
Module v_axi4s_vid_out_v4_0_9_sync 
Detailed RTL Component Info : 
+---Adders : 
	   2 Input      8 Bit       Adders := 2     
+---Registers : 
	               32 Bit    Registers := 1     
	               13 Bit    Registers := 2     
	                8 Bit    Registers := 2     
	                4 Bit    Registers := 1     
	                1 Bit    Registers := 11    
+---Muxes : 
	  13 Input     32 Bit        Muxes := 1     
	   2 Input     32 Bit        Muxes := 1     
	  13 Input     13 Bit        Muxes := 1     
	   2 Input     13 Bit        Muxes := 1     
	  13 Input      4 Bit        Muxes := 1     
	  30 Input      4 Bit        Muxes := 1     
	   2 Input      1 Bit        Muxes := 4     
Module v_axi4s_vid_out_v4_0_9_formatter 
Detailed RTL Component Info : 
+---Registers : 
	                8 Bit    Registers := 1     
	                1 Bit    Registers := 9     
---------------------------------------------------------------------------------
Finished RTL Hierarchical Component Statistics
---------------------------------------------------------------------------------
---------------------------------------------------------------------------------
Start Part Resource Summary
---------------------------------------------------------------------------------
Part Resources:
DSPs: 120 (col length:60)
BRAMs: 150 (col length: RAMB18 60 RAMB36 30)
---------------------------------------------------------------------------------
Finished Part Resource Summary
---------------------------------------------------------------------------------
---------------------------------------------------------------------------------
Start Cross Boundary and Area Optimization
---------------------------------------------------------------------------------
Warning: Parallel synthesis criteria is not met 
WARNING: [Synth 8-6014] Unused sequential element gen_fwft.next_state_d1_inst/d_out_reg was removed.  [C:/Xilinx/Vivado/2018.2/data/ip/xpm/xpm_fifo/hdl/xpm_fifo.sv:1766]
WARNING: [Synth 8-6014] Unused sequential element gen_fwft.empty_fwft_d1_inst/d_out_reg was removed.  [C:/Xilinx/Vivado/2018.2/data/ip/xpm/xpm_fifo/hdl/xpm_fifo.sv:1766]
WARNING: [Synth 8-6014] Unused sequential element gen_fwft.ge_fwft_d1_inst/d_out_reg was removed.  [C:/Xilinx/Vivado/2018.2/data/ip/xpm/xpm_fifo/hdl/xpm_fifo.sv:1766]
WARNING: [Synth 8-6014] Unused sequential element rst_d2_inst/d_out_reg was removed.  [C:/Xilinx/Vivado/2018.2/data/ip/xpm/xpm_fifo/hdl/xpm_fifo.sv:1766]
WARNING: [Synth 8-6014] Unused sequential element wrpp2_inst/count_value_i_reg was removed.  [C:/Xilinx/Vivado/2018.2/data/ip/xpm/xpm_fifo/hdl/xpm_fifo.sv:1720]
WARNING: [Synth 8-3331] design xpm_memory_base has unconnected port rsta
WARNING: [Synth 8-3331] design xpm_memory_base has unconnected port regcea
WARNING: [Synth 8-3331] design xpm_memory_base has unconnected port injectsbiterra
WARNING: [Synth 8-3331] design xpm_memory_base has unconnected port injectdbiterra
WARNING: [Synth 8-3331] design xpm_memory_base has unconnected port clkb
WARNING: [Synth 8-3331] design xpm_memory_base has unconnected port dinb[10]
WARNING: [Synth 8-3331] design xpm_memory_base has unconnected port dinb[9]
WARNING: [Synth 8-3331] design xpm_memory_base has unconnected port dinb[8]
WARNING: [Synth 8-3331] design xpm_memory_base has unconnected port dinb[7]
WARNING: [Synth 8-3331] design xpm_memory_base has unconnected port dinb[6]
WARNING: [Synth 8-3331] design xpm_memory_base has unconnected port dinb[5]
WARNING: [Synth 8-3331] design xpm_memory_base has unconnected port dinb[4]
WARNING: [Synth 8-3331] design xpm_memory_base has unconnected port dinb[3]
WARNING: [Synth 8-3331] design xpm_memory_base has unconnected port dinb[2]
WARNING: [Synth 8-3331] design xpm_memory_base has unconnected port dinb[1]
WARNING: [Synth 8-3331] design xpm_memory_base has unconnected port dinb[0]
WARNING: [Synth 8-3331] design xpm_memory_base has unconnected port injectsbiterrb
WARNING: [Synth 8-3331] design xpm_memory_base has unconnected port injectdbiterrb
WARNING: [Synth 8-3331] design xpm_cdc_single has unconnected port src_clk
WARNING: [Synth 8-3331] design v_axi4s_vid_out_v4_0_9 has unconnected port vid_io_out_clk
WARNING: [Synth 8-3331] design v_axi4s_vid_out_v4_0_9 has unconnected port vid_io_out_reset
WARNING: [Synth 8-3331] design v_axi4s_vid_out_v4_0_9 has unconnected port repeat_en
WARNING: [Synth 8-3331] design v_axi4s_vid_out_v4_0_9 has unconnected port remap_420_en
INFO: [Synth 8-3886] merging instance 'inst/SYNC_INST/status_reg_reg[15]' (FDRE) to 'inst/SYNC_INST/status_reg_reg[29]'
INFO: [Synth 8-3886] merging instance 'inst/SYNC_INST/status_reg_reg[29]' (FDRE) to 'inst/SYNC_INST/status_reg_reg[30]'
INFO: [Synth 8-3886] merging instance 'inst/SYNC_INST/status_reg_reg[30]' (FDRE) to 'inst/SYNC_INST/status_reg_reg[31]'
INFO: [Synth 8-3333] propagating constant 0 across sequential element (inst/\SYNC_INST/status_reg_reg[31] )
INFO: [Synth 8-3332] Sequential element (SYNC_INST/status_reg_reg[31]) is unused and will be removed from module v_axi4s_vid_out_v4_0_9.
WARNING: [Synth 8-3332] Sequential element (gen_pntr_flags_cc.wrp_eq_rdp_pf_cc.gpf_cc_sym.diff_pntr_pf_q_reg[0]) is unused and will be removed from module xpm_fifo_base.
---------------------------------------------------------------------------------
Finished Cross Boundary and Area Optimization : Time (s): cpu = 00:00:27 ; elapsed = 00:00:51 . Memory (MB): peak = 864.484 ; gain = 491.188
---------------------------------------------------------------------------------
---------------------------------------------------------------------------------
Start ROM, RAM, DSP and Shift Register Reporting
---------------------------------------------------------------------------------

Block RAM: Preliminary Mapping  Report (see note below)
+-----------------+----------------------------------+------------------------+---+---+------------------------+---+---+------------------+--------+--------+
|Module Name      | RTL Object                       | PORT A (Depth x Width) | W | R | PORT B (Depth x Width) | W | R | Ports driving FF | RAMB18 | RAMB36 | 
+-----------------+----------------------------------+------------------------+---+---+------------------------+---+---+------------------+--------+--------+
|xpm_memory_base: | gen_wr_a.gen_word_narrow.mem_reg | 8 K x 11(READ_FIRST)   | W |   | 8 K x 11(WRITE_FIRST)  |   | R | Port A and B     | 0      | 3      | 
+-----------------+----------------------------------+------------------------+---+---+------------------------+---+---+------------------+--------+--------+

Note: The tale above is a preliminary report that shows the Block RAMs at the current stage of the synthesis flow. Some Block RAMs may be reimplemented as non Block RAM primitives later in the synthesis flow. Multiple instantiated Block RAMs are reported only once. 
---------------------------------------------------------------------------------
Finished ROM, RAM, DSP and Shift Register Reporting
---------------------------------------------------------------------------------

Report RTL Partitions: 
+-+--------------+------------+----------+
| |RTL Partition |Replication |Instances |
+-+--------------+------------+----------+
+-+--------------+------------+----------+
---------------------------------------------------------------------------------
Start Applying XDC Timing Constraints
---------------------------------------------------------------------------------
---------------------------------------------------------------------------------
Finished Applying XDC Timing Constraints : Time (s): cpu = 00:00:44 ; elapsed = 00:01:11 . Memory (MB): peak = 864.484 ; gain = 491.188
---------------------------------------------------------------------------------
---------------------------------------------------------------------------------
Start Timing Optimization
---------------------------------------------------------------------------------
---------------------------------------------------------------------------------
Finished Timing Optimization : Time (s): cpu = 00:00:45 ; elapsed = 00:01:12 . Memory (MB): peak = 879.633 ; gain = 506.336
---------------------------------------------------------------------------------
---------------------------------------------------------------------------------
Start ROM, RAM, DSP and Shift Register Reporting
---------------------------------------------------------------------------------

Block RAM: Final Mapping  Report
+-----------------+----------------------------------+------------------------+---+---+------------------------+---+---+------------------+--------+--------+
|Module Name      | RTL Object                       | PORT A (Depth x Width) | W | R | PORT B (Depth x Width) | W | R | Ports driving FF | RAMB18 | RAMB36 | 
+-----------------+----------------------------------+------------------------+---+---+------------------------+---+---+------------------+--------+--------+
|xpm_memory_base: | gen_wr_a.gen_word_narrow.mem_reg | 8 K x 11(READ_FIRST)   | W |   | 8 K x 11(WRITE_FIRST)  |   | R | Port A and B     | 0      | 3      | 
+-----------------+----------------------------------+------------------------+---+---+------------------------+---+---+------------------+--------+--------+

---------------------------------------------------------------------------------
Finished ROM, RAM, DSP and Shift Register Reporting
---------------------------------------------------------------------------------

Report RTL Partitions: 
+-+--------------+------------+----------+
| |RTL Partition |Replication |Instances |
+-+--------------+------------+----------+
+-+--------------+------------+----------+
---------------------------------------------------------------------------------
Start Technology Mapping
---------------------------------------------------------------------------------
---------------------------------------------------------------------------------
Finished Technology Mapping : Time (s): cpu = 00:00:46 ; elapsed = 00:01:13 . Memory (MB): peak = 881.941 ; gain = 508.645
---------------------------------------------------------------------------------

Report RTL Partitions: 
+-+--------------+------------+----------+
| |RTL Partition |Replication |Instances |
+-+--------------+------------+----------+
+-+--------------+------------+----------+
---------------------------------------------------------------------------------
Start IO Insertion
---------------------------------------------------------------------------------
---------------------------------------------------------------------------------
Start Flattening Before IO Insertion
---------------------------------------------------------------------------------
---------------------------------------------------------------------------------
Finished Flattening Before IO Insertion
---------------------------------------------------------------------------------
---------------------------------------------------------------------------------
Start Final Netlist Cleanup
---------------------------------------------------------------------------------
---------------------------------------------------------------------------------
Finished Final Netlist Cleanup
---------------------------------------------------------------------------------
INFO: [Synth 8-3295] tying undriven pin CDC_SINGLE_REMAP_UNDERFLOW_INST/xpm_cdc_single_inst:src_in to constant 0
---------------------------------------------------------------------------------
Finished IO Insertion : Time (s): cpu = 00:00:48 ; elapsed = 00:01:15 . Memory (MB): peak = 881.941 ; gain = 508.645
---------------------------------------------------------------------------------

Report Check Netlist: 
+------+------------------+-------+---------+-------+------------------+
|      |Item              |Errors |Warnings |Status |Description       |
+------+------------------+-------+---------+-------+------------------+
|1     |multi_driven_nets |      0|        0|Passed |Multi driven nets |
+------+------------------+-------+---------+-------+------------------+
---------------------------------------------------------------------------------
Start Renaming Generated Instances
---------------------------------------------------------------------------------
---------------------------------------------------------------------------------
Finished Renaming Generated Instances : Time (s): cpu = 00:00:48 ; elapsed = 00:01:15 . Memory (MB): peak = 881.941 ; gain = 508.645
---------------------------------------------------------------------------------

Report RTL Partitions: 
+-+--------------+------------+----------+
| |RTL Partition |Replication |Instances |
+-+--------------+------------+----------+
+-+--------------+------------+----------+
---------------------------------------------------------------------------------
Start Rebuilding User Hierarchy
---------------------------------------------------------------------------------
---------------------------------------------------------------------------------
Finished Rebuilding User Hierarchy : Time (s): cpu = 00:00:48 ; elapsed = 00:01:15 . Memory (MB): peak = 881.941 ; gain = 508.645
---------------------------------------------------------------------------------
---------------------------------------------------------------------------------
Start Renaming Generated Ports
---------------------------------------------------------------------------------
---------------------------------------------------------------------------------
Finished Renaming Generated Ports : Time (s): cpu = 00:00:48 ; elapsed = 00:01:15 . Memory (MB): peak = 881.941 ; gain = 508.645
---------------------------------------------------------------------------------
---------------------------------------------------------------------------------
Start Handling Custom Attributes
---------------------------------------------------------------------------------
---------------------------------------------------------------------------------
Finished Handling Custom Attributes : Time (s): cpu = 00:00:48 ; elapsed = 00:01:15 . Memory (MB): peak = 881.941 ; gain = 508.645
---------------------------------------------------------------------------------
---------------------------------------------------------------------------------
Start Renaming Generated Nets
---------------------------------------------------------------------------------
---------------------------------------------------------------------------------
Finished Renaming Generated Nets : Time (s): cpu = 00:00:48 ; elapsed = 00:01:15 . Memory (MB): peak = 881.941 ; gain = 508.645
---------------------------------------------------------------------------------
---------------------------------------------------------------------------------
Start Writing Synthesis Report
---------------------------------------------------------------------------------

Report BlackBoxes: 
+-+--------------+----------+
| |BlackBox name |Instances |
+-+--------------+----------+
+-+--------------+----------+

Report Cell Usage: 
+------+-----------+------+
|      |Cell       |Count |
+------+-----------+------+
|1     |CARRY4     |    54|
|2     |LUT1       |     7|
|3     |LUT2       |    58|
|4     |LUT3       |    28|
|5     |LUT4       |    37|
|6     |LUT5       |    45|
|7     |LUT6       |    78|
|8     |RAMB36E1_1 |     3|
|9     |FDRE       |   291|
|10    |FDSE       |    11|
+------+-----------+------+

Report Instance Areas: 
+------+----------------------------------------------+---------------------------------------------+------+
|      |Instance                                      |Module                                       |Cells |
+------+----------------------------------------------+---------------------------------------------+------+
|1     |top                                           |                                             |   612|
|2     |  inst                                        |v_axi4s_vid_out_v4_0_9                       |   612|
|3     |    CDC_SINGLE_LOCKED_INST                    |v_axi4s_vid_out_v4_0_9_cdc_single            |     4|
|4     |      xpm_cdc_single_inst                     |xpm_cdc_single                               |     4|
|5     |    CDC_SINGLE_REMAP_UNDERFLOW_INST           |v_axi4s_vid_out_v4_0_9_cdc_single__xdcDup__1 |     4|
|6     |      xpm_cdc_single_inst                     |xpm_cdc_single__2                            |     4|
|7     |    COUPLER_INST                              |v_axi4s_vid_out_v4_0_9_coupler               |   277|
|8     |      \generate_sync_fifo.FIFO_INST           |v_axi4s_vid_out_v4_0_9_fifo_sync             |   277|
|9     |        XPM_FIFO_SYNC_INST                    |xpm_fifo_sync                                |   277|
|10    |          xpm_fifo_base_inst                  |xpm_fifo_base                                |   268|
|11    |            \gen_sdpram.xpm_memory_base_inst  |xpm_memory_base                              |     3|
|12    |            \gen_fwft.rdpp1_inst              |xpm_counter_updn                             |     8|
|13    |            rdp_inst                          |xpm_counter_updn__parameterized0             |    58|
|14    |            rdpp1_inst                        |xpm_counter_updn__parameterized1             |    19|
|15    |            rst_d1_inst                       |xpm_fifo_reg_bit                             |    10|
|16    |            wrp_inst                          |xpm_counter_updn__parameterized0_0           |    45|
|17    |            wrpp1_inst                        |xpm_counter_updn__parameterized1_1           |    35|
|18    |            xpm_fifo_rst_inst                 |xpm_fifo_rst                                 |    12|
|19    |    FORMATTER_INST                            |v_axi4s_vid_out_v4_0_9_formatter             |    20|
|20    |    SYNC_INST                                 |v_axi4s_vid_out_v4_0_9_sync                  |   307|
+------+----------------------------------------------+---------------------------------------------+------+
---------------------------------------------------------------------------------
Finished Writing Synthesis Report : Time (s): cpu = 00:00:48 ; elapsed = 00:01:15 . Memory (MB): peak = 881.941 ; gain = 508.645
---------------------------------------------------------------------------------
Synthesis finished with 0 errors, 0 critical warnings and 29 warnings.
Synthesis Optimization Runtime : Time (s): cpu = 00:00:30 ; elapsed = 00:00:44 . Memory (MB): peak = 881.941 ; gain = 177.094
Synthesis Optimization Complete : Time (s): cpu = 00:00:48 ; elapsed = 00:01:16 . Memory (MB): peak = 881.941 ; gain = 508.645
INFO: [Project 1-571] Translating synthesized netlist
INFO: [Netlist 29-17] Analyzing 57 Unisim elements for replacement
INFO: [Netlist 29-28] Unisim Transformation completed in 0 CPU seconds
INFO: [Project 1-570] Preparing netlist for logic optimization
INFO: [Opt 31-138] Pushed 0 inverter(s) to 0 load pin(s).
INFO: [Project 1-111] Unisim Transformation Summary:
No Unisim elements were transformed.

INFO: [Common 17-83] Releasing license: Synthesis
89 Infos, 166 Warnings, 0 Critical Warnings and 0 Errors encountered.
synth_design completed successfully
synth_design: Time (s): cpu = 00:00:51 ; elapsed = 00:01:20 . Memory (MB): peak = 881.941 ; gain = 520.625
WARNING: [Constraints 18-5210] No constraint will be written out.
INFO: [Common 17-1381] The checkpoint 'C:/hdl_projects/s7_tdm114/s7_tdm114.runs/design_1_v_axi4s_vid_out_0_0_synth_1/design_1_v_axi4s_vid_out_0_0.dcp' has been generated.
