#-----------------------------------------------------------
# Vivado v2019.1.1 (64-bit)
# SW Build 2580384 on Sat Jun 29 08:12:21 MDT 2019
# IP Build 2579722 on Sat Jun 29 11:35:40 MDT 2019
# Start of session at: Mon Mar  9 09:10:53 2020
# Process ID: 21744
# Current directory: C:/Users/aptay/AppData/Roaming/Xilinx/Vivado
# Command line: vivado.exe -gui_launcher_event rodinguilauncherevent11996
# Log file: C:/Users/aptay/AppData/Roaming/Xilinx/Vivado/vivado.log
# Journal file: C:/Users/aptay/AppData/Roaming/Xilinx/Vivado\vivado.jou
#-----------------------------------------------------------
start_gui
open_project C:/hdl_projects/sd/sd.xpr
Scanning sources...
Finished scanning sources
INFO: [IP_Flow 19-234] Refreshing IP repositories
INFO: [IP_Flow 19-1700] Loaded user IP repository 'c:/Users/aptay/Downloads/PYNQ-master/boards/ip'.
INFO: [IP_Flow 19-1700] Loaded user IP repository 'c:/hdl_projects/sd'.
INFO: [IP_Flow 19-2313] Loaded Vivado IP repository 'C:/Xilinx/Vivado/2019.1/data/ip'.
open_project: Time (s): cpu = 00:00:24 ; elapsed = 00:00:22 . Memory (MB): peak = 976.602 ; gain = 294.605
update_compile_order -fileset sources_1
archive_project C:/hdl_projects/sd.xpr.zip -temp_dir C:/temp -force -exclude_run_results -include_local_ip_cache
INFO: [Coretcl 2-137] starting archive...
INFO: [Coretcl 2-1499] Saving project copy to temporary location 'C:/temp' for archiving project
Scanning sources...
Finished scanning sources
INFO: [IP_Flow 19-234] Refreshing IP repositories
INFO: [IP_Flow 19-1700] Loaded user IP repository 'c:/Users/aptay/Downloads/PYNQ-master/boards/ip'.
INFO: [IP_Flow 19-1700] Loaded user IP repository 'c:/hdl_projects/sd'.
INFO: [IP_Flow 19-2313] Loaded Vivado IP repository 'C:/Xilinx/Vivado/2019.1/data/ip'.
INFO: [Coretcl 2-1211] Creating project copy for archival...
INFO: [Coretcl 2-135] resetting runs for excluding generated files from archive...
WARNING: [Coretcl 2-105] Run 'synth_1' is currently active
INFO: [Coretcl 2-133] re-setting run 'synth_1'...
WARNING: [Coretcl 2-105] Run 'design_1_axi_smc_1_0_synth_1' is currently active
INFO: [Coretcl 2-133] re-setting run 'design_1_axi_smc_1_0_synth_1'...
WARNING: [Coretcl 2-105] Run 'design_1_axi_smc_2_synth_1' is currently active
INFO: [Coretcl 2-133] re-setting run 'design_1_axi_smc_2_synth_1'...
WARNING: [Coretcl 2-105] Run 'design_1_rst_ps7_0_49M_0_synth_1' is currently active
INFO: [Coretcl 2-133] re-setting run 'design_1_rst_ps7_0_49M_0_synth_1'...
WARNING: [Coretcl 2-105] Run 'design_1_blk_mem_gen_0_0_synth_1' is currently active
INFO: [Coretcl 2-133] re-setting run 'design_1_blk_mem_gen_0_0_synth_1'...
WARNING: [Coretcl 2-105] Run 'design_1_pixel_pack_0_0_synth_1' is currently active
INFO: [Coretcl 2-133] re-setting run 'design_1_pixel_pack_0_0_synth_1'...
WARNING: [Coretcl 2-105] Run 'design_1_color_convert_0_0_synth_1' is currently active
INFO: [Coretcl 2-133] re-setting run 'design_1_color_convert_0_0_synth_1'...
WARNING: [Coretcl 2-105] Run 'design_1_axi_vdma_0_0_synth_1' is currently active
INFO: [Coretcl 2-133] re-setting run 'design_1_axi_vdma_0_0_synth_1'...
WARNING: [Coretcl 2-105] Run 'design_1_axi_bram_ctrl_0_0_synth_1' is currently active
INFO: [Coretcl 2-133] re-setting run 'design_1_axi_bram_ctrl_0_0_synth_1'...
WARNING: [Coretcl 2-105] Run 'design_1_processing_system7_0_0_synth_1' is currently active
INFO: [Coretcl 2-133] re-setting run 'design_1_processing_system7_0_0_synth_1'...
WARNING: [Coretcl 2-105] Run 'design_1_axi_intc_0_0_synth_1' is currently active
INFO: [Coretcl 2-133] re-setting run 'design_1_axi_intc_0_0_synth_1'...
WARNING: [Coretcl 2-105] Run 'design_1_ila_0_0_synth_1' is currently active
INFO: [Coretcl 2-133] re-setting run 'design_1_ila_0_0_synth_1'...
WARNING: [Coretcl 2-105] Run 'design_1_ila_0_2_synth_1' is currently active
INFO: [Coretcl 2-133] re-setting run 'design_1_ila_0_2_synth_1'...
WARNING: [Coretcl 2-105] Run 'design_1_ila_0_1_synth_1' is currently active
INFO: [Coretcl 2-133] re-setting run 'design_1_ila_0_1_synth_1'...
WARNING: [Coretcl 2-105] Run 'design_1_v_vid_in_axi4s_0_0_synth_1' is currently active
INFO: [Coretcl 2-133] re-setting run 'design_1_v_vid_in_axi4s_0_0_synth_1'...
INFO: [Coretcl 2-133] re-setting run 'impl_1'...
INFO: [Coretcl 2-133] re-setting run 'design_1_axi_smc_1_0_impl_1'...
INFO: [Coretcl 2-133] re-setting run 'design_1_axi_smc_2_impl_1'...
INFO: [Coretcl 2-133] re-setting run 'design_1_rst_ps7_0_49M_0_impl_1'...
INFO: [Coretcl 2-133] re-setting run 'design_1_blk_mem_gen_0_0_impl_1'...
INFO: [Coretcl 2-133] re-setting run 'design_1_pixel_pack_0_0_impl_1'...
INFO: [Coretcl 2-133] re-setting run 'design_1_color_convert_0_0_impl_1'...
INFO: [Coretcl 2-133] re-setting run 'design_1_axi_vdma_0_0_impl_1'...
INFO: [Coretcl 2-133] re-setting run 'design_1_axi_bram_ctrl_0_0_impl_1'...
INFO: [Coretcl 2-133] re-setting run 'design_1_processing_system7_0_0_impl_1'...
INFO: [Coretcl 2-133] re-setting run 'design_1_axi_intc_0_0_impl_1'...
INFO: [Coretcl 2-133] re-setting run 'design_1_ila_0_0_impl_1'...
INFO: [Coretcl 2-133] re-setting run 'design_1_ila_0_2_impl_1'...
INFO: [Coretcl 2-133] re-setting run 'design_1_ila_0_1_impl_1'...
INFO: [Coretcl 2-133] re-setting run 'design_1_v_vid_in_axi4s_0_0_impl_1'...
INFO: [Coretcl 2-1212] Importing remotely added design sources and verilog include files (if any)...
INFO: [filemgmt 20-334] All file(s) are already imported in fileset: 'design_1_axi_bram_ctrl_0_0'
INFO: [filemgmt 20-348] Importing the appropriate files for fileset: 'design_1_axi_bram_ctrl_0_0'
INFO: [filemgmt 20-334] All file(s) are already imported in fileset: 'design_1_axi_intc_0_0'
INFO: [filemgmt 20-348] Importing the appropriate files for fileset: 'design_1_axi_intc_0_0'
INFO: [filemgmt 20-334] All file(s) are already imported in fileset: 'design_1_axi_smc_1_0'
INFO: [filemgmt 20-348] Importing the appropriate files for fileset: 'design_1_axi_smc_1_0'
INFO: [filemgmt 20-334] All file(s) are already imported in fileset: 'design_1_axi_smc_2'
INFO: [filemgmt 20-348] Importing the appropriate files for fileset: 'design_1_axi_smc_2'
INFO: [filemgmt 20-334] All file(s) are already imported in fileset: 'design_1_axi_vdma_0_0'
INFO: [filemgmt 20-348] Importing the appropriate files for fileset: 'design_1_axi_vdma_0_0'
INFO: [filemgmt 20-334] All file(s) are already imported in fileset: 'design_1_blk_mem_gen_0_0'
INFO: [filemgmt 20-348] Importing the appropriate files for fileset: 'design_1_blk_mem_gen_0_0'
INFO: [filemgmt 20-334] All file(s) are already imported in fileset: 'design_1_color_convert_0_0'
INFO: [filemgmt 20-348] Importing the appropriate files for fileset: 'design_1_color_convert_0_0'
INFO: [filemgmt 20-334] All file(s) are already imported in fileset: 'design_1_ila_0_0'
INFO: [filemgmt 20-348] Importing the appropriate files for fileset: 'design_1_ila_0_0'
INFO: [filemgmt 20-334] All file(s) are already imported in fileset: 'design_1_ila_0_1'
INFO: [filemgmt 20-348] Importing the appropriate files for fileset: 'design_1_ila_0_1'
INFO: [filemgmt 20-334] All file(s) are already imported in fileset: 'design_1_ila_0_2'
INFO: [filemgmt 20-348] Importing the appropriate files for fileset: 'design_1_ila_0_2'
INFO: [filemgmt 20-334] All file(s) are already imported in fileset: 'design_1_pixel_pack_0_0'
INFO: [filemgmt 20-348] Importing the appropriate files for fileset: 'design_1_pixel_pack_0_0'
INFO: [filemgmt 20-334] All file(s) are already imported in fileset: 'design_1_processing_system7_0_0'
INFO: [filemgmt 20-348] Importing the appropriate files for fileset: 'design_1_processing_system7_0_0'
INFO: [filemgmt 20-334] All file(s) are already imported in fileset: 'design_1_rst_ps7_0_49M_0'
INFO: [filemgmt 20-348] Importing the appropriate files for fileset: 'design_1_rst_ps7_0_49M_0'
INFO: [filemgmt 20-334] All file(s) are already imported in fileset: 'design_1_v_vid_in_axi4s_0_0'
INFO: [filemgmt 20-348] Importing the appropriate files for fileset: 'design_1_v_vid_in_axi4s_0_0'
INFO: [filemgmt 20-334] All file(s) are already imported in fileset: 'constrs_1'
INFO: [filemgmt 20-348] Importing the appropriate files for fileset: 'constrs_1'
INFO: [filemgmt 20-334] All file(s) are already imported in fileset: 'sources_1'
INFO: [filemgmt 20-348] Importing the appropriate files for fileset: 'sources_1'
