

================================================================
== Vivado HLS Report for 'Block_Mat_exit47_pro'
================================================================
* Date:           Thu May 31 13:28:37 2018

* Version:        2017.4_AR70530_AR70530 (Build 2086221 on Fri Dec 15 21:13:33 MST 2017)
* Project:        cvt_colour
* Solution:       solution1
* Product family: zynq
* Target device:  xc7z020clg400-1


================================================================
== Performance Estimates
================================================================
+ Timing (ns): 
    * Summary: 
    +--------+-------+----------+------------+
    |  Clock | Target| Estimated| Uncertainty|
    +--------+-------+----------+------------+
    |ap_clk  |  10.00|      3.63|        1.25|
    +--------+-------+----------+------------+

+ Latency (clock cycles): 
    * Summary: 
    +-----+-----+-----+-----+---------+
    |  Latency  |  Interval | Pipeline|
    | min | max | min | max |   Type  |
    +-----+-----+-----+-----+---------+
    |    0|    0|    0|    0|   none  |
    +-----+-----+-----+-----+---------+

    + Detail: 
        * Instance: 
        N/A

        * Loop: 
        N/A



================================================================
== Utilization Estimates
================================================================
* Summary: 
+-----------------+---------+-------+--------+-------+
|       Name      | BRAM_18K| DSP48E|   FF   |  LUT  |
+-----------------+---------+-------+--------+-------+
|DSP              |        -|      -|       -|      -|
|Expression       |        -|      -|       0|      8|
|FIFO             |        -|      -|       -|      -|
|Instance         |        -|      -|       -|      -|
|Memory           |        -|      -|       -|      -|
|Multiplexer      |        -|      -|       -|     72|
|Register         |        -|      -|       3|      -|
+-----------------+---------+-------+--------+-------+
|Total            |        0|      0|       3|     80|
+-----------------+---------+-------+--------+-------+
|Available        |      280|    220|  106400|  53200|
+-----------------+---------+-------+--------+-------+
|Utilization (%)  |        0|      0|   ~0   |   ~0  |
+-----------------+---------+-------+--------+-------+

+ Detail: 
    * Instance: 
    N/A

    * DSP48: 
    N/A

    * Memory: 
    N/A

    * FIFO: 
    N/A

    * Expression: 
    +-----------------+----------+-------+---+----+------------+------------+
    |  Variable Name  | Operation| DSP48E| FF| LUT| Bitwidth P0| Bitwidth P1|
    +-----------------+----------+-------+---+----+------------+------------+
    |ap_block_state1  |    or    |      0|  0|   8|           1|           1|
    +-----------------+----------+-------+---+----+------------+------------+
    |Total            |          |      0|  0|   8|           1|           1|
    +-----------------+----------+-------+---+----+------------+------------+

    * Multiplexer: 
    +------------------------+----+-----------+-----+-----------+
    |          Name          | LUT| Input Size| Bits| Total Bits|
    +------------------------+----+-----------+-----+-----------+
    |ap_done                 |   9|          2|    1|          2|
    |img_0_cols_V_out_blk_n  |   9|          2|    1|          2|
    |img_0_rows_V_out_blk_n  |   9|          2|    1|          2|
    |img_1_cols_V_out_blk_n  |   9|          2|    1|          2|
    |img_1_rows_V_out_blk_n  |   9|          2|    1|          2|
    |img_2_cols_V_out_blk_n  |   9|          2|    1|          2|
    |img_2_rows_V_out_blk_n  |   9|          2|    1|          2|
    |real_start              |   9|          2|    1|          2|
    +------------------------+----+-----------+-----+-----------+
    |Total                   |  72|         16|    8|         16|
    +------------------------+----+-----------+-----+-----------+

    * Register: 
    +----------------+---+----+-----+-----------+
    |      Name      | FF| LUT| Bits| Const Bits|
    +----------------+---+----+-----+-----------+
    |ap_CS_fsm       |  1|   0|    1|          0|
    |ap_done_reg     |  1|   0|    1|          0|
    |start_once_reg  |  1|   0|    1|          0|
    +----------------+---+----+-----+-----------+
    |Total           |  3|   0|    3|          0|
    +----------------+---+----+-----+-----------+



================================================================
== Interface
================================================================
* Summary: 
+-------------------------+-----+-----+------------+----------------------+--------------+
|        RTL Ports        | Dir | Bits|  Protocol  |     Source Object    |    C Type    |
+-------------------------+-----+-----+------------+----------------------+--------------+
|ap_clk                   |  in |    1| ap_ctrl_hs | Block_Mat.exit47_pro | return value |
|ap_rst                   |  in |    1| ap_ctrl_hs | Block_Mat.exit47_pro | return value |
|ap_start                 |  in |    1| ap_ctrl_hs | Block_Mat.exit47_pro | return value |
|start_full_n             |  in |    1| ap_ctrl_hs | Block_Mat.exit47_pro | return value |
|ap_done                  | out |    1| ap_ctrl_hs | Block_Mat.exit47_pro | return value |
|ap_continue              |  in |    1| ap_ctrl_hs | Block_Mat.exit47_pro | return value |
|ap_idle                  | out |    1| ap_ctrl_hs | Block_Mat.exit47_pro | return value |
|ap_ready                 | out |    1| ap_ctrl_hs | Block_Mat.exit47_pro | return value |
|start_out                | out |    1| ap_ctrl_hs | Block_Mat.exit47_pro | return value |
|start_write              | out |    1| ap_ctrl_hs | Block_Mat.exit47_pro | return value |
|rows                     |  in |   32|   ap_none  |         rows         |    scalar    |
|cols                     |  in |   32|   ap_none  |         cols         |    scalar    |
|img_0_rows_V_out_din     | out |   32|   ap_fifo  |   img_0_rows_V_out   |    pointer   |
|img_0_rows_V_out_full_n  |  in |    1|   ap_fifo  |   img_0_rows_V_out   |    pointer   |
|img_0_rows_V_out_write   | out |    1|   ap_fifo  |   img_0_rows_V_out   |    pointer   |
|img_0_cols_V_out_din     | out |   32|   ap_fifo  |   img_0_cols_V_out   |    pointer   |
|img_0_cols_V_out_full_n  |  in |    1|   ap_fifo  |   img_0_cols_V_out   |    pointer   |
|img_0_cols_V_out_write   | out |    1|   ap_fifo  |   img_0_cols_V_out   |    pointer   |
|img_1_rows_V_out_din     | out |   32|   ap_fifo  |   img_1_rows_V_out   |    pointer   |
|img_1_rows_V_out_full_n  |  in |    1|   ap_fifo  |   img_1_rows_V_out   |    pointer   |
|img_1_rows_V_out_write   | out |    1|   ap_fifo  |   img_1_rows_V_out   |    pointer   |
|img_1_cols_V_out_din     | out |   32|   ap_fifo  |   img_1_cols_V_out   |    pointer   |
|img_1_cols_V_out_full_n  |  in |    1|   ap_fifo  |   img_1_cols_V_out   |    pointer   |
|img_1_cols_V_out_write   | out |    1|   ap_fifo  |   img_1_cols_V_out   |    pointer   |
|img_2_rows_V_out_din     | out |   32|   ap_fifo  |   img_2_rows_V_out   |    pointer   |
|img_2_rows_V_out_full_n  |  in |    1|   ap_fifo  |   img_2_rows_V_out   |    pointer   |
|img_2_rows_V_out_write   | out |    1|   ap_fifo  |   img_2_rows_V_out   |    pointer   |
|img_2_cols_V_out_din     | out |   32|   ap_fifo  |   img_2_cols_V_out   |    pointer   |
|img_2_cols_V_out_full_n  |  in |    1|   ap_fifo  |   img_2_cols_V_out   |    pointer   |
|img_2_cols_V_out_write   | out |    1|   ap_fifo  |   img_2_cols_V_out   |    pointer   |
+-------------------------+-----+-----+------------+----------------------+--------------+

============================================================
+ Verbose Summary: Synthesis Manager
============================================================
InlineROM: 1
ExposeGlobal: 0
============================================================
+ Verbose Summary: CDFG Model
============================================================
IsTopModel: 0
ResetActiveHigh: 1
IsCombinational: 2
IsDatapathOnly: 0
HasWiredReturn: 1
HasMFsm: 0
HasVarLatency: 0
IsPipeline: 0
IsRtlPipelined: 0
IsInstanceOverlapped: 0
IsDontTouch: 0
HasImplIP: 0
IsGatedGlobalClock: 0


============================================================
+ Verbose Summary: Schedule
============================================================
* Number of FSM states : 1
* Pipeline : 0
* Dataflow Pipeline: 0

* FSM state transitions: 
1 --> 

* FSM state operations: 

 <State 1> : 3.63ns
ST_1 : Operation 2 [1/1] (0.00ns)   --->   "call void (...)* @_ssdm_op_SpecInterface(i32* %img_2_cols_V_out, [8 x i8]* @ap_fifo_str, i32 0, i32 0, [1 x i8]* @p_str144, i32 0, i32 0, [1 x i8]* @p_str145, [1 x i8]* @p_str146, [1 x i8]* @p_str147, i32 2, i32 2, i32 16, i32 16, [1 x i8]* @p_str148, [1 x i8]* @p_str149)"
ST_1 : Operation 3 [1/1] (0.00ns)   --->   "call void (...)* @_ssdm_op_SpecInterface(i32* %img_2_rows_V_out, [8 x i8]* @ap_fifo_str, i32 0, i32 0, [1 x i8]* @p_str138, i32 0, i32 0, [1 x i8]* @p_str139, [1 x i8]* @p_str140, [1 x i8]* @p_str141, i32 2, i32 2, i32 16, i32 16, [1 x i8]* @p_str142, [1 x i8]* @p_str143)"
ST_1 : Operation 4 [1/1] (0.00ns)   --->   "call void (...)* @_ssdm_op_SpecInterface(i32* %img_1_cols_V_out, [8 x i8]* @ap_fifo_str, i32 0, i32 0, [1 x i8]* @p_str132, i32 0, i32 0, [1 x i8]* @p_str133, [1 x i8]* @p_str134, [1 x i8]* @p_str135, i32 2, i32 2, i32 16, i32 16, [1 x i8]* @p_str136, [1 x i8]* @p_str137)"
ST_1 : Operation 5 [1/1] (0.00ns)   --->   "call void (...)* @_ssdm_op_SpecInterface(i32* %img_1_rows_V_out, [8 x i8]* @ap_fifo_str, i32 0, i32 0, [1 x i8]* @p_str126, i32 0, i32 0, [1 x i8]* @p_str127, [1 x i8]* @p_str128, [1 x i8]* @p_str129, i32 2, i32 2, i32 16, i32 16, [1 x i8]* @p_str130, [1 x i8]* @p_str131)"
ST_1 : Operation 6 [1/1] (0.00ns)   --->   "call void (...)* @_ssdm_op_SpecInterface(i32* %img_0_cols_V_out, [8 x i8]* @ap_fifo_str, i32 0, i32 0, [1 x i8]* @p_str120, i32 0, i32 0, [1 x i8]* @p_str121, [1 x i8]* @p_str122, [1 x i8]* @p_str123, i32 2, i32 2, i32 16, i32 16, [1 x i8]* @p_str124, [1 x i8]* @p_str125)"
ST_1 : Operation 7 [1/1] (0.00ns)   --->   "call void (...)* @_ssdm_op_SpecInterface(i32* %img_0_rows_V_out, [8 x i8]* @ap_fifo_str, i32 0, i32 0, [1 x i8]* @p_str114, i32 0, i32 0, [1 x i8]* @p_str115, [1 x i8]* @p_str116, [1 x i8]* @p_str117, i32 2, i32 2, i32 16, i32 16, [1 x i8]* @p_str118, [1 x i8]* @p_str119)"
ST_1 : Operation 8 [1/1] (0.00ns)   --->   "%cols_read = call i32 @_ssdm_op_Read.ap_auto.i32(i32 %cols)"
ST_1 : Operation 9 [1/1] (0.00ns)   --->   "%rows_read = call i32 @_ssdm_op_Read.ap_auto.i32(i32 %rows)"
ST_1 : Operation 10 [1/1] (3.63ns)   --->   "call void @_ssdm_op_Write.ap_fifo.i32P(i32* %img_0_rows_V_out, i32 %rows_read)" [C:/Xilinx/Vivado/2017.4/common/technology/autopilot/hls/hls_video_core.h:601->C:/Xilinx/Vivado/2017.4/common/technology/autopilot/hls/hls_video_core.h:587->C:/Xilinx/Vivado/2017.4/common/technology/autopilot/hls/hls_video_core.h:588->cvt_colour/cvt_colour.cpp:11]   --->   Core 32 'FIFO' <Latency = 0> <II = 1> <Delay = 3.63> <Storage> <Opcode : 'read' 'write' 'nbread' 'nbwrite'> <Ports = 0> <Width = 32> <Depth = 1> <FIFO>
ST_1 : Operation 11 [1/1] (3.63ns)   --->   "call void @_ssdm_op_Write.ap_fifo.i32P(i32* %img_0_cols_V_out, i32 %cols_read)" [C:/Xilinx/Vivado/2017.4/common/technology/autopilot/hls/hls_video_core.h:602->C:/Xilinx/Vivado/2017.4/common/technology/autopilot/hls/hls_video_core.h:587->C:/Xilinx/Vivado/2017.4/common/technology/autopilot/hls/hls_video_core.h:588->cvt_colour/cvt_colour.cpp:11]   --->   Core 32 'FIFO' <Latency = 0> <II = 1> <Delay = 3.63> <Storage> <Opcode : 'read' 'write' 'nbread' 'nbwrite'> <Ports = 0> <Width = 32> <Depth = 1> <FIFO>
ST_1 : Operation 12 [1/1] (3.63ns)   --->   "call void @_ssdm_op_Write.ap_fifo.i32P(i32* %img_1_rows_V_out, i32 %rows_read)" [C:/Xilinx/Vivado/2017.4/common/technology/autopilot/hls/hls_video_core.h:601->C:/Xilinx/Vivado/2017.4/common/technology/autopilot/hls/hls_video_core.h:587->C:/Xilinx/Vivado/2017.4/common/technology/autopilot/hls/hls_video_core.h:588->cvt_colour/cvt_colour.cpp:12]   --->   Core 32 'FIFO' <Latency = 0> <II = 1> <Delay = 3.63> <Storage> <Opcode : 'read' 'write' 'nbread' 'nbwrite'> <Ports = 0> <Width = 32> <Depth = 1> <FIFO>
ST_1 : Operation 13 [1/1] (3.63ns)   --->   "call void @_ssdm_op_Write.ap_fifo.i32P(i32* %img_1_cols_V_out, i32 %cols_read)" [C:/Xilinx/Vivado/2017.4/common/technology/autopilot/hls/hls_video_core.h:602->C:/Xilinx/Vivado/2017.4/common/technology/autopilot/hls/hls_video_core.h:587->C:/Xilinx/Vivado/2017.4/common/technology/autopilot/hls/hls_video_core.h:588->cvt_colour/cvt_colour.cpp:12]   --->   Core 32 'FIFO' <Latency = 0> <II = 1> <Delay = 3.63> <Storage> <Opcode : 'read' 'write' 'nbread' 'nbwrite'> <Ports = 0> <Width = 32> <Depth = 1> <FIFO>
ST_1 : Operation 14 [1/1] (3.63ns)   --->   "call void @_ssdm_op_Write.ap_fifo.i32P(i32* %img_2_rows_V_out, i32 %rows_read)" [C:/Xilinx/Vivado/2017.4/common/technology/autopilot/hls/hls_video_core.h:601->C:/Xilinx/Vivado/2017.4/common/technology/autopilot/hls/hls_video_core.h:587->C:/Xilinx/Vivado/2017.4/common/technology/autopilot/hls/hls_video_core.h:588->cvt_colour/cvt_colour.cpp:13]   --->   Core 32 'FIFO' <Latency = 0> <II = 1> <Delay = 3.63> <Storage> <Opcode : 'read' 'write' 'nbread' 'nbwrite'> <Ports = 0> <Width = 32> <Depth = 1> <FIFO>
ST_1 : Operation 15 [1/1] (3.63ns)   --->   "call void @_ssdm_op_Write.ap_fifo.i32P(i32* %img_2_cols_V_out, i32 %cols_read)" [C:/Xilinx/Vivado/2017.4/common/technology/autopilot/hls/hls_video_core.h:602->C:/Xilinx/Vivado/2017.4/common/technology/autopilot/hls/hls_video_core.h:587->C:/Xilinx/Vivado/2017.4/common/technology/autopilot/hls/hls_video_core.h:588->cvt_colour/cvt_colour.cpp:13]   --->   Core 32 'FIFO' <Latency = 0> <II = 1> <Delay = 3.63> <Storage> <Opcode : 'read' 'write' 'nbread' 'nbwrite'> <Ports = 0> <Width = 32> <Depth = 1> <FIFO>
ST_1 : Operation 16 [1/1] (0.00ns)   --->   "ret void"


============================================================
+ Verbose Summary: Binding
============================================================
STG Binding: 
---------------- STG Properties BEGIN ----------------
- Is combinational: 0
- Is one-state seq: 1
- Is datapath-only: 0
- Is pipelined: 0
- Is top level: 0
Port [ Return ] is wired: 1; IO mode=ap_ctrl_hs:ce=0
Port [ rows]:  wired=1; compound=0; hidden=0; nouse=0; global=0; static=0; extern=0; dir=0; type=0; pingpong=0; private_global=0; IO mode=ap_none:ce=0
Port [ cols]:  wired=1; compound=0; hidden=0; nouse=0; global=0; static=0; extern=0; dir=0; type=0; pingpong=0; private_global=0; IO mode=ap_none:ce=0
Port [ img_0_rows_V_out]:  wired=1; compound=1; hidden=0; nouse=0; global=0; static=0; extern=0; dir=1; type=3; pingpong=0; private_global=0; IO mode=ap_fifo:ce=0
Port [ img_0_cols_V_out]:  wired=1; compound=1; hidden=0; nouse=0; global=0; static=0; extern=0; dir=1; type=3; pingpong=0; private_global=0; IO mode=ap_fifo:ce=0
Port [ img_1_rows_V_out]:  wired=1; compound=1; hidden=0; nouse=0; global=0; static=0; extern=0; dir=1; type=3; pingpong=0; private_global=0; IO mode=ap_fifo:ce=0
Port [ img_1_cols_V_out]:  wired=1; compound=1; hidden=0; nouse=0; global=0; static=0; extern=0; dir=1; type=3; pingpong=0; private_global=0; IO mode=ap_fifo:ce=0
Port [ img_2_rows_V_out]:  wired=1; compound=1; hidden=0; nouse=0; global=0; static=0; extern=0; dir=1; type=3; pingpong=0; private_global=0; IO mode=ap_fifo:ce=0
Port [ img_2_cols_V_out]:  wired=1; compound=1; hidden=0; nouse=0; global=0; static=0; extern=0; dir=1; type=3; pingpong=0; private_global=0; IO mode=ap_fifo:ce=0
---------------- STG Properties END ------------------

---------------- Datapath Model BEGIN ----------------

<LifeTime>
<method=bitvector/>
StgValue_2  (specinterface) [ 00]
StgValue_3  (specinterface) [ 00]
StgValue_4  (specinterface) [ 00]
StgValue_5  (specinterface) [ 00]
StgValue_6  (specinterface) [ 00]
StgValue_7  (specinterface) [ 00]
cols_read   (read         ) [ 00]
rows_read   (read         ) [ 00]
StgValue_10 (write        ) [ 00]
StgValue_11 (write        ) [ 00]
StgValue_12 (write        ) [ 00]
StgValue_13 (write        ) [ 00]
StgValue_14 (write        ) [ 00]
StgValue_15 (write        ) [ 00]
StgValue_16 (ret          ) [ 00]
</LifeTime>

<model>

<comp_list>
<comp id="0" class="1000" name="rows">
<pin_list>
<pin id="1" dir="1" index="0" bw="1" slack="0"/>
</pin_list>
<bind>
<StgValue><ssdm name="rows"/></StgValue>
</bind>
</comp>

<comp id="2" class="1000" name="cols">
<pin_list>
<pin id="3" dir="1" index="0" bw="1" slack="0"/>
</pin_list>
<bind>
<StgValue><ssdm name="cols"/></StgValue>
</bind>
</comp>

<comp id="4" class="1000" name="img_0_rows_V_out">
<pin_list>
<pin id="5" dir="1" index="0" bw="1" slack="0"/>
</pin_list>
<bind>
<StgValue><ssdm name="img_0_rows_V_out"/></StgValue>
</bind>
</comp>

<comp id="6" class="1000" name="img_0_cols_V_out">
<pin_list>
<pin id="7" dir="1" index="0" bw="1" slack="0"/>
</pin_list>
<bind>
<StgValue><ssdm name="img_0_cols_V_out"/></StgValue>
</bind>
</comp>

<comp id="8" class="1000" name="img_1_rows_V_out">
<pin_list>
<pin id="9" dir="1" index="0" bw="1" slack="0"/>
</pin_list>
<bind>
<StgValue><ssdm name="img_1_rows_V_out"/></StgValue>
</bind>
</comp>

<comp id="10" class="1000" name="img_1_cols_V_out">
<pin_list>
<pin id="11" dir="1" index="0" bw="1" slack="0"/>
</pin_list>
<bind>
<StgValue><ssdm name="img_1_cols_V_out"/></StgValue>
</bind>
</comp>

<comp id="12" class="1000" name="img_2_rows_V_out">
<pin_list>
<pin id="13" dir="1" index="0" bw="1" slack="0"/>
</pin_list>
<bind>
<StgValue><ssdm name="img_2_rows_V_out"/></StgValue>
</bind>
</comp>

<comp id="14" class="1000" name="img_2_cols_V_out">
<pin_list>
<pin id="15" dir="1" index="0" bw="1" slack="0"/>
</pin_list>
<bind>
<StgValue><ssdm name="img_2_cols_V_out"/></StgValue>
</bind>
</comp>

<comp id="16" class="1001" name="const_16">
<pin_list>
<pin id="17" dir="1" index="0" bw="1" slack="2147483647"/>
</pin_list>
<bind>
<StgValue><ssdm name="_ssdm_op_SpecInterface"/></StgValue>
</bind>
</comp>

<comp id="18" class="1001" name="const_18">
<pin_list>
<pin id="19" dir="1" index="0" bw="1" slack="2147483647"/>
</pin_list>
<bind>
<StgValue><ssdm name="ap_fifo_str"/></StgValue>
</bind>
</comp>

<comp id="20" class="1001" name="const_20">
<pin_list>
<pin id="21" dir="1" index="0" bw="1" slack="2147483647"/>
</pin_list>
<bind>
<StgValue><ssdm name=""/></StgValue>
</bind>
</comp>

<comp id="22" class="1001" name="const_22">
<pin_list>
<pin id="23" dir="1" index="0" bw="1" slack="2147483647"/>
</pin_list>
<bind>
<StgValue><ssdm name="p_str144"/></StgValue>
</bind>
</comp>

<comp id="24" class="1001" name="const_24">
<pin_list>
<pin id="25" dir="1" index="0" bw="1" slack="2147483647"/>
</pin_list>
<bind>
<StgValue><ssdm name="p_str145"/></StgValue>
</bind>
</comp>

<comp id="26" class="1001" name="const_26">
<pin_list>
<pin id="27" dir="1" index="0" bw="1" slack="2147483647"/>
</pin_list>
<bind>
<StgValue><ssdm name="p_str146"/></StgValue>
</bind>
</comp>

<comp id="28" class="1001" name="const_28">
<pin_list>
<pin id="29" dir="1" index="0" bw="1" slack="2147483647"/>
</pin_list>
<bind>
<StgValue><ssdm name="p_str147"/></StgValue>
</bind>
</comp>

<comp id="30" class="1001" name="const_30">
<pin_list>
<pin id="31" dir="1" index="0" bw="1" slack="2147483647"/>
</pin_list>
<bind>
<StgValue><ssdm name=""/></StgValue>
</bind>
</comp>

<comp id="32" class="1001" name="const_32">
<pin_list>
<pin id="33" dir="1" index="0" bw="1" slack="2147483647"/>
</pin_list>
<bind>
<StgValue><ssdm name=""/></StgValue>
</bind>
</comp>

<comp id="34" class="1001" name="const_34">
<pin_list>
<pin id="35" dir="1" index="0" bw="1" slack="2147483647"/>
</pin_list>
<bind>
<StgValue><ssdm name="p_str148"/></StgValue>
</bind>
</comp>

<comp id="36" class="1001" name="const_36">
<pin_list>
<pin id="37" dir="1" index="0" bw="1" slack="2147483647"/>
</pin_list>
<bind>
<StgValue><ssdm name="p_str149"/></StgValue>
</bind>
</comp>

<comp id="38" class="1001" name="const_38">
<pin_list>
<pin id="39" dir="1" index="0" bw="1" slack="2147483647"/>
</pin_list>
<bind>
<StgValue><ssdm name="p_str138"/></StgValue>
</bind>
</comp>

<comp id="40" class="1001" name="const_40">
<pin_list>
<pin id="41" dir="1" index="0" bw="1" slack="2147483647"/>
</pin_list>
<bind>
<StgValue><ssdm name="p_str139"/></StgValue>
</bind>
</comp>

<comp id="42" class="1001" name="const_42">
<pin_list>
<pin id="43" dir="1" index="0" bw="1" slack="2147483647"/>
</pin_list>
<bind>
<StgValue><ssdm name="p_str140"/></StgValue>
</bind>
</comp>

<comp id="44" class="1001" name="const_44">
<pin_list>
<pin id="45" dir="1" index="0" bw="1" slack="2147483647"/>
</pin_list>
<bind>
<StgValue><ssdm name="p_str141"/></StgValue>
</bind>
</comp>

<comp id="46" class="1001" name="const_46">
<pin_list>
<pin id="47" dir="1" index="0" bw="1" slack="2147483647"/>
</pin_list>
<bind>
<StgValue><ssdm name="p_str142"/></StgValue>
</bind>
</comp>

<comp id="48" class="1001" name="const_48">
<pin_list>
<pin id="49" dir="1" index="0" bw="1" slack="2147483647"/>
</pin_list>
<bind>
<StgValue><ssdm name="p_str143"/></StgValue>
</bind>
</comp>

<comp id="50" class="1001" name="const_50">
<pin_list>
<pin id="51" dir="1" index="0" bw="1" slack="2147483647"/>
</pin_list>
<bind>
<StgValue><ssdm name="p_str132"/></StgValue>
</bind>
</comp>

<comp id="52" class="1001" name="const_52">
<pin_list>
<pin id="53" dir="1" index="0" bw="1" slack="2147483647"/>
</pin_list>
<bind>
<StgValue><ssdm name="p_str133"/></StgValue>
</bind>
</comp>

<comp id="54" class="1001" name="const_54">
<pin_list>
<pin id="55" dir="1" index="0" bw="1" slack="2147483647"/>
</pin_list>
<bind>
<StgValue><ssdm name="p_str134"/></StgValue>
</bind>
</comp>

<comp id="56" class="1001" name="const_56">
<pin_list>
<pin id="57" dir="1" index="0" bw="1" slack="2147483647"/>
</pin_list>
<bind>
<StgValue><ssdm name="p_str135"/></StgValue>
</bind>
</comp>

<comp id="58" class="1001" name="const_58">
<pin_list>
<pin id="59" dir="1" index="0" bw="1" slack="2147483647"/>
</pin_list>
<bind>
<StgValue><ssdm name="p_str136"/></StgValue>
</bind>
</comp>

<comp id="60" class="1001" name="const_60">
<pin_list>
<pin id="61" dir="1" index="0" bw="1" slack="2147483647"/>
</pin_list>
<bind>
<StgValue><ssdm name="p_str137"/></StgValue>
</bind>
</comp>

<comp id="62" class="1001" name="const_62">
<pin_list>
<pin id="63" dir="1" index="0" bw="1" slack="2147483647"/>
</pin_list>
<bind>
<StgValue><ssdm name="p_str126"/></StgValue>
</bind>
</comp>

<comp id="64" class="1001" name="const_64">
<pin_list>
<pin id="65" dir="1" index="0" bw="1" slack="2147483647"/>
</pin_list>
<bind>
<StgValue><ssdm name="p_str127"/></StgValue>
</bind>
</comp>

<comp id="66" class="1001" name="const_66">
<pin_list>
<pin id="67" dir="1" index="0" bw="1" slack="2147483647"/>
</pin_list>
<bind>
<StgValue><ssdm name="p_str128"/></StgValue>
</bind>
</comp>

<comp id="68" class="1001" name="const_68">
<pin_list>
<pin id="69" dir="1" index="0" bw="1" slack="2147483647"/>
</pin_list>
<bind>
<StgValue><ssdm name="p_str129"/></StgValue>
</bind>
</comp>

<comp id="70" class="1001" name="const_70">
<pin_list>
<pin id="71" dir="1" index="0" bw="1" slack="2147483647"/>
</pin_list>
<bind>
<StgValue><ssdm name="p_str130"/></StgValue>
</bind>
</comp>

<comp id="72" class="1001" name="const_72">
<pin_list>
<pin id="73" dir="1" index="0" bw="1" slack="2147483647"/>
</pin_list>
<bind>
<StgValue><ssdm name="p_str131"/></StgValue>
</bind>
</comp>

<comp id="74" class="1001" name="const_74">
<pin_list>
<pin id="75" dir="1" index="0" bw="1" slack="2147483647"/>
</pin_list>
<bind>
<StgValue><ssdm name="p_str120"/></StgValue>
</bind>
</comp>

<comp id="76" class="1001" name="const_76">
<pin_list>
<pin id="77" dir="1" index="0" bw="1" slack="2147483647"/>
</pin_list>
<bind>
<StgValue><ssdm name="p_str121"/></StgValue>
</bind>
</comp>

<comp id="78" class="1001" name="const_78">
<pin_list>
<pin id="79" dir="1" index="0" bw="1" slack="2147483647"/>
</pin_list>
<bind>
<StgValue><ssdm name="p_str122"/></StgValue>
</bind>
</comp>

<comp id="80" class="1001" name="const_80">
<pin_list>
<pin id="81" dir="1" index="0" bw="1" slack="2147483647"/>
</pin_list>
<bind>
<StgValue><ssdm name="p_str123"/></StgValue>
</bind>
</comp>

<comp id="82" class="1001" name="const_82">
<pin_list>
<pin id="83" dir="1" index="0" bw="1" slack="2147483647"/>
</pin_list>
<bind>
<StgValue><ssdm name="p_str124"/></StgValue>
</bind>
</comp>

<comp id="84" class="1001" name="const_84">
<pin_list>
<pin id="85" dir="1" index="0" bw="1" slack="2147483647"/>
</pin_list>
<bind>
<StgValue><ssdm name="p_str125"/></StgValue>
</bind>
</comp>

<comp id="86" class="1001" name="const_86">
<pin_list>
<pin id="87" dir="1" index="0" bw="1" slack="2147483647"/>
</pin_list>
<bind>
<StgValue><ssdm name="p_str114"/></StgValue>
</bind>
</comp>

<comp id="88" class="1001" name="const_88">
<pin_list>
<pin id="89" dir="1" index="0" bw="1" slack="2147483647"/>
</pin_list>
<bind>
<StgValue><ssdm name="p_str115"/></StgValue>
</bind>
</comp>

<comp id="90" class="1001" name="const_90">
<pin_list>
<pin id="91" dir="1" index="0" bw="1" slack="2147483647"/>
</pin_list>
<bind>
<StgValue><ssdm name="p_str116"/></StgValue>
</bind>
</comp>

<comp id="92" class="1001" name="const_92">
<pin_list>
<pin id="93" dir="1" index="0" bw="1" slack="2147483647"/>
</pin_list>
<bind>
<StgValue><ssdm name="p_str117"/></StgValue>
</bind>
</comp>

<comp id="94" class="1001" name="const_94">
<pin_list>
<pin id="95" dir="1" index="0" bw="1" slack="2147483647"/>
</pin_list>
<bind>
<StgValue><ssdm name="p_str118"/></StgValue>
</bind>
</comp>

<comp id="96" class="1001" name="const_96">
<pin_list>
<pin id="97" dir="1" index="0" bw="1" slack="2147483647"/>
</pin_list>
<bind>
<StgValue><ssdm name="p_str119"/></StgValue>
</bind>
</comp>

<comp id="98" class="1001" name="const_98">
<pin_list>
<pin id="99" dir="1" index="0" bw="1" slack="0"/>
</pin_list>
<bind>
<StgValue><ssdm name="_ssdm_op_Read.ap_auto.i32"/></StgValue>
</bind>
</comp>

<comp id="100" class="1001" name="const_100">
<pin_list>
<pin id="101" dir="1" index="0" bw="1" slack="0"/>
</pin_list>
<bind>
<StgValue><ssdm name="_ssdm_op_Write.ap_fifo.i32P"/></StgValue>
</bind>
</comp>

<comp id="102" class="1004" name="cols_read_read_fu_102">
<pin_list>
<pin id="103" dir="0" index="0" bw="32" slack="0"/>
<pin id="104" dir="0" index="1" bw="32" slack="0"/>
<pin id="105" dir="1" index="2" bw="32" slack="0"/>
</pin_list>
<bind>
<opcode="read(1150) " fcode="read"/>
<opset="cols_read/1 "/>
</bind>
</comp>

<comp id="108" class="1004" name="rows_read_read_fu_108">
<pin_list>
<pin id="109" dir="0" index="0" bw="32" slack="0"/>
<pin id="110" dir="0" index="1" bw="32" slack="0"/>
<pin id="111" dir="1" index="2" bw="32" slack="0"/>
</pin_list>
<bind>
<opcode="read(1150) " fcode="read"/>
<opset="rows_read/1 "/>
</bind>
</comp>

<comp id="114" class="1004" name="StgValue_10_write_fu_114">
<pin_list>
<pin id="115" dir="0" index="0" bw="0" slack="0"/>
<pin id="116" dir="0" index="1" bw="32" slack="0"/>
<pin id="117" dir="0" index="2" bw="32" slack="0"/>
<pin id="118" dir="1" index="3" bw="0" slack="2147483647"/>
</pin_list>
<bind>
<opcode="write(1151) " fcode="write"/>
<opset="StgValue_10/1 "/>
</bind>
</comp>

<comp id="122" class="1004" name="StgValue_11_write_fu_122">
<pin_list>
<pin id="123" dir="0" index="0" bw="0" slack="0"/>
<pin id="124" dir="0" index="1" bw="32" slack="0"/>
<pin id="125" dir="0" index="2" bw="32" slack="0"/>
<pin id="126" dir="1" index="3" bw="0" slack="2147483647"/>
</pin_list>
<bind>
<opcode="write(1151) " fcode="write"/>
<opset="StgValue_11/1 "/>
</bind>
</comp>

<comp id="130" class="1004" name="StgValue_12_write_fu_130">
<pin_list>
<pin id="131" dir="0" index="0" bw="0" slack="0"/>
<pin id="132" dir="0" index="1" bw="32" slack="0"/>
<pin id="133" dir="0" index="2" bw="32" slack="0"/>
<pin id="134" dir="1" index="3" bw="0" slack="2147483647"/>
</pin_list>
<bind>
<opcode="write(1151) " fcode="write"/>
<opset="StgValue_12/1 "/>
</bind>
</comp>

<comp id="138" class="1004" name="StgValue_13_write_fu_138">
<pin_list>
<pin id="139" dir="0" index="0" bw="0" slack="0"/>
<pin id="140" dir="0" index="1" bw="32" slack="0"/>
<pin id="141" dir="0" index="2" bw="32" slack="0"/>
<pin id="142" dir="1" index="3" bw="0" slack="2147483647"/>
</pin_list>
<bind>
<opcode="write(1151) " fcode="write"/>
<opset="StgValue_13/1 "/>
</bind>
</comp>

<comp id="146" class="1004" name="StgValue_14_write_fu_146">
<pin_list>
<pin id="147" dir="0" index="0" bw="0" slack="0"/>
<pin id="148" dir="0" index="1" bw="32" slack="0"/>
<pin id="149" dir="0" index="2" bw="32" slack="0"/>
<pin id="150" dir="1" index="3" bw="0" slack="2147483647"/>
</pin_list>
<bind>
<opcode="write(1151) " fcode="write"/>
<opset="StgValue_14/1 "/>
</bind>
</comp>

<comp id="154" class="1004" name="StgValue_15_write_fu_154">
<pin_list>
<pin id="155" dir="0" index="0" bw="0" slack="0"/>
<pin id="156" dir="0" index="1" bw="32" slack="0"/>
<pin id="157" dir="0" index="2" bw="32" slack="0"/>
<pin id="158" dir="1" index="3" bw="0" slack="2147483647"/>
</pin_list>
<bind>
<opcode="write(1151) " fcode="write"/>
<opset="StgValue_15/1 "/>
</bind>
</comp>

</comp_list>

<net_list>
<net id="106"><net_src comp="98" pin="0"/><net_sink comp="102" pin=0"/></net>

<net id="107"><net_src comp="2" pin="0"/><net_sink comp="102" pin=1"/></net>

<net id="112"><net_src comp="98" pin="0"/><net_sink comp="108" pin=0"/></net>

<net id="113"><net_src comp="0" pin="0"/><net_sink comp="108" pin=1"/></net>

<net id="119"><net_src comp="100" pin="0"/><net_sink comp="114" pin=0"/></net>

<net id="120"><net_src comp="4" pin="0"/><net_sink comp="114" pin=1"/></net>

<net id="121"><net_src comp="108" pin="2"/><net_sink comp="114" pin=2"/></net>

<net id="127"><net_src comp="100" pin="0"/><net_sink comp="122" pin=0"/></net>

<net id="128"><net_src comp="6" pin="0"/><net_sink comp="122" pin=1"/></net>

<net id="129"><net_src comp="102" pin="2"/><net_sink comp="122" pin=2"/></net>

<net id="135"><net_src comp="100" pin="0"/><net_sink comp="130" pin=0"/></net>

<net id="136"><net_src comp="8" pin="0"/><net_sink comp="130" pin=1"/></net>

<net id="137"><net_src comp="108" pin="2"/><net_sink comp="130" pin=2"/></net>

<net id="143"><net_src comp="100" pin="0"/><net_sink comp="138" pin=0"/></net>

<net id="144"><net_src comp="10" pin="0"/><net_sink comp="138" pin=1"/></net>

<net id="145"><net_src comp="102" pin="2"/><net_sink comp="138" pin=2"/></net>

<net id="151"><net_src comp="100" pin="0"/><net_sink comp="146" pin=0"/></net>

<net id="152"><net_src comp="12" pin="0"/><net_sink comp="146" pin=1"/></net>

<net id="153"><net_src comp="108" pin="2"/><net_sink comp="146" pin=2"/></net>

<net id="159"><net_src comp="100" pin="0"/><net_sink comp="154" pin=0"/></net>

<net id="160"><net_src comp="14" pin="0"/><net_sink comp="154" pin=1"/></net>

<net id="161"><net_src comp="102" pin="2"/><net_sink comp="154" pin=2"/></net>

</net_list>

</model> 
---------------- Datapath Model END ------------------

* FSMD analyzer results:
  - Output states:
	Port: img_0_rows_V_out | {1 }
	Port: img_0_cols_V_out | {1 }
	Port: img_1_rows_V_out | {1 }
	Port: img_1_cols_V_out | {1 }
	Port: img_2_rows_V_out | {1 }
	Port: img_2_cols_V_out | {1 }
 - Input state : 
	Port: Block_Mat.exit47_pro : rows | {1 }
	Port: Block_Mat.exit47_pro : cols | {1 }
	Port: Block_Mat.exit47_pro : img_0_rows_V_out | {}
	Port: Block_Mat.exit47_pro : img_0_cols_V_out | {}
	Port: Block_Mat.exit47_pro : img_1_rows_V_out | {}
	Port: Block_Mat.exit47_pro : img_1_cols_V_out | {}
	Port: Block_Mat.exit47_pro : img_2_rows_V_out | {}
	Port: Block_Mat.exit47_pro : img_2_cols_V_out | {}
  - Chain level:
	State 1


============================================================
+ Verbose Summary: Datapath Resource usage 
============================================================

* Functional unit list:
|----------|--------------------------|
| Operation|      Functional Unit     |
|----------|--------------------------|
|   read   |   cols_read_read_fu_102  |
|          |   rows_read_read_fu_108  |
|----------|--------------------------|
|          | StgValue_10_write_fu_114 |
|          | StgValue_11_write_fu_122 |
|   write  | StgValue_12_write_fu_130 |
|          | StgValue_13_write_fu_138 |
|          | StgValue_14_write_fu_146 |
|          | StgValue_15_write_fu_154 |
|----------|--------------------------|
|   Total  |                          |
|----------|--------------------------|

Memories:
N/A

* Register list:
N/A

* Multiplexer (MUX) list: 
|--------|------|------|------|--------|
|  Comp  |  Pin | Size |  BW  | S x BW |
|--------|------|------|------|--------|
|  Total |      |      |      |    0   |
|--------|------|------|------|--------|



* Summary:
+-----------+
|           |
+-----------+
|  Function |
|   Memory  |
|Multiplexer|
|  Register |
+-----------+
|   Total   |
+-----------+
