

================================================================
== Vivado HLS Report for 'CvtColor'
================================================================
* Date:           Thu May 31 13:28:36 2018

* Version:        2017.4_AR70530_AR70530 (Build 2086221 on Fri Dec 15 21:13:33 MST 2017)
* Project:        cvt_colour
* Solution:       solution1
* Product family: zynq
* Target device:  xc7z020clg400-1


================================================================
== Performance Estimates
================================================================
+ Timing (ns): 
    * Summary: 
    +--------+-------+----------+------------+
    |  Clock | Target| Estimated| Uncertainty|
    +--------+-------+----------+------------+
    |ap_clk  |  10.00|      7.27|        1.25|
    +--------+-------+----------+------------+

+ Latency (clock cycles): 
    * Summary: 
    +-----+---------+-----+---------+---------+
    |    Latency    |    Interval   | Pipeline|
    | min |   max   | min |   max   |   Type  |
    +-----+---------+-----+---------+---------+
    |    1|  4006001|    1|  4006001|   none  |
    +-----+---------+-----+---------+---------+

    + Detail: 
        * Instance: 
        N/A

        * Loop: 
        +---------------+-----+---------+----------+-----------+-----------+----------+----------+
        |               |    Latency    | Iteration|  Initiation Interval  |   Trip   |          |
        |   Loop Name   | min |   max   |  Latency |  achieved |   target  |   Count  | Pipelined|
        +---------------+-----+---------+----------+-----------+-----------+----------+----------+
        |- loop_height  |    0|  4006000| 3 ~ 2003 |          -|          -| 0 ~ 2000 |    no    |
        | + loop_width  |    0|     2000|         2|          1|          1| 0 ~ 2000 |    yes   |
        +---------------+-----+---------+----------+-----------+-----------+----------+----------+

============================================================
+ Verbose Summary: Synthesis Manager
============================================================
InlineROM: 1
ExposeGlobal: 0
============================================================
+ Verbose Summary: CDFG Model
============================================================
IsTopModel: 0
ResetActiveHigh: 1
IsCombinational: 2
IsDatapathOnly: 0
HasWiredReturn: 1
HasMFsm: 0
HasVarLatency: 1
IsPipeline: 0
IsRtlPipelined: 0
IsInstanceOverlapped: 0
IsDontTouch: 0
HasImplIP: 0
IsGatedGlobalClock: 0

+ Individual pipeline summary: 
  * Pipeline-0: initiation interval (II) = 1, depth = 2


============================================================
+ Verbose Summary: Schedule
============================================================
* Number of FSM states : 5
* Pipeline : 1
  Pipeline-0 : II = 1, D = 2, States = { 3 4 }
* Dataflow Pipeline: 0

* FSM state transitions: 
1 --> 
	2  / true
2 --> 
	3  / (tmp_i)
3 --> 
	5  / (!tmp_1_i)
	4  / (tmp_1_i)
4 --> 
	3  / true
5 --> 
	2  / true

* FSM state operations: 

 <State 1> : 3.63ns
ST_1 : Operation 6 [1/1] (0.00ns)   --->   "call void (...)* @_ssdm_op_SpecInterface(i8* %p_dst_data_stream_2_V, [8 x i8]* @ap_fifo_str, i32 0, i32 0, [1 x i8]* @p_str107, i32 0, i32 0, [1 x i8]* @p_str108, [1 x i8]* @p_str109, [1 x i8]* @p_str110, i32 2, i32 2, i32 16, i32 16, [1 x i8]* @p_str111, [1 x i8]* @p_str112)"
ST_1 : Operation 7 [1/1] (0.00ns)   --->   "call void (...)* @_ssdm_op_SpecInterface(i8* %p_dst_data_stream_1_V, [8 x i8]* @ap_fifo_str, i32 0, i32 0, [1 x i8]* @p_str100, i32 0, i32 0, [1 x i8]* @p_str101, [1 x i8]* @p_str102, [1 x i8]* @p_str103, i32 2, i32 2, i32 16, i32 16, [1 x i8]* @p_str104, [1 x i8]* @p_str105)"
ST_1 : Operation 8 [1/1] (0.00ns)   --->   "call void (...)* @_ssdm_op_SpecInterface(i8* %p_dst_data_stream_0_V, [8 x i8]* @ap_fifo_str, i32 0, i32 0, [1 x i8]* @p_str93, i32 0, i32 0, [1 x i8]* @p_str94, [1 x i8]* @p_str95, [1 x i8]* @p_str96, i32 2, i32 2, i32 16, i32 16, [1 x i8]* @p_str97, [1 x i8]* @p_str98)"
ST_1 : Operation 9 [1/1] (0.00ns)   --->   "call void (...)* @_ssdm_op_SpecInterface(i8* %p_src_data_stream_V, [8 x i8]* @ap_fifo_str, i32 0, i32 0, [1 x i8]* @p_str86, i32 0, i32 0, [1 x i8]* @p_str87, [1 x i8]* @p_str88, [1 x i8]* @p_str89, i32 2, i32 2, i32 16, i32 16, [1 x i8]* @p_str90, [1 x i8]* @p_str91)"
ST_1 : Operation 10 [1/1] (0.00ns)   --->   "call void (...)* @_ssdm_op_SpecInterface(i32* %p_src_rows_V, [8 x i8]* @ap_fifo_str, i32 0, i32 0, [1 x i8]* @p_str245, i32 0, i32 0, [1 x i8]* @p_str246, [1 x i8]* @p_str247, [1 x i8]* @p_str248, i32 2, i32 2, i32 16, i32 16, [1 x i8]* @p_str249, [1 x i8]* @p_str250)"
ST_1 : Operation 11 [1/1] (0.00ns)   --->   "call void (...)* @_ssdm_op_SpecInterface(i32* %p_src_cols_V, [8 x i8]* @ap_fifo_str, i32 0, i32 0, [1 x i8]* @p_str251, i32 0, i32 0, [1 x i8]* @p_str252, [1 x i8]* @p_str253, [1 x i8]* @p_str254, i32 2, i32 2, i32 16, i32 16, [1 x i8]* @p_str255, [1 x i8]* @p_str256)"
ST_1 : Operation 12 [1/1] (3.63ns)   --->   "%cols = call i32 @_ssdm_op_Read.ap_fifo.i32P(i32* %p_src_cols_V)" [C:/Xilinx/Vivado/2017.4/common/technology/autopilot/hls/hls_video_imgproc.h:1941]   --->   Core 32 'FIFO' <Latency = 0> <II = 1> <Delay = 3.63> <Storage> <Opcode : 'read' 'write' 'nbread' 'nbwrite'> <Ports = 0> <Width = 32> <Depth = 1> <FIFO>
ST_1 : Operation 13 [1/1] (3.63ns)   --->   "%rows = call i32 @_ssdm_op_Read.ap_fifo.i32P(i32* %p_src_rows_V)" [C:/Xilinx/Vivado/2017.4/common/technology/autopilot/hls/hls_video_imgproc.h:1942]   --->   Core 32 'FIFO' <Latency = 0> <II = 1> <Delay = 3.63> <Storage> <Opcode : 'read' 'write' 'nbread' 'nbwrite'> <Ports = 0> <Width = 32> <Depth = 1> <FIFO>
ST_1 : Operation 14 [1/1] (1.76ns)   --->   "br label %0" [C:/Xilinx/Vivado/2017.4/common/technology/autopilot/hls/hls_video_imgproc.h:1947]

 <State 2> : 3.40ns
ST_2 : Operation 15 [1/1] (0.00ns)   --->   "%i_i = phi i11 [ 0, %entry ], [ %i, %3 ]"
ST_2 : Operation 16 [1/1] (0.00ns)   --->   "%i_cast_i = zext i11 %i_i to i32" [C:/Xilinx/Vivado/2017.4/common/technology/autopilot/hls/hls_video_imgproc.h:1947]
ST_2 : Operation 17 [1/1] (2.47ns)   --->   "%tmp_i = icmp slt i32 %i_cast_i, %rows" [C:/Xilinx/Vivado/2017.4/common/technology/autopilot/hls/hls_video_imgproc.h:1947]   --->   Core 25 'Cmp' <Latency = 0> <II = 1> <Delay = 2.47> <FuncUnit> <Opcode : 'icmp'> <InPorts = 2> <OutPorts = 1>
ST_2 : Operation 18 [1/1] (0.00ns)   --->   "call void (...)* @_ssdm_op_SpecLoopTripCount(i64 0, i64 2000, i64 0)"
ST_2 : Operation 19 [1/1] (1.97ns)   --->   "%i = add i11 %i_i, 1" [C:/Xilinx/Vivado/2017.4/common/technology/autopilot/hls/hls_video_imgproc.h:1947]   --->   Core 14 'AddSub' <Latency = 0> <II = 1> <Delay = 1.97> <FuncUnit> <Opcode : 'add' 'sub'> <InPorts = 2> <OutPorts = 1>
ST_2 : Operation 20 [1/1] (0.00ns)   --->   "br i1 %tmp_i, label %1, label %.exit" [C:/Xilinx/Vivado/2017.4/common/technology/autopilot/hls/hls_video_imgproc.h:1947]
ST_2 : Operation 21 [1/1] (0.00ns)   --->   "call void (...)* @_ssdm_op_SpecLoopName([12 x i8]* @p_str9) nounwind" [C:/Xilinx/Vivado/2017.4/common/technology/autopilot/hls/hls_video_imgproc.h:1947]
ST_2 : Operation 22 [1/1] (0.00ns)   --->   "%tmp_i_54 = call i32 (...)* @_ssdm_op_SpecRegionBegin([12 x i8]* @p_str9)" [C:/Xilinx/Vivado/2017.4/common/technology/autopilot/hls/hls_video_imgproc.h:1947]
ST_2 : Operation 23 [1/1] (1.76ns)   --->   "br label %2" [C:/Xilinx/Vivado/2017.4/common/technology/autopilot/hls/hls_video_imgproc.h:1948]
ST_2 : Operation 24 [1/1] (0.00ns)   --->   "ret void"

 <State 3> : 2.47ns
ST_3 : Operation 25 [1/1] (0.00ns)   --->   "%j_i = phi i11 [ 0, %1 ], [ %j, %"operator<<.exit.i" ]"
ST_3 : Operation 26 [1/1] (0.00ns)   --->   "%j_cast_i = zext i11 %j_i to i32" [C:/Xilinx/Vivado/2017.4/common/technology/autopilot/hls/hls_video_imgproc.h:1948]
ST_3 : Operation 27 [1/1] (2.47ns)   --->   "%tmp_1_i = icmp slt i32 %j_cast_i, %cols" [C:/Xilinx/Vivado/2017.4/common/technology/autopilot/hls/hls_video_imgproc.h:1948]   --->   Core 25 'Cmp' <Latency = 0> <II = 1> <Delay = 2.47> <FuncUnit> <Opcode : 'icmp'> <InPorts = 2> <OutPorts = 1>
ST_3 : Operation 28 [1/1] (0.00ns)   --->   "call void (...)* @_ssdm_op_SpecLoopTripCount(i64 0, i64 2000, i64 0)"
ST_3 : Operation 29 [1/1] (1.97ns)   --->   "%j = add i11 %j_i, 1" [C:/Xilinx/Vivado/2017.4/common/technology/autopilot/hls/hls_video_imgproc.h:1948]   --->   Core 14 'AddSub' <Latency = 0> <II = 1> <Delay = 1.97> <FuncUnit> <Opcode : 'add' 'sub'> <InPorts = 2> <OutPorts = 1>
ST_3 : Operation 30 [1/1] (0.00ns)   --->   "br i1 %tmp_1_i, label %"operator<<.exit.i", label %3" [C:/Xilinx/Vivado/2017.4/common/technology/autopilot/hls/hls_video_imgproc.h:1948]

 <State 4> : 7.27ns
ST_4 : Operation 31 [1/1] (0.00ns)   --->   "call void (...)* @_ssdm_op_SpecLoopName([11 x i8]* @p_str10) nounwind" [C:/Xilinx/Vivado/2017.4/common/technology/autopilot/hls/hls_video_imgproc.h:1948]
ST_4 : Operation 32 [1/1] (0.00ns)   --->   "%tmp_4_i = call i32 (...)* @_ssdm_op_SpecRegionBegin([11 x i8]* @p_str10)" [C:/Xilinx/Vivado/2017.4/common/technology/autopilot/hls/hls_video_imgproc.h:1948]
ST_4 : Operation 33 [1/1] (0.00ns)   --->   "call void (...)* @_ssdm_op_SpecPipeline(i32 -1, i32 1, i32 1, i32 0, [1 x i8]* @p_str3) nounwind" [C:/Xilinx/Vivado/2017.4/common/technology/autopilot/hls/hls_video_imgproc.h:1950]
ST_4 : Operation 34 [1/1] (0.00ns)   --->   "%tmp_5_i = call i32 (...)* @_ssdm_op_SpecRegionBegin([12 x i8]* @p_str20)" [C:/Xilinx/Vivado/2017.4/common/technology/autopilot/hls/hls_video_core.h:617->C:/Xilinx/Vivado/2017.4/common/technology/autopilot/hls/hls_video_core.h:656->C:/Xilinx/Vivado/2017.4/common/technology/autopilot/hls/hls_video_imgproc.h:1951]
ST_4 : Operation 35 [1/1] (0.00ns)   --->   "call void (...)* @_ssdm_op_SpecProtocol(i32 0, [1 x i8]* @p_str3) nounwind" [C:/Xilinx/Vivado/2017.4/common/technology/autopilot/hls/hls_video_core.h:621->C:/Xilinx/Vivado/2017.4/common/technology/autopilot/hls/hls_video_core.h:656->C:/Xilinx/Vivado/2017.4/common/technology/autopilot/hls/hls_video_imgproc.h:1951]
ST_4 : Operation 36 [1/1] (3.63ns)   --->   "%tmp = call i8 @_ssdm_op_Read.ap_fifo.volatile.i8P(i8* %p_src_data_stream_V)" [C:/Xilinx/Vivado/2017.4/common/technology/autopilot/hls/hls_video_core.h:624->C:/Xilinx/Vivado/2017.4/common/technology/autopilot/hls/hls_video_core.h:656->C:/Xilinx/Vivado/2017.4/common/technology/autopilot/hls/hls_video_imgproc.h:1951]   --->   Core 32 'FIFO' <Latency = 0> <II = 1> <Delay = 3.63> <Storage> <Opcode : 'read' 'write' 'nbread' 'nbwrite'> <Ports = 0> <Width = 32> <Depth = 1> <FIFO>
ST_4 : Operation 37 [1/1] (0.00ns)   --->   "%empty = call i32 (...)* @_ssdm_op_SpecRegionEnd([12 x i8]* @p_str20, i32 %tmp_5_i)" [C:/Xilinx/Vivado/2017.4/common/technology/autopilot/hls/hls_video_core.h:626->C:/Xilinx/Vivado/2017.4/common/technology/autopilot/hls/hls_video_core.h:656->C:/Xilinx/Vivado/2017.4/common/technology/autopilot/hls/hls_video_imgproc.h:1951]
ST_4 : Operation 38 [1/1] (0.00ns)   --->   "%tmp_6_i = call i32 (...)* @_ssdm_op_SpecRegionBegin([12 x i8]* @p_str18)" [C:/Xilinx/Vivado/2017.4/common/technology/autopilot/hls/hls_video_core.h:641->C:/Xilinx/Vivado/2017.4/common/technology/autopilot/hls/hls_video_core.h:662->C:/Xilinx/Vivado/2017.4/common/technology/autopilot/hls/hls_video_imgproc.h:1953]
ST_4 : Operation 39 [1/1] (0.00ns)   --->   "call void (...)* @_ssdm_op_SpecProtocol(i32 0, [1 x i8]* @p_str3) nounwind" [C:/Xilinx/Vivado/2017.4/common/technology/autopilot/hls/hls_video_core.h:645->C:/Xilinx/Vivado/2017.4/common/technology/autopilot/hls/hls_video_core.h:662->C:/Xilinx/Vivado/2017.4/common/technology/autopilot/hls/hls_video_imgproc.h:1953]
ST_4 : Operation 40 [1/1] (3.63ns)   --->   "call void @_ssdm_op_Write.ap_fifo.volatile.i8P(i8* %p_dst_data_stream_0_V, i8 %tmp)" [C:/Xilinx/Vivado/2017.4/common/technology/autopilot/hls/hls_video_core.h:648->C:/Xilinx/Vivado/2017.4/common/technology/autopilot/hls/hls_video_core.h:662->C:/Xilinx/Vivado/2017.4/common/technology/autopilot/hls/hls_video_imgproc.h:1953]   --->   Core 32 'FIFO' <Latency = 0> <II = 1> <Delay = 3.63> <Storage> <Opcode : 'read' 'write' 'nbread' 'nbwrite'> <Ports = 0> <Width = 32> <Depth = 1> <FIFO>
ST_4 : Operation 41 [1/1] (3.63ns)   --->   "call void @_ssdm_op_Write.ap_fifo.volatile.i8P(i8* %p_dst_data_stream_1_V, i8 %tmp)" [C:/Xilinx/Vivado/2017.4/common/technology/autopilot/hls/hls_video_core.h:648->C:/Xilinx/Vivado/2017.4/common/technology/autopilot/hls/hls_video_core.h:662->C:/Xilinx/Vivado/2017.4/common/technology/autopilot/hls/hls_video_imgproc.h:1953]   --->   Core 32 'FIFO' <Latency = 0> <II = 1> <Delay = 3.63> <Storage> <Opcode : 'read' 'write' 'nbread' 'nbwrite'> <Ports = 0> <Width = 32> <Depth = 1> <FIFO>
ST_4 : Operation 42 [1/1] (3.63ns)   --->   "call void @_ssdm_op_Write.ap_fifo.volatile.i8P(i8* %p_dst_data_stream_2_V, i8 %tmp)" [C:/Xilinx/Vivado/2017.4/common/technology/autopilot/hls/hls_video_core.h:648->C:/Xilinx/Vivado/2017.4/common/technology/autopilot/hls/hls_video_core.h:662->C:/Xilinx/Vivado/2017.4/common/technology/autopilot/hls/hls_video_imgproc.h:1953]   --->   Core 32 'FIFO' <Latency = 0> <II = 1> <Delay = 3.63> <Storage> <Opcode : 'read' 'write' 'nbread' 'nbwrite'> <Ports = 0> <Width = 32> <Depth = 1> <FIFO>
ST_4 : Operation 43 [1/1] (0.00ns)   --->   "%empty_55 = call i32 (...)* @_ssdm_op_SpecRegionEnd([12 x i8]* @p_str18, i32 %tmp_6_i)" [C:/Xilinx/Vivado/2017.4/common/technology/autopilot/hls/hls_video_core.h:650->C:/Xilinx/Vivado/2017.4/common/technology/autopilot/hls/hls_video_core.h:662->C:/Xilinx/Vivado/2017.4/common/technology/autopilot/hls/hls_video_imgproc.h:1953]
ST_4 : Operation 44 [1/1] (0.00ns)   --->   "%empty_56 = call i32 (...)* @_ssdm_op_SpecRegionEnd([11 x i8]* @p_str10, i32 %tmp_4_i)" [C:/Xilinx/Vivado/2017.4/common/technology/autopilot/hls/hls_video_imgproc.h:1954]
ST_4 : Operation 45 [1/1] (0.00ns)   --->   "br label %2" [C:/Xilinx/Vivado/2017.4/common/technology/autopilot/hls/hls_video_imgproc.h:1948]

 <State 5> : 0.00ns
ST_5 : Operation 46 [1/1] (0.00ns)   --->   "%empty_57 = call i32 (...)* @_ssdm_op_SpecRegionEnd([12 x i8]* @p_str9, i32 %tmp_i_54)" [C:/Xilinx/Vivado/2017.4/common/technology/autopilot/hls/hls_video_imgproc.h:1955]
ST_5 : Operation 47 [1/1] (0.00ns)   --->   "br label %0" [C:/Xilinx/Vivado/2017.4/common/technology/autopilot/hls/hls_video_imgproc.h:1947]


============================================================
+ Verbose Summary: Timing violations
============================================================
Target clock period: 10ns, clock uncertainty: 1.25ns.

 <State 1>: 3.63ns
The critical path consists of the following:
	fifo read on port 'p_src_cols_V' (C:/Xilinx/Vivado/2017.4/common/technology/autopilot/hls/hls_video_imgproc.h:1941) [13]  (3.63 ns)

 <State 2>: 3.4ns
The critical path consists of the following:
	'icmp' operation ('tmp_i', C:/Xilinx/Vivado/2017.4/common/technology/autopilot/hls/hls_video_imgproc.h:1947) [19]  (2.47 ns)
	blocking operation 0.931 ns on control path)

 <State 3>: 2.47ns
The critical path consists of the following:
	'phi' operation ('j') with incoming values : ('j', C:/Xilinx/Vivado/2017.4/common/technology/autopilot/hls/hls_video_imgproc.h:1948) [28]  (0 ns)
	'icmp' operation ('tmp_1_i', C:/Xilinx/Vivado/2017.4/common/technology/autopilot/hls/hls_video_imgproc.h:1948) [30]  (2.47 ns)

 <State 4>: 7.27ns
The critical path consists of the following:
	fifo read on port 'p_src_data_stream_V' (C:/Xilinx/Vivado/2017.4/common/technology/autopilot/hls/hls_video_core.h:624->C:/Xilinx/Vivado/2017.4/common/technology/autopilot/hls/hls_video_core.h:656->C:/Xilinx/Vivado/2017.4/common/technology/autopilot/hls/hls_video_imgproc.h:1951) [40]  (3.63 ns)
	fifo write on port 'p_dst_data_stream_1_V' (C:/Xilinx/Vivado/2017.4/common/technology/autopilot/hls/hls_video_core.h:648->C:/Xilinx/Vivado/2017.4/common/technology/autopilot/hls/hls_video_core.h:662->C:/Xilinx/Vivado/2017.4/common/technology/autopilot/hls/hls_video_imgproc.h:1953) [45]  (3.63 ns)

 <State 5>: 0ns
The critical path consists of the following:


============================================================
+ Verbose Summary: Binding
============================================================
N/A
* FSMD analyzer results:
  - Output states:
 - Input state : 
  - Chain level:
	State 1
	State 2
	State 3
	State 4
	State 5


============================================================
+ Verbose Summary: Datapath Resource usage 
============================================================
N/A
