

================================================================
== Vivado HLS Report for 'Mat2AXIvideo'
================================================================
* Date:           Tue Apr  9 13:09:56 2019

* Version:        2018.3 (Build 2405991 on Thu Dec 06 23:56:15 MST 2018)
* Project:        cvt_colour
* Solution:       solution1
* Product family: zynq
* Target device:  xc7z020clg400-1


================================================================
== Performance Estimates
================================================================
+ Timing (ns): 
    * Summary: 
    +--------+-------+----------+------------+
    |  Clock | Target| Estimated| Uncertainty|
    +--------+-------+----------+------------+
    |ap_clk  |  10.00|     6.186|        1.25|
    +--------+-------+----------+------------+

+ Latency (clock cycles): 
    * Summary: 
    +-----+---------+-----+---------+---------+
    |    Latency    |    Interval   | Pipeline|
    | min |   max   | min |   max   |   Type  |
    +-----+---------+-----+---------+---------+
    |    1|  4008001|    1|  4008001|   none  |
    +-----+---------+-----+---------+---------+

    + Detail: 
        * Instance: 
        N/A

        * Loop: 
        +---------------+-----+---------+----------+-----------+-----------+----------+----------+
        |               |    Latency    | Iteration|  Initiation Interval  |   Trip   |          |
        |   Loop Name   | min |   max   |  Latency |  achieved |   target  |   Count  | Pipelined|
        +---------------+-----+---------+----------+-----------+-----------+----------+----------+
        |- loop_height  |    0|  4008000| 3 ~ 2004 |          -|          -| 0 ~ 2000 |    no    |
        | + loop_width  |    0|     2001|         3|          1|          1| 0 ~ 2000 |    yes   |
        +---------------+-----+---------+----------+-----------+-----------+----------+----------+

============================================================
+ Verbose Summary: Synthesis Manager
============================================================
InlineROM: 1
ExposeGlobal: 0
============================================================
+ Verbose Summary: CDFG Model
============================================================
IsTopModel: 0
ResetActiveHigh: 1
IsCombinational: 2
IsDatapathOnly: 0
HasWiredReturn: 1
HasMFsm: 0
HasVarLatency: 1
IsPipeline: 0
IsRtlPipelined: 0
IsInstanceOverlapped: 0
IsDontTouch: 0
HasImplIP: 0
IsGatedGlobalClock: 0

+ Individual pipeline summary: 
  * Pipeline-0: initiation interval (II) = 1, depth = 3


============================================================
+ Verbose Summary: Schedule
============================================================
* Number of FSM states : 6
* Pipeline : 1
  Pipeline-0 : II = 1, D = 3, States = { 3 4 5 }
* Dataflow Pipeline: 0

* FSM state transitions: 
1 --> 
	2  / true
2 --> 
	3  / (!exitcond1_i)
3 --> 
	6  / (exitcond_i)
	4  / (!exitcond_i)
4 --> 
	5  / true
5 --> 
	3  / true
6 --> 
	2  / true

* FSM state operations: 

State 1 <SV = 0> <Delay = 6.18>
ST_1 : Operation 7 [1/1] (0.00ns)   --->   "%tmp_user_V = alloca i1"   --->   Operation 7 'alloca' 'tmp_user_V' <Predicate = true> <Delay = 0.00>
ST_1 : Operation 8 [1/1] (0.00ns)   --->   "call void (...)* @_ssdm_op_SpecInterface(i8* %img_data_stream_2_V, [8 x i8]* @ap_fifo_str, i32 0, i32 0, [1 x i8]* @p_str107, i32 0, i32 0, [1 x i8]* @p_str108, [1 x i8]* @p_str109, [1 x i8]* @p_str110, i32 2, i32 2, i32 16, i32 16, [1 x i8]* @p_str111, [1 x i8]* @p_str112)"   --->   Operation 8 'specinterface' <Predicate = true> <Delay = 0.00>
ST_1 : Operation 9 [1/1] (0.00ns)   --->   "call void (...)* @_ssdm_op_SpecInterface(i8* %img_data_stream_1_V, [8 x i8]* @ap_fifo_str, i32 0, i32 0, [1 x i8]* @p_str100, i32 0, i32 0, [1 x i8]* @p_str101, [1 x i8]* @p_str102, [1 x i8]* @p_str103, i32 2, i32 2, i32 16, i32 16, [1 x i8]* @p_str104, [1 x i8]* @p_str105)"   --->   Operation 9 'specinterface' <Predicate = true> <Delay = 0.00>
ST_1 : Operation 10 [1/1] (0.00ns)   --->   "call void (...)* @_ssdm_op_SpecInterface(i8* %img_data_stream_0_V, [8 x i8]* @ap_fifo_str, i32 0, i32 0, [1 x i8]* @p_str93, i32 0, i32 0, [1 x i8]* @p_str94, [1 x i8]* @p_str95, [1 x i8]* @p_str96, i32 2, i32 2, i32 16, i32 16, [1 x i8]* @p_str97, [1 x i8]* @p_str98)"   --->   Operation 10 'specinterface' <Predicate = true> <Delay = 0.00>
ST_1 : Operation 11 [1/1] (0.00ns)   --->   "call void (...)* @_ssdm_op_SpecInterface(i32* %AXI_video_strm_V_data_V, i4* %AXI_video_strm_V_keep_V, i4* %AXI_video_strm_V_strb_V, i1* %AXI_video_strm_V_user_V, i1* %AXI_video_strm_V_last_V, i1* %AXI_video_strm_V_id_V, i1* %AXI_video_strm_V_dest_V, [5 x i8]* @p_str, i32 1, i32 1, [5 x i8]* @p_str1, i32 0, i32 0, [1 x i8]* @p_str2, [1 x i8]* @p_str2, [1 x i8]* @p_str2, i32 0, i32 0, i32 0, i32 0, [1 x i8]* @p_str2, [1 x i8]* @p_str2) nounwind"   --->   Operation 11 'specinterface' <Predicate = true> <Delay = 0.00>
ST_1 : Operation 12 [1/1] (0.00ns)   --->   "call void (...)* @_ssdm_op_SpecInterface(i32* %AXI_video_strm_V_data_V, i4* %AXI_video_strm_V_keep_V, i4* %AXI_video_strm_V_strb_V, i1* %AXI_video_strm_V_user_V, i1* %AXI_video_strm_V_last_V, i1* %AXI_video_strm_V_id_V, i1* %AXI_video_strm_V_dest_V, [5 x i8]* @p_str, i32 1, i32 1, [5 x i8]* @p_str1, i32 0, i32 0, [1 x i8]* @p_str2, [1 x i8]* @p_str2, [1 x i8]* @p_str2, i32 0, i32 0, i32 0, i32 0, [1 x i8]* @p_str2, [1 x i8]* @p_str2) nounwind"   --->   Operation 12 'specinterface' <Predicate = true> <Delay = 0.00>
ST_1 : Operation 13 [1/1] (0.00ns)   --->   "call void (...)* @_ssdm_op_SpecInterface(i32* %AXI_video_strm_V_data_V, i4* %AXI_video_strm_V_keep_V, i4* %AXI_video_strm_V_strb_V, i1* %AXI_video_strm_V_user_V, i1* %AXI_video_strm_V_last_V, i1* %AXI_video_strm_V_id_V, i1* %AXI_video_strm_V_dest_V, [5 x i8]* @p_str, i32 1, i32 1, [5 x i8]* @p_str1, i32 0, i32 0, [1 x i8]* @p_str2, [1 x i8]* @p_str2, [1 x i8]* @p_str2, i32 0, i32 0, i32 0, i32 0, [1 x i8]* @p_str2, [1 x i8]* @p_str2) nounwind"   --->   Operation 13 'specinterface' <Predicate = true> <Delay = 0.00>
ST_1 : Operation 14 [1/1] (0.00ns)   --->   "call void (...)* @_ssdm_op_SpecInterface(i32* %AXI_video_strm_V_data_V, i4* %AXI_video_strm_V_keep_V, i4* %AXI_video_strm_V_strb_V, i1* %AXI_video_strm_V_user_V, i1* %AXI_video_strm_V_last_V, i1* %AXI_video_strm_V_id_V, i1* %AXI_video_strm_V_dest_V, [5 x i8]* @p_str, i32 1, i32 1, [5 x i8]* @p_str1, i32 0, i32 0, [1 x i8]* @p_str2, [1 x i8]* @p_str2, [1 x i8]* @p_str2, i32 0, i32 0, i32 0, i32 0, [1 x i8]* @p_str2, [1 x i8]* @p_str2) nounwind"   --->   Operation 14 'specinterface' <Predicate = true> <Delay = 0.00>
ST_1 : Operation 15 [1/1] (0.00ns)   --->   "call void (...)* @_ssdm_op_SpecInterface(i32* %AXI_video_strm_V_data_V, i4* %AXI_video_strm_V_keep_V, i4* %AXI_video_strm_V_strb_V, i1* %AXI_video_strm_V_user_V, i1* %AXI_video_strm_V_last_V, i1* %AXI_video_strm_V_id_V, i1* %AXI_video_strm_V_dest_V, [5 x i8]* @p_str, i32 1, i32 1, [5 x i8]* @p_str1, i32 0, i32 0, [1 x i8]* @p_str2, [1 x i8]* @p_str2, [1 x i8]* @p_str2, i32 0, i32 0, i32 0, i32 0, [1 x i8]* @p_str2, [1 x i8]* @p_str2) nounwind"   --->   Operation 15 'specinterface' <Predicate = true> <Delay = 0.00>
ST_1 : Operation 16 [1/1] (0.00ns)   --->   "call void (...)* @_ssdm_op_SpecInterface(i32* %AXI_video_strm_V_data_V, i4* %AXI_video_strm_V_keep_V, i4* %AXI_video_strm_V_strb_V, i1* %AXI_video_strm_V_user_V, i1* %AXI_video_strm_V_last_V, i1* %AXI_video_strm_V_id_V, i1* %AXI_video_strm_V_dest_V, [5 x i8]* @p_str, i32 1, i32 1, [5 x i8]* @p_str1, i32 0, i32 0, [1 x i8]* @p_str2, [1 x i8]* @p_str2, [1 x i8]* @p_str2, i32 0, i32 0, i32 0, i32 0, [1 x i8]* @p_str2, [1 x i8]* @p_str2) nounwind"   --->   Operation 16 'specinterface' <Predicate = true> <Delay = 0.00>
ST_1 : Operation 17 [1/1] (0.00ns)   --->   "call void (...)* @_ssdm_op_SpecInterface(i32* %AXI_video_strm_V_data_V, i4* %AXI_video_strm_V_keep_V, i4* %AXI_video_strm_V_strb_V, i1* %AXI_video_strm_V_user_V, i1* %AXI_video_strm_V_last_V, i1* %AXI_video_strm_V_id_V, i1* %AXI_video_strm_V_dest_V, [5 x i8]* @p_str, i32 1, i32 1, [5 x i8]* @p_str1, i32 0, i32 0, [1 x i8]* @p_str2, [1 x i8]* @p_str2, [1 x i8]* @p_str2, i32 0, i32 0, i32 0, i32 0, [1 x i8]* @p_str2, [1 x i8]* @p_str2) nounwind"   --->   Operation 17 'specinterface' <Predicate = true> <Delay = 0.00>
ST_1 : Operation 18 [1/1] (0.00ns)   --->   "call void (...)* @_ssdm_op_SpecInterface(i32* %img_rows_V, [8 x i8]* @ap_fifo_str, i32 0, i32 0, [1 x i8]* @p_str250, i32 0, i32 0, [1 x i8]* @p_str251, [1 x i8]* @p_str252, [1 x i8]* @p_str253, i32 2, i32 2, i32 16, i32 16, [1 x i8]* @p_str254, [11 x i8]* @ScalarProp_str)"   --->   Operation 18 'specinterface' <Predicate = true> <Delay = 0.00>
ST_1 : Operation 19 [1/1] (0.00ns)   --->   "call void (...)* @_ssdm_op_SpecInterface(i32* %img_cols_V, [8 x i8]* @ap_fifo_str, i32 0, i32 0, [1 x i8]* @p_str255, i32 0, i32 0, [1 x i8]* @p_str256, [1 x i8]* @p_str257, [1 x i8]* @p_str258, i32 2, i32 2, i32 16, i32 16, [1 x i8]* @p_str259, [11 x i8]* @ScalarProp_str)"   --->   Operation 19 'specinterface' <Predicate = true> <Delay = 0.00>
ST_1 : Operation 20 [1/1] (0.00ns)   --->   "call void (...)* @_ssdm_op_SpecInterface(i32* %AXI_video_strm_V_data_V, i4* %AXI_video_strm_V_keep_V, i4* %AXI_video_strm_V_strb_V, i1* %AXI_video_strm_V_user_V, i1* %AXI_video_strm_V_last_V, i1* %AXI_video_strm_V_id_V, i1* %AXI_video_strm_V_dest_V, [5 x i8]* @p_str, i32 1, i32 1, [5 x i8]* @p_str1, i32 0, i32 0, [1 x i8]* @p_str2, [1 x i8]* @p_str2, [1 x i8]* @p_str2, i32 0, i32 0, i32 0, i32 0, [1 x i8]* @p_str2, [1 x i8]* @p_str2) nounwind"   --->   Operation 20 'specinterface' <Predicate = true> <Delay = 0.00>
ST_1 : Operation 21 [1/1] (3.63ns)   --->   "%rows_V = call i32 @_ssdm_op_Read.ap_fifo.i32P(i32* %img_rows_V)" [C:/Xilinx/Vivado/2018.3/common/technology/autopilot/hls/hls_video_io.h:120]   --->   Operation 21 'read' 'rows_V' <Predicate = true> <Delay = 3.63> <Core = "FIFO">   --->   Core 32 'FIFO' <Latency = 0> <II = 1> <Delay = 3.63> <Storage> <Opcode : 'read' 'write' 'nbread' 'nbwrite'> <Ports = 0> <Width = 32> <Depth = 2> <FIFO>
ST_1 : Operation 22 [1/1] (3.63ns)   --->   "%cols_V = call i32 @_ssdm_op_Read.ap_fifo.i32P(i32* %img_cols_V)" [C:/Xilinx/Vivado/2018.3/common/technology/autopilot/hls/hls_video_io.h:121]   --->   Operation 22 'read' 'cols_V' <Predicate = true> <Delay = 3.63> <Core = "FIFO">   --->   Core 32 'FIFO' <Latency = 0> <II = 1> <Delay = 3.63> <Storage> <Opcode : 'read' 'write' 'nbread' 'nbwrite'> <Ports = 0> <Width = 32> <Depth = 2> <FIFO>
ST_1 : Operation 23 [1/1] (0.00ns)   --->   "%lhs_V_cast_i = zext i32 %cols_V to i33" [C:/Xilinx/Vivado/2018.3/common/technology/autopilot/hls/hls_video_io.h:135]   --->   Operation 23 'zext' 'lhs_V_cast_i' <Predicate = true> <Delay = 0.00>
ST_1 : Operation 24 [1/1] (2.55ns)   --->   "%ret_V = add i33 %lhs_V_cast_i, -1" [C:/Xilinx/Vivado/2018.3/common/technology/autopilot/hls/hls_video_io.h:135]   --->   Operation 24 'add' 'ret_V' <Predicate = true> <Delay = 2.55> <Core = "AddSub">   --->   Core 14 'AddSub' <Latency = 0> <II = 1> <Delay = 2.55> <FuncUnit> <Opcode : 'add' 'sub'> <InPorts = 2> <OutPorts = 1>
ST_1 : Operation 25 [1/1] (1.76ns)   --->   "store i1 true, i1* %tmp_user_V"   --->   Operation 25 'store' <Predicate = true> <Delay = 1.76>
ST_1 : Operation 26 [1/1] (1.76ns)   --->   "br label %0" [C:/Xilinx/Vivado/2018.3/common/technology/autopilot/hls/hls_video_io.h:125]   --->   Operation 26 'br' <Predicate = true> <Delay = 1.76>

State 2 <SV = 1> <Delay = 3.45>
ST_2 : Operation 27 [1/1] (0.00ns)   --->   "%t_V = phi i32 [ 0, %entry ], [ %i_V, %3 ]"   --->   Operation 27 'phi' 't_V' <Predicate = true> <Delay = 0.00>
ST_2 : Operation 28 [1/1] (2.47ns)   --->   "%exitcond1_i = icmp eq i32 %t_V, %rows_V" [C:/Xilinx/Vivado/2018.3/common/technology/autopilot/hls/hls_video_io.h:125]   --->   Operation 28 'icmp' 'exitcond1_i' <Predicate = true> <Delay = 2.47> <Core = "Cmp">   --->   Core 25 'Cmp' <Latency = 0> <II = 1> <Delay = 2.47> <FuncUnit> <Opcode : 'icmp'> <InPorts = 2> <OutPorts = 1>
ST_2 : Operation 29 [1/1] (0.00ns)   --->   "call void (...)* @_ssdm_op_SpecLoopTripCount(i64 0, i64 2000, i64 0)"   --->   Operation 29 'speclooptripcount' <Predicate = true> <Delay = 0.00>
ST_2 : Operation 30 [1/1] (2.55ns)   --->   "%i_V = add i32 %t_V, 1" [C:/Xilinx/Vivado/2018.3/common/technology/autopilot/hls/hls_video_io.h:125]   --->   Operation 30 'add' 'i_V' <Predicate = true> <Delay = 2.55> <Core = "AddSub">   --->   Core 14 'AddSub' <Latency = 0> <II = 1> <Delay = 2.55> <FuncUnit> <Opcode : 'add' 'sub'> <InPorts = 2> <OutPorts = 1>
ST_2 : Operation 31 [1/1] (0.00ns)   --->   "br i1 %exitcond1_i, label %.exit, label %1" [C:/Xilinx/Vivado/2018.3/common/technology/autopilot/hls/hls_video_io.h:125]   --->   Operation 31 'br' <Predicate = true> <Delay = 0.00>
ST_2 : Operation 32 [1/1] (0.00ns)   --->   "call void (...)* @_ssdm_op_SpecLoopName([12 x i8]* @p_str7) nounwind" [C:/Xilinx/Vivado/2018.3/common/technology/autopilot/hls/hls_video_io.h:125]   --->   Operation 32 'specloopname' <Predicate = (!exitcond1_i)> <Delay = 0.00>
ST_2 : Operation 33 [1/1] (0.00ns)   --->   "%tmp_i = call i32 (...)* @_ssdm_op_SpecRegionBegin([12 x i8]* @p_str7)" [C:/Xilinx/Vivado/2018.3/common/technology/autopilot/hls/hls_video_io.h:125]   --->   Operation 33 'specregionbegin' 'tmp_i' <Predicate = (!exitcond1_i)> <Delay = 0.00>
ST_2 : Operation 34 [1/1] (1.76ns)   --->   "br label %2" [C:/Xilinx/Vivado/2018.3/common/technology/autopilot/hls/hls_video_io.h:126]   --->   Operation 34 'br' <Predicate = (!exitcond1_i)> <Delay = 1.76>
ST_2 : Operation 35 [1/1] (0.00ns)   --->   "ret void"   --->   Operation 35 'ret' <Predicate = (exitcond1_i)> <Delay = 0.00>

State 3 <SV = 2> <Delay = 3.45>
ST_3 : Operation 36 [1/1] (0.00ns)   --->   "%t_V_1 = phi i32 [ 0, %1 ], [ %j_V, %"operator>>.exit.i" ]"   --->   Operation 36 'phi' 't_V_1' <Predicate = true> <Delay = 0.00>
ST_3 : Operation 37 [1/1] (2.47ns)   --->   "%exitcond_i = icmp eq i32 %t_V_1, %cols_V" [C:/Xilinx/Vivado/2018.3/common/technology/autopilot/hls/hls_video_io.h:126]   --->   Operation 37 'icmp' 'exitcond_i' <Predicate = true> <Delay = 2.47> <Core = "Cmp">   --->   Core 25 'Cmp' <Latency = 0> <II = 1> <Delay = 2.47> <FuncUnit> <Opcode : 'icmp'> <InPorts = 2> <OutPorts = 1>
ST_3 : Operation 38 [1/1] (0.00ns)   --->   "call void (...)* @_ssdm_op_SpecLoopTripCount(i64 0, i64 2000, i64 0)"   --->   Operation 38 'speclooptripcount' <Predicate = true> <Delay = 0.00>
ST_3 : Operation 39 [1/1] (2.55ns)   --->   "%j_V = add i32 %t_V_1, 1" [C:/Xilinx/Vivado/2018.3/common/technology/autopilot/hls/hls_video_io.h:126]   --->   Operation 39 'add' 'j_V' <Predicate = true> <Delay = 2.55> <Core = "AddSub">   --->   Core 14 'AddSub' <Latency = 0> <II = 1> <Delay = 2.55> <FuncUnit> <Opcode : 'add' 'sub'> <InPorts = 2> <OutPorts = 1>
ST_3 : Operation 40 [1/1] (0.00ns)   --->   "br i1 %exitcond_i, label %3, label %"operator>>.exit.i"" [C:/Xilinx/Vivado/2018.3/common/technology/autopilot/hls/hls_video_io.h:126]   --->   Operation 40 'br' <Predicate = true> <Delay = 0.00>
ST_3 : Operation 41 [1/1] (0.00ns)   --->   "%tmp_3_cast_i = zext i32 %t_V_1 to i33" [C:/Xilinx/Vivado/2018.3/common/technology/autopilot/hls/hls_video_io.h:135]   --->   Operation 41 'zext' 'tmp_3_cast_i' <Predicate = (!exitcond_i)> <Delay = 0.00>
ST_3 : Operation 42 [1/1] (2.48ns)   --->   "%axi_last_V = icmp eq i33 %tmp_3_cast_i, %ret_V" [C:/Xilinx/Vivado/2018.3/common/technology/autopilot/hls/hls_video_io.h:135]   --->   Operation 42 'icmp' 'axi_last_V' <Predicate = (!exitcond_i)> <Delay = 2.48> <Core = "Cmp">   --->   Core 25 'Cmp' <Latency = 0> <II = 1> <Delay = 2.47> <FuncUnit> <Opcode : 'icmp'> <InPorts = 2> <OutPorts = 1>

State 4 <SV = 3> <Delay = 3.63>
ST_4 : Operation 43 [1/1] (0.00ns)   --->   "%tmp_user_V_load = load i1* %tmp_user_V" [C:/Xilinx/Vivado/2018.3/common/technology/autopilot/hls/hls_video_io.h:146]   --->   Operation 43 'load' 'tmp_user_V_load' <Predicate = (!exitcond_i)> <Delay = 0.00>
ST_4 : Operation 44 [1/1] (0.00ns)   --->   "%tmp_4_i = call i32 (...)* @_ssdm_op_SpecRegionBegin([12 x i8]* @p_str12)" [C:/Xilinx/Vivado/2018.3/common/technology/autopilot/hls/hls_video_core.h:672->C:/Xilinx/Vivado/2018.3/common/technology/autopilot/hls/hls_video_core.h:711->C:/Xilinx/Vivado/2018.3/common/technology/autopilot/hls/hls_video_io.h:140]   --->   Operation 44 'specregionbegin' 'tmp_4_i' <Predicate = (!exitcond_i)> <Delay = 0.00>
ST_4 : Operation 45 [1/1] (0.00ns)   --->   "call void (...)* @_ssdm_op_SpecProtocol(i32 0, [1 x i8]* @p_str2) nounwind" [C:/Xilinx/Vivado/2018.3/common/technology/autopilot/hls/hls_video_core.h:676->C:/Xilinx/Vivado/2018.3/common/technology/autopilot/hls/hls_video_core.h:711->C:/Xilinx/Vivado/2018.3/common/technology/autopilot/hls/hls_video_io.h:140]   --->   Operation 45 'specprotocol' <Predicate = (!exitcond_i)> <Delay = 0.00>
ST_4 : Operation 46 [1/1] (3.63ns)   --->   "%tmp_1 = call i8 @_ssdm_op_Read.ap_fifo.volatile.i8P(i8* %img_data_stream_0_V)" [C:/Xilinx/Vivado/2018.3/common/technology/autopilot/hls/hls_video_core.h:679->C:/Xilinx/Vivado/2018.3/common/technology/autopilot/hls/hls_video_core.h:711->C:/Xilinx/Vivado/2018.3/common/technology/autopilot/hls/hls_video_io.h:140]   --->   Operation 46 'read' 'tmp_1' <Predicate = (!exitcond_i)> <Delay = 3.63> <Core = "FIFO">   --->   Core 32 'FIFO' <Latency = 0> <II = 1> <Delay = 3.63> <Storage> <Opcode : 'read' 'write' 'nbread' 'nbwrite'> <Ports = 0> <Width = 32> <Depth = 2> <FIFO>
ST_4 : Operation 47 [1/1] (3.63ns)   --->   "%tmp_2 = call i8 @_ssdm_op_Read.ap_fifo.volatile.i8P(i8* %img_data_stream_1_V)" [C:/Xilinx/Vivado/2018.3/common/technology/autopilot/hls/hls_video_core.h:679->C:/Xilinx/Vivado/2018.3/common/technology/autopilot/hls/hls_video_core.h:711->C:/Xilinx/Vivado/2018.3/common/technology/autopilot/hls/hls_video_io.h:140]   --->   Operation 47 'read' 'tmp_2' <Predicate = (!exitcond_i)> <Delay = 3.63> <Core = "FIFO">   --->   Core 32 'FIFO' <Latency = 0> <II = 1> <Delay = 3.63> <Storage> <Opcode : 'read' 'write' 'nbread' 'nbwrite'> <Ports = 0> <Width = 32> <Depth = 2> <FIFO>
ST_4 : Operation 48 [1/1] (3.63ns)   --->   "%tmp = call i8 @_ssdm_op_Read.ap_fifo.volatile.i8P(i8* %img_data_stream_2_V)" [C:/Xilinx/Vivado/2018.3/common/technology/autopilot/hls/hls_video_core.h:679->C:/Xilinx/Vivado/2018.3/common/technology/autopilot/hls/hls_video_core.h:711->C:/Xilinx/Vivado/2018.3/common/technology/autopilot/hls/hls_video_io.h:140]   --->   Operation 48 'read' 'tmp' <Predicate = (!exitcond_i)> <Delay = 3.63> <Core = "FIFO">   --->   Core 32 'FIFO' <Latency = 0> <II = 1> <Delay = 3.63> <Storage> <Opcode : 'read' 'write' 'nbread' 'nbwrite'> <Ports = 0> <Width = 32> <Depth = 2> <FIFO>
ST_4 : Operation 49 [1/1] (0.00ns)   --->   "%empty = call i32 (...)* @_ssdm_op_SpecRegionEnd([12 x i8]* @p_str12, i32 %tmp_4_i)" [C:/Xilinx/Vivado/2018.3/common/technology/autopilot/hls/hls_video_core.h:681->C:/Xilinx/Vivado/2018.3/common/technology/autopilot/hls/hls_video_core.h:711->C:/Xilinx/Vivado/2018.3/common/technology/autopilot/hls/hls_video_io.h:140]   --->   Operation 49 'specregionend' 'empty' <Predicate = (!exitcond_i)> <Delay = 0.00>
ST_4 : Operation 50 [1/1] (0.00ns)   --->   "%tmp_data_V = call i32 @_ssdm_op_BitConcatenate.i32.i8.i8.i8.i8(i8 -1, i8 %tmp, i8 %tmp_2, i8 %tmp_1)" [C:/Xilinx/Vivado/2018.3/common/technology/autopilot/hls/hls_axi_io.h:78->C:/Xilinx/Vivado/2018.3/common/technology/autopilot/hls/hls_axi_io.h:100->C:/Xilinx/Vivado/2018.3/common/technology/autopilot/hls/hls_video_io.h:143]   --->   Operation 50 'bitconcatenate' 'tmp_data_V' <Predicate = (!exitcond_i)> <Delay = 0.00>
ST_4 : Operation 51 [2/2] (0.00ns)   --->   "call void @_ssdm_op_Write.axis.volatile.i32P.i4P.i4P.i1P.i1P.i1P.i1P(i32* %AXI_video_strm_V_data_V, i4* %AXI_video_strm_V_keep_V, i4* %AXI_video_strm_V_strb_V, i1* %AXI_video_strm_V_user_V, i1* %AXI_video_strm_V_last_V, i1* %AXI_video_strm_V_id_V, i1* %AXI_video_strm_V_dest_V, i32 %tmp_data_V, i4 -1, i4 undef, i1 %tmp_user_V_load, i1 %axi_last_V, i1 undef, i1 undef)" [C:/Xilinx/Vivado/2018.3/common/technology/autopilot/hls/hls_video_io.h:146]   --->   Operation 51 'write' <Predicate = (!exitcond_i)> <Delay = 0.00> <Core = "AXI4Stream">   --->   Core 5 'AXI4Stream' <Latency = 0> <II = 1> <Delay = 1.00> <Adapter> <Opcode : >
ST_4 : Operation 52 [1/1] (1.76ns)   --->   "store i1 false, i1* %tmp_user_V"   --->   Operation 52 'store' <Predicate = (!exitcond_i)> <Delay = 1.76>

State 5 <SV = 4> <Delay = 0.00>
ST_5 : Operation 53 [1/1] (0.00ns)   --->   "call void (...)* @_ssdm_op_SpecLoopName([11 x i8]* @p_str8) nounwind" [C:/Xilinx/Vivado/2018.3/common/technology/autopilot/hls/hls_video_io.h:126]   --->   Operation 53 'specloopname' <Predicate = (!exitcond_i)> <Delay = 0.00>
ST_5 : Operation 54 [1/1] (0.00ns)   --->   "%tmp_2_i = call i32 (...)* @_ssdm_op_SpecRegionBegin([11 x i8]* @p_str8)" [C:/Xilinx/Vivado/2018.3/common/technology/autopilot/hls/hls_video_io.h:126]   --->   Operation 54 'specregionbegin' 'tmp_2_i' <Predicate = (!exitcond_i)> <Delay = 0.00>
ST_5 : Operation 55 [1/1] (0.00ns)   --->   "call void (...)* @_ssdm_op_SpecPipeline(i32 1, i32 1, i32 1, i32 0, [1 x i8]* @p_str2) nounwind" [C:/Xilinx/Vivado/2018.3/common/technology/autopilot/hls/hls_video_io.h:128]   --->   Operation 55 'specpipeline' <Predicate = (!exitcond_i)> <Delay = 0.00>
ST_5 : Operation 56 [1/2] (0.00ns)   --->   "call void @_ssdm_op_Write.axis.volatile.i32P.i4P.i4P.i1P.i1P.i1P.i1P(i32* %AXI_video_strm_V_data_V, i4* %AXI_video_strm_V_keep_V, i4* %AXI_video_strm_V_strb_V, i1* %AXI_video_strm_V_user_V, i1* %AXI_video_strm_V_last_V, i1* %AXI_video_strm_V_id_V, i1* %AXI_video_strm_V_dest_V, i32 %tmp_data_V, i4 -1, i4 undef, i1 %tmp_user_V_load, i1 %axi_last_V, i1 undef, i1 undef)" [C:/Xilinx/Vivado/2018.3/common/technology/autopilot/hls/hls_video_io.h:146]   --->   Operation 56 'write' <Predicate = (!exitcond_i)> <Delay = 0.00> <Core = "AXI4Stream">   --->   Core 5 'AXI4Stream' <Latency = 0> <II = 1> <Delay = 1.00> <Adapter> <Opcode : >
ST_5 : Operation 57 [1/1] (0.00ns)   --->   "%empty_48 = call i32 (...)* @_ssdm_op_SpecRegionEnd([11 x i8]* @p_str8, i32 %tmp_2_i)" [C:/Xilinx/Vivado/2018.3/common/technology/autopilot/hls/hls_video_io.h:147]   --->   Operation 57 'specregionend' 'empty_48' <Predicate = (!exitcond_i)> <Delay = 0.00>
ST_5 : Operation 58 [1/1] (0.00ns)   --->   "br label %2" [C:/Xilinx/Vivado/2018.3/common/technology/autopilot/hls/hls_video_io.h:126]   --->   Operation 58 'br' <Predicate = (!exitcond_i)> <Delay = 0.00>

State 6 <SV = 3> <Delay = 0.00>
ST_6 : Operation 59 [1/1] (0.00ns)   --->   "%empty_49 = call i32 (...)* @_ssdm_op_SpecRegionEnd([12 x i8]* @p_str7, i32 %tmp_i)" [C:/Xilinx/Vivado/2018.3/common/technology/autopilot/hls/hls_video_io.h:148]   --->   Operation 59 'specregionend' 'empty_49' <Predicate = true> <Delay = 0.00>
ST_6 : Operation 60 [1/1] (0.00ns)   --->   "br label %0" [C:/Xilinx/Vivado/2018.3/common/technology/autopilot/hls/hls_video_io.h:125]   --->   Operation 60 'br' <Predicate = true> <Delay = 0.00>


============================================================
+ Verbose Summary: Timing violations
============================================================
Target clock period: 10ns, clock uncertainty: 1.25ns.

 <State 1>: 6.19ns
The critical path consists of the following:
	fifo read on port 'img_cols_V' (C:/Xilinx/Vivado/2018.3/common/technology/autopilot/hls/hls_video_io.h:121) [28]  (3.63 ns)
	'add' operation ('ret.V', C:/Xilinx/Vivado/2018.3/common/technology/autopilot/hls/hls_video_io.h:135) [30]  (2.55 ns)

 <State 2>: 3.45ns
The critical path consists of the following:
	'icmp' operation ('exitcond1_i', C:/Xilinx/Vivado/2018.3/common/technology/autopilot/hls/hls_video_io.h:125) [35]  (2.47 ns)
	blocking operation 0.978 ns on control path)

 <State 3>: 3.45ns
The critical path consists of the following:
	'icmp' operation ('exitcond_i', C:/Xilinx/Vivado/2018.3/common/technology/autopilot/hls/hls_video_io.h:126) [45]  (2.47 ns)
	blocking operation 0.978 ns on control path)

 <State 4>: 3.63ns
The critical path consists of the following:
	fifo read on port 'img_data_stream_0_V' (C:/Xilinx/Vivado/2018.3/common/technology/autopilot/hls/hls_video_core.h:679->C:/Xilinx/Vivado/2018.3/common/technology/autopilot/hls/hls_video_core.h:711->C:/Xilinx/Vivado/2018.3/common/technology/autopilot/hls/hls_video_io.h:140) [58]  (3.63 ns)

 <State 5>: 0ns
The critical path consists of the following:

 <State 6>: 0ns
The critical path consists of the following:


============================================================
+ Verbose Summary: Binding
============================================================
N/A
* FSMD analyzer results:
  - Output states:
 - Input state : 
  - Chain level:
	State 1
	State 2
	State 3
	State 4
	State 5
	State 6


============================================================
+ Verbose Summary: Datapath Resource usage 
============================================================
N/A
