WARNING: [Common 17-306] Update version (2017.4_AR70530) does not match product version (2017.3).

****** Vivado v2017.3_AR70530 (64-bit)
  **** SW Build 2018833 on Wed Oct  4 19:58:22 MDT 2017
  **** IP Build 2016188 on Wed Oct  4 21:52:56 MDT 2017
    ** Copyright 1986-2017 Xilinx, Inc. All Rights Reserved.

source run_ippack.tcl -notrace
CRITICAL WARNING: [Board 49-63] Problem parsing preset file - C:/Xilinx/Vivado/2017.3/data/boards/board_files/zcu102/3.0/preset.xml,
INFO: [IP_Flow 19-234] Refreshing IP repositories
INFO: [IP_Flow 19-1704] No user IP repositories specified
INFO: [IP_Flow 19-2313] Loaded Vivado IP repository 'C:\Xilinx\Vivado\2017.4\patches\AR70530\vivado/data/ip'.
INFO: [IP_Flow 19-2313] Loaded Vivado IP repository 'C:/Xilinx/Vivado/2017.3/data/ip'.
WARNING: [IP_Flow 19-4830] Duplicate Interface found for 'xilinx.com:display_high_speed_selectio_wiz:hssio_ctrl:1.0'. The one found in location 'c:/Xilinx/Vivado/2017.4/patches/AR70530/vivado/data/ip/xilinx/high_speed_selectio_wiz_v3_2/interfaces/hssio_ctrl.xml' will take precedence over the same Interface in location 'c:/Xilinx/Vivado/2017.3/data/ip/xilinx/high_speed_selectio_wiz_v3_2/interfaces/hssio_ctrl.xml'
WARNING: [IP_Flow 19-4830] Duplicate Interface found for 'xilinx.com:display_high_speed_selectio_wiz:hssio_data_bidir:1.0'. The one found in location 'c:/Xilinx/Vivado/2017.4/patches/AR70530/vivado/data/ip/xilinx/high_speed_selectio_wiz_v3_2/interfaces/hssio_data_bidir.xml' will take precedence over the same Interface in location 'c:/Xilinx/Vivado/2017.3/data/ip/xilinx/high_speed_selectio_wiz_v3_2/interfaces/hssio_data_bidir.xml'
WARNING: [IP_Flow 19-4830] Duplicate Interface found for 'xilinx.com:display_high_speed_selectio_wiz:hssio_data_rx:1.0'. The one found in location 'c:/Xilinx/Vivado/2017.4/patches/AR70530/vivado/data/ip/xilinx/high_speed_selectio_wiz_v3_2/interfaces/hssio_data_rx.xml' will take precedence over the same Interface in location 'c:/Xilinx/Vivado/2017.3/data/ip/xilinx/high_speed_selectio_wiz_v3_2/interfaces/hssio_data_rx.xml'
WARNING: [IP_Flow 19-4830] Duplicate Interface found for 'xilinx.com:display_high_speed_selectio_wiz:hssio_data_tx:1.0'. The one found in location 'c:/Xilinx/Vivado/2017.4/patches/AR70530/vivado/data/ip/xilinx/high_speed_selectio_wiz_v3_2/interfaces/hssio_data_tx.xml' will take precedence over the same Interface in location 'c:/Xilinx/Vivado/2017.3/data/ip/xilinx/high_speed_selectio_wiz_v3_2/interfaces/hssio_data_tx.xml'
WARNING: [IP_Flow 19-4830] Duplicate Interface found for 'xilinx.com:display_high_speed_selectio_wiz:hssio_fab_to_ip:1.0'. The one found in location 'c:/Xilinx/Vivado/2017.4/patches/AR70530/vivado/data/ip/xilinx/high_speed_selectio_wiz_v3_2/interfaces/hssio_fab_to_ip.xml' will take precedence over the same Interface in location 'c:/Xilinx/Vivado/2017.3/data/ip/xilinx/high_speed_selectio_wiz_v3_2/interfaces/hssio_fab_to_ip.xml'
WARNING: [IP_Flow 19-4830] Duplicate Interface found for 'xilinx.com:display_high_speed_selectio_wiz:hssio_ip_to_pins:1.0'. The one found in location 'c:/Xilinx/Vivado/2017.4/patches/AR70530/vivado/data/ip/xilinx/high_speed_selectio_wiz_v3_2/interfaces/hssio_ip_to_pins.xml' will take precedence over the same Interface in location 'c:/Xilinx/Vivado/2017.3/data/ip/xilinx/high_speed_selectio_wiz_v3_2/interfaces/hssio_ip_to_pins.xml'
WARNING: [IP_Flow 19-4832] The IP name 'image_filter_ap_dadd_3_full_dsp_64' you have specified is long. The Windows operating system has path length limitations. It is recommended you use shorter names to reduce the likelihood of issues.
create_ip: Time (s): cpu = 00:00:05 ; elapsed = 00:00:06 . Memory (MB): peak = 322.785 ; gain = 35.148
INFO: [IP_Flow 19-1686] Generating 'Synthesis' target for IP 'image_filter_ap_dadd_3_full_dsp_64'...
INFO: [IP_Flow 19-1686] Generating 'Simulation' target for IP 'image_filter_ap_dadd_3_full_dsp_64'...
WARNING: [IP_Flow 19-4832] The IP name 'image_filter_ap_dmul_4_max_dsp_64' you have specified is long. The Windows operating system has path length limitations. It is recommended you use shorter names to reduce the likelihood of issues.
INFO: [IP_Flow 19-1686] Generating 'Synthesis' target for IP 'image_filter_ap_dmul_4_max_dsp_64'...
INFO: [IP_Flow 19-1686] Generating 'Simulation' target for IP 'image_filter_ap_dmul_4_max_dsp_64'...
WARNING: [IP_Flow 19-4832] The IP name 'image_filter_ap_sitodp_4_no_dsp_32' you have specified is long. The Windows operating system has path length limitations. It is recommended you use shorter names to reduce the likelihood of issues.
INFO: [IP_Flow 19-1686] Generating 'Synthesis' target for IP 'image_filter_ap_sitodp_4_no_dsp_32'...
INFO: [IP_Flow 19-1686] Generating 'Simulation' target for IP 'image_filter_ap_sitodp_4_no_dsp_32'...
INFO: [IP_Flow 19-234] Refreshing IP repositories
INFO: [IP_Flow 19-1704] No user IP repositories specified
INFO: [IP_Flow 19-2313] Loaded Vivado IP repository 'C:\Xilinx\Vivado\2017.4\patches\AR70530\vivado/data/ip'.
INFO: [IP_Flow 19-2313] Loaded Vivado IP repository 'C:/Xilinx/Vivado/2017.3/data/ip'.
WARNING: [IP_Flow 19-4830] Duplicate Interface found for 'xilinx.com:display_high_speed_selectio_wiz:hssio_ctrl:1.0'. The one found in location 'c:/Xilinx/Vivado/2017.4/patches/AR70530/vivado/data/ip/xilinx/high_speed_selectio_wiz_v3_2/interfaces/hssio_ctrl.xml' will take precedence over the same Interface in location 'c:/Xilinx/Vivado/2017.3/data/ip/xilinx/high_speed_selectio_wiz_v3_2/interfaces/hssio_ctrl.xml'
WARNING: [IP_Flow 19-4830] Duplicate Interface found for 'xilinx.com:display_high_speed_selectio_wiz:hssio_data_bidir:1.0'. The one found in location 'c:/Xilinx/Vivado/2017.4/patches/AR70530/vivado/data/ip/xilinx/high_speed_selectio_wiz_v3_2/interfaces/hssio_data_bidir.xml' will take precedence over the same Interface in location 'c:/Xilinx/Vivado/2017.3/data/ip/xilinx/high_speed_selectio_wiz_v3_2/interfaces/hssio_data_bidir.xml'
WARNING: [IP_Flow 19-4830] Duplicate Interface found for 'xilinx.com:display_high_speed_selectio_wiz:hssio_data_rx:1.0'. The one found in location 'c:/Xilinx/Vivado/2017.4/patches/AR70530/vivado/data/ip/xilinx/high_speed_selectio_wiz_v3_2/interfaces/hssio_data_rx.xml' will take precedence over the same Interface in location 'c:/Xilinx/Vivado/2017.3/data/ip/xilinx/high_speed_selectio_wiz_v3_2/interfaces/hssio_data_rx.xml'
WARNING: [IP_Flow 19-4830] Duplicate Interface found for 'xilinx.com:display_high_speed_selectio_wiz:hssio_data_tx:1.0'. The one found in location 'c:/Xilinx/Vivado/2017.4/patches/AR70530/vivado/data/ip/xilinx/high_speed_selectio_wiz_v3_2/interfaces/hssio_data_tx.xml' will take precedence over the same Interface in location 'c:/Xilinx/Vivado/2017.3/data/ip/xilinx/high_speed_selectio_wiz_v3_2/interfaces/hssio_data_tx.xml'
WARNING: [IP_Flow 19-4830] Duplicate Interface found for 'xilinx.com:display_high_speed_selectio_wiz:hssio_fab_to_ip:1.0'. The one found in location 'c:/Xilinx/Vivado/2017.4/patches/AR70530/vivado/data/ip/xilinx/high_speed_selectio_wiz_v3_2/interfaces/hssio_fab_to_ip.xml' will take precedence over the same Interface in location 'c:/Xilinx/Vivado/2017.3/data/ip/xilinx/high_speed_selectio_wiz_v3_2/interfaces/hssio_fab_to_ip.xml'
WARNING: [IP_Flow 19-4830] Duplicate Interface found for 'xilinx.com:display_high_speed_selectio_wiz:hssio_ip_to_pins:1.0'. The one found in location 'c:/Xilinx/Vivado/2017.4/patches/AR70530/vivado/data/ip/xilinx/high_speed_selectio_wiz_v3_2/interfaces/hssio_ip_to_pins.xml' will take precedence over the same Interface in location 'c:/Xilinx/Vivado/2017.3/data/ip/xilinx/high_speed_selectio_wiz_v3_2/interfaces/hssio_ip_to_pins.xml'
INFO: [Common 17-206] Exiting Vivado at Fri Jun 22 22:13:51 2018...
