TRACE::2019-12-08.17:56:23::SCWPlatform::Trying to open the hw design at C:/git_repos/hackster/Zybo_EV_Platform/vitis_workspace/design_1_wrapper/hw/design_1_wrapper.xsa
TRACE::2019-12-08.17:56:23::SCWPlatform::DSA given C:/git_repos/hackster/Zybo_EV_Platform/vitis_workspace/design_1_wrapper/hw/design_1_wrapper.xsa
TRACE::2019-12-08.17:56:23::SCWPlatform::DSA absoulate path C:/git_repos/hackster/Zybo_EV_Platform/vitis_workspace/design_1_wrapper/hw/design_1_wrapper.xsa
TRACE::2019-12-08.17:56:26::SCWPlatform::DSA directory C:/git_repos/hackster/Zybo_EV_Platform/vitis_workspace/design_1_wrapper/hw
TRACE::2019-12-08.17:56:26::SCWPlatform:: Platform Path C:/git_repos/hackster/Zybo_EV_Platform/vitis_workspace/design_1_wrapper/hw/design_1_wrapper.xsa
TRACE::2019-12-08.17:56:26::SCWPlatform:: Unique name xilinx:zybo-z7-20::0.0
TRACE::2019-12-08.17:56:26::SCWPlatform::Do not have an existing db opened. 
TRACE::2019-12-08.17:56:31::SCWPlatform::Opened new HwDB with name design_1_wrapper_1
TRACE::2019-12-08.17:56:31::SCWWriter::formatted JSON is {
	"platformName":	"design_1_wrapper",
	"sprVersion":	"2.0",
	"mode":	"gui",
	"dsaType":	"Fixed",
	"platformDesc":	"design_1_wrapper",
	"platHandOff":	"C:/git_repos/hackster/Zybo_EV_Platform/design_1_wrapper.xsa",
	"platIntHandOff":	"<platformDir>/hw/design_1_wrapper.xsa",
	"deviceType":	"zynq",
	"platIsPrebuiltAutogen":	"false",
	"platIsNoBootBsp":	"true",
	"hasFsblMakeHasChanges":	"false",
	"hasPmufwMakeHasChanges":	"false",
	"platPreBuiltFlag":	false,
	"platformSamplesDir":	""
}
TRACE::2019-12-08.17:56:31::SCWWriter::formatted JSON is {
	"platformName":	"design_1_wrapper",
	"sprVersion":	"2.0",
	"mode":	"gui",
	"dsaType":	"Fixed",
	"platformDesc":	"design_1_wrapper",
	"platHandOff":	"C:/git_repos/hackster/Zybo_EV_Platform/design_1_wrapper.xsa",
	"platIntHandOff":	"<platformDir>/hw/design_1_wrapper.xsa",
	"deviceType":	"zynq",
	"platIsPrebuiltAutogen":	"false",
	"platIsNoBootBsp":	"true",
	"hasFsblMakeHasChanges":	"false",
	"hasPmufwMakeHasChanges":	"false",
	"platPreBuiltFlag":	false,
	"platformSamplesDir":	"",
	"platActiveSys":	"design_1_wrapper",
	"systems":	[{
			"systemName":	"design_1_wrapper",
			"systemDesc":	"design_1_wrapper",
			"sysIsBootAutoGen":	"true",
			"systemDispName":	"design_1_wrapper"
		}]
}
TRACE::2019-12-08.17:56:31::SCWWriter::formatted JSON is {
	"platformName":	"design_1_wrapper",
	"sprVersion":	"2.0",
	"mode":	"gui",
	"dsaType":	"Fixed",
	"platformDesc":	"design_1_wrapper",
	"platHandOff":	"C:/git_repos/hackster/Zybo_EV_Platform/design_1_wrapper.xsa",
	"platIntHandOff":	"<platformDir>/hw/design_1_wrapper.xsa",
	"deviceType":	"zynq",
	"platIsPrebuiltAutogen":	"false",
	"platIsNoBootBsp":	"true",
	"hasFsblMakeHasChanges":	"false",
	"hasPmufwMakeHasChanges":	"false",
	"platPreBuiltFlag":	false,
	"platformSamplesDir":	"",
	"platActiveSys":	"design_1_wrapper",
	"systems":	[{
			"systemName":	"design_1_wrapper",
			"systemDesc":	"design_1_wrapper",
			"sysIsBootAutoGen":	"true",
			"systemDispName":	"design_1_wrapper"
		}]
}
TRACE::2019-12-08.17:56:31::SCWPlatform::Trying to open the hw design at C:/git_repos/hackster/Zybo_EV_Platform/vitis_workspace/design_1_wrapper/hw/design_1_wrapper.xsa
TRACE::2019-12-08.17:56:31::SCWPlatform::DSA given C:/git_repos/hackster/Zybo_EV_Platform/vitis_workspace/design_1_wrapper/hw/design_1_wrapper.xsa
TRACE::2019-12-08.17:56:31::SCWPlatform::DSA absoulate path C:/git_repos/hackster/Zybo_EV_Platform/vitis_workspace/design_1_wrapper/hw/design_1_wrapper.xsa
TRACE::2019-12-08.17:56:31::SCWPlatform::DSA directory C:/git_repos/hackster/Zybo_EV_Platform/vitis_workspace/design_1_wrapper/hw
TRACE::2019-12-08.17:56:31::SCWPlatform:: Platform Path C:/git_repos/hackster/Zybo_EV_Platform/vitis_workspace/design_1_wrapper/hw/design_1_wrapper.xsa
TRACE::2019-12-08.17:56:31::SCWPlatform:: Unique name xilinx:zybo-z7-20::0.0
TRACE::2019-12-08.17:56:31::SCWPlatform::Trying to set the existing hwdb with name design_1_wrapper_1
TRACE::2019-12-08.17:56:31::SCWPlatform::Opened existing hwdb design_1_wrapper_1
TRACE::2019-12-08.17:56:31::SCWPlatform::Found the Hw Db part of the input DSA
TRACE::2019-12-08.17:56:31::SCWDomain::checking for install qemu data   : 
TRACE::2019-12-08.17:56:31::SCWDomain:: Using the QEMU Data from install at  : C:/Xilinx/Vitis/2019.2/data/emulation/platforms/zynq/qemu/
TRACE::2019-12-08.17:56:31::SCWDomain:: Using the QEMU args  from install at  : C:/Xilinx/Vitis/2019.2/data/emulation/platforms/zynq/qemu/qemu_args.txt
TRACE::2019-12-08.17:56:31::SCWPlatform::Trying to open the hw design at C:/git_repos/hackster/Zybo_EV_Platform/vitis_workspace/design_1_wrapper/hw/design_1_wrapper.xsa
TRACE::2019-12-08.17:56:31::SCWPlatform::DSA given C:/git_repos/hackster/Zybo_EV_Platform/vitis_workspace/design_1_wrapper/hw/design_1_wrapper.xsa
TRACE::2019-12-08.17:56:31::SCWPlatform::DSA absoulate path C:/git_repos/hackster/Zybo_EV_Platform/vitis_workspace/design_1_wrapper/hw/design_1_wrapper.xsa
TRACE::2019-12-08.17:56:31::SCWPlatform::DSA directory C:/git_repos/hackster/Zybo_EV_Platform/vitis_workspace/design_1_wrapper/hw
TRACE::2019-12-08.17:56:31::SCWPlatform:: Platform Path C:/git_repos/hackster/Zybo_EV_Platform/vitis_workspace/design_1_wrapper/hw/design_1_wrapper.xsa
TRACE::2019-12-08.17:56:31::SCWPlatform:: Unique name xilinx:zybo-z7-20::0.0
TRACE::2019-12-08.17:56:31::SCWPlatform::Trying to set the existing hwdb with name design_1_wrapper_1
TRACE::2019-12-08.17:56:31::SCWPlatform::Opened existing hwdb design_1_wrapper_1
TRACE::2019-12-08.17:56:31::SCWPlatform::Found the Hw Db part of the input DSA
TRACE::2019-12-08.17:56:31::SCWPlatform::Trying to open the hw design at C:/git_repos/hackster/Zybo_EV_Platform/vitis_workspace/design_1_wrapper/hw/design_1_wrapper.xsa
TRACE::2019-12-08.17:56:31::SCWPlatform::DSA given C:/git_repos/hackster/Zybo_EV_Platform/vitis_workspace/design_1_wrapper/hw/design_1_wrapper.xsa
TRACE::2019-12-08.17:56:31::SCWPlatform::DSA absoulate path C:/git_repos/hackster/Zybo_EV_Platform/vitis_workspace/design_1_wrapper/hw/design_1_wrapper.xsa
TRACE::2019-12-08.17:56:31::SCWPlatform::DSA directory C:/git_repos/hackster/Zybo_EV_Platform/vitis_workspace/design_1_wrapper/hw
TRACE::2019-12-08.17:56:31::SCWPlatform:: Platform Path C:/git_repos/hackster/Zybo_EV_Platform/vitis_workspace/design_1_wrapper/hw/design_1_wrapper.xsa
TRACE::2019-12-08.17:56:31::SCWPlatform:: Unique name xilinx:zybo-z7-20::0.0
TRACE::2019-12-08.17:56:31::SCWPlatform::Trying to set the existing hwdb with name design_1_wrapper_1
TRACE::2019-12-08.17:56:31::SCWPlatform::Opened existing hwdb design_1_wrapper_1
TRACE::2019-12-08.17:56:31::SCWPlatform::Found the Hw Db part of the input DSA
TRACE::2019-12-08.17:56:31::SCWMssOS::Checking the sw design at  C:/git_repos/hackster/Zybo_EV_Platform/vitis_workspace/design_1_wrapper/ps7_cortexa9_0/standalone_domain/bsp/system.mss
TRACE::2019-12-08.17:56:31::SCWMssOS::DEBUG:  swdes dump  
TRACE::2019-12-08.17:56:31::SCWMssOS::No sw design opened at  C:/git_repos/hackster/Zybo_EV_Platform/vitis_workspace/design_1_wrapper/ps7_cortexa9_0/standalone_domain/bsp/system.mss
TRACE::2019-12-08.17:56:31::SCWMssOS::mss does not exists at C:/git_repos/hackster/Zybo_EV_Platform/vitis_workspace/design_1_wrapper/ps7_cortexa9_0/standalone_domain/bsp/system.mss
TRACE::2019-12-08.17:56:31::SCWMssOS::Creating sw design at  C:/git_repos/hackster/Zybo_EV_Platform/vitis_workspace/design_1_wrapper/ps7_cortexa9_0/standalone_domain/bsp/system.mss
TRACE::2019-12-08.17:56:31::SCWMssOS::Adding the swdes entry, created swdb C:/git_repos/hackster/Zybo_EV_Platform/vitis_workspace/design_1_wrapper/ps7_cortexa9_0/standalone_domain/bsp/system.mss with des name C:/git_repos/hackster/Zybo_EV_Platform/vitis_workspace/design_1_wrapper/ps7_cortexa9_0/standalone_domain/bsp/system.mss
TRACE::2019-12-08.17:56:31::SCWMssOS::updating the scw layer changes to swdes at   C:/git_repos/hackster/Zybo_EV_Platform/vitis_workspace/design_1_wrapper/ps7_cortexa9_0/standalone_domain/bsp/system.mss
TRACE::2019-12-08.17:56:31::SCWMssOS::Writing mss at C:/git_repos/hackster/Zybo_EV_Platform/vitis_workspace/design_1_wrapper/ps7_cortexa9_0/standalone_domain/bsp/system.mss
TRACE::2019-12-08.17:56:31::SCWMssOS::Completed writing the mss file at C:/git_repos/hackster/Zybo_EV_Platform/vitis_workspace/design_1_wrapper/ps7_cortexa9_0/standalone_domain/bsp
TRACE::2019-12-08.17:56:31::SCWMssOS::Picking up changes from newly written mss file into SCW Layer. 
TRACE::2019-12-08.17:56:31::SCWMssOS::Updated the changes from newly written mss file into SCW Layer. 
TRACE::2019-12-08.17:56:31::SCWPlatform::Trying to open the hw design at C:/git_repos/hackster/Zybo_EV_Platform/vitis_workspace/design_1_wrapper/hw/design_1_wrapper.xsa
TRACE::2019-12-08.17:56:31::SCWPlatform::DSA given C:/git_repos/hackster/Zybo_EV_Platform/vitis_workspace/design_1_wrapper/hw/design_1_wrapper.xsa
TRACE::2019-12-08.17:56:31::SCWPlatform::DSA absoulate path C:/git_repos/hackster/Zybo_EV_Platform/vitis_workspace/design_1_wrapper/hw/design_1_wrapper.xsa
TRACE::2019-12-08.17:56:31::SCWPlatform::DSA directory C:/git_repos/hackster/Zybo_EV_Platform/vitis_workspace/design_1_wrapper/hw
TRACE::2019-12-08.17:56:31::SCWPlatform:: Platform Path C:/git_repos/hackster/Zybo_EV_Platform/vitis_workspace/design_1_wrapper/hw/design_1_wrapper.xsa
TRACE::2019-12-08.17:56:31::SCWPlatform:: Unique name xilinx:zybo-z7-20::0.0
TRACE::2019-12-08.17:56:31::SCWPlatform::Trying to set the existing hwdb with name design_1_wrapper_1
TRACE::2019-12-08.17:56:31::SCWPlatform::Opened existing hwdb design_1_wrapper_1
TRACE::2019-12-08.17:56:31::SCWPlatform::Found the Hw Db part of the input DSA
TRACE::2019-12-08.17:56:31::SCWMssOS::Checking the sw design at  C:/git_repos/hackster/Zybo_EV_Platform/vitis_workspace/design_1_wrapper/ps7_cortexa9_0/standalone_domain/bsp/system.mss
TRACE::2019-12-08.17:56:31::SCWMssOS::DEBUG:  swdes dump  C:/git_repos/hackster/Zybo_EV_Platform/vitis_workspace/design_1_wrapper/ps7_cortexa9_0/standalone_domain/bsp/system.mss|C:/git_repos/hackster/Zybo_EV_Platform/vitis_workspace/design_1_wrapper/ps7_cortexa9_0/standalone_domain/bsp/system.mss||

TRACE::2019-12-08.17:56:31::SCWMssOS::Sw design exists and opened at  C:/git_repos/hackster/Zybo_EV_Platform/vitis_workspace/design_1_wrapper/ps7_cortexa9_0/standalone_domain/bsp/system.mss
TRACE::2019-12-08.17:56:31::SCWPlatform::Trying to open the hw design at C:/git_repos/hackster/Zybo_EV_Platform/vitis_workspace/design_1_wrapper/hw/design_1_wrapper.xsa
TRACE::2019-12-08.17:56:31::SCWPlatform::DSA given C:/git_repos/hackster/Zybo_EV_Platform/vitis_workspace/design_1_wrapper/hw/design_1_wrapper.xsa
TRACE::2019-12-08.17:56:31::SCWPlatform::DSA absoulate path C:/git_repos/hackster/Zybo_EV_Platform/vitis_workspace/design_1_wrapper/hw/design_1_wrapper.xsa
TRACE::2019-12-08.17:56:31::SCWPlatform::DSA directory C:/git_repos/hackster/Zybo_EV_Platform/vitis_workspace/design_1_wrapper/hw
TRACE::2019-12-08.17:56:31::SCWPlatform:: Platform Path C:/git_repos/hackster/Zybo_EV_Platform/vitis_workspace/design_1_wrapper/hw/design_1_wrapper.xsa
TRACE::2019-12-08.17:56:31::SCWPlatform:: Unique name xilinx:zybo-z7-20::0.0
TRACE::2019-12-08.17:56:31::SCWPlatform::Trying to set the existing hwdb with name design_1_wrapper_1
TRACE::2019-12-08.17:56:31::SCWPlatform::Opened existing hwdb design_1_wrapper_1
TRACE::2019-12-08.17:56:31::SCWPlatform::Found the Hw Db part of the input DSA
TRACE::2019-12-08.17:56:31::SCWMssOS::Checking the sw design at  C:/git_repos/hackster/Zybo_EV_Platform/vitis_workspace/design_1_wrapper/ps7_cortexa9_0/standalone_domain/bsp/system.mss
TRACE::2019-12-08.17:56:31::SCWMssOS::DEBUG:  swdes dump  C:/git_repos/hackster/Zybo_EV_Platform/vitis_workspace/design_1_wrapper/ps7_cortexa9_0/standalone_domain/bsp/system.mss|C:/git_repos/hackster/Zybo_EV_Platform/vitis_workspace/design_1_wrapper/ps7_cortexa9_0/standalone_domain/bsp/system.mss||

TRACE::2019-12-08.17:56:31::SCWMssOS::Sw design exists and opened at  C:/git_repos/hackster/Zybo_EV_Platform/vitis_workspace/design_1_wrapper/ps7_cortexa9_0/standalone_domain/bsp/system.mss
TRACE::2019-12-08.17:56:31::SCWPlatform::Trying to open the hw design at C:/git_repos/hackster/Zybo_EV_Platform/vitis_workspace/design_1_wrapper/hw/design_1_wrapper.xsa
TRACE::2019-12-08.17:56:31::SCWPlatform::DSA given C:/git_repos/hackster/Zybo_EV_Platform/vitis_workspace/design_1_wrapper/hw/design_1_wrapper.xsa
TRACE::2019-12-08.17:56:31::SCWPlatform::DSA absoulate path C:/git_repos/hackster/Zybo_EV_Platform/vitis_workspace/design_1_wrapper/hw/design_1_wrapper.xsa
TRACE::2019-12-08.17:56:31::SCWPlatform::DSA directory C:/git_repos/hackster/Zybo_EV_Platform/vitis_workspace/design_1_wrapper/hw
TRACE::2019-12-08.17:56:31::SCWPlatform:: Platform Path C:/git_repos/hackster/Zybo_EV_Platform/vitis_workspace/design_1_wrapper/hw/design_1_wrapper.xsa
TRACE::2019-12-08.17:56:31::SCWPlatform:: Unique name xilinx:zybo-z7-20::0.0
TRACE::2019-12-08.17:56:31::SCWPlatform::Trying to set the existing hwdb with name design_1_wrapper_1
TRACE::2019-12-08.17:56:31::SCWPlatform::Opened existing hwdb design_1_wrapper_1
TRACE::2019-12-08.17:56:31::SCWPlatform::Found the Hw Db part of the input DSA
TRACE::2019-12-08.17:56:31::SCWMssOS::Checking the sw design at  C:/git_repos/hackster/Zybo_EV_Platform/vitis_workspace/design_1_wrapper/ps7_cortexa9_0/standalone_domain/bsp/system.mss
TRACE::2019-12-08.17:56:31::SCWMssOS::DEBUG:  swdes dump  C:/git_repos/hackster/Zybo_EV_Platform/vitis_workspace/design_1_wrapper/ps7_cortexa9_0/standalone_domain/bsp/system.mss|C:/git_repos/hackster/Zybo_EV_Platform/vitis_workspace/design_1_wrapper/ps7_cortexa9_0/standalone_domain/bsp/system.mss||

TRACE::2019-12-08.17:56:31::SCWMssOS::Sw design exists and opened at  C:/git_repos/hackster/Zybo_EV_Platform/vitis_workspace/design_1_wrapper/ps7_cortexa9_0/standalone_domain/bsp/system.mss
TRACE::2019-12-08.17:56:31::SCWWriter::formatted JSON is {
	"platformName":	"design_1_wrapper",
	"sprVersion":	"2.0",
	"mode":	"gui",
	"dsaType":	"Fixed",
	"platformDesc":	"design_1_wrapper",
	"platHandOff":	"C:/git_repos/hackster/Zybo_EV_Platform/design_1_wrapper.xsa",
	"platIntHandOff":	"<platformDir>/hw/design_1_wrapper.xsa",
	"deviceType":	"zynq",
	"platIsPrebuiltAutogen":	"false",
	"platIsNoBootBsp":	"true",
	"hasFsblMakeHasChanges":	"false",
	"hasPmufwMakeHasChanges":	"false",
	"platPreBuiltFlag":	false,
	"platformSamplesDir":	"",
	"platActiveSys":	"design_1_wrapper",
	"systems":	[{
			"systemName":	"design_1_wrapper",
			"systemDesc":	"design_1_wrapper",
			"sysIsBootAutoGen":	"true",
			"systemDispName":	"design_1_wrapper",
			"sysActiveDom":	"standalone_domain",
			"sysDefaultDom":	"standalone_domain",
			"domains":	[{
					"domainName":	"standalone_domain",
					"domainDispName":	"standalone on ps7_cortexa9_0",
					"domainDesc":	"standalone_domain",
					"processors":	"ps7_cortexa9_0",
					"os":	"standalone",
					"sdxOs":	"standalone",
					"qemuArgs":	"C:/Xilinx/Vitis/2019.2/data/emulation/platforms/zynq/qemu/qemu_args.txt",
					"qemuData":	"C:/Xilinx/Vitis/2019.2/data/emulation/platforms/zynq/qemu/",
					"debugEnable":	"False",
					"domRuntimes":	["cpp"],
					"swRepo":	"",
					"mssOsVer":	"7.1",
					"mssFile":	"",
					"md5Digest":	"",
					"compatibleApp":	"hello_world",
					"domType":	"mssDomain",
					"arch":	"32-bit",
					"appSettings":	{
						"appCompilerFlags":	"",
						"appLinkerFlags":	""
					},
					"addedLibs":	[],
					"libOptions":	{
						"libsContainingOptions":	[]
					},
					"prebuiltLibs":	{
						"prebuiltIncPath":	[],
						"prebuiltLibPath":	[]
					},
					"isolation":	{
					}
				}]
		}]
}
TRACE::2019-12-08.17:56:31::SCWPlatform::Trying to open the hw design at C:/git_repos/hackster/Zybo_EV_Platform/vitis_workspace/design_1_wrapper/hw/design_1_wrapper.xsa
TRACE::2019-12-08.17:56:31::SCWPlatform::DSA given C:/git_repos/hackster/Zybo_EV_Platform/vitis_workspace/design_1_wrapper/hw/design_1_wrapper.xsa
TRACE::2019-12-08.17:56:31::SCWPlatform::DSA absoulate path C:/git_repos/hackster/Zybo_EV_Platform/vitis_workspace/design_1_wrapper/hw/design_1_wrapper.xsa
TRACE::2019-12-08.17:56:31::SCWPlatform::DSA directory C:/git_repos/hackster/Zybo_EV_Platform/vitis_workspace/design_1_wrapper/hw
TRACE::2019-12-08.17:56:31::SCWPlatform:: Platform Path C:/git_repos/hackster/Zybo_EV_Platform/vitis_workspace/design_1_wrapper/hw/design_1_wrapper.xsa
TRACE::2019-12-08.17:56:31::SCWPlatform:: Unique name xilinx:zybo-z7-20::0.0
TRACE::2019-12-08.17:56:31::SCWPlatform::Trying to set the existing hwdb with name design_1_wrapper_1
TRACE::2019-12-08.17:56:31::SCWPlatform::Opened existing hwdb design_1_wrapper_1
TRACE::2019-12-08.17:56:31::SCWPlatform::Found the Hw Db part of the input DSA
TRACE::2019-12-08.17:56:31::SCWMssOS::Checking the sw design at  C:/git_repos/hackster/Zybo_EV_Platform/vitis_workspace/design_1_wrapper/ps7_cortexa9_0/standalone_domain/bsp/system.mss
TRACE::2019-12-08.17:56:31::SCWMssOS::DEBUG:  swdes dump  C:/git_repos/hackster/Zybo_EV_Platform/vitis_workspace/design_1_wrapper/ps7_cortexa9_0/standalone_domain/bsp/system.mss|C:/git_repos/hackster/Zybo_EV_Platform/vitis_workspace/design_1_wrapper/ps7_cortexa9_0/standalone_domain/bsp/system.mss||

TRACE::2019-12-08.17:56:31::SCWMssOS::Sw design exists and opened at  C:/git_repos/hackster/Zybo_EV_Platform/vitis_workspace/design_1_wrapper/ps7_cortexa9_0/standalone_domain/bsp/system.mss
TRACE::2019-12-08.17:56:31::SCWMssOS::Completed writing the mss file at C:/git_repos/hackster/Zybo_EV_Platform/vitis_workspace/design_1_wrapper/ps7_cortexa9_0/standalone_domain/bsp
TRACE::2019-12-08.17:56:31::SCWMssOS::Forcing BSP Sources regeneration.
LOG::2019-12-08.17:56:33::SCWPlatform::Started generating the artifacts platform design_1_wrapper
TRACE::2019-12-08.17:56:33::SCWPlatform::Sanity checking of platform is completed
LOG::2019-12-08.17:56:33::SCWPlatform::Started generating the artifacts for system configuration design_1_wrapper
LOG::2019-12-08.17:56:33::SCWSystem::Checking the domain standalone_domain
LOG::2019-12-08.17:56:33::SCWSystem::Not a boot domain 
LOG::2019-12-08.17:56:33::SCWSystem::Started Processing the domain standalone_domain
TRACE::2019-12-08.17:56:33::SCWDomain::Generating domain artifcats
TRACE::2019-12-08.17:56:33::SCWMssOS::Generating standalone artifcats
TRACE::2019-12-08.17:56:33::SCWMssOS::Copying the qemu file from  C:/Xilinx/Vitis/2019.2/data/emulation/platforms/zynq/qemu/qemu_args.txt To C:/git_repos/hackster/Zybo_EV_Platform/vitis_workspace/design_1_wrapper/export/design_1_wrapper/sw/design_1_wrapper/qemu/
TRACE::2019-12-08.17:56:33::SCWMssOS::Copying the qemu file from  C:/Xilinx/Vitis/2019.2/data/emulation/platforms/zynq/qemu/qemu_args.txt To C:/git_repos/hackster/Zybo_EV_Platform/vitis_workspace/design_1_wrapper/export/design_1_wrapper/sw/design_1_wrapper/standalone_domain/qemu/
TRACE::2019-12-08.17:56:33::SCWMssOS:: Copying the user libraries. 
TRACE::2019-12-08.17:56:33::SCWPlatform::Trying to open the hw design at C:/git_repos/hackster/Zybo_EV_Platform/vitis_workspace/design_1_wrapper/hw/design_1_wrapper.xsa
TRACE::2019-12-08.17:56:33::SCWPlatform::DSA given C:/git_repos/hackster/Zybo_EV_Platform/vitis_workspace/design_1_wrapper/hw/design_1_wrapper.xsa
TRACE::2019-12-08.17:56:33::SCWPlatform::DSA absoulate path C:/git_repos/hackster/Zybo_EV_Platform/vitis_workspace/design_1_wrapper/hw/design_1_wrapper.xsa
TRACE::2019-12-08.17:56:33::SCWPlatform::DSA directory C:/git_repos/hackster/Zybo_EV_Platform/vitis_workspace/design_1_wrapper/hw
TRACE::2019-12-08.17:56:33::SCWPlatform:: Platform Path C:/git_repos/hackster/Zybo_EV_Platform/vitis_workspace/design_1_wrapper/hw/design_1_wrapper.xsa
TRACE::2019-12-08.17:56:33::SCWPlatform:: Unique name xilinx:zybo-z7-20::0.0
TRACE::2019-12-08.17:56:33::SCWPlatform::Trying to set the existing hwdb with name design_1_wrapper_1
TRACE::2019-12-08.17:56:33::SCWPlatform::Opened existing hwdb design_1_wrapper_1
TRACE::2019-12-08.17:56:33::SCWPlatform::Found the Hw Db part of the input DSA
TRACE::2019-12-08.17:56:33::SCWMssOS::Checking the sw design at  C:/git_repos/hackster/Zybo_EV_Platform/vitis_workspace/design_1_wrapper/ps7_cortexa9_0/standalone_domain/bsp/system.mss
TRACE::2019-12-08.17:56:33::SCWMssOS::DEBUG:  swdes dump  C:/git_repos/hackster/Zybo_EV_Platform/vitis_workspace/design_1_wrapper/ps7_cortexa9_0/standalone_domain/bsp/system.mss|C:/git_repos/hackster/Zybo_EV_Platform/vitis_workspace/design_1_wrapper/ps7_cortexa9_0/standalone_domain/bsp/system.mss||

KEYINFO::2019-12-08.17:56:33::SCWMssOS::Could not open the swdb for C:/git_repos/hackster/Zybo_EV_Platform/vitis_workspace/design_1_wrapper/ps7_cortexa9_0/standalone_domain/bsp/system.mss
KEYINFO::2019-12-08.17:56:33::SCWMssOS::Could not open the sw design at  C:/git_repos/hackster/Zybo_EV_Platform/vitis_workspace/design_1_wrapper/ps7_cortexa9_0/standalone_domain/bsp/system.mss
ERROR: [Hsi 55-1558] Software Design C:/git_repos/hackster/Zybo_EV_Platform/vitis_workspace/design_1_wrapper/ps7_cortexa9_0/standalone_domain/bsp/system.mss is not found

TRACE::2019-12-08.17:56:33::SCWMssOS::Cleared the swdb table entry
TRACE::2019-12-08.17:56:33::SCWMssOS::No sw design opened at  C:/git_repos/hackster/Zybo_EV_Platform/vitis_workspace/design_1_wrapper/ps7_cortexa9_0/standalone_domain/bsp/system.mss
TRACE::2019-12-08.17:56:33::SCWMssOS::mss exists loading the mss file  C:/git_repos/hackster/Zybo_EV_Platform/vitis_workspace/design_1_wrapper/ps7_cortexa9_0/standalone_domain/bsp/system.mss
TRACE::2019-12-08.17:56:33::SCWMssOS::Opened the sw design from mss  C:/git_repos/hackster/Zybo_EV_Platform/vitis_workspace/design_1_wrapper/ps7_cortexa9_0/standalone_domain/bsp/system.mss
TRACE::2019-12-08.17:56:33::SCWMssOS::Adding the swdes entry C:/git_repos/hackster/Zybo_EV_Platform/vitis_workspace/design_1_wrapper/ps7_cortexa9_0/standalone_domain/bsp/system.mss with des name system
TRACE::2019-12-08.17:56:33::SCWMssOS::updating the scw layer about changes
TRACE::2019-12-08.17:56:33::SCWMssOS::Opened the sw design.  C:/git_repos/hackster/Zybo_EV_Platform/vitis_workspace/design_1_wrapper/ps7_cortexa9_0/standalone_domain/bsp/system.mss
TRACE::2019-12-08.17:56:33::SCWMssOS::Completed writing the mss file at C:/git_repos/hackster/Zybo_EV_Platform/vitis_workspace/design_1_wrapper/ps7_cortexa9_0/standalone_domain/bsp
TRACE::2019-12-08.17:56:33::SCWMssOS::Mss edits present, copying mssfile into export location C:/git_repos/hackster/Zybo_EV_Platform/vitis_workspace/design_1_wrapper/ps7_cortexa9_0/standalone_domain/bsp/system.mss
TRACE::2019-12-08.17:56:33::SCWMssOS::bsp generated is upto date with the mss file. Skipping bsp generation.
TRACE::2019-12-08.17:56:33::SCWMssOS::BSP is already built. skipping the bsp build ... 
TRACE::2019-12-08.17:56:33::SCWDomain::Skipping the build for domain :  standalone_domain
TRACE::2019-12-08.17:56:33::SCWMssOS::skipping the bsp build ... 
TRACE::2019-12-08.17:56:33::SCWMssOS::Copying to export directory.
TRACE::2019-12-08.17:56:33::SCWMssOS:: Checking if to create the Supporting Applications
TRACE::2019-12-08.17:56:33::SCWMssOS:: No Linux domain exists, trying to generate FSBL 
TRACE::2019-12-08.17:56:33::SCWMssOS:: Completed Standalone Artifacts creation 
LOG::2019-12-08.17:56:33::SCWSystem::Completed Processing the domain standalone_domain
LOG::2019-12-08.17:56:33::SCWSystem::Completed Processing the sysconfig design_1_wrapper
LOG::2019-12-08.17:56:33::SCWPlatform::Completed generating the artifacts for system configuration design_1_wrapper
TRACE::2019-12-08.17:56:33::SCWPlatform::Started preparing the platform 
TRACE::2019-12-08.17:56:33::SCWSystem::Writing the bif file for system config design_1_wrapper
TRACE::2019-12-08.17:56:33::SCWSystem::dir created 
TRACE::2019-12-08.17:56:33::SCWSystem::Writing the bif 
TRACE::2019-12-08.17:56:33::SCWPlatform::Started writing the spfm file 
TRACE::2019-12-08.17:56:33::SCWPlatform::Started writing the xpfm file 
TRACE::2019-12-08.17:56:33::SCWPlatform::Completed generating the platform
TRACE::2019-12-08.17:56:33::SCWPlatform::Trying to open the hw design at C:/git_repos/hackster/Zybo_EV_Platform/vitis_workspace/design_1_wrapper/hw/design_1_wrapper.xsa
TRACE::2019-12-08.17:56:33::SCWPlatform::DSA given C:/git_repos/hackster/Zybo_EV_Platform/vitis_workspace/design_1_wrapper/hw/design_1_wrapper.xsa
TRACE::2019-12-08.17:56:33::SCWPlatform::DSA absoulate path C:/git_repos/hackster/Zybo_EV_Platform/vitis_workspace/design_1_wrapper/hw/design_1_wrapper.xsa
TRACE::2019-12-08.17:56:33::SCWPlatform::DSA directory C:/git_repos/hackster/Zybo_EV_Platform/vitis_workspace/design_1_wrapper/hw
TRACE::2019-12-08.17:56:33::SCWPlatform:: Platform Path C:/git_repos/hackster/Zybo_EV_Platform/vitis_workspace/design_1_wrapper/hw/design_1_wrapper.xsa
TRACE::2019-12-08.17:56:33::SCWPlatform:: Unique name xilinx:zybo-z7-20::0.0
TRACE::2019-12-08.17:56:33::SCWPlatform::Trying to set the existing hwdb with name design_1_wrapper_1
TRACE::2019-12-08.17:56:33::SCWPlatform::Opened existing hwdb design_1_wrapper_1
TRACE::2019-12-08.17:56:33::SCWPlatform::Found the Hw Db part of the input DSA
TRACE::2019-12-08.17:56:33::SCWMssOS::Checking the sw design at  C:/git_repos/hackster/Zybo_EV_Platform/vitis_workspace/design_1_wrapper/ps7_cortexa9_0/standalone_domain/bsp/system.mss
TRACE::2019-12-08.17:56:33::SCWMssOS::DEBUG:  swdes dump  C:/git_repos/hackster/Zybo_EV_Platform/vitis_workspace/design_1_wrapper/ps7_cortexa9_0/standalone_domain/bsp/system.mss|system||

TRACE::2019-12-08.17:56:33::SCWMssOS::Sw design exists and opened at  C:/git_repos/hackster/Zybo_EV_Platform/vitis_workspace/design_1_wrapper/ps7_cortexa9_0/standalone_domain/bsp/system.mss
TRACE::2019-12-08.17:56:33::SCWPlatform::Trying to open the hw design at C:/git_repos/hackster/Zybo_EV_Platform/vitis_workspace/design_1_wrapper/hw/design_1_wrapper.xsa
TRACE::2019-12-08.17:56:33::SCWPlatform::DSA given C:/git_repos/hackster/Zybo_EV_Platform/vitis_workspace/design_1_wrapper/hw/design_1_wrapper.xsa
TRACE::2019-12-08.17:56:33::SCWPlatform::DSA absoulate path C:/git_repos/hackster/Zybo_EV_Platform/vitis_workspace/design_1_wrapper/hw/design_1_wrapper.xsa
TRACE::2019-12-08.17:56:33::SCWPlatform::DSA directory C:/git_repos/hackster/Zybo_EV_Platform/vitis_workspace/design_1_wrapper/hw
TRACE::2019-12-08.17:56:33::SCWPlatform:: Platform Path C:/git_repos/hackster/Zybo_EV_Platform/vitis_workspace/design_1_wrapper/hw/design_1_wrapper.xsa
TRACE::2019-12-08.17:56:33::SCWPlatform:: Unique name xilinx:zybo-z7-20::0.0
TRACE::2019-12-08.17:56:33::SCWPlatform::Trying to set the existing hwdb with name design_1_wrapper_1
TRACE::2019-12-08.17:56:33::SCWPlatform::Opened existing hwdb design_1_wrapper_1
TRACE::2019-12-08.17:56:33::SCWPlatform::Found the Hw Db part of the input DSA
TRACE::2019-12-08.17:56:33::SCWMssOS::Checking the sw design at  C:/git_repos/hackster/Zybo_EV_Platform/vitis_workspace/design_1_wrapper/ps7_cortexa9_0/standalone_domain/bsp/system.mss
TRACE::2019-12-08.17:56:33::SCWMssOS::DEBUG:  swdes dump  C:/git_repos/hackster/Zybo_EV_Platform/vitis_workspace/design_1_wrapper/ps7_cortexa9_0/standalone_domain/bsp/system.mss|system||

TRACE::2019-12-08.17:56:33::SCWMssOS::Sw design exists and opened at  C:/git_repos/hackster/Zybo_EV_Platform/vitis_workspace/design_1_wrapper/ps7_cortexa9_0/standalone_domain/bsp/system.mss
TRACE::2019-12-08.17:56:33::SCWPlatform::Trying to open the hw design at C:/git_repos/hackster/Zybo_EV_Platform/vitis_workspace/design_1_wrapper/hw/design_1_wrapper.xsa
TRACE::2019-12-08.17:56:33::SCWPlatform::DSA given C:/git_repos/hackster/Zybo_EV_Platform/vitis_workspace/design_1_wrapper/hw/design_1_wrapper.xsa
TRACE::2019-12-08.17:56:33::SCWPlatform::DSA absoulate path C:/git_repos/hackster/Zybo_EV_Platform/vitis_workspace/design_1_wrapper/hw/design_1_wrapper.xsa
TRACE::2019-12-08.17:56:33::SCWPlatform::DSA directory C:/git_repos/hackster/Zybo_EV_Platform/vitis_workspace/design_1_wrapper/hw
TRACE::2019-12-08.17:56:33::SCWPlatform:: Platform Path C:/git_repos/hackster/Zybo_EV_Platform/vitis_workspace/design_1_wrapper/hw/design_1_wrapper.xsa
TRACE::2019-12-08.17:56:33::SCWPlatform:: Unique name xilinx:zybo-z7-20::0.0
TRACE::2019-12-08.17:56:33::SCWPlatform::Trying to set the existing hwdb with name design_1_wrapper_1
TRACE::2019-12-08.17:56:33::SCWPlatform::Opened existing hwdb design_1_wrapper_1
TRACE::2019-12-08.17:56:33::SCWPlatform::Found the Hw Db part of the input DSA
TRACE::2019-12-08.17:56:33::SCWMssOS::Checking the sw design at  C:/git_repos/hackster/Zybo_EV_Platform/vitis_workspace/design_1_wrapper/ps7_cortexa9_0/standalone_domain/bsp/system.mss
TRACE::2019-12-08.17:56:33::SCWMssOS::DEBUG:  swdes dump  C:/git_repos/hackster/Zybo_EV_Platform/vitis_workspace/design_1_wrapper/ps7_cortexa9_0/standalone_domain/bsp/system.mss|system||

TRACE::2019-12-08.17:56:33::SCWMssOS::Sw design exists and opened at  C:/git_repos/hackster/Zybo_EV_Platform/vitis_workspace/design_1_wrapper/ps7_cortexa9_0/standalone_domain/bsp/system.mss
TRACE::2019-12-08.17:56:33::SCWWriter::formatted JSON is {
	"platformName":	"design_1_wrapper",
	"sprVersion":	"2.0",
	"mode":	"gui",
	"dsaType":	"Fixed",
	"platformDesc":	"design_1_wrapper",
	"platHandOff":	"C:/git_repos/hackster/Zybo_EV_Platform/design_1_wrapper.xsa",
	"platIntHandOff":	"<platformDir>/hw/design_1_wrapper.xsa",
	"deviceType":	"zynq",
	"platIsPrebuiltAutogen":	"false",
	"platIsNoBootBsp":	"true",
	"hasFsblMakeHasChanges":	"false",
	"hasPmufwMakeHasChanges":	"false",
	"platPreBuiltFlag":	false,
	"platformSamplesDir":	"",
	"platActiveSys":	"design_1_wrapper",
	"systems":	[{
			"systemName":	"design_1_wrapper",
			"systemDesc":	"design_1_wrapper",
			"sysIsBootAutoGen":	"true",
			"systemDispName":	"design_1_wrapper",
			"sysActiveDom":	"standalone_domain",
			"sysDefaultDom":	"standalone_domain",
			"domains":	[{
					"domainName":	"standalone_domain",
					"domainDispName":	"standalone on ps7_cortexa9_0",
					"domainDesc":	"standalone_domain",
					"processors":	"ps7_cortexa9_0",
					"os":	"standalone",
					"sdxOs":	"standalone",
					"qemuArgs":	"C:/Xilinx/Vitis/2019.2/data/emulation/platforms/zynq/qemu/qemu_args.txt",
					"qemuData":	"C:/Xilinx/Vitis/2019.2/data/emulation/platforms/zynq/qemu/",
					"debugEnable":	"False",
					"domRuntimes":	["cpp"],
					"swRepo":	"",
					"mssOsVer":	"7.1",
					"mssFile":	"",
					"md5Digest":	"3046cb4c5692e127248b38078921114d",
					"compatibleApp":	"hello_world",
					"domType":	"mssDomain",
					"arch":	"32-bit",
					"appSettings":	{
						"appCompilerFlags":	"",
						"appLinkerFlags":	""
					},
					"addedLibs":	[],
					"libOptions":	{
						"libsContainingOptions":	[]
					},
					"prebuiltLibs":	{
						"prebuiltIncPath":	[],
						"prebuiltLibPath":	[]
					},
					"isolation":	{
					}
				}]
		}]
}
KEYINFO::2019-12-08.17:56:33::SCWPlatform::updated the xpfm file.
TRACE::2019-12-08.17:56:33::SCWPlatform::Trying to open the hw design at C:/git_repos/hackster/Zybo_EV_Platform/vitis_workspace/design_1_wrapper/hw/design_1_wrapper.xsa
TRACE::2019-12-08.17:56:33::SCWPlatform::DSA given C:/git_repos/hackster/Zybo_EV_Platform/vitis_workspace/design_1_wrapper/hw/design_1_wrapper.xsa
TRACE::2019-12-08.17:56:33::SCWPlatform::DSA absoulate path C:/git_repos/hackster/Zybo_EV_Platform/vitis_workspace/design_1_wrapper/hw/design_1_wrapper.xsa
TRACE::2019-12-08.17:56:33::SCWPlatform::DSA directory C:/git_repos/hackster/Zybo_EV_Platform/vitis_workspace/design_1_wrapper/hw
TRACE::2019-12-08.17:56:33::SCWPlatform:: Platform Path C:/git_repos/hackster/Zybo_EV_Platform/vitis_workspace/design_1_wrapper/hw/design_1_wrapper.xsa
TRACE::2019-12-08.17:56:33::SCWPlatform:: Unique name xilinx:zybo-z7-20::0.0
TRACE::2019-12-08.17:56:33::SCWPlatform::Trying to set the existing hwdb with name design_1_wrapper_1
TRACE::2019-12-08.17:56:33::SCWPlatform::Opened existing hwdb design_1_wrapper_1
TRACE::2019-12-08.17:56:33::SCWPlatform::Found the Hw Db part of the input DSA
TRACE::2019-12-08.17:56:33::SCWMssOS::Checking the sw design at  C:/git_repos/hackster/Zybo_EV_Platform/vitis_workspace/design_1_wrapper/ps7_cortexa9_0/standalone_domain/bsp/system.mss
TRACE::2019-12-08.17:56:33::SCWMssOS::DEBUG:  swdes dump  C:/git_repos/hackster/Zybo_EV_Platform/vitis_workspace/design_1_wrapper/ps7_cortexa9_0/standalone_domain/bsp/system.mss|system||

TRACE::2019-12-08.17:56:33::SCWMssOS::Sw design exists and opened at  C:/git_repos/hackster/Zybo_EV_Platform/vitis_workspace/design_1_wrapper/ps7_cortexa9_0/standalone_domain/bsp/system.mss
TRACE::2019-12-08.17:56:33::SCWPlatform::Trying to open the hw design at C:/git_repos/hackster/Zybo_EV_Platform/vitis_workspace/design_1_wrapper/hw/design_1_wrapper.xsa
TRACE::2019-12-08.17:56:33::SCWPlatform::DSA given C:/git_repos/hackster/Zybo_EV_Platform/vitis_workspace/design_1_wrapper/hw/design_1_wrapper.xsa
TRACE::2019-12-08.17:56:33::SCWPlatform::DSA absoulate path C:/git_repos/hackster/Zybo_EV_Platform/vitis_workspace/design_1_wrapper/hw/design_1_wrapper.xsa
TRACE::2019-12-08.17:56:33::SCWPlatform::DSA directory C:/git_repos/hackster/Zybo_EV_Platform/vitis_workspace/design_1_wrapper/hw
TRACE::2019-12-08.17:56:33::SCWPlatform:: Platform Path C:/git_repos/hackster/Zybo_EV_Platform/vitis_workspace/design_1_wrapper/hw/design_1_wrapper.xsa
TRACE::2019-12-08.17:56:33::SCWPlatform:: Unique name xilinx:zybo-z7-20::0.0
TRACE::2019-12-08.17:56:33::SCWPlatform::Trying to set the existing hwdb with name design_1_wrapper_1
TRACE::2019-12-08.17:56:33::SCWPlatform::Opened existing hwdb design_1_wrapper_1
TRACE::2019-12-08.17:56:33::SCWPlatform::Found the Hw Db part of the input DSA
TRACE::2019-12-08.17:56:33::SCWMssOS::Checking the sw design at  C:/git_repos/hackster/Zybo_EV_Platform/vitis_workspace/design_1_wrapper/ps7_cortexa9_0/standalone_domain/bsp/system.mss
TRACE::2019-12-08.17:56:33::SCWMssOS::DEBUG:  swdes dump  C:/git_repos/hackster/Zybo_EV_Platform/vitis_workspace/design_1_wrapper/ps7_cortexa9_0/standalone_domain/bsp/system.mss|system||

TRACE::2019-12-08.17:56:33::SCWMssOS::Sw design exists and opened at  C:/git_repos/hackster/Zybo_EV_Platform/vitis_workspace/design_1_wrapper/ps7_cortexa9_0/standalone_domain/bsp/system.mss
TRACE::2019-12-08.17:56:33::SCWPlatform::Trying to open the hw design at C:/git_repos/hackster/Zybo_EV_Platform/vitis_workspace/design_1_wrapper/hw/design_1_wrapper.xsa
TRACE::2019-12-08.17:56:33::SCWPlatform::DSA given C:/git_repos/hackster/Zybo_EV_Platform/vitis_workspace/design_1_wrapper/hw/design_1_wrapper.xsa
TRACE::2019-12-08.17:56:33::SCWPlatform::DSA absoulate path C:/git_repos/hackster/Zybo_EV_Platform/vitis_workspace/design_1_wrapper/hw/design_1_wrapper.xsa
TRACE::2019-12-08.17:56:33::SCWPlatform::DSA directory C:/git_repos/hackster/Zybo_EV_Platform/vitis_workspace/design_1_wrapper/hw
TRACE::2019-12-08.17:56:33::SCWPlatform:: Platform Path C:/git_repos/hackster/Zybo_EV_Platform/vitis_workspace/design_1_wrapper/hw/design_1_wrapper.xsa
TRACE::2019-12-08.17:56:33::SCWPlatform:: Unique name xilinx:zybo-z7-20::0.0
TRACE::2019-12-08.17:56:33::SCWPlatform::Trying to set the existing hwdb with name design_1_wrapper_1
TRACE::2019-12-08.17:56:33::SCWPlatform::Opened existing hwdb design_1_wrapper_1
TRACE::2019-12-08.17:56:33::SCWPlatform::Found the Hw Db part of the input DSA
TRACE::2019-12-08.17:56:33::SCWMssOS::Checking the sw design at  C:/git_repos/hackster/Zybo_EV_Platform/vitis_workspace/design_1_wrapper/ps7_cortexa9_0/standalone_domain/bsp/system.mss
TRACE::2019-12-08.17:56:33::SCWMssOS::DEBUG:  swdes dump  C:/git_repos/hackster/Zybo_EV_Platform/vitis_workspace/design_1_wrapper/ps7_cortexa9_0/standalone_domain/bsp/system.mss|system||

TRACE::2019-12-08.17:56:33::SCWMssOS::Sw design exists and opened at  C:/git_repos/hackster/Zybo_EV_Platform/vitis_workspace/design_1_wrapper/ps7_cortexa9_0/standalone_domain/bsp/system.mss
TRACE::2019-12-08.17:56:33::SCWPlatform::Trying to open the hw design at C:/git_repos/hackster/Zybo_EV_Platform/vitis_workspace/design_1_wrapper/hw/design_1_wrapper.xsa
TRACE::2019-12-08.17:56:33::SCWPlatform::DSA given C:/git_repos/hackster/Zybo_EV_Platform/vitis_workspace/design_1_wrapper/hw/design_1_wrapper.xsa
TRACE::2019-12-08.17:56:33::SCWPlatform::DSA absoulate path C:/git_repos/hackster/Zybo_EV_Platform/vitis_workspace/design_1_wrapper/hw/design_1_wrapper.xsa
TRACE::2019-12-08.17:56:33::SCWPlatform::DSA directory C:/git_repos/hackster/Zybo_EV_Platform/vitis_workspace/design_1_wrapper/hw
TRACE::2019-12-08.17:56:33::SCWPlatform:: Platform Path C:/git_repos/hackster/Zybo_EV_Platform/vitis_workspace/design_1_wrapper/hw/design_1_wrapper.xsa
TRACE::2019-12-08.17:56:33::SCWPlatform:: Unique name xilinx:zybo-z7-20::0.0
TRACE::2019-12-08.17:56:33::SCWPlatform::Trying to set the existing hwdb with name design_1_wrapper_1
TRACE::2019-12-08.17:56:33::SCWPlatform::Opened existing hwdb design_1_wrapper_1
TRACE::2019-12-08.17:56:33::SCWPlatform::Found the Hw Db part of the input DSA
TRACE::2019-12-08.17:56:33::SCWMssOS::Checking the sw design at  C:/git_repos/hackster/Zybo_EV_Platform/vitis_workspace/design_1_wrapper/ps7_cortexa9_0/standalone_domain/bsp/system.mss
TRACE::2019-12-08.17:56:33::SCWMssOS::DEBUG:  swdes dump  C:/git_repos/hackster/Zybo_EV_Platform/vitis_workspace/design_1_wrapper/ps7_cortexa9_0/standalone_domain/bsp/system.mss|system||

TRACE::2019-12-08.17:56:33::SCWMssOS::Sw design exists and opened at  C:/git_repos/hackster/Zybo_EV_Platform/vitis_workspace/design_1_wrapper/ps7_cortexa9_0/standalone_domain/bsp/system.mss
TRACE::2019-12-08.17:56:33::SCWWriter::formatted JSON is {
	"platformName":	"design_1_wrapper",
	"sprVersion":	"2.0",
	"mode":	"gui",
	"dsaType":	"Fixed",
	"platformDesc":	"design_1_wrapper",
	"platHandOff":	"C:/git_repos/hackster/Zybo_EV_Platform/design_1_wrapper.xsa",
	"platIntHandOff":	"<platformDir>/hw/design_1_wrapper.xsa",
	"deviceType":	"zynq",
	"platIsPrebuiltAutogen":	"false",
	"platIsNoBootBsp":	"true",
	"hasFsblMakeHasChanges":	"false",
	"hasPmufwMakeHasChanges":	"false",
	"platPreBuiltFlag":	false,
	"platformSamplesDir":	"",
	"platActiveSys":	"design_1_wrapper",
	"systems":	[{
			"systemName":	"design_1_wrapper",
			"systemDesc":	"design_1_wrapper",
			"sysIsBootAutoGen":	"true",
			"systemDispName":	"design_1_wrapper",
			"sysActiveDom":	"standalone_domain",
			"sysDefaultDom":	"standalone_domain",
			"domains":	[{
					"domainName":	"standalone_domain",
					"domainDispName":	"standalone on ps7_cortexa9_0",
					"domainDesc":	"standalone_domain",
					"processors":	"ps7_cortexa9_0",
					"os":	"standalone",
					"sdxOs":	"standalone",
					"qemuArgs":	"C:/Xilinx/Vitis/2019.2/data/emulation/platforms/zynq/qemu/qemu_args.txt",
					"qemuData":	"C:/Xilinx/Vitis/2019.2/data/emulation/platforms/zynq/qemu/",
					"debugEnable":	"False",
					"domRuntimes":	["cpp"],
					"swRepo":	"",
					"mssOsVer":	"7.1",
					"mssFile":	"",
					"md5Digest":	"3046cb4c5692e127248b38078921114d",
					"compatibleApp":	"hello_world",
					"domType":	"mssDomain",
					"arch":	"32-bit",
					"appSettings":	{
						"appCompilerFlags":	"",
						"appLinkerFlags":	""
					},
					"addedLibs":	[],
					"libOptions":	{
						"libsContainingOptions":	[]
					},
					"prebuiltLibs":	{
						"prebuiltIncPath":	[],
						"prebuiltLibPath":	[]
					},
					"isolation":	{
					}
				}]
		}]
}
TRACE::2019-12-08.17:56:33::SCWPlatform::Trying to open the hw design at C:/git_repos/hackster/Zybo_EV_Platform/vitis_workspace/design_1_wrapper/hw/design_1_wrapper.xsa
TRACE::2019-12-08.17:56:33::SCWPlatform::DSA given C:/git_repos/hackster/Zybo_EV_Platform/vitis_workspace/design_1_wrapper/hw/design_1_wrapper.xsa
TRACE::2019-12-08.17:56:33::SCWPlatform::DSA absoulate path C:/git_repos/hackster/Zybo_EV_Platform/vitis_workspace/design_1_wrapper/hw/design_1_wrapper.xsa
TRACE::2019-12-08.17:56:33::SCWPlatform::DSA directory C:/git_repos/hackster/Zybo_EV_Platform/vitis_workspace/design_1_wrapper/hw
TRACE::2019-12-08.17:56:33::SCWPlatform:: Platform Path C:/git_repos/hackster/Zybo_EV_Platform/vitis_workspace/design_1_wrapper/hw/design_1_wrapper.xsa
TRACE::2019-12-08.17:56:33::SCWPlatform:: Unique name xilinx:zybo-z7-20::0.0
TRACE::2019-12-08.17:56:33::SCWPlatform::Trying to set the existing hwdb with name design_1_wrapper_1
TRACE::2019-12-08.17:56:33::SCWPlatform::Opened existing hwdb design_1_wrapper_1
TRACE::2019-12-08.17:56:33::SCWPlatform::Found the Hw Db part of the input DSA
TRACE::2019-12-08.17:56:33::SCWMssOS::Checking the sw design at  C:/git_repos/hackster/Zybo_EV_Platform/vitis_workspace/design_1_wrapper/ps7_cortexa9_0/standalone_domain/bsp/system.mss
TRACE::2019-12-08.17:56:33::SCWMssOS::DEBUG:  swdes dump  C:/git_repos/hackster/Zybo_EV_Platform/vitis_workspace/design_1_wrapper/ps7_cortexa9_0/standalone_domain/bsp/system.mss|system||

TRACE::2019-12-08.17:56:33::SCWMssOS::Sw design exists and opened at  C:/git_repos/hackster/Zybo_EV_Platform/vitis_workspace/design_1_wrapper/ps7_cortexa9_0/standalone_domain/bsp/system.mss
TRACE::2019-12-08.17:56:33::SCWPlatform::Trying to open the hw design at C:/git_repos/hackster/Zybo_EV_Platform/vitis_workspace/design_1_wrapper/hw/design_1_wrapper.xsa
TRACE::2019-12-08.17:56:33::SCWPlatform::DSA given C:/git_repos/hackster/Zybo_EV_Platform/vitis_workspace/design_1_wrapper/hw/design_1_wrapper.xsa
TRACE::2019-12-08.17:56:33::SCWPlatform::DSA absoulate path C:/git_repos/hackster/Zybo_EV_Platform/vitis_workspace/design_1_wrapper/hw/design_1_wrapper.xsa
TRACE::2019-12-08.17:56:33::SCWPlatform::DSA directory C:/git_repos/hackster/Zybo_EV_Platform/vitis_workspace/design_1_wrapper/hw
TRACE::2019-12-08.17:56:33::SCWPlatform:: Platform Path C:/git_repos/hackster/Zybo_EV_Platform/vitis_workspace/design_1_wrapper/hw/design_1_wrapper.xsa
TRACE::2019-12-08.17:56:33::SCWPlatform:: Unique name xilinx:zybo-z7-20::0.0
TRACE::2019-12-08.17:56:33::SCWPlatform::Trying to set the existing hwdb with name design_1_wrapper_1
TRACE::2019-12-08.17:56:33::SCWPlatform::Opened existing hwdb design_1_wrapper_1
TRACE::2019-12-08.17:56:33::SCWPlatform::Found the Hw Db part of the input DSA
TRACE::2019-12-08.17:56:33::SCWMssOS::Checking the sw design at  C:/git_repos/hackster/Zybo_EV_Platform/vitis_workspace/design_1_wrapper/ps7_cortexa9_0/standalone_domain/bsp/system.mss
TRACE::2019-12-08.17:56:33::SCWMssOS::DEBUG:  swdes dump  C:/git_repos/hackster/Zybo_EV_Platform/vitis_workspace/design_1_wrapper/ps7_cortexa9_0/standalone_domain/bsp/system.mss|system||

TRACE::2019-12-08.17:56:33::SCWMssOS::Sw design exists and opened at  C:/git_repos/hackster/Zybo_EV_Platform/vitis_workspace/design_1_wrapper/ps7_cortexa9_0/standalone_domain/bsp/system.mss
TRACE::2019-12-08.17:56:33::SCWPlatform::Trying to open the hw design at C:/git_repos/hackster/Zybo_EV_Platform/vitis_workspace/design_1_wrapper/hw/design_1_wrapper.xsa
TRACE::2019-12-08.17:56:33::SCWPlatform::DSA given C:/git_repos/hackster/Zybo_EV_Platform/vitis_workspace/design_1_wrapper/hw/design_1_wrapper.xsa
TRACE::2019-12-08.17:56:33::SCWPlatform::DSA absoulate path C:/git_repos/hackster/Zybo_EV_Platform/vitis_workspace/design_1_wrapper/hw/design_1_wrapper.xsa
TRACE::2019-12-08.17:56:33::SCWPlatform::DSA directory C:/git_repos/hackster/Zybo_EV_Platform/vitis_workspace/design_1_wrapper/hw
TRACE::2019-12-08.17:56:33::SCWPlatform:: Platform Path C:/git_repos/hackster/Zybo_EV_Platform/vitis_workspace/design_1_wrapper/hw/design_1_wrapper.xsa
TRACE::2019-12-08.17:56:33::SCWPlatform:: Unique name xilinx:zybo-z7-20::0.0
TRACE::2019-12-08.17:56:33::SCWPlatform::Trying to set the existing hwdb with name design_1_wrapper_1
TRACE::2019-12-08.17:56:33::SCWPlatform::Opened existing hwdb design_1_wrapper_1
TRACE::2019-12-08.17:56:33::SCWPlatform::Found the Hw Db part of the input DSA
TRACE::2019-12-08.17:56:33::SCWMssOS::Checking the sw design at  C:/git_repos/hackster/Zybo_EV_Platform/vitis_workspace/design_1_wrapper/ps7_cortexa9_0/standalone_domain/bsp/system.mss
TRACE::2019-12-08.17:56:33::SCWMssOS::DEBUG:  swdes dump  C:/git_repos/hackster/Zybo_EV_Platform/vitis_workspace/design_1_wrapper/ps7_cortexa9_0/standalone_domain/bsp/system.mss|system||

TRACE::2019-12-08.17:56:33::SCWMssOS::Sw design exists and opened at  C:/git_repos/hackster/Zybo_EV_Platform/vitis_workspace/design_1_wrapper/ps7_cortexa9_0/standalone_domain/bsp/system.mss
TRACE::2019-12-08.17:56:33::SCWPlatform::Trying to open the hw design at C:/git_repos/hackster/Zybo_EV_Platform/vitis_workspace/design_1_wrapper/hw/design_1_wrapper.xsa
TRACE::2019-12-08.17:56:33::SCWPlatform::DSA given C:/git_repos/hackster/Zybo_EV_Platform/vitis_workspace/design_1_wrapper/hw/design_1_wrapper.xsa
TRACE::2019-12-08.17:56:33::SCWPlatform::DSA absoulate path C:/git_repos/hackster/Zybo_EV_Platform/vitis_workspace/design_1_wrapper/hw/design_1_wrapper.xsa
TRACE::2019-12-08.17:56:33::SCWPlatform::DSA directory C:/git_repos/hackster/Zybo_EV_Platform/vitis_workspace/design_1_wrapper/hw
TRACE::2019-12-08.17:56:33::SCWPlatform:: Platform Path C:/git_repos/hackster/Zybo_EV_Platform/vitis_workspace/design_1_wrapper/hw/design_1_wrapper.xsa
TRACE::2019-12-08.17:56:33::SCWPlatform:: Unique name xilinx:zybo-z7-20::0.0
TRACE::2019-12-08.17:56:33::SCWPlatform::Trying to set the existing hwdb with name design_1_wrapper_1
TRACE::2019-12-08.17:56:33::SCWPlatform::Opened existing hwdb design_1_wrapper_1
TRACE::2019-12-08.17:56:33::SCWPlatform::Found the Hw Db part of the input DSA
TRACE::2019-12-08.17:56:33::SCWMssOS::Checking the sw design at  C:/git_repos/hackster/Zybo_EV_Platform/vitis_workspace/design_1_wrapper/ps7_cortexa9_0/standalone_domain/bsp/system.mss
TRACE::2019-12-08.17:56:33::SCWMssOS::DEBUG:  swdes dump  C:/git_repos/hackster/Zybo_EV_Platform/vitis_workspace/design_1_wrapper/ps7_cortexa9_0/standalone_domain/bsp/system.mss|system||

TRACE::2019-12-08.17:56:33::SCWMssOS::Sw design exists and opened at  C:/git_repos/hackster/Zybo_EV_Platform/vitis_workspace/design_1_wrapper/ps7_cortexa9_0/standalone_domain/bsp/system.mss
TRACE::2019-12-08.17:56:33::SCWPlatform::Trying to open the hw design at C:/git_repos/hackster/Zybo_EV_Platform/vitis_workspace/design_1_wrapper/hw/design_1_wrapper.xsa
TRACE::2019-12-08.17:56:33::SCWPlatform::DSA given C:/git_repos/hackster/Zybo_EV_Platform/vitis_workspace/design_1_wrapper/hw/design_1_wrapper.xsa
TRACE::2019-12-08.17:56:33::SCWPlatform::DSA absoulate path C:/git_repos/hackster/Zybo_EV_Platform/vitis_workspace/design_1_wrapper/hw/design_1_wrapper.xsa
TRACE::2019-12-08.17:56:33::SCWPlatform::DSA directory C:/git_repos/hackster/Zybo_EV_Platform/vitis_workspace/design_1_wrapper/hw
TRACE::2019-12-08.17:56:33::SCWPlatform:: Platform Path C:/git_repos/hackster/Zybo_EV_Platform/vitis_workspace/design_1_wrapper/hw/design_1_wrapper.xsa
TRACE::2019-12-08.17:56:33::SCWPlatform:: Unique name xilinx:zybo-z7-20::0.0
TRACE::2019-12-08.17:56:33::SCWPlatform::Trying to set the existing hwdb with name design_1_wrapper_1
TRACE::2019-12-08.17:56:33::SCWPlatform::Opened existing hwdb design_1_wrapper_1
TRACE::2019-12-08.17:56:33::SCWPlatform::Found the Hw Db part of the input DSA
TRACE::2019-12-08.17:56:33::SCWMssOS::Checking the sw design at  C:/git_repos/hackster/Zybo_EV_Platform/vitis_workspace/design_1_wrapper/ps7_cortexa9_0/standalone_domain/bsp/system.mss
TRACE::2019-12-08.17:56:33::SCWMssOS::DEBUG:  swdes dump  C:/git_repos/hackster/Zybo_EV_Platform/vitis_workspace/design_1_wrapper/ps7_cortexa9_0/standalone_domain/bsp/system.mss|system||

TRACE::2019-12-08.17:56:33::SCWMssOS::Sw design exists and opened at  C:/git_repos/hackster/Zybo_EV_Platform/vitis_workspace/design_1_wrapper/ps7_cortexa9_0/standalone_domain/bsp/system.mss
TRACE::2019-12-08.17:56:33::SCWWriter::formatted JSON is {
	"platformName":	"design_1_wrapper",
	"sprVersion":	"2.0",
	"mode":	"gui",
	"dsaType":	"Fixed",
	"platformDesc":	"design_1_wrapper",
	"platHandOff":	"C:/git_repos/hackster/Zybo_EV_Platform/design_1_wrapper.xsa",
	"platIntHandOff":	"<platformDir>/hw/design_1_wrapper.xsa",
	"deviceType":	"zynq",
	"platIsPrebuiltAutogen":	"false",
	"platIsNoBootBsp":	"true",
	"hasFsblMakeHasChanges":	"false",
	"hasPmufwMakeHasChanges":	"false",
	"platPreBuiltFlag":	false,
	"platformSamplesDir":	"",
	"platActiveSys":	"design_1_wrapper",
	"systems":	[{
			"systemName":	"design_1_wrapper",
			"systemDesc":	"design_1_wrapper",
			"sysIsBootAutoGen":	"true",
			"systemDispName":	"design_1_wrapper",
			"sysActiveDom":	"standalone_domain",
			"sysDefaultDom":	"standalone_domain",
			"domains":	[{
					"domainName":	"standalone_domain",
					"domainDispName":	"standalone on ps7_cortexa9_0",
					"domainDesc":	"standalone_domain",
					"processors":	"ps7_cortexa9_0",
					"os":	"standalone",
					"sdxOs":	"standalone",
					"qemuArgs":	"C:/Xilinx/Vitis/2019.2/data/emulation/platforms/zynq/qemu/qemu_args.txt",
					"qemuData":	"C:/Xilinx/Vitis/2019.2/data/emulation/platforms/zynq/qemu/",
					"debugEnable":	"False",
					"domRuntimes":	["cpp"],
					"swRepo":	"",
					"mssOsVer":	"7.1",
					"mssFile":	"",
					"md5Digest":	"3046cb4c5692e127248b38078921114d",
					"compatibleApp":	"hello_world",
					"domType":	"mssDomain",
					"arch":	"32-bit",
					"appSettings":	{
						"appCompilerFlags":	"",
						"appLinkerFlags":	""
					},
					"addedLibs":	[],
					"libOptions":	{
						"libsContainingOptions":	[]
					},
					"prebuiltLibs":	{
						"prebuiltIncPath":	[],
						"prebuiltLibPath":	[]
					},
					"isolation":	{
					}
				}]
		}]
}
LOG::2019-12-08.17:56:33::SCWPlatform::Started generating the artifacts platform design_1_wrapper
TRACE::2019-12-08.17:56:33::SCWPlatform::Sanity checking of platform is completed
LOG::2019-12-08.17:56:33::SCWPlatform::Started generating the artifacts for system configuration design_1_wrapper
LOG::2019-12-08.17:56:33::SCWSystem::Started Processing the domain standalone_domain
TRACE::2019-12-08.17:56:33::SCWDomain::Generating domain artifcats
TRACE::2019-12-08.17:56:33::SCWMssOS::Generating standalone artifcats
TRACE::2019-12-08.17:56:33::SCWMssOS::Copying the qemu file from  C:/Xilinx/Vitis/2019.2/data/emulation/platforms/zynq/qemu/qemu_args.txt To C:/git_repos/hackster/Zybo_EV_Platform/vitis_workspace/design_1_wrapper/export/design_1_wrapper/sw/design_1_wrapper/qemu/
TRACE::2019-12-08.17:56:33::SCWMssOS::Copying the qemu file from  C:/Xilinx/Vitis/2019.2/data/emulation/platforms/zynq/qemu/qemu_args.txt To C:/git_repos/hackster/Zybo_EV_Platform/vitis_workspace/design_1_wrapper/export/design_1_wrapper/sw/design_1_wrapper/standalone_domain/qemu/
TRACE::2019-12-08.17:56:33::SCWMssOS:: Copying the user libraries. 
TRACE::2019-12-08.17:56:33::SCWPlatform::Trying to open the hw design at C:/git_repos/hackster/Zybo_EV_Platform/vitis_workspace/design_1_wrapper/hw/design_1_wrapper.xsa
TRACE::2019-12-08.17:56:33::SCWPlatform::DSA given C:/git_repos/hackster/Zybo_EV_Platform/vitis_workspace/design_1_wrapper/hw/design_1_wrapper.xsa
TRACE::2019-12-08.17:56:33::SCWPlatform::DSA absoulate path C:/git_repos/hackster/Zybo_EV_Platform/vitis_workspace/design_1_wrapper/hw/design_1_wrapper.xsa
TRACE::2019-12-08.17:56:33::SCWPlatform::DSA directory C:/git_repos/hackster/Zybo_EV_Platform/vitis_workspace/design_1_wrapper/hw
TRACE::2019-12-08.17:56:33::SCWPlatform:: Platform Path C:/git_repos/hackster/Zybo_EV_Platform/vitis_workspace/design_1_wrapper/hw/design_1_wrapper.xsa
TRACE::2019-12-08.17:56:33::SCWPlatform:: Unique name xilinx:zybo-z7-20::0.0
TRACE::2019-12-08.17:56:33::SCWPlatform::Trying to set the existing hwdb with name design_1_wrapper_1
TRACE::2019-12-08.17:56:33::SCWPlatform::Opened existing hwdb design_1_wrapper_1
TRACE::2019-12-08.17:56:33::SCWPlatform::Found the Hw Db part of the input DSA
TRACE::2019-12-08.17:56:33::SCWMssOS::Checking the sw design at  C:/git_repos/hackster/Zybo_EV_Platform/vitis_workspace/design_1_wrapper/ps7_cortexa9_0/standalone_domain/bsp/system.mss
TRACE::2019-12-08.17:56:33::SCWMssOS::DEBUG:  swdes dump  C:/git_repos/hackster/Zybo_EV_Platform/vitis_workspace/design_1_wrapper/ps7_cortexa9_0/standalone_domain/bsp/system.mss|system||

TRACE::2019-12-08.17:56:33::SCWMssOS::Sw design exists and opened at  C:/git_repos/hackster/Zybo_EV_Platform/vitis_workspace/design_1_wrapper/ps7_cortexa9_0/standalone_domain/bsp/system.mss
TRACE::2019-12-08.17:56:33::SCWMssOS::Completed writing the mss file at C:/git_repos/hackster/Zybo_EV_Platform/vitis_workspace/design_1_wrapper/ps7_cortexa9_0/standalone_domain/bsp
TRACE::2019-12-08.17:56:33::SCWMssOS::Mss edits present, copying mssfile into export location C:/git_repos/hackster/Zybo_EV_Platform/vitis_workspace/design_1_wrapper/ps7_cortexa9_0/standalone_domain/bsp/system.mss
TRACE::2019-12-08.17:56:33::SCWMssOS::bsp generated is upto date with the mss file. Skipping bsp generation.
TRACE::2019-12-08.17:56:33::SCWMssOS::BSP is already built. skipping the bsp build ... 
TRACE::2019-12-08.17:56:33::SCWDomain::Building the domain as part of full build :  standalone_domain
TRACE::2019-12-08.17:56:33::SCWMssOS::skipping the bsp build ... 
TRACE::2019-12-08.17:56:33::SCWMssOS::Copying to export directory.
TRACE::2019-12-08.17:56:33::SCWMssOS:: Checking if to create the Supporting Applications
TRACE::2019-12-08.17:56:33::SCWMssOS:: No Linux domain exists, trying to generate FSBL 
TRACE::2019-12-08.17:56:33::SCWMssOS:: Completed Standalone Artifacts creation 
LOG::2019-12-08.17:56:33::SCWSystem::Completed Processing the domain standalone_domain
LOG::2019-12-08.17:56:33::SCWSystem::Completed Processing the sysconfig design_1_wrapper
LOG::2019-12-08.17:56:33::SCWPlatform::Completed generating the artifacts for system configuration design_1_wrapper
TRACE::2019-12-08.17:56:33::SCWPlatform::Started preparing the platform 
TRACE::2019-12-08.17:56:33::SCWSystem::Writing the bif file for system config design_1_wrapper
TRACE::2019-12-08.17:56:33::SCWSystem::dir created 
TRACE::2019-12-08.17:56:33::SCWSystem::Writing the bif 
TRACE::2019-12-08.17:56:33::SCWPlatform::Started writing the spfm file 
TRACE::2019-12-08.17:56:33::SCWPlatform::Started writing the xpfm file 
TRACE::2019-12-08.17:56:33::SCWPlatform::Completed generating the platform
TRACE::2019-12-08.17:56:33::SCWPlatform::Trying to open the hw design at C:/git_repos/hackster/Zybo_EV_Platform/vitis_workspace/design_1_wrapper/hw/design_1_wrapper.xsa
TRACE::2019-12-08.17:56:33::SCWPlatform::DSA given C:/git_repos/hackster/Zybo_EV_Platform/vitis_workspace/design_1_wrapper/hw/design_1_wrapper.xsa
TRACE::2019-12-08.17:56:33::SCWPlatform::DSA absoulate path C:/git_repos/hackster/Zybo_EV_Platform/vitis_workspace/design_1_wrapper/hw/design_1_wrapper.xsa
TRACE::2019-12-08.17:56:33::SCWPlatform::DSA directory C:/git_repos/hackster/Zybo_EV_Platform/vitis_workspace/design_1_wrapper/hw
TRACE::2019-12-08.17:56:33::SCWPlatform:: Platform Path C:/git_repos/hackster/Zybo_EV_Platform/vitis_workspace/design_1_wrapper/hw/design_1_wrapper.xsa
TRACE::2019-12-08.17:56:33::SCWPlatform:: Unique name xilinx:zybo-z7-20::0.0
TRACE::2019-12-08.17:56:33::SCWPlatform::Trying to set the existing hwdb with name design_1_wrapper_1
TRACE::2019-12-08.17:56:33::SCWPlatform::Opened existing hwdb design_1_wrapper_1
TRACE::2019-12-08.17:56:33::SCWPlatform::Found the Hw Db part of the input DSA
TRACE::2019-12-08.17:56:33::SCWMssOS::Checking the sw design at  C:/git_repos/hackster/Zybo_EV_Platform/vitis_workspace/design_1_wrapper/ps7_cortexa9_0/standalone_domain/bsp/system.mss
TRACE::2019-12-08.17:56:33::SCWMssOS::DEBUG:  swdes dump  C:/git_repos/hackster/Zybo_EV_Platform/vitis_workspace/design_1_wrapper/ps7_cortexa9_0/standalone_domain/bsp/system.mss|system||

TRACE::2019-12-08.17:56:33::SCWMssOS::Sw design exists and opened at  C:/git_repos/hackster/Zybo_EV_Platform/vitis_workspace/design_1_wrapper/ps7_cortexa9_0/standalone_domain/bsp/system.mss
TRACE::2019-12-08.17:56:33::SCWPlatform::Trying to open the hw design at C:/git_repos/hackster/Zybo_EV_Platform/vitis_workspace/design_1_wrapper/hw/design_1_wrapper.xsa
TRACE::2019-12-08.17:56:33::SCWPlatform::DSA given C:/git_repos/hackster/Zybo_EV_Platform/vitis_workspace/design_1_wrapper/hw/design_1_wrapper.xsa
TRACE::2019-12-08.17:56:33::SCWPlatform::DSA absoulate path C:/git_repos/hackster/Zybo_EV_Platform/vitis_workspace/design_1_wrapper/hw/design_1_wrapper.xsa
TRACE::2019-12-08.17:56:33::SCWPlatform::DSA directory C:/git_repos/hackster/Zybo_EV_Platform/vitis_workspace/design_1_wrapper/hw
TRACE::2019-12-08.17:56:33::SCWPlatform:: Platform Path C:/git_repos/hackster/Zybo_EV_Platform/vitis_workspace/design_1_wrapper/hw/design_1_wrapper.xsa
TRACE::2019-12-08.17:56:33::SCWPlatform:: Unique name xilinx:zybo-z7-20::0.0
TRACE::2019-12-08.17:56:33::SCWPlatform::Trying to set the existing hwdb with name design_1_wrapper_1
TRACE::2019-12-08.17:56:33::SCWPlatform::Opened existing hwdb design_1_wrapper_1
TRACE::2019-12-08.17:56:33::SCWPlatform::Found the Hw Db part of the input DSA
TRACE::2019-12-08.17:56:33::SCWMssOS::Checking the sw design at  C:/git_repos/hackster/Zybo_EV_Platform/vitis_workspace/design_1_wrapper/ps7_cortexa9_0/standalone_domain/bsp/system.mss
TRACE::2019-12-08.17:56:33::SCWMssOS::DEBUG:  swdes dump  C:/git_repos/hackster/Zybo_EV_Platform/vitis_workspace/design_1_wrapper/ps7_cortexa9_0/standalone_domain/bsp/system.mss|system||

TRACE::2019-12-08.17:56:33::SCWMssOS::Sw design exists and opened at  C:/git_repos/hackster/Zybo_EV_Platform/vitis_workspace/design_1_wrapper/ps7_cortexa9_0/standalone_domain/bsp/system.mss
TRACE::2019-12-08.17:56:33::SCWPlatform::Trying to open the hw design at C:/git_repos/hackster/Zybo_EV_Platform/vitis_workspace/design_1_wrapper/hw/design_1_wrapper.xsa
TRACE::2019-12-08.17:56:33::SCWPlatform::DSA given C:/git_repos/hackster/Zybo_EV_Platform/vitis_workspace/design_1_wrapper/hw/design_1_wrapper.xsa
TRACE::2019-12-08.17:56:33::SCWPlatform::DSA absoulate path C:/git_repos/hackster/Zybo_EV_Platform/vitis_workspace/design_1_wrapper/hw/design_1_wrapper.xsa
TRACE::2019-12-08.17:56:33::SCWPlatform::DSA directory C:/git_repos/hackster/Zybo_EV_Platform/vitis_workspace/design_1_wrapper/hw
TRACE::2019-12-08.17:56:33::SCWPlatform:: Platform Path C:/git_repos/hackster/Zybo_EV_Platform/vitis_workspace/design_1_wrapper/hw/design_1_wrapper.xsa
TRACE::2019-12-08.17:56:33::SCWPlatform:: Unique name xilinx:zybo-z7-20::0.0
TRACE::2019-12-08.17:56:33::SCWPlatform::Trying to set the existing hwdb with name design_1_wrapper_1
TRACE::2019-12-08.17:56:33::SCWPlatform::Opened existing hwdb design_1_wrapper_1
TRACE::2019-12-08.17:56:33::SCWPlatform::Found the Hw Db part of the input DSA
TRACE::2019-12-08.17:56:33::SCWMssOS::Checking the sw design at  C:/git_repos/hackster/Zybo_EV_Platform/vitis_workspace/design_1_wrapper/ps7_cortexa9_0/standalone_domain/bsp/system.mss
TRACE::2019-12-08.17:56:33::SCWMssOS::DEBUG:  swdes dump  C:/git_repos/hackster/Zybo_EV_Platform/vitis_workspace/design_1_wrapper/ps7_cortexa9_0/standalone_domain/bsp/system.mss|system||

TRACE::2019-12-08.17:56:33::SCWMssOS::Sw design exists and opened at  C:/git_repos/hackster/Zybo_EV_Platform/vitis_workspace/design_1_wrapper/ps7_cortexa9_0/standalone_domain/bsp/system.mss
TRACE::2019-12-08.17:56:33::SCWWriter::formatted JSON is {
	"platformName":	"design_1_wrapper",
	"sprVersion":	"2.0",
	"mode":	"gui",
	"dsaType":	"Fixed",
	"platformDesc":	"design_1_wrapper",
	"platHandOff":	"C:/git_repos/hackster/Zybo_EV_Platform/design_1_wrapper.xsa",
	"platIntHandOff":	"<platformDir>/hw/design_1_wrapper.xsa",
	"deviceType":	"zynq",
	"platIsPrebuiltAutogen":	"false",
	"platIsNoBootBsp":	"true",
	"hasFsblMakeHasChanges":	"false",
	"hasPmufwMakeHasChanges":	"false",
	"platPreBuiltFlag":	false,
	"platformSamplesDir":	"",
	"platActiveSys":	"design_1_wrapper",
	"systems":	[{
			"systemName":	"design_1_wrapper",
			"systemDesc":	"design_1_wrapper",
			"sysIsBootAutoGen":	"true",
			"systemDispName":	"design_1_wrapper",
			"sysActiveDom":	"standalone_domain",
			"sysDefaultDom":	"standalone_domain",
			"domains":	[{
					"domainName":	"standalone_domain",
					"domainDispName":	"standalone on ps7_cortexa9_0",
					"domainDesc":	"standalone_domain",
					"processors":	"ps7_cortexa9_0",
					"os":	"standalone",
					"sdxOs":	"standalone",
					"qemuArgs":	"C:/Xilinx/Vitis/2019.2/data/emulation/platforms/zynq/qemu/qemu_args.txt",
					"qemuData":	"C:/Xilinx/Vitis/2019.2/data/emulation/platforms/zynq/qemu/",
					"debugEnable":	"False",
					"domRuntimes":	["cpp"],
					"swRepo":	"",
					"mssOsVer":	"7.1",
					"mssFile":	"",
					"md5Digest":	"3046cb4c5692e127248b38078921114d",
					"compatibleApp":	"hello_world",
					"domType":	"mssDomain",
					"arch":	"32-bit",
					"appSettings":	{
						"appCompilerFlags":	"",
						"appLinkerFlags":	""
					},
					"addedLibs":	[],
					"libOptions":	{
						"libsContainingOptions":	[]
					},
					"prebuiltLibs":	{
						"prebuiltIncPath":	[],
						"prebuiltLibPath":	[]
					},
					"isolation":	{
					}
				}]
		}]
}
KEYINFO::2019-12-08.17:56:33::SCWPlatform::updated the xpfm file.
LOG::2019-12-08.17:58:27::SCWPlatform::Started generating the artifacts platform design_1_wrapper
TRACE::2019-12-08.17:58:27::SCWPlatform::Sanity checking of platform is completed
LOG::2019-12-08.17:58:27::SCWPlatform::Started generating the artifacts for system configuration design_1_wrapper
LOG::2019-12-08.17:58:27::SCWSystem::Checking the domain standalone_domain
LOG::2019-12-08.17:58:27::SCWSystem::Not a boot domain 
LOG::2019-12-08.17:58:27::SCWSystem::Started Processing the domain standalone_domain
TRACE::2019-12-08.17:58:27::SCWDomain::Generating domain artifcats
TRACE::2019-12-08.17:58:27::SCWMssOS::Generating standalone artifcats
TRACE::2019-12-08.17:58:27::SCWMssOS::Copying the qemu file from  C:/Xilinx/Vitis/2019.2/data/emulation/platforms/zynq/qemu/qemu_args.txt To C:/git_repos/hackster/Zybo_EV_Platform/vitis_workspace/design_1_wrapper/export/design_1_wrapper/sw/design_1_wrapper/qemu/
TRACE::2019-12-08.17:58:27::SCWMssOS::Copying the qemu file from  C:/Xilinx/Vitis/2019.2/data/emulation/platforms/zynq/qemu/qemu_args.txt To C:/git_repos/hackster/Zybo_EV_Platform/vitis_workspace/design_1_wrapper/export/design_1_wrapper/sw/design_1_wrapper/standalone_domain/qemu/
TRACE::2019-12-08.17:58:27::SCWMssOS:: Copying the user libraries. 
TRACE::2019-12-08.17:58:27::SCWPlatform::Trying to open the hw design at C:/git_repos/hackster/Zybo_EV_Platform/vitis_workspace/design_1_wrapper/hw/design_1_wrapper.xsa
TRACE::2019-12-08.17:58:27::SCWPlatform::DSA given C:/git_repos/hackster/Zybo_EV_Platform/vitis_workspace/design_1_wrapper/hw/design_1_wrapper.xsa
TRACE::2019-12-08.17:58:27::SCWPlatform::DSA absoulate path C:/git_repos/hackster/Zybo_EV_Platform/vitis_workspace/design_1_wrapper/hw/design_1_wrapper.xsa
TRACE::2019-12-08.17:58:27::SCWPlatform::DSA directory C:/git_repos/hackster/Zybo_EV_Platform/vitis_workspace/design_1_wrapper/hw
TRACE::2019-12-08.17:58:27::SCWPlatform:: Platform Path C:/git_repos/hackster/Zybo_EV_Platform/vitis_workspace/design_1_wrapper/hw/design_1_wrapper.xsa
TRACE::2019-12-08.17:58:27::SCWPlatform:: Unique name xilinx:zybo-z7-20::0.0
TRACE::2019-12-08.17:58:27::SCWPlatform::Trying to set the existing hwdb with name design_1_wrapper_1
TRACE::2019-12-08.17:58:27::SCWPlatform::Opened existing hwdb design_1_wrapper_1
TRACE::2019-12-08.17:58:27::SCWPlatform::Found the Hw Db part of the input DSA
TRACE::2019-12-08.17:58:27::SCWMssOS::Checking the sw design at  C:/git_repos/hackster/Zybo_EV_Platform/vitis_workspace/design_1_wrapper/ps7_cortexa9_0/standalone_domain/bsp/system.mss
TRACE::2019-12-08.17:58:27::SCWMssOS::DEBUG:  swdes dump  C:/git_repos/hackster/Zybo_EV_Platform/vitis_workspace/design_1_wrapper/ps7_cortexa9_0/standalone_domain/bsp/system.mss|system||

TRACE::2019-12-08.17:58:27::SCWMssOS::Sw design exists and opened at  C:/git_repos/hackster/Zybo_EV_Platform/vitis_workspace/design_1_wrapper/ps7_cortexa9_0/standalone_domain/bsp/system.mss
TRACE::2019-12-08.17:58:27::SCWMssOS::Completed writing the mss file at C:/git_repos/hackster/Zybo_EV_Platform/vitis_workspace/design_1_wrapper/ps7_cortexa9_0/standalone_domain/bsp
TRACE::2019-12-08.17:58:27::SCWMssOS::Mss edits present, copying mssfile into export location C:/git_repos/hackster/Zybo_EV_Platform/vitis_workspace/design_1_wrapper/ps7_cortexa9_0/standalone_domain/bsp/system.mss
TRACE::2019-12-08.17:58:27::SCWMssOS::bsp generated is upto date with the mss file. Skipping bsp generation.
TRACE::2019-12-08.17:58:27::SCWMssOS::BSP is already built. skipping the bsp build ... 
TRACE::2019-12-08.17:58:27::SCWDomain::Building the domain as part of full build :  standalone_domain
TRACE::2019-12-08.17:58:27::SCWMssOS::doing bsp build ... 
TRACE::2019-12-08.17:58:27::SCWMssOS::System Command Ran  C: & cd  C:/git_repos/hackster/Zybo_EV_Platform/vitis_workspace/design_1_wrapper/ps7_cortexa9_0/standalone_domain/bsp & make 
TRACE::2019-12-08.17:58:27::SCWMssOS::"Running Make include in ps7_cortexa9_0/libsrc/axivdma_v6_6/src"

TRACE::2019-12-08.17:58:27::SCWMssOS::make -C ps7_cortexa9_0/libsrc/axivdma_v6_6/src -s include  "SHELL=CMD" "COMPILER=arm-none-eabi-gcc" "ASSEMBLER=arm-none-eabi-as
TRACE::2019-12-08.17:58:27::SCWMssOS::" "ARCHIVER=arm-none-eabi-ar" "COMPILER_FLAGS=  -O2 -c" "EXTRA_COMPILER_FLAGS=-mcpu=cortex-a9 -mfpu=vfpv3 -mfloat-abi=hard -nos
TRACE::2019-12-08.17:58:27::SCWMssOS::tartfiles -g -Wall -Wextra"

TRACE::2019-12-08.17:58:27::SCWMssOS::"Running Make include in ps7_cortexa9_0/libsrc/coresightps_dcc_v1_6/src"

TRACE::2019-12-08.17:58:27::SCWMssOS::make -C ps7_cortexa9_0/libsrc/coresightps_dcc_v1_6/src -s include  "SHELL=CMD" "COMPILER=arm-none-eabi-gcc" "ASSEMBLER=arm-none
TRACE::2019-12-08.17:58:27::SCWMssOS::-eabi-as" "ARCHIVER=arm-none-eabi-ar" "COMPILER_FLAGS=  -O2 -c" "EXTRA_COMPILER_FLAGS=-mcpu=cortex-a9 -mfpu=vfpv3 -mfloat-abi=h
TRACE::2019-12-08.17:58:27::SCWMssOS::ard -nostartfiles -g -Wall -Wextra"

TRACE::2019-12-08.17:58:27::SCWMssOS::"Running Make include in ps7_cortexa9_0/libsrc/cpu_cortexa9_v2_8/src"

TRACE::2019-12-08.17:58:27::SCWMssOS::make -C ps7_cortexa9_0/libsrc/cpu_cortexa9_v2_8/src -s include  "SHELL=CMD" "COMPILER=arm-none-eabi-gcc" "ASSEMBLER=arm-none-ea
TRACE::2019-12-08.17:58:27::SCWMssOS::bi-as" "ARCHIVER=arm-none-eabi-ar" "COMPILER_FLAGS=  -O2 -c" "EXTRA_COMPILER_FLAGS=-mcpu=cortex-a9 -mfpu=vfpv3 -mfloat-abi=hard
TRACE::2019-12-08.17:58:27::SCWMssOS:: -nostartfiles -g -Wall -Wextra"

TRACE::2019-12-08.17:58:27::SCWMssOS::"Running Make include in ps7_cortexa9_0/libsrc/ddrps_v1_0/src"

TRACE::2019-12-08.17:58:27::SCWMssOS::make -C ps7_cortexa9_0/libsrc/ddrps_v1_0/src -s include  "SHELL=CMD" "COMPILER=arm-none-eabi-gcc" "ASSEMBLER=arm-none-eabi-as" 
TRACE::2019-12-08.17:58:27::SCWMssOS::"ARCHIVER=arm-none-eabi-ar" "COMPILER_FLAGS=  -O2 -c" "EXTRA_COMPILER_FLAGS=-mcpu=cortex-a9 -mfpu=vfpv3 -mfloat-abi=hard -nosta
TRACE::2019-12-08.17:58:27::SCWMssOS::rtfiles -g -Wall -Wextra"

TRACE::2019-12-08.17:58:27::SCWMssOS::"Running Make include in ps7_cortexa9_0/libsrc/devcfg_v3_5/src"

TRACE::2019-12-08.17:58:27::SCWMssOS::make -C ps7_cortexa9_0/libsrc/devcfg_v3_5/src -s include  "SHELL=CMD" "COMPILER=arm-none-eabi-gcc" "ASSEMBLER=arm-none-eabi-as"
TRACE::2019-12-08.17:58:27::SCWMssOS:: "ARCHIVER=arm-none-eabi-ar" "COMPILER_FLAGS=  -O2 -c" "EXTRA_COMPILER_FLAGS=-mcpu=cortex-a9 -mfpu=vfpv3 -mfloat-abi=hard -nost
TRACE::2019-12-08.17:58:27::SCWMssOS::artfiles -g -Wall -Wextra"

TRACE::2019-12-08.17:58:27::SCWMssOS::"Running Make include in ps7_cortexa9_0/libsrc/dmaps_v2_5/src"

TRACE::2019-12-08.17:58:27::SCWMssOS::make -C ps7_cortexa9_0/libsrc/dmaps_v2_5/src -s include  "SHELL=CMD" "COMPILER=arm-none-eabi-gcc" "ASSEMBLER=arm-none-eabi-as" 
TRACE::2019-12-08.17:58:27::SCWMssOS::"ARCHIVER=arm-none-eabi-ar" "COMPILER_FLAGS=  -O2 -c" "EXTRA_COMPILER_FLAGS=-mcpu=cortex-a9 -mfpu=vfpv3 -mfloat-abi=hard -nosta
TRACE::2019-12-08.17:58:27::SCWMssOS::rtfiles -g -Wall -Wextra"

TRACE::2019-12-08.17:58:28::SCWMssOS::"Running Make include in ps7_cortexa9_0/libsrc/emacps_v3_10/src"

TRACE::2019-12-08.17:58:28::SCWMssOS::make -C ps7_cortexa9_0/libsrc/emacps_v3_10/src -s include  "SHELL=CMD" "COMPILER=arm-none-eabi-gcc" "ASSEMBLER=arm-none-eabi-as
TRACE::2019-12-08.17:58:28::SCWMssOS::" "ARCHIVER=arm-none-eabi-ar" "COMPILER_FLAGS=  -O2 -c" "EXTRA_COMPILER_FLAGS=-mcpu=cortex-a9 -mfpu=vfpv3 -mfloat-abi=hard -nos
TRACE::2019-12-08.17:58:28::SCWMssOS::tartfiles -g -Wall -Wextra"

TRACE::2019-12-08.17:58:28::SCWMssOS::"Running Make include in ps7_cortexa9_0/libsrc/gpiops_v3_6/src"

TRACE::2019-12-08.17:58:28::SCWMssOS::make -C ps7_cortexa9_0/libsrc/gpiops_v3_6/src -s include  "SHELL=CMD" "COMPILER=arm-none-eabi-gcc" "ASSEMBLER=arm-none-eabi-as"
TRACE::2019-12-08.17:58:28::SCWMssOS:: "ARCHIVER=arm-none-eabi-ar" "COMPILER_FLAGS=  -O2 -c" "EXTRA_COMPILER_FLAGS=-mcpu=cortex-a9 -mfpu=vfpv3 -mfloat-abi=hard -nost
TRACE::2019-12-08.17:58:28::SCWMssOS::artfiles -g -Wall -Wextra"

TRACE::2019-12-08.17:58:28::SCWMssOS::"Running Make include in ps7_cortexa9_0/libsrc/gpio_v4_5/src"

TRACE::2019-12-08.17:58:28::SCWMssOS::make -C ps7_cortexa9_0/libsrc/gpio_v4_5/src -s include  "SHELL=CMD" "COMPILER=arm-none-eabi-gcc" "ASSEMBLER=arm-none-eabi-as" "
TRACE::2019-12-08.17:58:28::SCWMssOS::ARCHIVER=arm-none-eabi-ar" "COMPILER_FLAGS=  -O2 -c" "EXTRA_COMPILER_FLAGS=-mcpu=cortex-a9 -mfpu=vfpv3 -mfloat-abi=hard -nostar
TRACE::2019-12-08.17:58:28::SCWMssOS::tfiles -g -Wall -Wextra"

TRACE::2019-12-08.17:58:28::SCWMssOS::"Running Make include in ps7_cortexa9_0/libsrc/qspips_v3_6/src"

TRACE::2019-12-08.17:58:28::SCWMssOS::make -C ps7_cortexa9_0/libsrc/qspips_v3_6/src -s include  "SHELL=CMD" "COMPILER=arm-none-eabi-gcc" "ASSEMBLER=arm-none-eabi-as"
TRACE::2019-12-08.17:58:28::SCWMssOS:: "ARCHIVER=arm-none-eabi-ar" "COMPILER_FLAGS=  -O2 -c" "EXTRA_COMPILER_FLAGS=-mcpu=cortex-a9 -mfpu=vfpv3 -mfloat-abi=hard -nost
TRACE::2019-12-08.17:58:28::SCWMssOS::artfiles -g -Wall -Wextra"

TRACE::2019-12-08.17:58:28::SCWMssOS::"Running Make include in ps7_cortexa9_0/libsrc/scugic_v4_1/src"

TRACE::2019-12-08.17:58:28::SCWMssOS::make -C ps7_cortexa9_0/libsrc/scugic_v4_1/src -s include  "SHELL=CMD" "COMPILER=arm-none-eabi-gcc" "ASSEMBLER=arm-none-eabi-as"
TRACE::2019-12-08.17:58:28::SCWMssOS:: "ARCHIVER=arm-none-eabi-ar" "COMPILER_FLAGS=  -O2 -c" "EXTRA_COMPILER_FLAGS=-mcpu=cortex-a9 -mfpu=vfpv3 -mfloat-abi=hard -nost
TRACE::2019-12-08.17:58:28::SCWMssOS::artfiles -g -Wall -Wextra"

TRACE::2019-12-08.17:58:28::SCWMssOS::"Running Make include in ps7_cortexa9_0/libsrc/scutimer_v2_1/src"

TRACE::2019-12-08.17:58:28::SCWMssOS::make -C ps7_cortexa9_0/libsrc/scutimer_v2_1/src -s include  "SHELL=CMD" "COMPILER=arm-none-eabi-gcc" "ASSEMBLER=arm-none-eabi-a
TRACE::2019-12-08.17:58:28::SCWMssOS::s" "ARCHIVER=arm-none-eabi-ar" "COMPILER_FLAGS=  -O2 -c" "EXTRA_COMPILER_FLAGS=-mcpu=cortex-a9 -mfpu=vfpv3 -mfloat-abi=hard -no
TRACE::2019-12-08.17:58:28::SCWMssOS::startfiles -g -Wall -Wextra"

TRACE::2019-12-08.17:58:28::SCWMssOS::"Running Make include in ps7_cortexa9_0/libsrc/scuwdt_v2_1/src"

TRACE::2019-12-08.17:58:28::SCWMssOS::make -C ps7_cortexa9_0/libsrc/scuwdt_v2_1/src -s include  "SHELL=CMD" "COMPILER=arm-none-eabi-gcc" "ASSEMBLER=arm-none-eabi-as"
TRACE::2019-12-08.17:58:28::SCWMssOS:: "ARCHIVER=arm-none-eabi-ar" "COMPILER_FLAGS=  -O2 -c" "EXTRA_COMPILER_FLAGS=-mcpu=cortex-a9 -mfpu=vfpv3 -mfloat-abi=hard -nost
TRACE::2019-12-08.17:58:28::SCWMssOS::artfiles -g -Wall -Wextra"

TRACE::2019-12-08.17:58:28::SCWMssOS::"Running Make include in ps7_cortexa9_0/libsrc/sdps_v3_8/src"

TRACE::2019-12-08.17:58:28::SCWMssOS::make -C ps7_cortexa9_0/libsrc/sdps_v3_8/src -s include  "SHELL=CMD" "COMPILER=arm-none-eabi-gcc" "ASSEMBLER=arm-none-eabi-as" "
TRACE::2019-12-08.17:58:28::SCWMssOS::ARCHIVER=arm-none-eabi-ar" "COMPILER_FLAGS=  -O2 -c" "EXTRA_COMPILER_FLAGS=-mcpu=cortex-a9 -mfpu=vfpv3 -mfloat-abi=hard -nostar
TRACE::2019-12-08.17:58:28::SCWMssOS::tfiles -g -Wall -Wextra"

TRACE::2019-12-08.17:58:28::SCWMssOS::"Running Make include in ps7_cortexa9_0/libsrc/standalone_v7_1/src"

TRACE::2019-12-08.17:58:28::SCWMssOS::make -C ps7_cortexa9_0/libsrc/standalone_v7_1/src -s include  "SHELL=CMD" "COMPILER=arm-none-eabi-gcc" "ASSEMBLER=arm-none-eabi
TRACE::2019-12-08.17:58:28::SCWMssOS::-as" "ARCHIVER=arm-none-eabi-ar" "COMPILER_FLAGS=  -O2 -c" "EXTRA_COMPILER_FLAGS=-mcpu=cortex-a9 -mfpu=vfpv3 -mfloat-abi=hard -
TRACE::2019-12-08.17:58:28::SCWMssOS::nostartfiles -g -Wall -Wextra"

TRACE::2019-12-08.17:58:28::SCWMssOS::"Running Make include in ps7_cortexa9_0/libsrc/uartps_v3_8/src"

TRACE::2019-12-08.17:58:28::SCWMssOS::make -C ps7_cortexa9_0/libsrc/uartps_v3_8/src -s include  "SHELL=CMD" "COMPILER=arm-none-eabi-gcc" "ASSEMBLER=arm-none-eabi-as"
TRACE::2019-12-08.17:58:28::SCWMssOS:: "ARCHIVER=arm-none-eabi-ar" "COMPILER_FLAGS=  -O2 -c" "EXTRA_COMPILER_FLAGS=-mcpu=cortex-a9 -mfpu=vfpv3 -mfloat-abi=hard -nost
TRACE::2019-12-08.17:58:28::SCWMssOS::artfiles -g -Wall -Wextra"

TRACE::2019-12-08.17:58:29::SCWMssOS::"Running Make include in ps7_cortexa9_0/libsrc/usbps_v2_4/src"

TRACE::2019-12-08.17:58:29::SCWMssOS::make -C ps7_cortexa9_0/libsrc/usbps_v2_4/src -s include  "SHELL=CMD" "COMPILER=arm-none-eabi-gcc" "ASSEMBLER=arm-none-eabi-as" 
TRACE::2019-12-08.17:58:29::SCWMssOS::"ARCHIVER=arm-none-eabi-ar" "COMPILER_FLAGS=  -O2 -c" "EXTRA_COMPILER_FLAGS=-mcpu=cortex-a9 -mfpu=vfpv3 -mfloat-abi=hard -nosta
TRACE::2019-12-08.17:58:29::SCWMssOS::rtfiles -g -Wall -Wextra"

TRACE::2019-12-08.17:58:29::SCWMssOS::"Running Make include in ps7_cortexa9_0/libsrc/vtc_v8_0/src"

TRACE::2019-12-08.17:58:29::SCWMssOS::make -C ps7_cortexa9_0/libsrc/vtc_v8_0/src -s include  "SHELL=CMD" "COMPILER=arm-none-eabi-gcc" "ASSEMBLER=arm-none-eabi-as" "A
TRACE::2019-12-08.17:58:29::SCWMssOS::RCHIVER=arm-none-eabi-ar" "COMPILER_FLAGS=  -O2 -c" "EXTRA_COMPILER_FLAGS=-mcpu=cortex-a9 -mfpu=vfpv3 -mfloat-abi=hard -nostart
TRACE::2019-12-08.17:58:29::SCWMssOS::files -g -Wall -Wextra"

TRACE::2019-12-08.17:58:29::SCWMssOS::"Running Make include in ps7_cortexa9_0/libsrc/xadcps_v2_3/src"

TRACE::2019-12-08.17:58:29::SCWMssOS::make -C ps7_cortexa9_0/libsrc/xadcps_v2_3/src -s include  "SHELL=CMD" "COMPILER=arm-none-eabi-gcc" "ASSEMBLER=arm-none-eabi-as"
TRACE::2019-12-08.17:58:29::SCWMssOS:: "ARCHIVER=arm-none-eabi-ar" "COMPILER_FLAGS=  -O2 -c" "EXTRA_COMPILER_FLAGS=-mcpu=cortex-a9 -mfpu=vfpv3 -mfloat-abi=hard -nost
TRACE::2019-12-08.17:58:29::SCWMssOS::artfiles -g -Wall -Wextra"

TRACE::2019-12-08.17:58:29::SCWMssOS::"Running Make libs in ps7_cortexa9_0/libsrc/axivdma_v6_6/src"

TRACE::2019-12-08.17:58:29::SCWMssOS::make -C ps7_cortexa9_0/libsrc/axivdma_v6_6/src -s libs  "SHELL=CMD" "COMPILER=arm-none-eabi-gcc" "ASSEMBLER=arm-none-eabi-as" "
TRACE::2019-12-08.17:58:29::SCWMssOS::ARCHIVER=arm-none-eabi-ar" "COMPILER_FLAGS=  -O2 -c" "EXTRA_COMPILER_FLAGS=-mcpu=cortex-a9 -mfpu=vfpv3 -mfloat-abi=hard -nostar
TRACE::2019-12-08.17:58:29::SCWMssOS::tfiles -g -Wall -Wextra"

TRACE::2019-12-08.17:58:29::SCWMssOS::"Compiling axivdma"

TRACE::2019-12-08.17:58:31::SCWMssOS::"Running Make libs in ps7_cortexa9_0/libsrc/coresightps_dcc_v1_6/src"

TRACE::2019-12-08.17:58:31::SCWMssOS::make -C ps7_cortexa9_0/libsrc/coresightps_dcc_v1_6/src -s libs  "SHELL=CMD" "COMPILER=arm-none-eabi-gcc" "ASSEMBLER=arm-none-ea
TRACE::2019-12-08.17:58:31::SCWMssOS::bi-as" "ARCHIVER=arm-none-eabi-ar" "COMPILER_FLAGS=  -O2 -c" "EXTRA_COMPILER_FLAGS=-mcpu=cortex-a9 -mfpu=vfpv3 -mfloat-abi=hard
TRACE::2019-12-08.17:58:31::SCWMssOS:: -nostartfiles -g -Wall -Wextra"

TRACE::2019-12-08.17:58:31::SCWMssOS::"Compiling coresightps_dcc"

TRACE::2019-12-08.17:58:31::SCWMssOS::"Running Make libs in ps7_cortexa9_0/libsrc/cpu_cortexa9_v2_8/src"

TRACE::2019-12-08.17:58:31::SCWMssOS::make -C ps7_cortexa9_0/libsrc/cpu_cortexa9_v2_8/src -s libs  "SHELL=CMD" "COMPILER=arm-none-eabi-gcc" "ASSEMBLER=arm-none-eabi-
TRACE::2019-12-08.17:58:31::SCWMssOS::as" "ARCHIVER=arm-none-eabi-ar" "COMPILER_FLAGS=  -O2 -c" "EXTRA_COMPILER_FLAGS=-mcpu=cortex-a9 -mfpu=vfpv3 -mfloat-abi=hard -n
TRACE::2019-12-08.17:58:31::SCWMssOS::ostartfiles -g -Wall -Wextra"

TRACE::2019-12-08.17:58:31::SCWMssOS::"Compiling cpu_cortexa9"

TRACE::2019-12-08.17:58:31::SCWMssOS::"Running Make libs in ps7_cortexa9_0/libsrc/ddrps_v1_0/src"

TRACE::2019-12-08.17:58:31::SCWMssOS::make -C ps7_cortexa9_0/libsrc/ddrps_v1_0/src -s libs  "SHELL=CMD" "COMPILER=arm-none-eabi-gcc" "ASSEMBLER=arm-none-eabi-as" "AR
TRACE::2019-12-08.17:58:31::SCWMssOS::CHIVER=arm-none-eabi-ar" "COMPILER_FLAGS=  -O2 -c" "EXTRA_COMPILER_FLAGS=-mcpu=cortex-a9 -mfpu=vfpv3 -mfloat-abi=hard -nostartf
TRACE::2019-12-08.17:58:31::SCWMssOS::iles -g -Wall -Wextra"

TRACE::2019-12-08.17:58:31::SCWMssOS::"Compiling ddrps"

TRACE::2019-12-08.17:58:31::SCWMssOS::"Running Make libs in ps7_cortexa9_0/libsrc/devcfg_v3_5/src"

TRACE::2019-12-08.17:58:31::SCWMssOS::make -C ps7_cortexa9_0/libsrc/devcfg_v3_5/src -s libs  "SHELL=CMD" "COMPILER=arm-none-eabi-gcc" "ASSEMBLER=arm-none-eabi-as" "A
TRACE::2019-12-08.17:58:31::SCWMssOS::RCHIVER=arm-none-eabi-ar" "COMPILER_FLAGS=  -O2 -c" "EXTRA_COMPILER_FLAGS=-mcpu=cortex-a9 -mfpu=vfpv3 -mfloat-abi=hard -nostart
TRACE::2019-12-08.17:58:31::SCWMssOS::files -g -Wall -Wextra"

TRACE::2019-12-08.17:58:32::SCWMssOS::"Compiling devcfg"

TRACE::2019-12-08.17:58:33::SCWMssOS::"Running Make libs in ps7_cortexa9_0/libsrc/dmaps_v2_5/src"

TRACE::2019-12-08.17:58:33::SCWMssOS::make -C ps7_cortexa9_0/libsrc/dmaps_v2_5/src -s libs  "SHELL=CMD" "COMPILER=arm-none-eabi-gcc" "ASSEMBLER=arm-none-eabi-as" "AR
TRACE::2019-12-08.17:58:33::SCWMssOS::CHIVER=arm-none-eabi-ar" "COMPILER_FLAGS=  -O2 -c" "EXTRA_COMPILER_FLAGS=-mcpu=cortex-a9 -mfpu=vfpv3 -mfloat-abi=hard -nostartf
TRACE::2019-12-08.17:58:33::SCWMssOS::iles -g -Wall -Wextra"

TRACE::2019-12-08.17:58:33::SCWMssOS::"Compiling dmaps"

TRACE::2019-12-08.17:58:35::SCWMssOS::"Running Make libs in ps7_cortexa9_0/libsrc/emacps_v3_10/src"

TRACE::2019-12-08.17:58:35::SCWMssOS::make -C ps7_cortexa9_0/libsrc/emacps_v3_10/src -s libs  "SHELL=CMD" "COMPILER=arm-none-eabi-gcc" "ASSEMBLER=arm-none-eabi-as" "
TRACE::2019-12-08.17:58:35::SCWMssOS::ARCHIVER=arm-none-eabi-ar" "COMPILER_FLAGS=  -O2 -c" "EXTRA_COMPILER_FLAGS=-mcpu=cortex-a9 -mfpu=vfpv3 -mfloat-abi=hard -nostar
TRACE::2019-12-08.17:58:35::SCWMssOS::tfiles -g -Wall -Wextra"

TRACE::2019-12-08.17:58:35::SCWMssOS::"Compiling emacps"

TRACE::2019-12-08.17:58:37::SCWMssOS::"Running Make libs in ps7_cortexa9_0/libsrc/gpiops_v3_6/src"

TRACE::2019-12-08.17:58:37::SCWMssOS::make -C ps7_cortexa9_0/libsrc/gpiops_v3_6/src -s libs  "SHELL=CMD" "COMPILER=arm-none-eabi-gcc" "ASSEMBLER=arm-none-eabi-as" "A
TRACE::2019-12-08.17:58:37::SCWMssOS::RCHIVER=arm-none-eabi-ar" "COMPILER_FLAGS=  -O2 -c" "EXTRA_COMPILER_FLAGS=-mcpu=cortex-a9 -mfpu=vfpv3 -mfloat-abi=hard -nostart
TRACE::2019-12-08.17:58:37::SCWMssOS::files -g -Wall -Wextra"

TRACE::2019-12-08.17:58:37::SCWMssOS::"Compiling gpiops"

TRACE::2019-12-08.17:58:39::SCWMssOS::"Running Make libs in ps7_cortexa9_0/libsrc/gpio_v4_5/src"

TRACE::2019-12-08.17:58:39::SCWMssOS::make -C ps7_cortexa9_0/libsrc/gpio_v4_5/src -s libs  "SHELL=CMD" "COMPILER=arm-none-eabi-gcc" "ASSEMBLER=arm-none-eabi-as" "ARC
TRACE::2019-12-08.17:58:39::SCWMssOS::HIVER=arm-none-eabi-ar" "COMPILER_FLAGS=  -O2 -c" "EXTRA_COMPILER_FLAGS=-mcpu=cortex-a9 -mfpu=vfpv3 -mfloat-abi=hard -nostartfi
TRACE::2019-12-08.17:58:39::SCWMssOS::les -g -Wall -Wextra"

TRACE::2019-12-08.17:58:39::SCWMssOS::"Compiling gpio"

TRACE::2019-12-08.17:58:40::SCWMssOS::"Running Make libs in ps7_cortexa9_0/libsrc/qspips_v3_6/src"

TRACE::2019-12-08.17:58:40::SCWMssOS::make -C ps7_cortexa9_0/libsrc/qspips_v3_6/src -s libs  "SHELL=CMD" "COMPILER=arm-none-eabi-gcc" "ASSEMBLER=arm-none-eabi-as" "A
TRACE::2019-12-08.17:58:40::SCWMssOS::RCHIVER=arm-none-eabi-ar" "COMPILER_FLAGS=  -O2 -c" "EXTRA_COMPILER_FLAGS=-mcpu=cortex-a9 -mfpu=vfpv3 -mfloat-abi=hard -nostart
TRACE::2019-12-08.17:58:40::SCWMssOS::files -g -Wall -Wextra"

TRACE::2019-12-08.17:58:40::SCWMssOS::"Compiling qspips"

TRACE::2019-12-08.17:58:42::SCWMssOS::"Running Make libs in ps7_cortexa9_0/libsrc/scugic_v4_1/src"

TRACE::2019-12-08.17:58:42::SCWMssOS::make -C ps7_cortexa9_0/libsrc/scugic_v4_1/src -s libs  "SHELL=CMD" "COMPILER=arm-none-eabi-gcc" "ASSEMBLER=arm-none-eabi-as" "A
TRACE::2019-12-08.17:58:42::SCWMssOS::RCHIVER=arm-none-eabi-ar" "COMPILER_FLAGS=  -O2 -c" "EXTRA_COMPILER_FLAGS=-mcpu=cortex-a9 -mfpu=vfpv3 -mfloat-abi=hard -nostart
TRACE::2019-12-08.17:58:42::SCWMssOS::files -g -Wall -Wextra"

TRACE::2019-12-08.17:58:42::SCWMssOS::"Compiling scugic"

TRACE::2019-12-08.17:58:43::SCWMssOS::"Running Make libs in ps7_cortexa9_0/libsrc/scutimer_v2_1/src"

TRACE::2019-12-08.17:58:43::SCWMssOS::make -C ps7_cortexa9_0/libsrc/scutimer_v2_1/src -s libs  "SHELL=CMD" "COMPILER=arm-none-eabi-gcc" "ASSEMBLER=arm-none-eabi-as" 
TRACE::2019-12-08.17:58:43::SCWMssOS::"ARCHIVER=arm-none-eabi-ar" "COMPILER_FLAGS=  -O2 -c" "EXTRA_COMPILER_FLAGS=-mcpu=cortex-a9 -mfpu=vfpv3 -mfloat-abi=hard -nosta
TRACE::2019-12-08.17:58:43::SCWMssOS::rtfiles -g -Wall -Wextra"

TRACE::2019-12-08.17:58:43::SCWMssOS::"Compiling scutimer"

TRACE::2019-12-08.17:58:44::SCWMssOS::"Running Make libs in ps7_cortexa9_0/libsrc/scuwdt_v2_1/src"

TRACE::2019-12-08.17:58:44::SCWMssOS::make -C ps7_cortexa9_0/libsrc/scuwdt_v2_1/src -s libs  "SHELL=CMD" "COMPILER=arm-none-eabi-gcc" "ASSEMBLER=arm-none-eabi-as" "A
TRACE::2019-12-08.17:58:44::SCWMssOS::RCHIVER=arm-none-eabi-ar" "COMPILER_FLAGS=  -O2 -c" "EXTRA_COMPILER_FLAGS=-mcpu=cortex-a9 -mfpu=vfpv3 -mfloat-abi=hard -nostart
TRACE::2019-12-08.17:58:44::SCWMssOS::files -g -Wall -Wextra"

TRACE::2019-12-08.17:58:44::SCWMssOS::"Compiling scuwdt"

TRACE::2019-12-08.17:58:44::SCWMssOS::"Running Make libs in ps7_cortexa9_0/libsrc/sdps_v3_8/src"

TRACE::2019-12-08.17:58:44::SCWMssOS::make -C ps7_cortexa9_0/libsrc/sdps_v3_8/src -s libs  "SHELL=CMD" "COMPILER=arm-none-eabi-gcc" "ASSEMBLER=arm-none-eabi-as" "ARC
TRACE::2019-12-08.17:58:44::SCWMssOS::HIVER=arm-none-eabi-ar" "COMPILER_FLAGS=  -O2 -c" "EXTRA_COMPILER_FLAGS=-mcpu=cortex-a9 -mfpu=vfpv3 -mfloat-abi=hard -nostartfi
TRACE::2019-12-08.17:58:44::SCWMssOS::les -g -Wall -Wextra"

TRACE::2019-12-08.17:58:44::SCWMssOS::"Compiling sdps"

TRACE::2019-12-08.17:58:46::SCWMssOS::"Running Make libs in ps7_cortexa9_0/libsrc/standalone_v7_1/src"

TRACE::2019-12-08.17:58:46::SCWMssOS::make -C ps7_cortexa9_0/libsrc/standalone_v7_1/src -s libs  "SHELL=CMD" "COMPILER=arm-none-eabi-gcc" "ASSEMBLER=arm-none-eabi-as
TRACE::2019-12-08.17:58:46::SCWMssOS::" "ARCHIVER=arm-none-eabi-ar" "COMPILER_FLAGS=  -O2 -c" "EXTRA_COMPILER_FLAGS=-mcpu=cortex-a9 -mfpu=vfpv3 -mfloat-abi=hard -nos
TRACE::2019-12-08.17:58:46::SCWMssOS::tartfiles -g -Wall -Wextra"

TRACE::2019-12-08.17:58:46::SCWMssOS::"Compiling standalone"

TRACE::2019-12-08.17:58:52::SCWMssOS::"Running Make libs in ps7_cortexa9_0/libsrc/uartps_v3_8/src"

TRACE::2019-12-08.17:58:52::SCWMssOS::make -C ps7_cortexa9_0/libsrc/uartps_v3_8/src -s libs  "SHELL=CMD" "COMPILER=arm-none-eabi-gcc" "ASSEMBLER=arm-none-eabi-as" "A
TRACE::2019-12-08.17:58:52::SCWMssOS::RCHIVER=arm-none-eabi-ar" "COMPILER_FLAGS=  -O2 -c" "EXTRA_COMPILER_FLAGS=-mcpu=cortex-a9 -mfpu=vfpv3 -mfloat-abi=hard -nostart
TRACE::2019-12-08.17:58:52::SCWMssOS::files -g -Wall -Wextra"

TRACE::2019-12-08.17:58:52::SCWMssOS::"Compiling uartps"

TRACE::2019-12-08.17:58:53::SCWMssOS::"Running Make libs in ps7_cortexa9_0/libsrc/usbps_v2_4/src"

TRACE::2019-12-08.17:58:53::SCWMssOS::make -C ps7_cortexa9_0/libsrc/usbps_v2_4/src -s libs  "SHELL=CMD" "COMPILER=arm-none-eabi-gcc" "ASSEMBLER=arm-none-eabi-as" "AR
TRACE::2019-12-08.17:58:53::SCWMssOS::CHIVER=arm-none-eabi-ar" "COMPILER_FLAGS=  -O2 -c" "EXTRA_COMPILER_FLAGS=-mcpu=cortex-a9 -mfpu=vfpv3 -mfloat-abi=hard -nostartf
TRACE::2019-12-08.17:58:53::SCWMssOS::iles -g -Wall -Wextra"

TRACE::2019-12-08.17:58:53::SCWMssOS::"Compiling usbps"

TRACE::2019-12-08.17:58:55::SCWMssOS::"Running Make libs in ps7_cortexa9_0/libsrc/vtc_v8_0/src"

TRACE::2019-12-08.17:58:55::SCWMssOS::make -C ps7_cortexa9_0/libsrc/vtc_v8_0/src -s libs  "SHELL=CMD" "COMPILER=arm-none-eabi-gcc" "ASSEMBLER=arm-none-eabi-as" "ARCH
TRACE::2019-12-08.17:58:55::SCWMssOS::IVER=arm-none-eabi-ar" "COMPILER_FLAGS=  -O2 -c" "EXTRA_COMPILER_FLAGS=-mcpu=cortex-a9 -mfpu=vfpv3 -mfloat-abi=hard -nostartfil
TRACE::2019-12-08.17:58:55::SCWMssOS::es -g -Wall -Wextra"

TRACE::2019-12-08.17:58:55::SCWMssOS::"Compiling video timing controller"

TRACE::2019-12-08.17:58:56::SCWMssOS::"Running Make libs in ps7_cortexa9_0/libsrc/xadcps_v2_3/src"

TRACE::2019-12-08.17:58:56::SCWMssOS::make -C ps7_cortexa9_0/libsrc/xadcps_v2_3/src -s libs  "SHELL=CMD" "COMPILER=arm-none-eabi-gcc" "ASSEMBLER=arm-none-eabi-as" "A
TRACE::2019-12-08.17:58:56::SCWMssOS::RCHIVER=arm-none-eabi-ar" "COMPILER_FLAGS=  -O2 -c" "EXTRA_COMPILER_FLAGS=-mcpu=cortex-a9 -mfpu=vfpv3 -mfloat-abi=hard -nostart
TRACE::2019-12-08.17:58:56::SCWMssOS::files -g -Wall -Wextra"

TRACE::2019-12-08.17:58:57::SCWMssOS::"Compiling xadcps"

TRACE::2019-12-08.17:58:58::SCWMssOS::'Finished building libraries'

TRACE::2019-12-08.17:58:58::SCWMssOS::Copying to export directory.
TRACE::2019-12-08.17:58:58::SCWMssOS:: Checking if to create the Supporting Applications
TRACE::2019-12-08.17:58:58::SCWMssOS:: No Linux domain exists, trying to generate FSBL 
TRACE::2019-12-08.17:58:58::SCWMssOS:: Completed Standalone Artifacts creation 
LOG::2019-12-08.17:58:58::SCWSystem::Completed Processing the domain standalone_domain
LOG::2019-12-08.17:58:58::SCWSystem::Completed Processing the sysconfig design_1_wrapper
LOG::2019-12-08.17:58:58::SCWPlatform::Completed generating the artifacts for system configuration design_1_wrapper
TRACE::2019-12-08.17:58:58::SCWPlatform::Started preparing the platform 
TRACE::2019-12-08.17:58:58::SCWSystem::Writing the bif file for system config design_1_wrapper
TRACE::2019-12-08.17:58:58::SCWSystem::dir created 
TRACE::2019-12-08.17:58:58::SCWSystem::Writing the bif 
TRACE::2019-12-08.17:58:58::SCWPlatform::Started writing the spfm file 
TRACE::2019-12-08.17:58:58::SCWPlatform::Started writing the xpfm file 
TRACE::2019-12-08.17:58:58::SCWPlatform::Completed generating the platform
TRACE::2019-12-08.17:58:58::SCWPlatform::Trying to open the hw design at C:/git_repos/hackster/Zybo_EV_Platform/vitis_workspace/design_1_wrapper/hw/design_1_wrapper.xsa
TRACE::2019-12-08.17:58:58::SCWPlatform::DSA given C:/git_repos/hackster/Zybo_EV_Platform/vitis_workspace/design_1_wrapper/hw/design_1_wrapper.xsa
TRACE::2019-12-08.17:58:58::SCWPlatform::DSA absoulate path C:/git_repos/hackster/Zybo_EV_Platform/vitis_workspace/design_1_wrapper/hw/design_1_wrapper.xsa
TRACE::2019-12-08.17:58:58::SCWPlatform::DSA directory C:/git_repos/hackster/Zybo_EV_Platform/vitis_workspace/design_1_wrapper/hw
TRACE::2019-12-08.17:58:58::SCWPlatform:: Platform Path C:/git_repos/hackster/Zybo_EV_Platform/vitis_workspace/design_1_wrapper/hw/design_1_wrapper.xsa
TRACE::2019-12-08.17:58:58::SCWPlatform:: Unique name xilinx:zybo-z7-20::0.0
TRACE::2019-12-08.17:58:58::SCWPlatform::Trying to set the existing hwdb with name design_1_wrapper_1
TRACE::2019-12-08.17:58:58::SCWPlatform::Opened existing hwdb design_1_wrapper_1
TRACE::2019-12-08.17:58:58::SCWPlatform::Found the Hw Db part of the input DSA
TRACE::2019-12-08.17:58:58::SCWMssOS::Checking the sw design at  C:/git_repos/hackster/Zybo_EV_Platform/vitis_workspace/design_1_wrapper/ps7_cortexa9_0/standalone_domain/bsp/system.mss
TRACE::2019-12-08.17:58:58::SCWMssOS::DEBUG:  swdes dump  C:/git_repos/hackster/Zybo_EV_Platform/vitis_workspace/design_1_wrapper/ps7_cortexa9_0/standalone_domain/bsp/system.mss|system||

TRACE::2019-12-08.17:58:58::SCWMssOS::Sw design exists and opened at  C:/git_repos/hackster/Zybo_EV_Platform/vitis_workspace/design_1_wrapper/ps7_cortexa9_0/standalone_domain/bsp/system.mss
TRACE::2019-12-08.17:58:58::SCWPlatform::Trying to open the hw design at C:/git_repos/hackster/Zybo_EV_Platform/vitis_workspace/design_1_wrapper/hw/design_1_wrapper.xsa
TRACE::2019-12-08.17:58:58::SCWPlatform::DSA given C:/git_repos/hackster/Zybo_EV_Platform/vitis_workspace/design_1_wrapper/hw/design_1_wrapper.xsa
TRACE::2019-12-08.17:58:58::SCWPlatform::DSA absoulate path C:/git_repos/hackster/Zybo_EV_Platform/vitis_workspace/design_1_wrapper/hw/design_1_wrapper.xsa
TRACE::2019-12-08.17:58:58::SCWPlatform::DSA directory C:/git_repos/hackster/Zybo_EV_Platform/vitis_workspace/design_1_wrapper/hw
TRACE::2019-12-08.17:58:58::SCWPlatform:: Platform Path C:/git_repos/hackster/Zybo_EV_Platform/vitis_workspace/design_1_wrapper/hw/design_1_wrapper.xsa
TRACE::2019-12-08.17:58:58::SCWPlatform:: Unique name xilinx:zybo-z7-20::0.0
TRACE::2019-12-08.17:58:58::SCWPlatform::Trying to set the existing hwdb with name design_1_wrapper_1
TRACE::2019-12-08.17:58:58::SCWPlatform::Opened existing hwdb design_1_wrapper_1
TRACE::2019-12-08.17:58:58::SCWPlatform::Found the Hw Db part of the input DSA
TRACE::2019-12-08.17:58:58::SCWMssOS::Checking the sw design at  C:/git_repos/hackster/Zybo_EV_Platform/vitis_workspace/design_1_wrapper/ps7_cortexa9_0/standalone_domain/bsp/system.mss
TRACE::2019-12-08.17:58:58::SCWMssOS::DEBUG:  swdes dump  C:/git_repos/hackster/Zybo_EV_Platform/vitis_workspace/design_1_wrapper/ps7_cortexa9_0/standalone_domain/bsp/system.mss|system||

TRACE::2019-12-08.17:58:58::SCWMssOS::Sw design exists and opened at  C:/git_repos/hackster/Zybo_EV_Platform/vitis_workspace/design_1_wrapper/ps7_cortexa9_0/standalone_domain/bsp/system.mss
TRACE::2019-12-08.17:58:58::SCWPlatform::Trying to open the hw design at C:/git_repos/hackster/Zybo_EV_Platform/vitis_workspace/design_1_wrapper/hw/design_1_wrapper.xsa
TRACE::2019-12-08.17:58:58::SCWPlatform::DSA given C:/git_repos/hackster/Zybo_EV_Platform/vitis_workspace/design_1_wrapper/hw/design_1_wrapper.xsa
TRACE::2019-12-08.17:58:58::SCWPlatform::DSA absoulate path C:/git_repos/hackster/Zybo_EV_Platform/vitis_workspace/design_1_wrapper/hw/design_1_wrapper.xsa
TRACE::2019-12-08.17:58:58::SCWPlatform::DSA directory C:/git_repos/hackster/Zybo_EV_Platform/vitis_workspace/design_1_wrapper/hw
TRACE::2019-12-08.17:58:58::SCWPlatform:: Platform Path C:/git_repos/hackster/Zybo_EV_Platform/vitis_workspace/design_1_wrapper/hw/design_1_wrapper.xsa
TRACE::2019-12-08.17:58:58::SCWPlatform:: Unique name xilinx:zybo-z7-20::0.0
TRACE::2019-12-08.17:58:58::SCWPlatform::Trying to set the existing hwdb with name design_1_wrapper_1
TRACE::2019-12-08.17:58:58::SCWPlatform::Opened existing hwdb design_1_wrapper_1
TRACE::2019-12-08.17:58:58::SCWPlatform::Found the Hw Db part of the input DSA
TRACE::2019-12-08.17:58:58::SCWMssOS::Checking the sw design at  C:/git_repos/hackster/Zybo_EV_Platform/vitis_workspace/design_1_wrapper/ps7_cortexa9_0/standalone_domain/bsp/system.mss
TRACE::2019-12-08.17:58:58::SCWMssOS::DEBUG:  swdes dump  C:/git_repos/hackster/Zybo_EV_Platform/vitis_workspace/design_1_wrapper/ps7_cortexa9_0/standalone_domain/bsp/system.mss|system||

TRACE::2019-12-08.17:58:58::SCWMssOS::Sw design exists and opened at  C:/git_repos/hackster/Zybo_EV_Platform/vitis_workspace/design_1_wrapper/ps7_cortexa9_0/standalone_domain/bsp/system.mss
TRACE::2019-12-08.17:58:58::SCWWriter::formatted JSON is {
	"platformName":	"design_1_wrapper",
	"sprVersion":	"2.0",
	"mode":	"gui",
	"dsaType":	"Fixed",
	"platformDesc":	"design_1_wrapper",
	"platHandOff":	"C:/git_repos/hackster/Zybo_EV_Platform/design_1_wrapper.xsa",
	"platIntHandOff":	"<platformDir>/hw/design_1_wrapper.xsa",
	"deviceType":	"zynq",
	"platIsPrebuiltAutogen":	"false",
	"platIsNoBootBsp":	"true",
	"hasFsblMakeHasChanges":	"false",
	"hasPmufwMakeHasChanges":	"false",
	"platPreBuiltFlag":	false,
	"platformSamplesDir":	"",
	"platActiveSys":	"design_1_wrapper",
	"systems":	[{
			"systemName":	"design_1_wrapper",
			"systemDesc":	"design_1_wrapper",
			"sysIsBootAutoGen":	"true",
			"systemDispName":	"design_1_wrapper",
			"sysActiveDom":	"standalone_domain",
			"sysDefaultDom":	"standalone_domain",
			"domains":	[{
					"domainName":	"standalone_domain",
					"domainDispName":	"standalone on ps7_cortexa9_0",
					"domainDesc":	"standalone_domain",
					"processors":	"ps7_cortexa9_0",
					"os":	"standalone",
					"sdxOs":	"standalone",
					"qemuArgs":	"C:/Xilinx/Vitis/2019.2/data/emulation/platforms/zynq/qemu/qemu_args.txt",
					"qemuData":	"C:/Xilinx/Vitis/2019.2/data/emulation/platforms/zynq/qemu/",
					"debugEnable":	"False",
					"domRuntimes":	["cpp"],
					"swRepo":	"",
					"mssOsVer":	"7.1",
					"mssFile":	"",
					"md5Digest":	"3046cb4c5692e127248b38078921114d",
					"compatibleApp":	"hello_world",
					"domType":	"mssDomain",
					"arch":	"32-bit",
					"appSettings":	{
						"appCompilerFlags":	"",
						"appLinkerFlags":	""
					},
					"addedLibs":	[],
					"libOptions":	{
						"libsContainingOptions":	[]
					},
					"prebuiltLibs":	{
						"prebuiltIncPath":	[],
						"prebuiltLibPath":	[]
					},
					"isolation":	{
					}
				}]
		}]
}
KEYINFO::2019-12-08.17:58:58::SCWPlatform::updated the xpfm file.
TRACE::2019-12-08.17:58:58::SCWPlatform::Trying to open the hw design at C:/git_repos/hackster/Zybo_EV_Platform/vitis_workspace/design_1_wrapper/hw/design_1_wrapper.xsa
TRACE::2019-12-08.17:58:58::SCWPlatform::DSA given C:/git_repos/hackster/Zybo_EV_Platform/vitis_workspace/design_1_wrapper/hw/design_1_wrapper.xsa
TRACE::2019-12-08.17:58:58::SCWPlatform::DSA absoulate path C:/git_repos/hackster/Zybo_EV_Platform/vitis_workspace/design_1_wrapper/hw/design_1_wrapper.xsa
TRACE::2019-12-08.17:58:58::SCWPlatform::DSA directory C:/git_repos/hackster/Zybo_EV_Platform/vitis_workspace/design_1_wrapper/hw
TRACE::2019-12-08.17:58:58::SCWPlatform:: Platform Path C:/git_repos/hackster/Zybo_EV_Platform/vitis_workspace/design_1_wrapper/hw/design_1_wrapper.xsa
TRACE::2019-12-08.17:58:58::SCWPlatform:: Unique name xilinx:zybo-z7-20::0.0
TRACE::2019-12-08.17:58:58::SCWPlatform::Trying to set the existing hwdb with name design_1_wrapper_1
TRACE::2019-12-08.17:58:58::SCWPlatform::Opened existing hwdb design_1_wrapper_1
TRACE::2019-12-08.17:58:58::SCWPlatform::Found the Hw Db part of the input DSA
TRACE::2019-12-08.17:58:58::SCWMssOS::Checking the sw design at  C:/git_repos/hackster/Zybo_EV_Platform/vitis_workspace/design_1_wrapper/ps7_cortexa9_0/standalone_domain/bsp/system.mss
TRACE::2019-12-08.17:58:58::SCWMssOS::DEBUG:  swdes dump  C:/git_repos/hackster/Zybo_EV_Platform/vitis_workspace/design_1_wrapper/ps7_cortexa9_0/standalone_domain/bsp/system.mss|system||

TRACE::2019-12-08.17:58:58::SCWMssOS::Sw design exists and opened at  C:/git_repos/hackster/Zybo_EV_Platform/vitis_workspace/design_1_wrapper/ps7_cortexa9_0/standalone_domain/bsp/system.mss
