WARNING: [Common 17-306] Update version (2017.4_AR70530) does not match product version (2017.3).
#-----------------------------------------------------------
# Vivado v2017.3_AR70530 (64-bit)
# SW Build 2018833 on Wed Oct  4 19:58:22 MDT 2017
# IP Build 2016188 on Wed Oct  4 21:52:56 MDT 2017
# Start of session at: Thu Apr 11 10:18:47 2019
# Process ID: 6772
# Current directory: C:/Users/aptay/Documents/GitHub/Hackster/cvt_colour/solution1/sim/vhdl
# Command line: vivado.exe -source open_wave.tcl
# Log file: C:/Users/aptay/Documents/GitHub/Hackster/cvt_colour/solution1/sim/vhdl/vivado.log
# Journal file: C:/Users/aptay/Documents/GitHub/Hackster/cvt_colour/solution1/sim/vhdl\vivado.jou
#-----------------------------------------------------------
WARNING: [Common 17-1271] The MYVIVADO environment variable specifies an invalid location 'C:\Xilinx\Vivado\2017.4\patches\AR70530\vivado'
start_gui
source open_wave.tcl
# current_fileset
CRITICAL WARNING: [Board 49-63] Problem parsing preset file - C:/Xilinx/Vivado/2017.3/data/boards/board_files/zcu102/3.0/preset.xml,
INFO: [IP_Flow 19-234] Refreshing IP repositories
INFO: [IP_Flow 19-1704] No user IP repositories specified
INFO: [IP_Flow 19-2313] Loaded Vivado IP repository 'C:/Xilinx/Vivado/2017.3/patches/AR70530/vivado/data/ip'.
INFO: [IP_Flow 19-2313] Loaded Vivado IP repository 'C:/Xilinx/Vivado/2017.3/data/ip'.
WARNING: [IP_Flow 19-4830] Duplicate Interface found for 'xilinx.com:display_high_speed_selectio_wiz:hssio_ctrl:1.0'. The one found in location 'c:/Xilinx/Vivado/2017.3/patches/AR70530/vivado/data/ip/xilinx/high_speed_selectio_wiz_v3_2/interfaces/hssio_ctrl.xml' will take precedence over the same Interface in location 'c:/Xilinx/Vivado/2017.3/data/ip/xilinx/high_speed_selectio_wiz_v3_2/interfaces/hssio_ctrl.xml'
WARNING: [IP_Flow 19-4830] Duplicate Interface found for 'xilinx.com:display_high_speed_selectio_wiz:hssio_data_bidir:1.0'. The one found in location 'c:/Xilinx/Vivado/2017.3/patches/AR70530/vivado/data/ip/xilinx/high_speed_selectio_wiz_v3_2/interfaces/hssio_data_bidir.xml' will take precedence over the same Interface in location 'c:/Xilinx/Vivado/2017.3/data/ip/xilinx/high_speed_selectio_wiz_v3_2/interfaces/hssio_data_bidir.xml'
WARNING: [IP_Flow 19-4830] Duplicate Interface found for 'xilinx.com:display_high_speed_selectio_wiz:hssio_data_rx:1.0'. The one found in location 'c:/Xilinx/Vivado/2017.3/patches/AR70530/vivado/data/ip/xilinx/high_speed_selectio_wiz_v3_2/interfaces/hssio_data_rx.xml' will take precedence over the same Interface in location 'c:/Xilinx/Vivado/2017.3/data/ip/xilinx/high_speed_selectio_wiz_v3_2/interfaces/hssio_data_rx.xml'
WARNING: [IP_Flow 19-4830] Duplicate Interface found for 'xilinx.com:display_high_speed_selectio_wiz:hssio_data_tx:1.0'. The one found in location 'c:/Xilinx/Vivado/2017.3/patches/AR70530/vivado/data/ip/xilinx/high_speed_selectio_wiz_v3_2/interfaces/hssio_data_tx.xml' will take precedence over the same Interface in location 'c:/Xilinx/Vivado/2017.3/data/ip/xilinx/high_speed_selectio_wiz_v3_2/interfaces/hssio_data_tx.xml'
WARNING: [IP_Flow 19-4830] Duplicate Interface found for 'xilinx.com:display_high_speed_selectio_wiz:hssio_fab_to_ip:1.0'. The one found in location 'c:/Xilinx/Vivado/2017.3/patches/AR70530/vivado/data/ip/xilinx/high_speed_selectio_wiz_v3_2/interfaces/hssio_fab_to_ip.xml' will take precedence over the same Interface in location 'c:/Xilinx/Vivado/2017.3/data/ip/xilinx/high_speed_selectio_wiz_v3_2/interfaces/hssio_fab_to_ip.xml'
WARNING: [IP_Flow 19-4830] Duplicate Interface found for 'xilinx.com:display_high_speed_selectio_wiz:hssio_ip_to_pins:1.0'. The one found in location 'c:/Xilinx/Vivado/2017.3/patches/AR70530/vivado/data/ip/xilinx/high_speed_selectio_wiz_v3_2/interfaces/hssio_ip_to_pins.xml' will take precedence over the same Interface in location 'c:/Xilinx/Vivado/2017.3/data/ip/xilinx/high_speed_selectio_wiz_v3_2/interfaces/hssio_ip_to_pins.xml'
current_fileset: Time (s): cpu = 00:00:09 ; elapsed = 00:00:07 . Memory (MB): peak = 744.938 ; gain = 73.840
# open_wave_database image_filter.wdb
open_wave_config C:/Users/aptay/Documents/GitHub/Hackster/cvt_colour/solution1/sim/vhdl/image_filter.wcfg
add_wave {{/apatb_image_filter_top/AESL_inst_image_filter}} 
close_sim
INFO: [Simtcl 6-16] Simulation closed
exit
INFO: [Common 17-206] Exiting Vivado at Thu Apr 11 10:26:28 2019...
