WARNING: [Common 17-306] Update version (2017.4_AR70530) does not match product version (2017.3).
#-----------------------------------------------------------
# Vivado v2017.3_AR70530 (64-bit)
# SW Build 2018833 on Wed Oct  4 19:58:22 MDT 2017
# IP Build 2016188 on Wed Oct  4 21:52:56 MDT 2017
# Start of session at: Tue Apr  9 13:09:12 2019
# Process ID: 14104
# Current directory: C:/Users/aptay/Documents/GitHub/Hackster/cvt_colour/solution1/sim/vhdl
# Command line: vivado.exe -source open_wave.tcl
# Log file: C:/Users/aptay/Documents/GitHub/Hackster/cvt_colour/solution1/sim/vhdl/vivado.log
# Journal file: C:/Users/aptay/Documents/GitHub/Hackster/cvt_colour/solution1/sim/vhdl\vivado.jou
#-----------------------------------------------------------
WARNING: [Common 17-1271] The MYVIVADO environment variable specifies an invalid location 'C:\Xilinx\Vivado\2017.4\patches\AR70530\vivado'
start_gui
source open_wave.tcl
# current_fileset
CRITICAL WARNING: [Board 49-63] Problem parsing preset file - C:/Xilinx/Vivado/2017.3/data/boards/board_files/zcu102/3.0/preset.xml,
INFO: [IP_Flow 19-234] Refreshing IP repositories
INFO: [IP_Flow 19-1704] No user IP repositories specified
INFO: [IP_Flow 19-2313] Loaded Vivado IP repository 'C:/Xilinx/Vivado/2017.3/patches/AR70530/vivado/data/ip'.
INFO: [IP_Flow 19-2313] Loaded Vivado IP repository 'C:/Xilinx/Vivado/2017.3/data/ip'.
WARNING: [IP_Flow 19-4830] Duplicate Interface found for 'xilinx.com:display_high_speed_selectio_wiz:hssio_ctrl:1.0'. The one found in location 'c:/Xilinx/Vivado/2017.3/patches/AR70530/vivado/data/ip/xilinx/high_speed_selectio_wiz_v3_2/interfaces/hssio_ctrl.xml' will take precedence over the same Interface in location 'c:/Xilinx/Vivado/2017.3/data/ip/xilinx/high_speed_selectio_wiz_v3_2/interfaces/hssio_ctrl.xml'
WARNING: [IP_Flow 19-4830] Duplicate Interface found for 'xilinx.com:display_high_speed_selectio_wiz:hssio_data_bidir:1.0'. The one found in location 'c:/Xilinx/Vivado/2017.3/patches/AR70530/vivado/data/ip/xilinx/high_speed_selectio_wiz_v3_2/interfaces/hssio_data_bidir.xml' will take precedence over the same Interface in location 'c:/Xilinx/Vivado/2017.3/data/ip/xilinx/high_speed_selectio_wiz_v3_2/interfaces/hssio_data_bidir.xml'
WARNING: [IP_Flow 19-4830] Duplicate Interface found for 'xilinx.com:display_high_speed_selectio_wiz:hssio_data_rx:1.0'. The one found in location 'c:/Xilinx/Vivado/2017.3/patches/AR70530/vivado/data/ip/xilinx/high_speed_selectio_wiz_v3_2/interfaces/hssio_data_rx.xml' will take precedence over the same Interface in location 'c:/Xilinx/Vivado/2017.3/data/ip/xilinx/high_speed_selectio_wiz_v3_2/interfaces/hssio_data_rx.xml'
WARNING: [IP_Flow 19-4830] Duplicate Interface found for 'xilinx.com:display_high_speed_selectio_wiz:hssio_data_tx:1.0'. The one found in location 'c:/Xilinx/Vivado/2017.3/patches/AR70530/vivado/data/ip/xilinx/high_speed_selectio_wiz_v3_2/interfaces/hssio_data_tx.xml' will take precedence over the same Interface in location 'c:/Xilinx/Vivado/2017.3/data/ip/xilinx/high_speed_selectio_wiz_v3_2/interfaces/hssio_data_tx.xml'
WARNING: [IP_Flow 19-4830] Duplicate Interface found for 'xilinx.com:display_high_speed_selectio_wiz:hssio_fab_to_ip:1.0'. The one found in location 'c:/Xilinx/Vivado/2017.3/patches/AR70530/vivado/data/ip/xilinx/high_speed_selectio_wiz_v3_2/interfaces/hssio_fab_to_ip.xml' will take precedence over the same Interface in location 'c:/Xilinx/Vivado/2017.3/data/ip/xilinx/high_speed_selectio_wiz_v3_2/interfaces/hssio_fab_to_ip.xml'
WARNING: [IP_Flow 19-4830] Duplicate Interface found for 'xilinx.com:display_high_speed_selectio_wiz:hssio_ip_to_pins:1.0'. The one found in location 'c:/Xilinx/Vivado/2017.3/patches/AR70530/vivado/data/ip/xilinx/high_speed_selectio_wiz_v3_2/interfaces/hssio_ip_to_pins.xml' will take precedence over the same Interface in location 'c:/Xilinx/Vivado/2017.3/data/ip/xilinx/high_speed_selectio_wiz_v3_2/interfaces/hssio_ip_to_pins.xml'
current_fileset: Time (s): cpu = 00:00:11 ; elapsed = 00:00:06 . Memory (MB): peak = 825.828 ; gain = 125.523
# open_wave_database image_filter.wdb
open_wave_config C:/Users/aptay/Documents/GitHub/Hackster/cvt_colour/solution1/sim/vhdl/image_filter.wcfgcclose_sim
INFO: [Simtcl 6-16] Simulation closed
exitIINFO: [Common 17-206] Exiting Vivado at Tue Apr  9 13:10:49 2019...
EAM}} 
WARNING: [Wavedata 42-489] Can't add object "/apatb_image_filter_top/AESL_axi_s_inst_INPUT_STREAM/INPUT_STREAM_TDATA_mem" to the wave window because it has 22560288 bits, which exceeds the display limit of 65536 bits.  To change the display limit, use the command "set_property display_limit <new limit> [current_wave_config]".
WARNING: [Wavedata 42-489] Can't add object "/apatb_image_filter_top/AESL_axi_s_inst_INPUT_STREAM/INPUT_STREAM_TKEEP_mem" to the wave window because it has 2820036 bits, which exceeds the display limit of 65536 bits.  To change the display limit, use the command "set_property display_limit <new limit> [current_wave_config]".
WARNING: [Wavedata 42-489] Can't add object "/apatb_image_filter_top/AESL_axi_s_inst_INPUT_STREAM/INPUT_STREAM_TSTRB_mem" to the wave window because it has 2820036 bits, which exceeds the display limit of 65536 bits.  To change the display limit, use the command "set_property display_limit <new limit> [current_wave_config]".
WARNING: [Wavedata 42-489] Can't add object "/apatb_image_filter_top/AESL_axi_s_inst_INPUT_STREAM/INPUT_STREAM_TUSER_mem" to the wave window because it has 705009 bits, which exceeds the display limit of 65536 bits.  To change the display limit, use the command "set_property display_limit <new limit> [current_wave_config]".
WARNING: [Wavedata 42-489] Can't add object "/apatb_image_filter_top/AESL_axi_s_inst_INPUT_STREAM/INPUT_STREAM_TLAST_mem" to the wave window because it has 705009 bits, which exceeds the display limit of 65536 bits.  To change the display limit, use the command "set_property display_limit <new limit> [current_wave_config]".
WARNING: [Wavedata 42-489] Can't add object "/apatb_image_filter_top/AESL_axi_s_inst_INPUT_STREAM/INPUT_STREAM_TID_mem" to the wave window because it has 705009 bits, which exceeds the display limit of 65536 bits.  To change the display limit, use the command "set_property display_limit <new limit> [current_wave_config]".
WARNING: [Wavedata 42-489] Can't add object "/apatb_image_filter_top/AESL_axi_s_inst_INPUT_STREAM/INPUT_STREAM_TDEST_mem" to the wave window because it has 705009 bits, which exceeds the display limit of 65536 bits.  To change the display limit, use the command "set_property display_limit <new limit> [current_wave_config]".
add_wave {{/apatb_image_filter_top/AESL_axi_s_inst_OUTPUT_STREAM}} 
WARNING: [Wavedata 42-489] Can't add object "/apatb_image_filter_top/AESL_axi_s_inst_OUTPUT_STREAM/OUTPUT_STREAM_TDATA_mem" to the wave window because it has 22560288 bits, which exceeds the display limit of 65536 bits.  To change the display limit, use the command "set_property display_limit <new limit> [current_wave_config]".
WARNING: [Wavedata 42-489] Can't add object "/apatb_image_filter_top/AESL_axi_s_inst_OUTPUT_STREAM/OUTPUT_STREAM_TKEEP_mem" to the wave window because it has 2820036 bits, which exceeds the display limit of 65536 bits.  To change the display limit, use the command "set_property display_limit <new limit> [current_wave_config]".
WARNING: [Wavedata 42-489] Can't add object "/apatb_image_filter_top/AESL_axi_s_inst_OUTPUT_STREAM/OUTPUT_STREAM_TSTRB_mem" to the wave window because it has 2820036 bits, which exceeds the display limit of 65536 bits.  To change the display limit, use the command "set_property display_limit <new limit> [current_wave_config]".
WARNING: [Wavedata 42-489] Can't add object "/apatb_image_filter_top/AESL_axi_s_inst_OUTPUT_STREAM/OUTPUT_STREAM_TUSER_mem" to the wave window because it has 705009 bits, which exceeds the display limit of 65536 bits.  To change the display limit, use the command "set_property display_limit <new limit> [current_wave_config]".
WARNING: [Wavedata 42-489] Can't add object "/apatb_image_filter_top/AESL_axi_s_inst_OUTPUT_STREAM/OUTPUT_STREAM_TLAST_mem" to the wave window because it has 705009 bits, which exceeds the display limit of 65536 bits.  To change the display limit, use the command "set_property display_limit <new limit> [current_wave_config]".
WARNING: [Wavedata 42-489] Can't add object "/apatb_image_filter_top/AESL_axi_s_inst_OUTPUT_STREAM/OUTPUT_STREAM_TID_mem" to the wave window because it has 705009 bits, which exceeds the display limit of 65536 bits.  To change the display limit, use the command "set_property display_limit <new limit> [current_wave_config]".
WARNING: [Wavedata 42-489] Can't add object "/apatb_image_filter_top/AESL_axi_s_inst_OUTPUT_STREAM/OUTPUT_STREAM_TDEST_mem" to the wave window because it has 705009 bits, which exceeds the display limit of 65536 bits.  To change the display limit, use the command "set_property display_limit <new limit> [current_wave_config]".
add_wave {{/apatb_image_filter_top/AESL_axi_s_inst_INPUT_STREAM}} 
WARNING: [Wavedata 42-489] Can't add object "/apatb_image_filter_top/AESL_axi_s_inst_INPUT_STREAM/INPUT_STREAM_TDATA_mem" to the wave window because it has 22560288 bits, which exceeds the display limit of 65536 bits.  To change the display limit, use the command "set_property display_limit <new limit> [current_wave_config]".
WARNING: [Wavedata 42-489] Can't add object "/apatb_image_filter_top/AESL_axi_s_inst_INPUT_STREAM/INPUT_STREAM_TKEEP_mem" to the wave window because it has 2820036 bits, which exceeds the display limit of 65536 bits.  To change the display limit, use the command "set_property display_limit <new limit> [current_wave_config]".
WARNING: [Wavedata 42-489] Can't add object "/apatb_image_filter_top/AESL_axi_s_inst_INPUT_STREAM/INPUT_STREAM_TSTRB_mem" to the wave window because it has 2820036 bits, which exceeds the display limit of 65536 bits.  To change the display limit, use the command "set_property display_limit <new limit> [current_wave_config]".
WARNING: [Wavedata 42-489] Can't add object "/apatb_image_filter_top/AESL_axi_s_inst_INPUT_STREAM/INPUT_STREAM_TUSER_mem" to the wave window because it has 705009 bits, which exceeds the display limit of 65536 bits.  To change the display limit, use the command "set_property display_limit <new limit> [current_wave_config]".
WARNING: [Wavedata 42-489] Can't add object "/apatb_image_filter_top/AESL_axi_s_inst_INPUT_STREAM/INPUT_STREAM_TLAST_mem" to the wave window because it has 705009 bits, which exceeds the display limit of 65536 bits.  To change the display limit, use the command "set_property display_limit <new limit> [current_wave_config]".
WARNING: [Wavedata 42-489] Can't add object "/apatb_image_filter_top/AESL_axi_s_inst_INPUT_STREAM/INPUT_STREAM_TID_mem" to the wave window because it has 705009 bits, which exceeds the display limit of 65536 bits.  To change the display limit, use the command "set_property display_limit <new limit> [current_wave_config]".
WARNING: [Wavedata 42-489] Can't add object "/apatb_image_filter_top/AESL_axi_s_inst_INPUT_STREAM/INPUT_STREAM_TDEST_mem" to the wave window because it has 705009 bits, which exceeds the display limit of 65536 bits.  To change the display limit, use the command "set_property display_limit <new limit> [current_wave_config]".
add_wave {{/apatb_image_filter_top/AESL_inst_image_filter/INPUT_STREAM_TDATA}} {{/apatb_image_filter_top/AESL_inst_image_filter/INPUT_STREAM_TKEEP}} {{/apatb_image_filter_top/AESL_inst_image_filter/INPUT_STREAM_TSTRB}} {{/apatb_image_filter_top/AESL_inst_image_filter/INPUT_STREAM_TUSER}} {{/apatb_image_filter_top/AESL_inst_image_filter/INPUT_STREAM_TLAST}} {{/apatb_image_filter_top/AESL_inst_image_filter/INPUT_STREAM_TID}} {{/apatb_image_filter_top/AESL_inst_image_filter/INPUT_STREAM_TDEST}} 
close_sim
INFO: [Simtcl 6-16] Simulation closed
exit
INFO: [Common 17-206] Exiting Vivado at Tue Apr  9 13:54:36 2019...
