

================================================================
== Vivado HLS Report for 'Mat2AXIvideo'
================================================================
* Date:           Fri Jun 22 22:09:58 2018

* Version:        2017.4_AR70530_AR70530 (Build 2086221 on Fri Dec 15 21:13:33 MST 2017)
* Project:        cvt_colour
* Solution:       solution1
* Product family: zynq
* Target device:  xc7z020clg400-1


================================================================
== Performance Estimates
================================================================
+ Timing (ns): 
    * Summary: 
    +--------+-------+----------+------------+
    |  Clock | Target| Estimated| Uncertainty|
    +--------+-------+----------+------------+
    |ap_clk  |  10.00|      3.63|        1.25|
    +--------+-------+----------+------------+

+ Latency (clock cycles): 
    * Summary: 
    +--------+--------+--------+--------+---------+
    |     Latency     |     Interval    | Pipeline|
    |   min  |   max  |   min  |   max  |   Type  |
    +--------+--------+--------+--------+---------+
    |  924481|  924481|  924481|  924481|   none  |
    +--------+--------+--------+--------+---------+

    + Detail: 
        * Instance: 
        N/A

        * Loop: 
        +---------------+--------+--------+----------+-----------+-----------+------+----------+
        |               |     Latency     | Iteration|  Initiation Interval  | Trip |          |
        |   Loop Name   |   min  |   max  |  Latency |  achieved |   target  | Count| Pipelined|
        +---------------+--------+--------+----------+-----------+-----------+------+----------+
        |- loop_height  |  924480|  924480|      1284|          -|          -|   720|    no    |
        | + loop_width  |    1281|    1281|         3|          1|          1|  1280|    yes   |
        +---------------+--------+--------+----------+-----------+-----------+------+----------+

============================================================
+ Verbose Summary: Synthesis Manager
============================================================
InlineROM: 1
ExposeGlobal: 0
============================================================
+ Verbose Summary: CDFG Model
============================================================
IsTopModel: 0
ResetActiveHigh: 1
IsCombinational: 2
IsDatapathOnly: 0
HasWiredReturn: 1
HasMFsm: 0
HasVarLatency: 1
IsPipeline: 0
IsRtlPipelined: 0
IsInstanceOverlapped: 0
IsDontTouch: 0
HasImplIP: 0
IsGatedGlobalClock: 0

+ Individual pipeline summary: 
  * Pipeline-0: initiation interval (II) = 1, depth = 3


============================================================
+ Verbose Summary: Schedule
============================================================
* Number of FSM states : 6
* Pipeline : 1
  Pipeline-0 : II = 1, D = 3, States = { 3 4 5 }
* Dataflow Pipeline: 0

* FSM state transitions: 
1 --> 
	2  / true
2 --> 
	3  / (!exitcond2)
3 --> 
	6  / (exitcond)
	4  / (!exitcond)
4 --> 
	5  / true
5 --> 
	3  / true
6 --> 
	2  / true

* FSM state operations: 

 <State 1> : 1.77ns
ST_1 : Operation 7 [1/1] (0.00ns)   --->   "%tmp_user_V = alloca i1"
ST_1 : Operation 8 [1/1] (0.00ns)   --->   "call void (...)* @_ssdm_op_SpecInterface(i8* %img_data_stream_2_V, [8 x i8]* @ap_fifo_str, i32 0, i32 0, [1 x i8]* @p_str524, i32 0, i32 0, [1 x i8]* @p_str525, [1 x i8]* @p_str526, [1 x i8]* @p_str527, i32 2, i32 2, i32 16, i32 16, [1 x i8]* @p_str528, [1 x i8]* @p_str529)"
ST_1 : Operation 9 [1/1] (0.00ns)   --->   "call void (...)* @_ssdm_op_SpecInterface(i8* %img_data_stream_1_V, [8 x i8]* @ap_fifo_str, i32 0, i32 0, [1 x i8]* @p_str517, i32 0, i32 0, [1 x i8]* @p_str518, [1 x i8]* @p_str519, [1 x i8]* @p_str520, i32 2, i32 2, i32 16, i32 16, [1 x i8]* @p_str521, [1 x i8]* @p_str522)"
ST_1 : Operation 10 [1/1] (0.00ns)   --->   "call void (...)* @_ssdm_op_SpecInterface(i8* %img_data_stream_0_V, [8 x i8]* @ap_fifo_str, i32 0, i32 0, [1 x i8]* @p_str510, i32 0, i32 0, [1 x i8]* @p_str511, [1 x i8]* @p_str512, [1 x i8]* @p_str513, i32 2, i32 2, i32 16, i32 16, [1 x i8]* @p_str514, [1 x i8]* @p_str515)"
ST_1 : Operation 11 [1/1] (0.00ns)   --->   "call void (...)* @_ssdm_op_SpecInterface(i24* %AXI_video_strm_V_data_V, i3* %AXI_video_strm_V_keep_V, i3* %AXI_video_strm_V_strb_V, i1* %AXI_video_strm_V_user_V, i1* %AXI_video_strm_V_last_V, i1* %AXI_video_strm_V_id_V, i1* %AXI_video_strm_V_dest_V, [5 x i8]* @p_str, i32 1, i32 1, [5 x i8]* @p_str2, i32 0, i32 0, [1 x i8]* @p_str3, [1 x i8]* @p_str3, [1 x i8]* @p_str3, i32 0, i32 0, i32 0, i32 0, [1 x i8]* @p_str3, [1 x i8]* @p_str3) nounwind"
ST_1 : Operation 12 [1/1] (1.76ns)   --->   "store i1 true, i1* %tmp_user_V"
ST_1 : Operation 13 [1/1] (1.76ns)   --->   "br label %0" [C:/Xilinx/Vivado/2017.4/common/technology/autopilot/hls/hls_video_io.h:125]

 <State 2> : 2.70ns
ST_2 : Operation 14 [1/1] (0.00ns)   --->   "%t_V = phi i10 [ 0, %._crit_edge ], [ %i_V, %3 ]"
ST_2 : Operation 15 [1/1] (1.77ns)   --->   "%exitcond2 = icmp eq i10 %t_V, -304" [C:/Xilinx/Vivado/2017.4/common/technology/autopilot/hls/hls_video_io.h:125]   --->   Core 25 'Cmp' <Latency = 0> <II = 1> <Delay = 1.77> <FuncUnit> <Opcode : 'icmp'> <InPorts = 2> <OutPorts = 1>
ST_2 : Operation 16 [1/1] (0.00ns)   --->   "call void (...)* @_ssdm_op_SpecLoopTripCount(i64 720, i64 720, i64 720)"
ST_2 : Operation 17 [1/1] (1.95ns)   --->   "%i_V = add i10 %t_V, 1" [C:/Xilinx/Vivado/2017.4/common/technology/autopilot/hls/hls_video_io.h:125]   --->   Core 14 'AddSub' <Latency = 0> <II = 1> <Delay = 1.95> <FuncUnit> <Opcode : 'add' 'sub'> <InPorts = 2> <OutPorts = 1>
ST_2 : Operation 18 [1/1] (0.00ns)   --->   "br i1 %exitcond2, label %4, label %1" [C:/Xilinx/Vivado/2017.4/common/technology/autopilot/hls/hls_video_io.h:125]
ST_2 : Operation 19 [1/1] (0.00ns)   --->   "call void (...)* @_ssdm_op_SpecLoopName([12 x i8]* @p_str9) nounwind" [C:/Xilinx/Vivado/2017.4/common/technology/autopilot/hls/hls_video_io.h:125]
ST_2 : Operation 20 [1/1] (0.00ns)   --->   "%tmp = call i32 (...)* @_ssdm_op_SpecRegionBegin([12 x i8]* @p_str9)" [C:/Xilinx/Vivado/2017.4/common/technology/autopilot/hls/hls_video_io.h:125]
ST_2 : Operation 21 [1/1] (1.76ns)   --->   "br label %2" [C:/Xilinx/Vivado/2017.4/common/technology/autopilot/hls/hls_video_io.h:126]
ST_2 : Operation 22 [1/1] (0.00ns)   --->   "ret void"

 <State 3> : 2.81ns
ST_3 : Operation 23 [1/1] (0.00ns)   --->   "%t_V_1 = phi i11 [ 0, %1 ], [ %j_V, %"operator>>.exit" ]"
ST_3 : Operation 24 [1/1] (1.88ns)   --->   "%exitcond = icmp eq i11 %t_V_1, -768" [C:/Xilinx/Vivado/2017.4/common/technology/autopilot/hls/hls_video_io.h:126]   --->   Core 25 'Cmp' <Latency = 0> <II = 1> <Delay = 1.77> <FuncUnit> <Opcode : 'icmp'> <InPorts = 2> <OutPorts = 1>
ST_3 : Operation 25 [1/1] (0.00ns)   --->   "call void (...)* @_ssdm_op_SpecLoopTripCount(i64 1280, i64 1280, i64 1280)"
ST_3 : Operation 26 [1/1] (1.97ns)   --->   "%j_V = add i11 %t_V_1, 1" [C:/Xilinx/Vivado/2017.4/common/technology/autopilot/hls/hls_video_io.h:126]   --->   Core 14 'AddSub' <Latency = 0> <II = 1> <Delay = 1.95> <FuncUnit> <Opcode : 'add' 'sub'> <InPorts = 2> <OutPorts = 1>
ST_3 : Operation 27 [1/1] (0.00ns)   --->   "br i1 %exitcond, label %3, label %"operator>>.exit"" [C:/Xilinx/Vivado/2017.4/common/technology/autopilot/hls/hls_video_io.h:126]
ST_3 : Operation 28 [1/1] (1.88ns)   --->   "%axi_last_V = icmp eq i11 %t_V_1, -769" [C:/Xilinx/Vivado/2017.4/common/technology/autopilot/hls/hls_video_io.h:135]   --->   Core 25 'Cmp' <Latency = 0> <II = 1> <Delay = 1.77> <FuncUnit> <Opcode : 'icmp'> <InPorts = 2> <OutPorts = 1>

 <State 4> : 3.63ns
ST_4 : Operation 29 [1/1] (0.00ns)   --->   "%tmp_user_V_load = load i1* %tmp_user_V" [C:/Xilinx/Vivado/2017.4/common/technology/autopilot/hls/hls_video_io.h:146]
ST_4 : Operation 30 [1/1] (0.00ns)   --->   "%tmp_s = call i32 (...)* @_ssdm_op_SpecRegionBegin([12 x i8]* @p_str14)" [C:/Xilinx/Vivado/2017.4/common/technology/autopilot/hls/hls_video_core.h:617->C:/Xilinx/Vivado/2017.4/common/technology/autopilot/hls/hls_video_core.h:656->C:/Xilinx/Vivado/2017.4/common/technology/autopilot/hls/hls_video_io.h:140]
ST_4 : Operation 31 [1/1] (0.00ns)   --->   "call void (...)* @_ssdm_op_SpecProtocol(i32 0, [1 x i8]* @p_str3) nounwind" [C:/Xilinx/Vivado/2017.4/common/technology/autopilot/hls/hls_video_core.h:621->C:/Xilinx/Vivado/2017.4/common/technology/autopilot/hls/hls_video_core.h:656->C:/Xilinx/Vivado/2017.4/common/technology/autopilot/hls/hls_video_io.h:140]
ST_4 : Operation 32 [1/1] (3.63ns)   --->   "%tmp_4 = call i8 @_ssdm_op_Read.ap_fifo.volatile.i8P(i8* %img_data_stream_0_V)" [C:/Xilinx/Vivado/2017.4/common/technology/autopilot/hls/hls_video_core.h:624->C:/Xilinx/Vivado/2017.4/common/technology/autopilot/hls/hls_video_core.h:656->C:/Xilinx/Vivado/2017.4/common/technology/autopilot/hls/hls_video_io.h:140]   --->   Core 32 'FIFO' <Latency = 0> <II = 1> <Delay = 3.63> <Storage> <Opcode : 'read' 'write' 'nbread' 'nbwrite'> <Ports = 0> <Width = 8> <Depth = 1> <FIFO>
ST_4 : Operation 33 [1/1] (3.63ns)   --->   "%tmp_5 = call i8 @_ssdm_op_Read.ap_fifo.volatile.i8P(i8* %img_data_stream_1_V)" [C:/Xilinx/Vivado/2017.4/common/technology/autopilot/hls/hls_video_core.h:624->C:/Xilinx/Vivado/2017.4/common/technology/autopilot/hls/hls_video_core.h:656->C:/Xilinx/Vivado/2017.4/common/technology/autopilot/hls/hls_video_io.h:140]   --->   Core 32 'FIFO' <Latency = 0> <II = 1> <Delay = 3.63> <Storage> <Opcode : 'read' 'write' 'nbread' 'nbwrite'> <Ports = 0> <Width = 8> <Depth = 1> <FIFO>
ST_4 : Operation 34 [1/1] (3.63ns)   --->   "%tmp_3 = call i8 @_ssdm_op_Read.ap_fifo.volatile.i8P(i8* %img_data_stream_2_V)" [C:/Xilinx/Vivado/2017.4/common/technology/autopilot/hls/hls_video_core.h:624->C:/Xilinx/Vivado/2017.4/common/technology/autopilot/hls/hls_video_core.h:656->C:/Xilinx/Vivado/2017.4/common/technology/autopilot/hls/hls_video_io.h:140]   --->   Core 32 'FIFO' <Latency = 0> <II = 1> <Delay = 3.63> <Storage> <Opcode : 'read' 'write' 'nbread' 'nbwrite'> <Ports = 0> <Width = 8> <Depth = 1> <FIFO>
ST_4 : Operation 35 [1/1] (0.00ns)   --->   "%empty = call i32 (...)* @_ssdm_op_SpecRegionEnd([12 x i8]* @p_str14, i32 %tmp_s)" [C:/Xilinx/Vivado/2017.4/common/technology/autopilot/hls/hls_video_core.h:626->C:/Xilinx/Vivado/2017.4/common/technology/autopilot/hls/hls_video_core.h:656->C:/Xilinx/Vivado/2017.4/common/technology/autopilot/hls/hls_video_io.h:140]
ST_4 : Operation 36 [1/1] (0.00ns)   --->   "%tmp_data_V = call i24 @_ssdm_op_BitConcatenate.i24.i8.i8.i8(i8 %tmp_3, i8 %tmp_5, i8 %tmp_4)" [C:/Xilinx/Vivado/2017.4/common/technology/autopilot/hls/hls_axi_io.h:78->C:/Xilinx/Vivado/2017.4/common/technology/autopilot/hls/hls_axi_io.h:100->C:/Xilinx/Vivado/2017.4/common/technology/autopilot/hls/hls_video_io.h:143]
ST_4 : Operation 37 [2/2] (0.00ns)   --->   "call void @_ssdm_op_Write.axis.volatile.i24P.i3P.i3P.i1P.i1P.i1P.i1P(i24* %AXI_video_strm_V_data_V, i3* %AXI_video_strm_V_keep_V, i3* %AXI_video_strm_V_strb_V, i1* %AXI_video_strm_V_user_V, i1* %AXI_video_strm_V_last_V, i1* %AXI_video_strm_V_id_V, i1* %AXI_video_strm_V_dest_V, i24 %tmp_data_V, i3 -1, i3 undef, i1 %tmp_user_V_load, i1 %axi_last_V, i1 undef, i1 undef)" [C:/Xilinx/Vivado/2017.4/common/technology/autopilot/hls/hls_video_io.h:146]   --->   Core 5 'AXI4Stream' <Latency = 0> <II = 1> <Delay = 1.00> <Adapter> <Opcode : >
ST_4 : Operation 38 [1/1] (1.76ns)   --->   "store i1 false, i1* %tmp_user_V"

 <State 5> : 0.00ns
ST_5 : Operation 39 [1/1] (0.00ns)   --->   "call void (...)* @_ssdm_op_SpecLoopName([11 x i8]* @p_str10) nounwind" [C:/Xilinx/Vivado/2017.4/common/technology/autopilot/hls/hls_video_io.h:126]
ST_5 : Operation 40 [1/1] (0.00ns)   --->   "%tmp_9 = call i32 (...)* @_ssdm_op_SpecRegionBegin([11 x i8]* @p_str10)" [C:/Xilinx/Vivado/2017.4/common/technology/autopilot/hls/hls_video_io.h:126]
ST_5 : Operation 41 [1/1] (0.00ns)   --->   "call void (...)* @_ssdm_op_SpecPipeline(i32 1, i32 1, i32 1, i32 0, [1 x i8]* @p_str3) nounwind" [C:/Xilinx/Vivado/2017.4/common/technology/autopilot/hls/hls_video_io.h:128]
ST_5 : Operation 42 [1/2] (0.00ns)   --->   "call void @_ssdm_op_Write.axis.volatile.i24P.i3P.i3P.i1P.i1P.i1P.i1P(i24* %AXI_video_strm_V_data_V, i3* %AXI_video_strm_V_keep_V, i3* %AXI_video_strm_V_strb_V, i1* %AXI_video_strm_V_user_V, i1* %AXI_video_strm_V_last_V, i1* %AXI_video_strm_V_id_V, i1* %AXI_video_strm_V_dest_V, i24 %tmp_data_V, i3 -1, i3 undef, i1 %tmp_user_V_load, i1 %axi_last_V, i1 undef, i1 undef)" [C:/Xilinx/Vivado/2017.4/common/technology/autopilot/hls/hls_video_io.h:146]   --->   Core 5 'AXI4Stream' <Latency = 0> <II = 1> <Delay = 1.00> <Adapter> <Opcode : >
ST_5 : Operation 43 [1/1] (0.00ns)   --->   "%empty_88 = call i32 (...)* @_ssdm_op_SpecRegionEnd([11 x i8]* @p_str10, i32 %tmp_9)" [C:/Xilinx/Vivado/2017.4/common/technology/autopilot/hls/hls_video_io.h:147]
ST_5 : Operation 44 [1/1] (0.00ns)   --->   "br label %2" [C:/Xilinx/Vivado/2017.4/common/technology/autopilot/hls/hls_video_io.h:126]

 <State 6> : 0.00ns
ST_6 : Operation 45 [1/1] (0.00ns)   --->   "%empty_89 = call i32 (...)* @_ssdm_op_SpecRegionEnd([12 x i8]* @p_str9, i32 %tmp)" [C:/Xilinx/Vivado/2017.4/common/technology/autopilot/hls/hls_video_io.h:148]
ST_6 : Operation 46 [1/1] (0.00ns)   --->   "br label %0" [C:/Xilinx/Vivado/2017.4/common/technology/autopilot/hls/hls_video_io.h:125]


============================================================
+ Verbose Summary: Timing violations
============================================================
Target clock period: 10ns, clock uncertainty: 1.25ns.

 <State 1>: 1.77ns
The critical path consists of the following:
	'alloca' operation ('tmp.user.V') [11]  (0 ns)
	'store' operation of constant 1 on local variable 'tmp.user.V' [16]  (1.77 ns)

 <State 2>: 2.7ns
The critical path consists of the following:
	'icmp' operation ('exitcond2', C:/Xilinx/Vivado/2017.4/common/technology/autopilot/hls/hls_video_io.h:125) [20]  (1.77 ns)
	blocking operation 0.931 ns on control path)

 <State 3>: 2.81ns
The critical path consists of the following:
	'icmp' operation ('exitcond', C:/Xilinx/Vivado/2017.4/common/technology/autopilot/hls/hls_video_io.h:126) [30]  (1.88 ns)
	blocking operation 0.931 ns on control path)

 <State 4>: 3.63ns
The critical path consists of the following:
	fifo read on port 'img_data_stream_0_V' (C:/Xilinx/Vivado/2017.4/common/technology/autopilot/hls/hls_video_core.h:624->C:/Xilinx/Vivado/2017.4/common/technology/autopilot/hls/hls_video_core.h:656->C:/Xilinx/Vivado/2017.4/common/technology/autopilot/hls/hls_video_io.h:140) [42]  (3.63 ns)

 <State 5>: 0ns
The critical path consists of the following:

 <State 6>: 0ns
The critical path consists of the following:


============================================================
+ Verbose Summary: Binding
============================================================
N/A
* FSMD analyzer results:
  - Output states:
 - Input state : 
  - Chain level:
	State 1
	State 2
	State 3
	State 4
	State 5
	State 6


============================================================
+ Verbose Summary: Datapath Resource usage 
============================================================
N/A
