INFO: [VRFC 10-163] Analyzing VHDL file "C:/git_repos/hackster/Zybo_EV_Platform/block_compile.ip_user_files/bd/design_1/ip/design_1_axi_vdma_0_0/sim/design_1_axi_vdma_0_0.vhd" into library xil_defaultlib
INFO: [VRFC 10-3107] analyzing entity 'design_1_axi_vdma_0_0'
INFO: [VRFC 10-163] Analyzing VHDL file "C:/git_repos/hackster/Zybo_EV_Platform/block_compile.ip_user_files/bd/design_1/ip/design_1_rst_ps7_0_50M_0/sim/design_1_rst_ps7_0_50M_0.vhd" into library xil_defaultlib
INFO: [VRFC 10-3107] analyzing entity 'design_1_rst_ps7_0_50M_0'
INFO: [VRFC 10-163] Analyzing VHDL file "C:/git_repos/hackster/Zybo_EV_Platform/block_compile.ip_user_files/bd/design_1/ip/design_1_v_tc_1_0/sim/design_1_v_tc_1_0.vhd" into library xil_defaultlib
INFO: [VRFC 10-3107] analyzing entity 'design_1_v_tc_1_0'
INFO: [VRFC 10-163] Analyzing VHDL file "C:/git_repos/hackster/Zybo_EV_Platform/block_compile.srcs/sources_1/bd/design_1/ipshared/20df/src/ClockGen.vhd" into library xil_defaultlib
INFO: [VRFC 10-3107] analyzing entity 'ClockGen'
INFO: [VRFC 10-163] Analyzing VHDL file "C:/git_repos/hackster/Zybo_EV_Platform/block_compile.srcs/sources_1/bd/design_1/ipshared/20df/src/SyncAsync.vhd" into library xil_defaultlib
INFO: [VRFC 10-3107] analyzing entity 'SyncAsync'
INFO: [VRFC 10-163] Analyzing VHDL file "C:/git_repos/hackster/Zybo_EV_Platform/block_compile.srcs/sources_1/bd/design_1/ipshared/20df/src/SyncAsyncReset.vhd" into library xil_defaultlib
INFO: [VRFC 10-3107] analyzing entity 'ResetBridge'
INFO: [VRFC 10-163] Analyzing VHDL file "C:/git_repos/hackster/Zybo_EV_Platform/block_compile.srcs/sources_1/bd/design_1/ipshared/20df/src/DVI_Constants.vhd" into library xil_defaultlib
INFO: [VRFC 10-163] Analyzing VHDL file "C:/git_repos/hackster/Zybo_EV_Platform/block_compile.srcs/sources_1/bd/design_1/ipshared/20df/src/OutputSERDES.vhd" into library xil_defaultlib
INFO: [VRFC 10-3107] analyzing entity 'OutputSERDES'
INFO: [VRFC 10-163] Analyzing VHDL file "C:/git_repos/hackster/Zybo_EV_Platform/block_compile.srcs/sources_1/bd/design_1/ipshared/20df/src/TMDS_Encoder.vhd" into library xil_defaultlib
INFO: [VRFC 10-3107] analyzing entity 'TMDS_Encoder'
INFO: [VRFC 10-163] Analyzing VHDL file "C:/git_repos/hackster/Zybo_EV_Platform/block_compile.srcs/sources_1/bd/design_1/ipshared/20df/src/rgb2dvi.vhd" into library xil_defaultlib
INFO: [VRFC 10-3107] analyzing entity 'rgb2dvi'
INFO: [VRFC 10-163] Analyzing VHDL file "C:/git_repos/hackster/Zybo_EV_Platform/block_compile.ip_user_files/bd/design_1/ip/design_1_rgb2dvi_0_1/sim/design_1_rgb2dvi_0_1.vhd" into library xil_defaultlib
INFO: [VRFC 10-3107] analyzing entity 'design_1_rgb2dvi_0_1'
INFO: [VRFC 10-163] Analyzing VHDL file "C:/git_repos/hackster/Zybo_EV_Platform/block_compile.ip_user_files/bd/design_1/ip/design_1_ila_0_0/sim/design_1_ila_0_0.vhd" into library xil_defaultlib
INFO: [VRFC 10-3107] analyzing entity 'design_1_ila_0_0'
INFO: [VRFC 10-163] Analyzing VHDL file "C:/git_repos/hackster/Zybo_EV_Platform/block_compile.srcs/sources_1/bd/design_1/ipshared/9097/src/axi_dynclk_S00_AXI.vhd" into library xil_defaultlib
INFO: [VRFC 10-3107] analyzing entity 'axi_dynclk_S00_AXI'
INFO: [VRFC 10-163] Analyzing VHDL file "C:/git_repos/hackster/Zybo_EV_Platform/block_compile.srcs/sources_1/bd/design_1/ipshared/9097/src/axi_dynclk.vhd" into library xil_defaultlib
INFO: [VRFC 10-3107] analyzing entity 'axi_dynclk'
WARNING: [VRFC 10-3093] actual for formal port 'rst' is neither a static name nor a globally static expression [C:/git_repos/hackster/Zybo_EV_Platform/block_compile.srcs/sources_1/bd/design_1/ipshared/9097/src/axi_dynclk.vhd:225]
WARNING: [VRFC 10-3093] actual for formal port 's1_clkout0' is neither a static name nor a globally static expression [C:/git_repos/hackster/Zybo_EV_Platform/block_compile.srcs/sources_1/bd/design_1/ipshared/9097/src/axi_dynclk.vhd:227]
WARNING: [VRFC 10-3093] actual for formal port 's1_clkfbout' is neither a static name nor a globally static expression [C:/git_repos/hackster/Zybo_EV_Platform/block_compile.srcs/sources_1/bd/design_1/ipshared/9097/src/axi_dynclk.vhd:228]
WARNING: [VRFC 10-3093] actual for formal port 's1_lock' is neither a static name nor a globally static expression [C:/git_repos/hackster/Zybo_EV_Platform/block_compile.srcs/sources_1/bd/design_1/ipshared/9097/src/axi_dynclk.vhd:230]
INFO: [VRFC 10-163] Analyzing VHDL file "C:/git_repos/hackster/Zybo_EV_Platform/block_compile.ip_user_files/bd/design_1/ip/design_1_axi_dynclk_0_0/sim/design_1_axi_dynclk_0_0.vhd" into library xil_defaultlib
INFO: [VRFC 10-3107] analyzing entity 'design_1_axi_dynclk_0_0'
INFO: [VRFC 10-163] Analyzing VHDL file "C:/git_repos/hackster/Zybo_EV_Platform/block_compile.ip_user_files/bd/design_1/ip/design_1_axi_gpio_0_0/sim/design_1_axi_gpio_0_0.vhd" into library xil_defaultlib
INFO: [VRFC 10-3107] analyzing entity 'design_1_axi_gpio_0_0'
INFO: [VRFC 10-163] Analyzing VHDL file "C:/git_repos/hackster/Zybo_EV_Platform/block_compile.ip_user_files/bd/design_1/ip/design_1_ila_3_0/sim/design_1_ila_3_0.vhd" into library xil_defaultlib
INFO: [VRFC 10-3107] analyzing entity 'design_1_ila_3_0'
INFO: [VRFC 10-163] Analyzing VHDL file "C:/git_repos/hackster/Zybo_EV_Platform/block_compile.ip_user_files/bd/design_1/ip/design_1_ila_4_0/sim/design_1_ila_4_0.vhd" into library xil_defaultlib
INFO: [VRFC 10-3107] analyzing entity 'design_1_ila_4_0'
INFO: [VRFC 10-163] Analyzing VHDL file "C:/git_repos/hackster/Zybo_EV_Platform/block_compile.ip_user_files/bd/design_1/sim/design_1.vhd" into library xil_defaultlib
INFO: [VRFC 10-3107] analyzing entity 'OP_Video_imp_BPEA3O'
INFO: [VRFC 10-3107] analyzing entity 'm00_couplers_imp_15SPJYW'
INFO: [VRFC 10-3107] analyzing entity 'm00_couplers_imp_1CA5Z32'
INFO: [VRFC 10-3107] analyzing entity 'm01_couplers_imp_XU9C55'
INFO: [VRFC 10-3107] analyzing entity 'm02_couplers_imp_14WQB4R'
INFO: [VRFC 10-3107] analyzing entity 'm03_couplers_imp_YFYJ3U'
INFO: [VRFC 10-3107] analyzing entity 'm04_couplers_imp_17KQ732'
INFO: [VRFC 10-3107] analyzing entity 'm05_couplers_imp_VQEDA7'
INFO: [VRFC 10-3107] analyzing entity 's00_couplers_imp_O7FAN0'
INFO: [VRFC 10-3107] analyzing entity 's00_couplers_imp_UYSKKA'
INFO: [VRFC 10-3107] analyzing entity 's01_couplers_imp_1F69D31'
INFO: [VRFC 10-3107] analyzing entity 'design_1_axi_interconnect_0_0'
INFO: [VRFC 10-3107] analyzing entity 'design_1_ps7_0_axi_periph_0'
INFO: [VRFC 10-3107] analyzing entity 'design_1'
INFO: [VRFC 10-163] Analyzing VHDL file "C:/git_repos/hackster/Zybo_EV_Platform/block_compile.srcs/sources_1/bd/design_1/ipshared/f0a4/hdl/vhdl/fifo_w8_d1_A.vhd" into library xil_defaultlib
INFO: [VRFC 10-3107] analyzing entity 'fifo_w8_d1_A_shiftReg'
INFO: [VRFC 10-3107] analyzing entity 'fifo_w8_d1_A'
INFO: [VRFC 10-163] Analyzing VHDL file "C:/git_repos/hackster/Zybo_EV_Platform/block_compile.srcs/sources_1/bd/design_1/ipshared/f0a4/hdl/vhdl/log_generic_doublbkb.vhd" into library xil_defaultlib
INFO: [VRFC 10-3107] analyzing entity 'log_generic_doublbkb_rom'
INFO: [VRFC 10-3107] analyzing entity 'log_generic_doublbkb'
INFO: [VRFC 10-163] Analyzing VHDL file "C:/git_repos/hackster/Zybo_EV_Platform/block_compile.srcs/sources_1/bd/design_1/ipshared/f0a4/hdl/vhdl/log_generic_doublcud.vhd" into library xil_defaultlib
INFO: [VRFC 10-3107] analyzing entity 'log_generic_doublcud_rom'
INFO: [VRFC 10-3107] analyzing entity 'log_generic_doublcud'
INFO: [VRFC 10-163] Analyzing VHDL file "C:/git_repos/hackster/Zybo_EV_Platform/block_compile.srcs/sources_1/bd/design_1/ipshared/f0a4/hdl/vhdl/log_generic_doubldEe.vhd" into library xil_defaultlib
INFO: [VRFC 10-3107] analyzing entity 'log_generic_doubldEe_rom'
INFO: [VRFC 10-3107] analyzing entity 'log_generic_doubldEe'
INFO: [VRFC 10-163] Analyzing VHDL file "C:/git_repos/hackster/Zybo_EV_Platform/block_compile.srcs/sources_1/bd/design_1/ipshared/f0a4/hdl/vhdl/log_generic_double_s.vhd" into library xil_defaultlib
INFO: [VRFC 10-3107] analyzing entity 'log_generic_double_s'
INFO: [VRFC 10-163] Analyzing VHDL file "C:/git_repos/hackster/Zybo_EV_Platform/block_compile.srcs/sources_1/bd/design_1/ipshared/f0a4/hdl/vhdl/log_generic_doubleOg.vhd" into library xil_defaultlib
INFO: [VRFC 10-3107] analyzing entity 'log_generic_doubleOg_rom'
INFO: [VRFC 10-3107] analyzing entity 'log_generic_doubleOg'
INFO: [VRFC 10-163] Analyzing VHDL file "C:/git_repos/hackster/Zybo_EV_Platform/block_compile.srcs/sources_1/bd/design_1/ipshared/f0a4/hdl/vhdl/log_generic_doublfYi.vhd" into library xil_defaultlib
INFO: [VRFC 10-3107] analyzing entity 'log_generic_doublfYi_rom'
INFO: [VRFC 10-3107] analyzing entity 'log_generic_doublfYi'
INFO: [VRFC 10-163] Analyzing VHDL file "C:/git_repos/hackster/Zybo_EV_Platform/block_compile.srcs/sources_1/bd/design_1/ipshared/f0a4/hdl/vhdl/log_generic_doublg8j.vhd" into library xil_defaultlib
INFO: [VRFC 10-3107] analyzing entity 'log_generic_doublg8j_rom'
INFO: [VRFC 10-3107] analyzing entity 'log_generic_doublg8j'
INFO: [VRFC 10-163] Analyzing VHDL file "C:/git_repos/hackster/Zybo_EV_Platform/block_compile.srcs/sources_1/bd/design_1/ipshared/f0a4/hdl/vhdl/log_generic_doublhbi.vhd" into library xil_defaultlib
INFO: [VRFC 10-3107] analyzing entity 'log_generic_doublhbi_rom'
INFO: [VRFC 10-3107] analyzing entity 'log_generic_doublhbi'
INFO: [VRFC 10-163] Analyzing VHDL file "C:/git_repos/hackster/Zybo_EV_Platform/block_compile.srcs/sources_1/bd/design_1/ipshared/f0a4/hdl/vhdl/log_generic_doublibs.vhd" into library xil_defaultlib
INFO: [VRFC 10-3107] analyzing entity 'log_generic_doublibs_rom'
INFO: [VRFC 10-3107] analyzing entity 'log_generic_doublibs'
INFO: [VRFC 10-163] Analyzing VHDL file "C:/git_repos/hackster/Zybo_EV_Platform/block_compile.srcs/sources_1/bd/design_1/ipshared/f0a4/hdl/vhdl/log_generic_doubljbC.vhd" into library xil_defaultlib
INFO: [VRFC 10-3107] analyzing entity 'log_generic_doubljbC_rom'
INFO: [VRFC 10-3107] analyzing entity 'log_generic_doubljbC'
INFO: [VRFC 10-163] Analyzing VHDL file "C:/git_repos/hackster/Zybo_EV_Platform/block_compile.srcs/sources_1/bd/design_1/ipshared/f0a4/hdl/vhdl/mandel_brot_dadd_udo.vhd" into library xil_defaultlib
INFO: [VRFC 10-3107] analyzing entity 'mandel_brot_dadd_udo'
INFO: [VRFC 10-163] Analyzing VHDL file "C:/git_repos/hackster/Zybo_EV_Platform/block_compile.srcs/sources_1/bd/design_1/ipshared/f0a4/hdl/vhdl/mandel_brot_dadddtde.vhd" into library xil_defaultlib
INFO: [VRFC 10-3107] analyzing entity 'mandel_brot_dadddtde'
INFO: [VRFC 10-163] Analyzing VHDL file "C:/git_repos/hackster/Zybo_EV_Platform/block_compile.srcs/sources_1/bd/design_1/ipshared/f0a4/hdl/vhdl/mandel_brot_dcmp_xdS.vhd" into library xil_defaultlib
INFO: [VRFC 10-3107] analyzing entity 'mandel_brot_dcmp_xdS'
INFO: [VRFC 10-163] Analyzing VHDL file "C:/git_repos/hackster/Zybo_EV_Platform/block_compile.srcs/sources_1/bd/design_1/ipshared/f0a4/hdl/vhdl/mandel_brot_ddiv_wdI.vhd" into library xil_defaultlib
INFO: [VRFC 10-3107] analyzing entity 'mandel_brot_ddiv_wdI'
INFO: [VRFC 10-163] Analyzing VHDL file "C:/git_repos/hackster/Zybo_EV_Platform/block_compile.srcs/sources_1/bd/design_1/ipshared/f0a4/hdl/vhdl/mandel_brot_dmul_vdy.vhd" into library xil_defaultlib
INFO: [VRFC 10-3107] analyzing entity 'mandel_brot_dmul_vdy'
INFO: [VRFC 10-163] Analyzing VHDL file "C:/git_repos/hackster/Zybo_EV_Platform/block_compile.srcs/sources_1/bd/design_1/ipshared/f0a4/hdl/vhdl/mandel_brot_dsqrtzec.vhd" into library xil_defaultlib
INFO: [VRFC 10-3107] analyzing entity 'mandel_brot_dsqrtzec'
INFO: [VRFC 10-163] Analyzing VHDL file "C:/git_repos/hackster/Zybo_EV_Platform/block_compile.srcs/sources_1/bd/design_1/ipshared/f0a4/hdl/vhdl/mandel_brot_mul_4lbW.vhd" into library xil_defaultlib
INFO: [VRFC 10-3107] analyzing entity 'mandel_brot_mul_4lbW_MulnS_1'
INFO: [VRFC 10-3107] analyzing entity 'mandel_brot_mul_4lbW'
INFO: [VRFC 10-163] Analyzing VHDL file "C:/git_repos/hackster/Zybo_EV_Platform/block_compile.srcs/sources_1/bd/design_1/ipshared/f0a4/hdl/vhdl/mandel_brot_mul_6kbM.vhd" into library xil_defaultlib
INFO: [VRFC 10-3107] analyzing entity 'mandel_brot_mul_6kbM_MulnS_0'
INFO: [VRFC 10-3107] analyzing entity 'mandel_brot_mul_6kbM'
INFO: [VRFC 10-163] Analyzing VHDL file "C:/git_repos/hackster/Zybo_EV_Platform/block_compile.srcs/sources_1/bd/design_1/ipshared/f0a4/hdl/vhdl/mandel_brot_mul_6mb6.vhd" into library xil_defaultlib
INFO: [VRFC 10-3107] analyzing entity 'mandel_brot_mul_6mb6_MulnS_2'
INFO: [VRFC 10-3107] analyzing entity 'mandel_brot_mul_6mb6'
INFO: [VRFC 10-163] Analyzing VHDL file "C:/git_repos/hackster/Zybo_EV_Platform/block_compile.srcs/sources_1/bd/design_1/ipshared/f0a4/hdl/vhdl/mandel_brot_mul_6ncg.vhd" into library xil_defaultlib
INFO: [VRFC 10-3107] analyzing entity 'mandel_brot_mul_6ncg_MulnS_3'
INFO: [VRFC 10-3107] analyzing entity 'mandel_brot_mul_6ncg'
INFO: [VRFC 10-163] Analyzing VHDL file "C:/git_repos/hackster/Zybo_EV_Platform/block_compile.srcs/sources_1/bd/design_1/ipshared/f0a4/hdl/vhdl/mandel_brot_mul_6ocq.vhd" into library xil_defaultlib
INFO: [VRFC 10-3107] analyzing entity 'mandel_brot_mul_6ocq_MulnS_4'
INFO: [VRFC 10-3107] analyzing entity 'mandel_brot_mul_6ocq'
INFO: [VRFC 10-163] Analyzing VHDL file "C:/git_repos/hackster/Zybo_EV_Platform/block_compile.srcs/sources_1/bd/design_1/ipshared/f0a4/hdl/vhdl/mandel_brot_mul_6pcA.vhd" into library xil_defaultlib
INFO: [VRFC 10-3107] analyzing entity 'mandel_brot_mul_6pcA_MulnS_5'
INFO: [VRFC 10-3107] analyzing entity 'mandel_brot_mul_6pcA'
INFO: [VRFC 10-163] Analyzing VHDL file "C:/git_repos/hackster/Zybo_EV_Platform/block_compile.srcs/sources_1/bd/design_1/ipshared/f0a4/hdl/vhdl/mandel_brot_mul_6qcK.vhd" into library xil_defaultlib
INFO: [VRFC 10-3107] analyzing entity 'mandel_brot_mul_6qcK_MulnS_6'
INFO: [VRFC 10-3107] analyzing entity 'mandel_brot_mul_6qcK'
INFO: [VRFC 10-163] Analyzing VHDL file "C:/git_repos/hackster/Zybo_EV_Platform/block_compile.srcs/sources_1/bd/design_1/ipshared/f0a4/hdl/vhdl/mandel_brot_mul_6rcU.vhd" into library xil_defaultlib
INFO: [VRFC 10-3107] analyzing entity 'mandel_brot_mul_6rcU_MulnS_7'
INFO: [VRFC 10-3107] analyzing entity 'mandel_brot_mul_6rcU'
INFO: [VRFC 10-163] Analyzing VHDL file "C:/git_repos/hackster/Zybo_EV_Platform/block_compile.srcs/sources_1/bd/design_1/ipshared/f0a4/hdl/vhdl/mandel_brot_mul_6sc4.vhd" into library xil_defaultlib
INFO: [VRFC 10-3107] analyzing entity 'mandel_brot_mul_6sc4_MulnS_8'
INFO: [VRFC 10-3107] analyzing entity 'mandel_brot_mul_6sc4'
INFO: [VRFC 10-163] Analyzing VHDL file "C:/git_repos/hackster/Zybo_EV_Platform/block_compile.srcs/sources_1/bd/design_1/ipshared/f0a4/hdl/vhdl/mandel_brot_sitodyd2.vhd" into library xil_defaultlib
INFO: [VRFC 10-3107] analyzing entity 'mandel_brot_sitodyd2'
INFO: [VRFC 10-163] Analyzing VHDL file "C:/git_repos/hackster/Zybo_EV_Platform/block_compile.srcs/sources_1/bd/design_1/ipshared/f0a4/hdl/vhdl/Mat2AXIvideo.vhd" into library xil_defaultlib
INFO: [VRFC 10-3107] analyzing entity 'Mat2AXIvideo'
INFO: [VRFC 10-163] Analyzing VHDL file "C:/git_repos/hackster/Zybo_EV_Platform/block_compile.srcs/sources_1/bd/design_1/ipshared/f0a4/hdl/vhdl/mandel_brot.vhd" into library xil_defaultlib
INFO: [VRFC 10-3107] analyzing entity 'mandel_brot'
INFO: [VRFC 10-163] Analyzing VHDL file "C:/git_repos/hackster/Zybo_EV_Platform/block_compile.srcs/sources_1/bd/design_1/ipshared/f0a4/hdl/ip/mandel_brot_ap_dadddsub_3_full_dsp_64.vhd" into library xil_defaultlib
INFO: [VRFC 10-3107] analyzing entity 'mandel_brot_ap_dadddsub_3_full_dsp_64'
INFO: [VRFC 10-163] Analyzing VHDL file "C:/git_repos/hackster/Zybo_EV_Platform/block_compile.srcs/sources_1/bd/design_1/ipshared/f0a4/hdl/ip/mandel_brot_ap_dadd_3_full_dsp_64.vhd" into library xil_defaultlib
INFO: [VRFC 10-3107] analyzing entity 'mandel_brot_ap_dadd_3_full_dsp_64'
INFO: [VRFC 10-163] Analyzing VHDL file "C:/git_repos/hackster/Zybo_EV_Platform/block_compile.srcs/sources_1/bd/design_1/ipshared/f0a4/hdl/ip/mandel_brot_ap_dcmp_0_no_dsp_64.vhd" into library xil_defaultlib
INFO: [VRFC 10-3107] analyzing entity 'mandel_brot_ap_dcmp_0_no_dsp_64'
INFO: [VRFC 10-163] Analyzing VHDL file "C:/git_repos/hackster/Zybo_EV_Platform/block_compile.srcs/sources_1/bd/design_1/ipshared/f0a4/hdl/ip/mandel_brot_ap_ddiv_29_no_dsp_64.vhd" into library xil_defaultlib
INFO: [VRFC 10-3107] analyzing entity 'mandel_brot_ap_ddiv_29_no_dsp_64'
INFO: [VRFC 10-163] Analyzing VHDL file "C:/git_repos/hackster/Zybo_EV_Platform/block_compile.srcs/sources_1/bd/design_1/ipshared/f0a4/hdl/ip/mandel_brot_ap_dmul_4_max_dsp_64.vhd" into library xil_defaultlib
INFO: [VRFC 10-3107] analyzing entity 'mandel_brot_ap_dmul_4_max_dsp_64'
INFO: [VRFC 10-163] Analyzing VHDL file "C:/git_repos/hackster/Zybo_EV_Platform/block_compile.srcs/sources_1/bd/design_1/ipshared/f0a4/hdl/ip/mandel_brot_ap_dsqrt_29_no_dsp_64.vhd" into library xil_defaultlib
INFO: [VRFC 10-3107] analyzing entity 'mandel_brot_ap_dsqrt_29_no_dsp_64'
INFO: [VRFC 10-163] Analyzing VHDL file "C:/git_repos/hackster/Zybo_EV_Platform/block_compile.srcs/sources_1/bd/design_1/ipshared/f0a4/hdl/ip/mandel_brot_ap_sitodp_4_no_dsp_32.vhd" into library xil_defaultlib
INFO: [VRFC 10-3107] analyzing entity 'mandel_brot_ap_sitodp_4_no_dsp_32'
INFO: [VRFC 10-163] Analyzing VHDL file "C:/git_repos/hackster/Zybo_EV_Platform/block_compile.ip_user_files/bd/design_1/ip/design_1_mandel_brot_0_1/sim/design_1_mandel_brot_0_1.vhd" into library xil_defaultlib
INFO: [VRFC 10-3107] analyzing entity 'design_1_mandel_brot_0_1'
INFO: [VRFC 10-163] Analyzing VHDL file "C:/git_repos/hackster/Zybo_EV_Platform/block_compile.ip_user_files/bd/design_1/ip/design_1_ila_1_1/sim/design_1_ila_1_1.vhd" into library xil_defaultlib
INFO: [VRFC 10-3107] analyzing entity 'design_1_ila_1_1'
INFO: [VRFC 10-163] Analyzing VHDL file "C:/git_repos/hackster/Zybo_EV_Platform/block_compile.srcs/sources_1/bd/design_1/hdl/design_1_wrapper.vhd" into library xil_defaultlib
INFO: [VRFC 10-3107] analyzing entity 'design_1_wrapper'
