INFO: [VRFC 10-2263] Analyzing Verilog file "C:/git_repos/hackster/Zybo_EV_Platform/block_compile.ip_user_files/bd/design_1/ip/design_1_processing_system7_0_0/sim/design_1_processing_system7_0_0.v" into library xil_defaultlib
INFO: [VRFC 10-311] analyzing module design_1_processing_system7_0_0
INFO: [VRFC 10-2263] Analyzing Verilog file "C:/git_repos/hackster/Zybo_EV_Platform/block_compile.ip_user_files/bd/design_1/ip/design_1_v_axi4s_vid_out_0_0/sim/design_1_v_axi4s_vid_out_0_0.v" into library xil_defaultlib
INFO: [VRFC 10-311] analyzing module design_1_v_axi4s_vid_out_0_0
INFO: [VRFC 10-2263] Analyzing Verilog file "C:/git_repos/hackster/Zybo_EV_Platform/block_compile.ip_user_files/bd/design_1/ip/design_1_xlconstant_0_0/sim/design_1_xlconstant_0_0.v" into library xil_defaultlib
INFO: [VRFC 10-311] analyzing module design_1_xlconstant_0_0
INFO: [VRFC 10-2263] Analyzing Verilog file "C:/git_repos/hackster/Zybo_EV_Platform/block_compile.ip_user_files/bd/design_1/ip/design_1_xlconstant_0_1/sim/design_1_xlconstant_0_1.v" into library xil_defaultlib
INFO: [VRFC 10-311] analyzing module design_1_xlconstant_0_1
INFO: [VRFC 10-2263] Analyzing Verilog file "C:/git_repos/hackster/Zybo_EV_Platform/block_compile.srcs/sources_1/bd/design_1/ipshared/9097/src/mmcme2_drp.v" into library xil_defaultlib
INFO: [VRFC 10-311] analyzing module mmcme2_drp
INFO: [VRFC 10-2263] Analyzing Verilog file "C:/git_repos/hackster/Zybo_EV_Platform/block_compile.ip_user_files/bd/design_1/ip/design_1_axis_subset_converter_0_1/hdl/tdata_design_1_axis_subset_converter_0_1.v" into library xil_defaultlib
INFO: [VRFC 10-311] analyzing module tdata_design_1_axis_subset_converter_0_1
INFO: [VRFC 10-2263] Analyzing Verilog file "C:/git_repos/hackster/Zybo_EV_Platform/block_compile.ip_user_files/bd/design_1/ip/design_1_axis_subset_converter_0_1/hdl/tuser_design_1_axis_subset_converter_0_1.v" into library xil_defaultlib
INFO: [VRFC 10-311] analyzing module tuser_design_1_axis_subset_converter_0_1
INFO: [VRFC 10-2263] Analyzing Verilog file "C:/git_repos/hackster/Zybo_EV_Platform/block_compile.ip_user_files/bd/design_1/ip/design_1_axis_subset_converter_0_1/hdl/tstrb_design_1_axis_subset_converter_0_1.v" into library xil_defaultlib
INFO: [VRFC 10-311] analyzing module tstrb_design_1_axis_subset_converter_0_1
INFO: [VRFC 10-2263] Analyzing Verilog file "C:/git_repos/hackster/Zybo_EV_Platform/block_compile.ip_user_files/bd/design_1/ip/design_1_axis_subset_converter_0_1/hdl/tkeep_design_1_axis_subset_converter_0_1.v" into library xil_defaultlib
INFO: [VRFC 10-311] analyzing module tkeep_design_1_axis_subset_converter_0_1
INFO: [VRFC 10-2263] Analyzing Verilog file "C:/git_repos/hackster/Zybo_EV_Platform/block_compile.ip_user_files/bd/design_1/ip/design_1_axis_subset_converter_0_1/hdl/tid_design_1_axis_subset_converter_0_1.v" into library xil_defaultlib
INFO: [VRFC 10-311] analyzing module tid_design_1_axis_subset_converter_0_1
INFO: [VRFC 10-2263] Analyzing Verilog file "C:/git_repos/hackster/Zybo_EV_Platform/block_compile.ip_user_files/bd/design_1/ip/design_1_axis_subset_converter_0_1/hdl/tdest_design_1_axis_subset_converter_0_1.v" into library xil_defaultlib
INFO: [VRFC 10-311] analyzing module tdest_design_1_axis_subset_converter_0_1
INFO: [VRFC 10-2263] Analyzing Verilog file "C:/git_repos/hackster/Zybo_EV_Platform/block_compile.ip_user_files/bd/design_1/ip/design_1_axis_subset_converter_0_1/hdl/tlast_design_1_axis_subset_converter_0_1.v" into library xil_defaultlib
INFO: [VRFC 10-311] analyzing module tlast_design_1_axis_subset_converter_0_1
INFO: [VRFC 10-2263] Analyzing Verilog file "C:/git_repos/hackster/Zybo_EV_Platform/block_compile.ip_user_files/bd/design_1/ip/design_1_axis_subset_converter_0_1/hdl/top_design_1_axis_subset_converter_0_1.v" into library xil_defaultlib
INFO: [VRFC 10-311] analyzing module top_design_1_axis_subset_converter_0_1
INFO: [VRFC 10-2263] Analyzing Verilog file "C:/git_repos/hackster/Zybo_EV_Platform/block_compile.ip_user_files/bd/design_1/ip/design_1_axis_subset_converter_0_1/sim/design_1_axis_subset_converter_0_1.v" into library xil_defaultlib
INFO: [VRFC 10-311] analyzing module design_1_axis_subset_converter_0_1
INFO: [VRFC 10-2263] Analyzing Verilog file "C:/git_repos/hackster/Zybo_EV_Platform/block_compile.ip_user_files/bd/design_1/ip/design_1_xbar_1/sim/design_1_xbar_1.v" into library xil_defaultlib
INFO: [VRFC 10-311] analyzing module design_1_xbar_1
INFO: [VRFC 10-2263] Analyzing Verilog file "C:/git_repos/hackster/Zybo_EV_Platform/block_compile.ip_user_files/bd/design_1/ip/design_1_xbar_2/sim/design_1_xbar_2.v" into library xil_defaultlib
INFO: [VRFC 10-311] analyzing module design_1_xbar_2
INFO: [VRFC 10-2263] Analyzing Verilog file "C:/git_repos/hackster/Zybo_EV_Platform/block_compile.ip_user_files/bd/design_1/ip/design_1_xlconstant_2_0/sim/design_1_xlconstant_2_0.v" into library xil_defaultlib
INFO: [VRFC 10-311] analyzing module design_1_xlconstant_2_0
INFO: [VRFC 10-2263] Analyzing Verilog file "C:/git_repos/hackster/Zybo_EV_Platform/block_compile.ip_user_files/bd/design_1/ip/design_1_auto_pc_0/sim/design_1_auto_pc_0.v" into library xil_defaultlib
INFO: [VRFC 10-311] analyzing module design_1_auto_pc_0
INFO: [VRFC 10-2263] Analyzing Verilog file "C:/git_repos/hackster/Zybo_EV_Platform/block_compile.ip_user_files/bd/design_1/ip/design_1_auto_pc_5/sim/design_1_auto_pc_5.v" into library xil_defaultlib
INFO: [VRFC 10-311] analyzing module design_1_auto_pc_5
INFO: [VRFC 10-2263] Analyzing Verilog file "C:/git_repos/hackster/Zybo_EV_Platform/block_compile.ip_user_files/bd/design_1/ip/design_1_auto_pc_1/sim/design_1_auto_pc_1.v" into library xil_defaultlib
INFO: [VRFC 10-311] analyzing module design_1_auto_pc_1
INFO: [VRFC 10-2263] Analyzing Verilog file "C:/git_repos/hackster/Zybo_EV_Platform/block_compile.ip_user_files/bd/design_1/ip/design_1_auto_pc_2/sim/design_1_auto_pc_2.v" into library xil_defaultlib
INFO: [VRFC 10-311] analyzing module design_1_auto_pc_2
INFO: [VRFC 10-2263] Analyzing Verilog file "C:/git_repos/hackster/Zybo_EV_Platform/block_compile.ip_user_files/bd/design_1/ip/design_1_auto_pc_3/sim/design_1_auto_pc_3.v" into library xil_defaultlib
INFO: [VRFC 10-311] analyzing module design_1_auto_pc_3
INFO: [VRFC 10-2263] Analyzing Verilog file "C:/git_repos/hackster/Zybo_EV_Platform/block_compile.ip_user_files/bd/design_1/ip/design_1_auto_pc_4/sim/design_1_auto_pc_4.v" into library xil_defaultlib
INFO: [VRFC 10-311] analyzing module design_1_auto_pc_4
INFO: [VRFC 10-2263] Analyzing Verilog file "C:/git_repos/hackster/Zybo_EV_Platform/block_compile.sim/sim_1/behav/xsim/glbl.v" into library xil_defaultlib
INFO: [VRFC 10-311] analyzing module glbl
