
*** Running vivado
    with args -log design_1_auto_pc_5.vds -m64 -product Vivado -mode batch -messageDb vivado.pb -notrace -source design_1_auto_pc_5.tcl


****** Vivado v2019.2 (64-bit)
  **** SW Build 2708876 on Wed Nov  6 21:40:23 MST 2019
  **** IP Build 2700528 on Thu Nov  7 00:09:20 MST 2019
    ** Copyright 1986-2019 Xilinx, Inc. All Rights Reserved.

source design_1_auto_pc_5.tcl -notrace
INFO: [IP_Flow 19-234] Refreshing IP repositories
INFO: [IP_Flow 19-1700] Loaded user IP repository 'c:/git_repos/hackster/digilent'.
INFO: [IP_Flow 19-2313] Loaded Vivado IP repository 'C:/Xilinx/Vivado/2019.2/data/ip'.
Command: synth_design -top design_1_auto_pc_5 -part xc7z020clg400-1 -mode out_of_context
Starting synth_design
Attempting to get a license for feature 'Synthesis' and/or device 'xc7z020'
INFO: [Common 17-349] Got license for feature 'Synthesis' and/or device 'xc7z020'
INFO: [Device 21-403] Loading part xc7z020clg400-1
INFO: Launching helper process for spawning children vivado processes
INFO: Helper process launched with PID 41220 
---------------------------------------------------------------------------------
Starting RTL Elaboration : Time (s): cpu = 00:00:17 ; elapsed = 00:00:18 . Memory (MB): peak = 1032.914 ; gain = 235.750
---------------------------------------------------------------------------------
INFO: [Synth 8-6157] synthesizing module 'design_1_auto_pc_5' [c:/git_repos/hackster/Zybo_EV_Platform/block_compile.srcs/sources_1/bd/design_1/ip/design_1_auto_pc_5/synth/design_1_auto_pc_5.v:58]
INFO: [Synth 8-6157] synthesizing module 'axi_protocol_converter_v2_1_20_axi_protocol_converter' [c:/git_repos/hackster/Zybo_EV_Platform/block_compile.srcs/sources_1/bd/design_1/ipshared/c4a6/hdl/axi_protocol_converter_v2_1_vl_rfs.v:4808]
	Parameter C_FAMILY bound to: zynq - type: string 
	Parameter C_M_AXI_PROTOCOL bound to: 0 - type: integer 
	Parameter C_S_AXI_PROTOCOL bound to: 1 - type: integer 
	Parameter C_IGNORE_ID bound to: 0 - type: integer 
	Parameter C_AXI_ID_WIDTH bound to: 12 - type: integer 
	Parameter C_AXI_ADDR_WIDTH bound to: 32 - type: integer 
	Parameter C_AXI_DATA_WIDTH bound to: 32 - type: integer 
	Parameter C_AXI_SUPPORTS_WRITE bound to: 1 - type: integer 
	Parameter C_AXI_SUPPORTS_READ bound to: 1 - type: integer 
	Parameter C_AXI_SUPPORTS_USER_SIGNALS bound to: 0 - type: integer 
	Parameter C_AXI_AWUSER_WIDTH bound to: 1 - type: integer 
	Parameter C_AXI_ARUSER_WIDTH bound to: 1 - type: integer 
	Parameter C_AXI_WUSER_WIDTH bound to: 1 - type: integer 
	Parameter C_AXI_RUSER_WIDTH bound to: 1 - type: integer 
	Parameter C_AXI_BUSER_WIDTH bound to: 1 - type: integer 
	Parameter C_TRANSLATION_MODE bound to: 2 - type: integer 
	Parameter P_AXI4 bound to: 0 - type: integer 
	Parameter P_AXI3 bound to: 1 - type: integer 
	Parameter P_AXILITE bound to: 2 - type: integer 
	Parameter P_AXILITE_SIZE bound to: 3'b010 
	Parameter P_INCR bound to: 2'b01 
	Parameter P_DECERR bound to: 2'b11 
	Parameter P_SLVERR bound to: 2'b10 
	Parameter P_PROTECTION bound to: 1 - type: integer 
	Parameter P_CONVERSION bound to: 2 - type: integer 
INFO: [Synth 8-6155] done synthesizing module 'axi_protocol_converter_v2_1_20_axi_protocol_converter' (1#1) [c:/git_repos/hackster/Zybo_EV_Platform/block_compile.srcs/sources_1/bd/design_1/ipshared/c4a6/hdl/axi_protocol_converter_v2_1_vl_rfs.v:4808]
INFO: [Synth 8-6155] done synthesizing module 'design_1_auto_pc_5' (2#1) [c:/git_repos/hackster/Zybo_EV_Platform/block_compile.srcs/sources_1/bd/design_1/ip/design_1_auto_pc_5/synth/design_1_auto_pc_5.v:58]
WARNING: [Synth 8-3331] design axi_protocol_converter_v2_1_20_axi_protocol_converter has unconnected port aclk
WARNING: [Synth 8-3331] design axi_protocol_converter_v2_1_20_axi_protocol_converter has unconnected port aresetn
WARNING: [Synth 8-3331] design axi_protocol_converter_v2_1_20_axi_protocol_converter has unconnected port s_axi_awlock[1]
WARNING: [Synth 8-3331] design axi_protocol_converter_v2_1_20_axi_protocol_converter has unconnected port s_axi_awregion[3]
WARNING: [Synth 8-3331] design axi_protocol_converter_v2_1_20_axi_protocol_converter has unconnected port s_axi_awregion[2]
WARNING: [Synth 8-3331] design axi_protocol_converter_v2_1_20_axi_protocol_converter has unconnected port s_axi_awregion[1]
WARNING: [Synth 8-3331] design axi_protocol_converter_v2_1_20_axi_protocol_converter has unconnected port s_axi_awregion[0]
WARNING: [Synth 8-3331] design axi_protocol_converter_v2_1_20_axi_protocol_converter has unconnected port s_axi_wid[11]
WARNING: [Synth 8-3331] design axi_protocol_converter_v2_1_20_axi_protocol_converter has unconnected port s_axi_wid[10]
WARNING: [Synth 8-3331] design axi_protocol_converter_v2_1_20_axi_protocol_converter has unconnected port s_axi_wid[9]
WARNING: [Synth 8-3331] design axi_protocol_converter_v2_1_20_axi_protocol_converter has unconnected port s_axi_wid[8]
WARNING: [Synth 8-3331] design axi_protocol_converter_v2_1_20_axi_protocol_converter has unconnected port s_axi_wid[7]
WARNING: [Synth 8-3331] design axi_protocol_converter_v2_1_20_axi_protocol_converter has unconnected port s_axi_wid[6]
WARNING: [Synth 8-3331] design axi_protocol_converter_v2_1_20_axi_protocol_converter has unconnected port s_axi_wid[5]
WARNING: [Synth 8-3331] design axi_protocol_converter_v2_1_20_axi_protocol_converter has unconnected port s_axi_wid[4]
WARNING: [Synth 8-3331] design axi_protocol_converter_v2_1_20_axi_protocol_converter has unconnected port s_axi_wid[3]
WARNING: [Synth 8-3331] design axi_protocol_converter_v2_1_20_axi_protocol_converter has unconnected port s_axi_wid[2]
WARNING: [Synth 8-3331] design axi_protocol_converter_v2_1_20_axi_protocol_converter has unconnected port s_axi_wid[1]
WARNING: [Synth 8-3331] design axi_protocol_converter_v2_1_20_axi_protocol_converter has unconnected port s_axi_wid[0]
WARNING: [Synth 8-3331] design axi_protocol_converter_v2_1_20_axi_protocol_converter has unconnected port s_axi_arlock[1]
WARNING: [Synth 8-3331] design axi_protocol_converter_v2_1_20_axi_protocol_converter has unconnected port s_axi_arregion[3]
WARNING: [Synth 8-3331] design axi_protocol_converter_v2_1_20_axi_protocol_converter has unconnected port s_axi_arregion[2]
WARNING: [Synth 8-3331] design axi_protocol_converter_v2_1_20_axi_protocol_converter has unconnected port s_axi_arregion[1]
WARNING: [Synth 8-3331] design axi_protocol_converter_v2_1_20_axi_protocol_converter has unconnected port s_axi_arregion[0]
---------------------------------------------------------------------------------
Finished RTL Elaboration : Time (s): cpu = 00:00:28 ; elapsed = 00:00:30 . Memory (MB): peak = 1213.637 ; gain = 416.473
---------------------------------------------------------------------------------

Report Check Netlist: 
+------+------------------+-------+---------+-------+------------------+
|      |Item              |Errors |Warnings |Status |Description       |
+------+------------------+-------+---------+-------+------------------+
|1     |multi_driven_nets |      0|        0|Passed |Multi driven nets |
+------+------------------+-------+---------+-------+------------------+
---------------------------------------------------------------------------------
Start Handling Custom Attributes
---------------------------------------------------------------------------------
---------------------------------------------------------------------------------
Finished Handling Custom Attributes : Time (s): cpu = 00:00:29 ; elapsed = 00:00:31 . Memory (MB): peak = 1213.637 ; gain = 416.473
---------------------------------------------------------------------------------
---------------------------------------------------------------------------------
Finished RTL Optimization Phase 1 : Time (s): cpu = 00:00:29 ; elapsed = 00:00:31 . Memory (MB): peak = 1213.637 ; gain = 416.473
---------------------------------------------------------------------------------
Netlist sorting complete. Time (s): cpu = 00:00:00 ; elapsed = 00:00:00.013 . Memory (MB): peak = 1213.637 ; gain = 0.000
INFO: [Project 1-570] Preparing netlist for logic optimization

Processing XDC Constraints
Initializing timing engine
WARNING: [Designutils 20-1758] instance inst wraps a black box. Constraint reading is skipped for elaborated designs in this case. Skipping constraint file 'c:/git_repos/hackster/Zybo_EV_Platform/block_compile.srcs/sources_1/bd/design_1/ip/design_1_auto_pc_5/design_1_auto_pc_5_ooc.xdc'.
Parsing XDC File [C:/git_repos/hackster/Zybo_EV_Platform/block_compile.runs/design_1_auto_pc_5_synth_1/dont_touch.xdc]
Finished Parsing XDC File [C:/git_repos/hackster/Zybo_EV_Platform/block_compile.runs/design_1_auto_pc_5_synth_1/dont_touch.xdc]
Completed Processing XDC Constraints

Netlist sorting complete. Time (s): cpu = 00:00:00 ; elapsed = 00:00:00 . Memory (MB): peak = 1213.637 ; gain = 0.000
INFO: [Project 1-111] Unisim Transformation Summary:
No Unisim elements were transformed.

Constraint Validation Runtime : Time (s): cpu = 00:00:00 ; elapsed = 00:00:00.053 . Memory (MB): peak = 1213.637 ; gain = 0.000
---------------------------------------------------------------------------------
Finished Constraint Validation : Time (s): cpu = 00:00:39 ; elapsed = 00:00:41 . Memory (MB): peak = 1213.637 ; gain = 416.473
---------------------------------------------------------------------------------
---------------------------------------------------------------------------------
Start Loading Part and Timing Information
---------------------------------------------------------------------------------
Loading part: xc7z020clg400-1
---------------------------------------------------------------------------------
Finished Loading Part and Timing Information : Time (s): cpu = 00:00:39 ; elapsed = 00:00:41 . Memory (MB): peak = 1213.637 ; gain = 416.473
---------------------------------------------------------------------------------
---------------------------------------------------------------------------------
Start Applying 'set_property' XDC Constraints
---------------------------------------------------------------------------------
Applied set_property DONT_TOUCH = true for inst. (constraint file  C:/git_repos/hackster/Zybo_EV_Platform/block_compile.runs/design_1_auto_pc_5_synth_1/dont_touch.xdc, line 9).
---------------------------------------------------------------------------------
Finished applying 'set_property' XDC Constraints : Time (s): cpu = 00:00:39 ; elapsed = 00:00:41 . Memory (MB): peak = 1213.637 ; gain = 416.473
---------------------------------------------------------------------------------
---------------------------------------------------------------------------------
Finished RTL Optimization Phase 2 : Time (s): cpu = 00:00:39 ; elapsed = 00:00:42 . Memory (MB): peak = 1213.637 ; gain = 416.473
---------------------------------------------------------------------------------

Report RTL Partitions: 
+-+--------------+------------+----------+
| |RTL Partition |Replication |Instances |
+-+--------------+------------+----------+
+-+--------------+------------+----------+
---------------------------------------------------------------------------------
Start RTL Component Statistics 
---------------------------------------------------------------------------------
Detailed RTL Component Info : 
---------------------------------------------------------------------------------
Finished RTL Component Statistics 
---------------------------------------------------------------------------------
---------------------------------------------------------------------------------
Start RTL Hierarchical Component Statistics 
---------------------------------------------------------------------------------
Hierarchical RTL Component report 
---------------------------------------------------------------------------------
Finished RTL Hierarchical Component Statistics
---------------------------------------------------------------------------------
---------------------------------------------------------------------------------
Start Part Resource Summary
---------------------------------------------------------------------------------
Part Resources:
DSPs: 220 (col length:60)
BRAMs: 280 (col length: RAMB18 60 RAMB36 30)
---------------------------------------------------------------------------------
Finished Part Resource Summary
---------------------------------------------------------------------------------
---------------------------------------------------------------------------------
Start Cross Boundary and Area Optimization
---------------------------------------------------------------------------------
Warning: Parallel synthesis criteria is not met 
WARNING: [Synth 8-3331] design axi_protocol_converter_v2_1_20_axi_protocol_converter has unconnected port aclk
WARNING: [Synth 8-3331] design axi_protocol_converter_v2_1_20_axi_protocol_converter has unconnected port aresetn
WARNING: [Synth 8-3331] design axi_protocol_converter_v2_1_20_axi_protocol_converter has unconnected port s_axi_awlock[1]
WARNING: [Synth 8-3331] design axi_protocol_converter_v2_1_20_axi_protocol_converter has unconnected port s_axi_awregion[3]
WARNING: [Synth 8-3331] design axi_protocol_converter_v2_1_20_axi_protocol_converter has unconnected port s_axi_awregion[2]
WARNING: [Synth 8-3331] design axi_protocol_converter_v2_1_20_axi_protocol_converter has unconnected port s_axi_awregion[1]
WARNING: [Synth 8-3331] design axi_protocol_converter_v2_1_20_axi_protocol_converter has unconnected port s_axi_awregion[0]
WARNING: [Synth 8-3331] design axi_protocol_converter_v2_1_20_axi_protocol_converter has unconnected port s_axi_wid[11]
WARNING: [Synth 8-3331] design axi_protocol_converter_v2_1_20_axi_protocol_converter has unconnected port s_axi_wid[10]
WARNING: [Synth 8-3331] design axi_protocol_converter_v2_1_20_axi_protocol_converter has unconnected port s_axi_wid[9]
WARNING: [Synth 8-3331] design axi_protocol_converter_v2_1_20_axi_protocol_converter has unconnected port s_axi_wid[8]
WARNING: [Synth 8-3331] design axi_protocol_converter_v2_1_20_axi_protocol_converter has unconnected port s_axi_wid[7]
WARNING: [Synth 8-3331] design axi_protocol_converter_v2_1_20_axi_protocol_converter has unconnected port s_axi_wid[6]
WARNING: [Synth 8-3331] design axi_protocol_converter_v2_1_20_axi_protocol_converter has unconnected port s_axi_wid[5]
WARNING: [Synth 8-3331] design axi_protocol_converter_v2_1_20_axi_protocol_converter has unconnected port s_axi_wid[4]
WARNING: [Synth 8-3331] design axi_protocol_converter_v2_1_20_axi_protocol_converter has unconnected port s_axi_wid[3]
WARNING: [Synth 8-3331] design axi_protocol_converter_v2_1_20_axi_protocol_converter has unconnected port s_axi_wid[2]
WARNING: [Synth 8-3331] design axi_protocol_converter_v2_1_20_axi_protocol_converter has unconnected port s_axi_wid[1]
WARNING: [Synth 8-3331] design axi_protocol_converter_v2_1_20_axi_protocol_converter has unconnected port s_axi_wid[0]
WARNING: [Synth 8-3331] design axi_protocol_converter_v2_1_20_axi_protocol_converter has unconnected port s_axi_arlock[1]
WARNING: [Synth 8-3331] design axi_protocol_converter_v2_1_20_axi_protocol_converter has unconnected port s_axi_arregion[3]
WARNING: [Synth 8-3331] design axi_protocol_converter_v2_1_20_axi_protocol_converter has unconnected port s_axi_arregion[2]
WARNING: [Synth 8-3331] design axi_protocol_converter_v2_1_20_axi_protocol_converter has unconnected port s_axi_arregion[1]
WARNING: [Synth 8-3331] design axi_protocol_converter_v2_1_20_axi_protocol_converter has unconnected port s_axi_arregion[0]
---------------------------------------------------------------------------------
Finished Cross Boundary and Area Optimization : Time (s): cpu = 00:00:42 ; elapsed = 00:00:44 . Memory (MB): peak = 1213.637 ; gain = 416.473
---------------------------------------------------------------------------------

Report RTL Partitions: 
+-+--------------+------------+----------+
| |RTL Partition |Replication |Instances |
+-+--------------+------------+----------+
+-+--------------+------------+----------+
---------------------------------------------------------------------------------
Start Applying XDC Timing Constraints
---------------------------------------------------------------------------------
---------------------------------------------------------------------------------
Finished Applying XDC Timing Constraints : Time (s): cpu = 00:00:54 ; elapsed = 00:00:57 . Memory (MB): peak = 1213.637 ; gain = 416.473
---------------------------------------------------------------------------------
---------------------------------------------------------------------------------
Start Timing Optimization
---------------------------------------------------------------------------------
---------------------------------------------------------------------------------
Finished Timing Optimization : Time (s): cpu = 00:00:54 ; elapsed = 00:00:57 . Memory (MB): peak = 1213.637 ; gain = 416.473
---------------------------------------------------------------------------------

Report RTL Partitions: 
+-+--------------+------------+----------+
| |RTL Partition |Replication |Instances |
+-+--------------+------------+----------+
+-+--------------+------------+----------+
---------------------------------------------------------------------------------
Start Technology Mapping
---------------------------------------------------------------------------------
---------------------------------------------------------------------------------
Finished Technology Mapping : Time (s): cpu = 00:00:54 ; elapsed = 00:00:57 . Memory (MB): peak = 1213.637 ; gain = 416.473
---------------------------------------------------------------------------------

Report RTL Partitions: 
+-+--------------+------------+----------+
| |RTL Partition |Replication |Instances |
+-+--------------+------------+----------+
+-+--------------+------------+----------+
---------------------------------------------------------------------------------
Start IO Insertion
---------------------------------------------------------------------------------
---------------------------------------------------------------------------------
Start Flattening Before IO Insertion
---------------------------------------------------------------------------------
---------------------------------------------------------------------------------
Finished Flattening Before IO Insertion
---------------------------------------------------------------------------------
---------------------------------------------------------------------------------
Start Final Netlist Cleanup
---------------------------------------------------------------------------------
---------------------------------------------------------------------------------
Finished Final Netlist Cleanup
---------------------------------------------------------------------------------
---------------------------------------------------------------------------------
Finished IO Insertion : Time (s): cpu = 00:01:01 ; elapsed = 00:01:04 . Memory (MB): peak = 1213.637 ; gain = 416.473
---------------------------------------------------------------------------------
---------------------------------------------------------------------------------
Start Renaming Generated Instances
---------------------------------------------------------------------------------
---------------------------------------------------------------------------------
Finished Renaming Generated Instances : Time (s): cpu = 00:01:01 ; elapsed = 00:01:04 . Memory (MB): peak = 1213.637 ; gain = 416.473
---------------------------------------------------------------------------------

Report RTL Partitions: 
+-+--------------+------------+----------+
| |RTL Partition |Replication |Instances |
+-+--------------+------------+----------+
+-+--------------+------------+----------+

Report Check Netlist: 
+------+------------------+-------+---------+-------+------------------+
|      |Item              |Errors |Warnings |Status |Description       |
+------+------------------+-------+---------+-------+------------------+
|1     |multi_driven_nets |      0|        0|Passed |Multi driven nets |
+------+------------------+-------+---------+-------+------------------+
---------------------------------------------------------------------------------
Start Rebuilding User Hierarchy
---------------------------------------------------------------------------------
---------------------------------------------------------------------------------
Finished Rebuilding User Hierarchy : Time (s): cpu = 00:01:01 ; elapsed = 00:01:04 . Memory (MB): peak = 1213.637 ; gain = 416.473
---------------------------------------------------------------------------------
---------------------------------------------------------------------------------
Start Renaming Generated Ports
---------------------------------------------------------------------------------
---------------------------------------------------------------------------------
Finished Renaming Generated Ports : Time (s): cpu = 00:01:01 ; elapsed = 00:01:04 . Memory (MB): peak = 1213.637 ; gain = 416.473
---------------------------------------------------------------------------------
---------------------------------------------------------------------------------
Start Handling Custom Attributes
---------------------------------------------------------------------------------
---------------------------------------------------------------------------------
Finished Handling Custom Attributes : Time (s): cpu = 00:01:01 ; elapsed = 00:01:04 . Memory (MB): peak = 1213.637 ; gain = 416.473
---------------------------------------------------------------------------------
---------------------------------------------------------------------------------
Start Renaming Generated Nets
---------------------------------------------------------------------------------
---------------------------------------------------------------------------------
Finished Renaming Generated Nets : Time (s): cpu = 00:01:01 ; elapsed = 00:01:04 . Memory (MB): peak = 1213.637 ; gain = 416.473
---------------------------------------------------------------------------------
---------------------------------------------------------------------------------
Start Writing Synthesis Report
---------------------------------------------------------------------------------

Report BlackBoxes: 
+-+--------------+----------+
| |BlackBox name |Instances |
+-+--------------+----------+
+-+--------------+----------+

Report Cell Usage: 
+-+-----+------+
| |Cell |Count |
+-+-----+------+
+-+-----+------+

Report Instance Areas: 
+------+---------+------------------------------------------------------+------+
|      |Instance |Module                                                |Cells |
+------+---------+------------------------------------------------------+------+
|1     |top      |                                                      |     0|
|2     |  inst   |axi_protocol_converter_v2_1_20_axi_protocol_converter |     0|
+------+---------+------------------------------------------------------+------+
---------------------------------------------------------------------------------
Finished Writing Synthesis Report : Time (s): cpu = 00:01:01 ; elapsed = 00:01:04 . Memory (MB): peak = 1213.637 ; gain = 416.473
---------------------------------------------------------------------------------
Synthesis finished with 0 errors, 0 critical warnings and 24 warnings.
Synthesis Optimization Runtime : Time (s): cpu = 00:00:29 ; elapsed = 00:01:00 . Memory (MB): peak = 1213.637 ; gain = 416.473
Synthesis Optimization Complete : Time (s): cpu = 00:01:01 ; elapsed = 00:01:04 . Memory (MB): peak = 1213.637 ; gain = 416.473
INFO: [Project 1-571] Translating synthesized netlist
Netlist sorting complete. Time (s): cpu = 00:00:00 ; elapsed = 00:00:00.011 . Memory (MB): peak = 1213.637 ; gain = 0.000
INFO: [Project 1-570] Preparing netlist for logic optimization
INFO: [Opt 31-138] Pushed 0 inverter(s) to 0 load pin(s).
Netlist sorting complete. Time (s): cpu = 00:00:00 ; elapsed = 00:00:00 . Memory (MB): peak = 1216.836 ; gain = 0.000
INFO: [Project 1-111] Unisim Transformation Summary:
No Unisim elements were transformed.

INFO: [Common 17-83] Releasing license: Synthesis
16 Infos, 49 Warnings, 0 Critical Warnings and 0 Errors encountered.
synth_design completed successfully
synth_design: Time (s): cpu = 00:01:13 ; elapsed = 00:01:18 . Memory (MB): peak = 1221.836 ; gain = 721.891
Netlist sorting complete. Time (s): cpu = 00:00:00 ; elapsed = 00:00:00 . Memory (MB): peak = 1221.836 ; gain = 0.000
WARNING: [Constraints 18-5210] No constraints selected for write.
Resolution: This message can indicate that there are no constraints for the design, or it can indicate that the used_in flags are set such that the constraints are ignored. This later case is used when running synth_design to not write synthesis constraints to the resulting checkpoint. Instead, project constraints are read when the synthesized design is opened.
INFO: [Common 17-1381] The checkpoint 'C:/git_repos/hackster/Zybo_EV_Platform/block_compile.runs/design_1_auto_pc_5_synth_1/design_1_auto_pc_5.dcp' has been generated.
WARNING: [Common 17-576] 'use_project_ipc' is deprecated. This option is deprecated and no longer used.
INFO: [Coretcl 2-1648] Added synthesis output to IP cache for IP design_1_auto_pc_5, cache-ID = ecb55ae07bf6d67c
Netlist sorting complete. Time (s): cpu = 00:00:00 ; elapsed = 00:00:00 . Memory (MB): peak = 1221.836 ; gain = 0.000
WARNING: [Constraints 18-5210] No constraints selected for write.
Resolution: This message can indicate that there are no constraints for the design, or it can indicate that the used_in flags are set such that the constraints are ignored. This later case is used when running synth_design to not write synthesis constraints to the resulting checkpoint. Instead, project constraints are read when the synthesized design is opened.
INFO: [Common 17-1381] The checkpoint 'C:/git_repos/hackster/Zybo_EV_Platform/block_compile.runs/design_1_auto_pc_5_synth_1/design_1_auto_pc_5.dcp' has been generated.
INFO: [runtcl-4] Executing : report_utilization -file design_1_auto_pc_5_utilization_synth.rpt -pb design_1_auto_pc_5_utilization_synth.pb
INFO: [Common 17-206] Exiting Vivado at Sun Dec  8 17:42:14 2019...
