

================================================================
== Vivado HLS Report for 'image_filter'
================================================================
* Date:           Fri Jun 22 22:10:17 2018

* Version:        2017.4_AR70530_AR70530 (Build 2086221 on Fri Dec 15 21:13:33 MST 2017)
* Project:        cvt_colour
* Solution:       solution1
* Product family: zynq
* Target device:  xc7z020clg400-1


================================================================
== Performance Estimates
================================================================
+ Timing (ns): 
    * Summary: 
    +--------+-------+----------+------------+
    |  Clock | Target| Estimated| Uncertainty|
    +--------+-------+----------+------------+
    |ap_clk  |  10.00|     10.05|        1.25|
    +--------+-------+----------+------------+

+ Latency (clock cycles): 
    * Summary: 
    +--------+--------+--------+--------+----------+
    |     Latency     |     Interval    | Pipeline |
    |   min  |   max  |   min  |   max  |   Type   |
    +--------+--------+--------+--------+----------+
    |  942498|  942498|  942482|  942482| dataflow |
    +--------+--------+--------+--------+----------+

    + Detail: 
        * Instance: 
        +-----------------+--------------+--------+--------+--------+--------+---------+
        |                 |              |     Latency     |     Interval    | Pipeline|
        |     Instance    |    Module    |   min  |   max  |   min  |   max  |   Type  |
        +-----------------+--------------+--------+--------+--------+--------+---------+
        |AddWeighted_U0   |AddWeighted   |  942481|  942481|  942481|  942481|   none  |
        |Sobel_U0         |Sobel         |  930660|  930660|  930660|  930660|   none  |
        |Sobel_1_U0       |Sobel_1       |  930660|  930660|  930660|  930660|   none  |
        |GaussianBlur_U0  |GaussianBlur  |  930660|  930660|  930660|  930660|   none  |
        |AXIvideo2Mat_U0  |AXIvideo2Mat  |       3|  926643|       3|  926643|   none  |
        |CvtColor_1_U0    |CvtColor_1    |       1|  925921|       1|  925921|   none  |
        |Mat2AXIvideo_U0  |Mat2AXIvideo  |  924481|  924481|  924481|  924481|   none  |
        |CvtColor_U0      |CvtColor      |  923761|  923761|  923761|  923761|   none  |
        |Duplicate_U0     |Duplicate     |  923761|  923761|  923761|  923761|   none  |
        |Block_proc_U0    |Block_proc    |       0|       0|       0|       0|   none  |
        +-----------------+--------------+--------+--------+--------+--------+---------+

        * Loop: 
        N/A



================================================================
== Utilization Estimates
================================================================
* Summary: 
+-----------------+---------+-------+--------+-------+
|       Name      | BRAM_18K| DSP48E|   FF   |  LUT  |
+-----------------+---------+-------+--------+-------+
|DSP              |        -|      -|       -|      -|
|Expression       |        -|      -|       0|     16|
|FIFO             |        0|      -|      85|    354|
|Instance         |        9|     39|    5568|  12441|
|Memory           |        -|      -|       -|      -|
|Multiplexer      |        -|      -|       -|      -|
|Register         |        -|      -|       -|      -|
+-----------------+---------+-------+--------+-------+
|Total            |        9|     39|    5653|  12811|
+-----------------+---------+-------+--------+-------+
|Available        |      280|    220|  106400|  53200|
+-----------------+---------+-------+--------+-------+
|Utilization (%)  |        3|     17|       5|     24|
+-----------------+---------+-------+--------+-------+

+ Detail: 
    * Instance: 
    +-----------------+--------------+---------+-------+------+------+
    |     Instance    |    Module    | BRAM_18K| DSP48E|  FF  |  LUT |
    +-----------------+--------------+---------+-------+------+------+
    |AXIvideo2Mat_U0  |AXIvideo2Mat  |        0|      0|   239|   590|
    |AddWeighted_U0   |AddWeighted   |        0|     28|  3409|  6745|
    |Block_proc_U0    |Block_proc    |        0|      0|     2|    35|
    |CvtColor_U0      |CvtColor      |        0|      0|    40|   215|
    |CvtColor_1_U0    |CvtColor_1    |        0|      3|   238|   315|
    |Duplicate_U0     |Duplicate     |        0|      0|    40|   206|
    |GaussianBlur_U0  |GaussianBlur  |        3|      4|   506|  1234|
    |Mat2AXIvideo_U0  |Mat2AXIvideo  |        0|      0|   119|   458|
    |Sobel_U0         |Sobel         |        3|      2|   488|  1326|
    |Sobel_1_U0       |Sobel_1       |        3|      2|   487|  1317|
    +-----------------+--------------+---------+-------+------+------+
    |Total            |              |        9|     39|  5568| 12441|
    +-----------------+--------------+---------+-------+------+------+

    * DSP48: 
    N/A

    * Memory: 
    N/A

    * FIFO: 
    +------------------------+---------+---+----+------+-----+---------+
    |          Name          | BRAM_18K| FF| LUT| Depth| Bits| Size:D*B|
    +------------------------+---------+---+----+------+-----+---------+
    |img_0_cols_V_c21_U      |        0|  5|  24|     1|   12|       12|
    |img_0_cols_V_c_U        |        0|  5|  24|     1|   12|       12|
    |img_0_data_stream_0_U   |        0|  5|  20|     1|    8|        8|
    |img_0_data_stream_1_U   |        0|  5|  20|     1|    8|        8|
    |img_0_data_stream_2_U   |        0|  5|  20|     1|    8|        8|
    |img_0_rows_V_c20_U      |        0|  5|  23|     1|   11|       11|
    |img_0_rows_V_c_U        |        0|  5|  23|     1|   11|       11|
    |img_1_data_stream_0_U   |        0|  5|  20|     1|    8|        8|
    |img_2_data_stream_0_U   |        0|  5|  20|     1|    8|        8|
    |img_2a_data_stream_0_U  |        0|  5|  20|     1|    8|        8|
    |img_2b_data_stream_0_U  |        0|  5|  20|     1|    8|        8|
    |img_3_data_stream_0_U   |        0|  5|  20|     1|    8|        8|
    |img_4_data_stream_0_U   |        0|  5|  20|     1|    8|        8|
    |img_5_data_stream_0_U   |        0|  5|  20|     1|    8|        8|
    |img_6_data_stream_0_U   |        0|  5|  20|     1|    8|        8|
    |img_6_data_stream_1_U   |        0|  5|  20|     1|    8|        8|
    |img_6_data_stream_2_U   |        0|  5|  20|     1|    8|        8|
    +------------------------+---------+---+----+------+-----+---------+
    |Total                   |        0| 85| 354|    17|  150|      150|
    +------------------------+---------+---+----+------+-----+---------+

    * Expression: 
    +---------------------------+----------+-------+---+----+------------+------------+
    |       Variable Name       | Operation| DSP48E| FF| LUT| Bitwidth P0| Bitwidth P1|
    +---------------------------+----------+-------+---+----+------------+------------+
    |Duplicate_U0_start_full_n  |    and   |      0|  0|   8|           1|           1|
    |ap_idle                    |    and   |      0|  0|   8|           1|           1|
    +---------------------------+----------+-------+---+----+------------+------------+
    |Total                      |          |      0|  0|  16|           2|           2|
    +---------------------------+----------+-------+---+----+------------+------------+

    * Multiplexer: 
    N/A

    * Register: 
    N/A



================================================================
== Interface
================================================================
* Summary: 
+----------------------+-----+-----+------------+------------------------+--------------+
|       RTL Ports      | Dir | Bits|  Protocol  |      Source Object     |    C Type    |
+----------------------+-----+-----+------------+------------------------+--------------+
|INPUT_STREAM_TDATA    |  in |   24|    axis    |  INPUT_STREAM_V_data_V |    pointer   |
|INPUT_STREAM_TKEEP    |  in |    3|    axis    |  INPUT_STREAM_V_keep_V |    pointer   |
|INPUT_STREAM_TSTRB    |  in |    3|    axis    |  INPUT_STREAM_V_strb_V |    pointer   |
|INPUT_STREAM_TUSER    |  in |    1|    axis    |  INPUT_STREAM_V_user_V |    pointer   |
|INPUT_STREAM_TLAST    |  in |    1|    axis    |  INPUT_STREAM_V_last_V |    pointer   |
|INPUT_STREAM_TID      |  in |    1|    axis    |   INPUT_STREAM_V_id_V  |    pointer   |
|INPUT_STREAM_TDEST    |  in |    1|    axis    |  INPUT_STREAM_V_dest_V |    pointer   |
|INPUT_STREAM_TVALID   |  in |    1|    axis    |  INPUT_STREAM_V_dest_V |    pointer   |
|INPUT_STREAM_TREADY   | out |    1|    axis    |  INPUT_STREAM_V_dest_V |    pointer   |
|OUTPUT_STREAM_TDATA   | out |   24|    axis    | OUTPUT_STREAM_V_data_V |    pointer   |
|OUTPUT_STREAM_TKEEP   | out |    3|    axis    | OUTPUT_STREAM_V_keep_V |    pointer   |
|OUTPUT_STREAM_TSTRB   | out |    3|    axis    | OUTPUT_STREAM_V_strb_V |    pointer   |
|OUTPUT_STREAM_TUSER   | out |    1|    axis    | OUTPUT_STREAM_V_user_V |    pointer   |
|OUTPUT_STREAM_TLAST   | out |    1|    axis    | OUTPUT_STREAM_V_last_V |    pointer   |
|OUTPUT_STREAM_TID     | out |    1|    axis    |  OUTPUT_STREAM_V_id_V  |    pointer   |
|OUTPUT_STREAM_TDEST   | out |    1|    axis    | OUTPUT_STREAM_V_dest_V |    pointer   |
|OUTPUT_STREAM_TVALID  | out |    1|    axis    | OUTPUT_STREAM_V_dest_V |    pointer   |
|OUTPUT_STREAM_TREADY  |  in |    1|    axis    | OUTPUT_STREAM_V_dest_V |    pointer   |
|ap_clk                |  in |    1| ap_ctrl_hs |      image_filter      | return value |
|ap_rst_n              |  in |    1| ap_ctrl_hs |      image_filter      | return value |
|ap_start              |  in |    1| ap_ctrl_hs |      image_filter      | return value |
|ap_done               | out |    1| ap_ctrl_hs |      image_filter      | return value |
|ap_ready              | out |    1| ap_ctrl_hs |      image_filter      | return value |
|ap_idle               | out |    1| ap_ctrl_hs |      image_filter      | return value |
+----------------------+-----+-----+------------+------------------------+--------------+

