
*** Running vivado
    with args -log design_1_xbar_0.vds -m64 -product Vivado -mode batch -messageDb vivado.pb -notrace -source design_1_xbar_0.tcl

WARNING: Ignoring invalid XILINX_PATH location C:\Xilinx\Vivado\2017.4\patches\AR70530\vivado.
Resolution: An invalid XILINX_PATH location has been detected. To resolve this issue:

1. Verify the value of XILINX_PATH is accurate by viewing the value the variable via 'set XILINX_PATH' for Windows or 'echo $XILINX_PATH' for Linux, and update it as needed.

2. To unset the variable using on Windows using 'set XILINX_PATH=' or remove it from Advanced System Settings\Environment Variables. On Linux 'unsetenv XILINX_PATH'


****** Vivado v2018.2 (64-bit)
  **** SW Build 2258646 on Thu Jun 14 20:03:12 MDT 2018
  **** IP Build 2256618 on Thu Jun 14 22:10:49 MDT 2018
    ** Copyright 1986-2018 Xilinx, Inc. All Rights Reserved.

WARNING: [Common 17-1271] The MYVIVADO environment variable specifies an invalid location 'C:\Xilinx\Vivado\2017.4\patches\AR70530\vivado'
source design_1_xbar_0.tcl -notrace
Command: synth_design -top design_1_xbar_0 -part xc7z010clg400-1 -mode out_of_context
Starting synth_design
Attempting to get a license for feature 'Synthesis' and/or device 'xc7z010'
INFO: [Common 17-349] Got license for feature 'Synthesis' and/or device 'xc7z010'
INFO: Launching helper process for spawning children vivado processes
INFO: Helper process launched with PID 7616 
---------------------------------------------------------------------------------
Starting RTL Elaboration : Time (s): cpu = 00:00:10 ; elapsed = 00:00:11 . Memory (MB): peak = 484.586 ; gain = 103.504
---------------------------------------------------------------------------------
INFO: [Synth 8-6157] synthesizing module 'design_1_xbar_0' [c:/hdl_projects/cora_robot/cora_robot.srcs/sources_1/bd/design_1/ip/design_1_xbar_0/synth/design_1_xbar_0.v:59]
INFO: [Synth 8-6157] synthesizing module 'axi_crossbar_v2_1_18_axi_crossbar' [c:/hdl_projects/cora_robot/cora_robot.srcs/sources_1/bd/design_1/ipshared/15a3/hdl/axi_crossbar_v2_1_vl_rfs.v:4884]
	Parameter C_FAMILY bound to: zynq - type: string 
	Parameter C_NUM_SLAVE_SLOTS bound to: 1 - type: integer 
	Parameter C_NUM_MASTER_SLOTS bound to: 5 - type: integer 
	Parameter C_AXI_ID_WIDTH bound to: 1 - type: integer 
	Parameter C_AXI_ADDR_WIDTH bound to: 32 - type: integer 
	Parameter C_AXI_DATA_WIDTH bound to: 32 - type: integer 
	Parameter C_AXI_PROTOCOL bound to: 2 - type: integer 
	Parameter C_NUM_ADDR_RANGES bound to: 1 - type: integer 
	Parameter C_M_AXI_BASE_ADDR bound to: 320'b00000000000000000000000000000000010000000000000100010000000000000000000000000000000000000000000001000000000000100000000000000000000000000000000000000000000000000100000000000001000000000000000000000000000000000000000000000000010000000000000000000000000000000000000000000000000000000000000001000001011000000000000000000000 
	Parameter C_M_AXI_ADDR_WIDTH bound to: 160'b0000000000000000000000000000110000000000000000000000000000010000000000000000000000000000000011000000000000000000000000000001000000000000000000000000000000010000 
	Parameter C_S_AXI_BASE_ID bound to: 0 - type: integer 
	Parameter C_S_AXI_THREAD_ID_WIDTH bound to: 0 - type: integer 
	Parameter C_AXI_SUPPORTS_USER_SIGNALS bound to: 0 - type: integer 
	Parameter C_AXI_AWUSER_WIDTH bound to: 1 - type: integer 
	Parameter C_AXI_ARUSER_WIDTH bound to: 1 - type: integer 
	Parameter C_AXI_WUSER_WIDTH bound to: 1 - type: integer 
	Parameter C_AXI_RUSER_WIDTH bound to: 1 - type: integer 
	Parameter C_AXI_BUSER_WIDTH bound to: 1 - type: integer 
	Parameter C_M_AXI_WRITE_CONNECTIVITY bound to: 160'b0000000000000000000000000000000100000000000000000000000000000001000000000000000000000000000000010000000000000000000000000000000100000000000000000000000000000001 
	Parameter C_M_AXI_READ_CONNECTIVITY bound to: 160'b0000000000000000000000000000000100000000000000000000000000000001000000000000000000000000000000010000000000000000000000000000000100000000000000000000000000000001 
	Parameter C_R_REGISTER bound to: 1 - type: integer 
	Parameter C_S_AXI_SINGLE_THREAD bound to: 1 - type: integer 
	Parameter C_S_AXI_WRITE_ACCEPTANCE bound to: 1 - type: integer 
	Parameter C_S_AXI_READ_ACCEPTANCE bound to: 1 - type: integer 
	Parameter C_M_AXI_WRITE_ISSUING bound to: 160'b0000000000000000000000000000000100000000000000000000000000000001000000000000000000000000000000010000000000000000000000000000000100000000000000000000000000000001 
	Parameter C_M_AXI_READ_ISSUING bound to: 160'b0000000000000000000000000000000100000000000000000000000000000001000000000000000000000000000000010000000000000000000000000000000100000000000000000000000000000001 
	Parameter C_S_AXI_ARB_PRIORITY bound to: 0 - type: integer 
	Parameter C_M_AXI_SECURE bound to: 160'b0000000000000000000000000000000000000000000000000000000000000000000000000000000000000000000000000000000000000000000000000000000000000000000000000000000000000000 
	Parameter C_CONNECTIVITY_MODE bound to: 0 - type: integer 
	Parameter P_ONES bound to: 65'b11111111111111111111111111111111111111111111111111111111111111111 
	Parameter P_S_AXI_BASE_ID bound to: 64'b0000000000000000000000000000000000000000000000000000000000000000 
	Parameter P_S_AXI_HIGH_ID bound to: 64'b0000000000000000000000000000000000000000000000000000000000000000 
	Parameter P_AXI4 bound to: 0 - type: integer 
	Parameter P_AXI3 bound to: 1 - type: integer 
	Parameter P_AXILITE bound to: 2 - type: integer 
	Parameter P_AXILITE_SIZE bound to: 3'b010 
	Parameter P_INCR bound to: 2'b01 
	Parameter P_M_AXI_SUPPORTS_WRITE bound to: 5'b11111 
	Parameter P_M_AXI_SUPPORTS_READ bound to: 5'b11111 
	Parameter P_S_AXI_SUPPORTS_WRITE bound to: 1'b1 
	Parameter P_S_AXI_SUPPORTS_READ bound to: 1'b1 
	Parameter C_DEBUG bound to: 1 - type: integer 
	Parameter P_RANGE_CHECK bound to: 1 - type: integer 
	Parameter P_ADDR_DECODE bound to: 1 - type: integer 
	Parameter P_M_AXI_ERR_MODE bound to: 160'b0000000000000000000000000000000000000000000000000000000000000000000000000000000000000000000000000000000000000000000000000000000000000000000000000000000000000000 
	Parameter P_LEN bound to: 8 - type: integer 
	Parameter P_LOCK bound to: 1 - type: integer 
	Parameter P_FAMILY bound to: zynq - type: string 
INFO: [Synth 8-6157] synthesizing module 'axi_crossbar_v2_1_18_crossbar_sasd' [c:/hdl_projects/cora_robot/cora_robot.srcs/sources_1/bd/design_1/ipshared/15a3/hdl/axi_crossbar_v2_1_vl_rfs.v:1240]
	Parameter C_FAMILY bound to: zynq - type: string 
	Parameter C_NUM_SLAVE_SLOTS bound to: 1 - type: integer 
	Parameter C_NUM_MASTER_SLOTS bound to: 5 - type: integer 
	Parameter C_NUM_ADDR_RANGES bound to: 1 - type: integer 
	Parameter C_AXI_ID_WIDTH bound to: 1 - type: integer 
	Parameter C_AXI_ADDR_WIDTH bound to: 32 - type: integer 
	Parameter C_AXI_DATA_WIDTH bound to: 32 - type: integer 
	Parameter C_AXI_PROTOCOL bound to: 2 - type: integer 
	Parameter C_M_AXI_BASE_ADDR bound to: 320'b00000000000000000000000000000000010000000000000100010000000000000000000000000000000000000000000001000000000000100000000000000000000000000000000000000000000000000100000000000001000000000000000000000000000000000000000000000000010000000000000000000000000000000000000000000000000000000000000001000001011000000000000000000000 
	Parameter C_M_AXI_HIGH_ADDR bound to: 320'b00000000000000000000000000000000010000000000000100011111111111110000000000000000000000000000000001000000000000101111111111111111000000000000000000000000000000000100000000000001000011111111111100000000000000000000000000000000010000000000000011111111111111110000000000000000000000000000000001000001011000001111111111111111 
	Parameter C_S_AXI_BASE_ID bound to: 64'b0000000000000000000000000000000000000000000000000000000000000000 
	Parameter C_S_AXI_HIGH_ID bound to: 64'b0000000000000000000000000000000000000000000000000000000000000000 
	Parameter C_AXI_SUPPORTS_USER_SIGNALS bound to: 0 - type: integer 
	Parameter C_AXI_AWUSER_WIDTH bound to: 1 - type: integer 
	Parameter C_AXI_ARUSER_WIDTH bound to: 1 - type: integer 
	Parameter C_AXI_WUSER_WIDTH bound to: 1 - type: integer 
	Parameter C_AXI_RUSER_WIDTH bound to: 1 - type: integer 
	Parameter C_AXI_BUSER_WIDTH bound to: 1 - type: integer 
	Parameter C_S_AXI_SUPPORTS_WRITE bound to: 1'b1 
	Parameter C_S_AXI_SUPPORTS_READ bound to: 1'b1 
	Parameter C_M_AXI_SUPPORTS_WRITE bound to: 5'b11111 
	Parameter C_M_AXI_SUPPORTS_READ bound to: 5'b11111 
	Parameter C_S_AXI_ARB_PRIORITY bound to: 0 - type: integer 
	Parameter C_M_AXI_SECURE bound to: 160'b0000000000000000000000000000000000000000000000000000000000000000000000000000000000000000000000000000000000000000000000000000000000000000000000000000000000000000 
	Parameter C_M_AXI_ERR_MODE bound to: 160'b0000000000000000000000000000000000000000000000000000000000000000000000000000000000000000000000000000000000000000000000000000000000000000000000000000000000000000 
	Parameter C_R_REGISTER bound to: 1 - type: integer 
	Parameter C_RANGE_CHECK bound to: 1 - type: integer 
	Parameter C_ADDR_DECODE bound to: 1 - type: integer 
	Parameter C_DEBUG bound to: 1 - type: integer 
	Parameter P_AXI4 bound to: 0 - type: integer 
	Parameter P_AXI3 bound to: 1 - type: integer 
	Parameter P_AXILITE bound to: 2 - type: integer 
	Parameter P_NUM_MASTER_SLOTS_DE bound to: 6 - type: integer 
	Parameter P_NUM_MASTER_SLOTS_LOG bound to: 3 - type: integer 
	Parameter P_NUM_MASTER_SLOTS_DE_LOG bound to: 3 - type: integer 
	Parameter P_NUM_SLAVE_SLOTS_LOG bound to: 1 - type: integer 
	Parameter P_AXI_AUSER_WIDTH bound to: 1 - type: integer 
	Parameter P_AXI_WID_WIDTH bound to: 1 - type: integer 
	Parameter P_AMESG_WIDTH bound to: 64 - type: integer 
	Parameter P_BMESG_WIDTH bound to: 3 - type: integer 
	Parameter P_RMESG_WIDTH bound to: 36 - type: integer 
	Parameter P_WMESG_WIDTH bound to: 39 - type: integer 
	Parameter P_AXILITE_ERRMODE bound to: 1 - type: integer 
	Parameter P_NONSECURE_BIT bound to: 1 - type: integer 
	Parameter P_M_SECURE_MASK bound to: 5'b00000 
	Parameter P_M_AXILITE_MASK bound to: 5'b00000 
	Parameter P_FIXED bound to: 2'b00 
	Parameter P_BYPASS bound to: 0 - type: integer 
	Parameter P_LIGHTWT bound to: 7 - type: integer 
	Parameter P_FULLY_REG bound to: 1 - type: integer 
	Parameter P_R_REG_CONFIG bound to: 1 - type: integer 
	Parameter P_DECERR bound to: 2'b11 
INFO: [Synth 8-6157] synthesizing module 'axi_crossbar_v2_1_18_addr_decoder' [c:/hdl_projects/cora_robot/cora_robot.srcs/sources_1/bd/design_1/ipshared/15a3/hdl/axi_crossbar_v2_1_vl_rfs.v:794]
	Parameter C_FAMILY bound to: zynq - type: string 
	Parameter C_NUM_TARGETS bound to: 5 - type: integer 
	Parameter C_NUM_TARGETS_LOG bound to: 3 - type: integer 
	Parameter C_NUM_RANGES bound to: 1 - type: integer 
	Parameter C_ADDR_WIDTH bound to: 32 - type: integer 
	Parameter C_TARGET_ENC bound to: 1 - type: integer 
	Parameter C_TARGET_HOT bound to: 1 - type: integer 
	Parameter C_REGION_ENC bound to: 1 - type: integer 
	Parameter C_BASE_ADDR bound to: 320'b00000000000000000000000000000000010000000000000100010000000000000000000000000000000000000000000001000000000000100000000000000000000000000000000000000000000000000100000000000001000000000000000000000000000000000000000000000000010000000000000000000000000000000000000000000000000000000000000001000001011000000000000000000000 
	Parameter C_HIGH_ADDR bound to: 320'b00000000000000000000000000000000010000000000000100011111111111110000000000000000000000000000000001000000000000101111111111111111000000000000000000000000000000000100000000000001000011111111111100000000000000000000000000000000010000000000000011111111111111110000000000000000000000000000000001000001011000001111111111111111 
	Parameter C_TARGET_QUAL bound to: 6'b011111 
	Parameter C_RESOLUTION bound to: 2 - type: integer 
	Parameter C_COMPARATOR_THRESHOLD bound to: 6 - type: integer 
INFO: [Synth 8-6157] synthesizing module 'generic_baseblocks_v2_1_0_comparator_static' [c:/hdl_projects/cora_robot/cora_robot.srcs/sources_1/bd/design_1/ipshared/b752/hdl/generic_baseblocks_v2_1_vl_rfs.v:2133]
	Parameter C_FAMILY bound to: rtl - type: string 
	Parameter C_VALUE bound to: 30'b010000010110000000000000000000 
	Parameter C_DATA_WIDTH bound to: 30 - type: integer 
	Parameter C_BITS_PER_LUT bound to: 6 - type: integer 
	Parameter C_NUM_LUT bound to: 5 - type: integer 
	Parameter C_FIX_DATA_WIDTH bound to: 30 - type: integer 
INFO: [Synth 8-6157] synthesizing module 'generic_baseblocks_v2_1_0_carry_and' [c:/hdl_projects/cora_robot/cora_robot.srcs/sources_1/bd/design_1/ipshared/b752/hdl/generic_baseblocks_v2_1_vl_rfs.v:62]
	Parameter C_FAMILY bound to: rtl - type: string 
INFO: [Synth 8-6155] done synthesizing module 'generic_baseblocks_v2_1_0_carry_and' (1#1) [c:/hdl_projects/cora_robot/cora_robot.srcs/sources_1/bd/design_1/ipshared/b752/hdl/generic_baseblocks_v2_1_vl_rfs.v:62]
INFO: [Synth 8-6155] done synthesizing module 'generic_baseblocks_v2_1_0_comparator_static' (2#1) [c:/hdl_projects/cora_robot/cora_robot.srcs/sources_1/bd/design_1/ipshared/b752/hdl/generic_baseblocks_v2_1_vl_rfs.v:2133]
INFO: [Synth 8-6157] synthesizing module 'generic_baseblocks_v2_1_0_comparator_static__parameterized0' [c:/hdl_projects/cora_robot/cora_robot.srcs/sources_1/bd/design_1/ipshared/b752/hdl/generic_baseblocks_v2_1_vl_rfs.v:2133]
	Parameter C_FAMILY bound to: rtl - type: string 
	Parameter C_VALUE bound to: 30'b010000000000000000000000000000 
	Parameter C_DATA_WIDTH bound to: 30 - type: integer 
	Parameter C_BITS_PER_LUT bound to: 6 - type: integer 
	Parameter C_NUM_LUT bound to: 5 - type: integer 
	Parameter C_FIX_DATA_WIDTH bound to: 30 - type: integer 
INFO: [Synth 8-6155] done synthesizing module 'generic_baseblocks_v2_1_0_comparator_static__parameterized0' (2#1) [c:/hdl_projects/cora_robot/cora_robot.srcs/sources_1/bd/design_1/ipshared/b752/hdl/generic_baseblocks_v2_1_vl_rfs.v:2133]
INFO: [Synth 8-6157] synthesizing module 'generic_baseblocks_v2_1_0_comparator_static__parameterized1' [c:/hdl_projects/cora_robot/cora_robot.srcs/sources_1/bd/design_1/ipshared/b752/hdl/generic_baseblocks_v2_1_vl_rfs.v:2133]
	Parameter C_FAMILY bound to: rtl - type: string 
	Parameter C_VALUE bound to: 30'b010000000000000100000000000000 
	Parameter C_DATA_WIDTH bound to: 30 - type: integer 
	Parameter C_BITS_PER_LUT bound to: 6 - type: integer 
	Parameter C_NUM_LUT bound to: 5 - type: integer 
	Parameter C_FIX_DATA_WIDTH bound to: 30 - type: integer 
INFO: [Synth 8-6155] done synthesizing module 'generic_baseblocks_v2_1_0_comparator_static__parameterized1' (2#1) [c:/hdl_projects/cora_robot/cora_robot.srcs/sources_1/bd/design_1/ipshared/b752/hdl/generic_baseblocks_v2_1_vl_rfs.v:2133]
INFO: [Synth 8-6157] synthesizing module 'generic_baseblocks_v2_1_0_comparator_static__parameterized2' [c:/hdl_projects/cora_robot/cora_robot.srcs/sources_1/bd/design_1/ipshared/b752/hdl/generic_baseblocks_v2_1_vl_rfs.v:2133]
	Parameter C_FAMILY bound to: rtl - type: string 
	Parameter C_VALUE bound to: 30'b010000000000001000000000000000 
	Parameter C_DATA_WIDTH bound to: 30 - type: integer 
	Parameter C_BITS_PER_LUT bound to: 6 - type: integer 
	Parameter C_NUM_LUT bound to: 5 - type: integer 
	Parameter C_FIX_DATA_WIDTH bound to: 30 - type: integer 
INFO: [Synth 8-6155] done synthesizing module 'generic_baseblocks_v2_1_0_comparator_static__parameterized2' (2#1) [c:/hdl_projects/cora_robot/cora_robot.srcs/sources_1/bd/design_1/ipshared/b752/hdl/generic_baseblocks_v2_1_vl_rfs.v:2133]
INFO: [Synth 8-6157] synthesizing module 'generic_baseblocks_v2_1_0_comparator_static__parameterized3' [c:/hdl_projects/cora_robot/cora_robot.srcs/sources_1/bd/design_1/ipshared/b752/hdl/generic_baseblocks_v2_1_vl_rfs.v:2133]
	Parameter C_FAMILY bound to: rtl - type: string 
	Parameter C_VALUE bound to: 30'b010000000000000100010000000000 
	Parameter C_DATA_WIDTH bound to: 30 - type: integer 
	Parameter C_BITS_PER_LUT bound to: 6 - type: integer 
	Parameter C_NUM_LUT bound to: 5 - type: integer 
	Parameter C_FIX_DATA_WIDTH bound to: 30 - type: integer 
INFO: [Synth 8-6155] done synthesizing module 'generic_baseblocks_v2_1_0_comparator_static__parameterized3' (2#1) [c:/hdl_projects/cora_robot/cora_robot.srcs/sources_1/bd/design_1/ipshared/b752/hdl/generic_baseblocks_v2_1_vl_rfs.v:2133]
INFO: [Synth 8-6155] done synthesizing module 'axi_crossbar_v2_1_18_addr_decoder' (3#1) [c:/hdl_projects/cora_robot/cora_robot.srcs/sources_1/bd/design_1/ipshared/15a3/hdl/axi_crossbar_v2_1_vl_rfs.v:794]
INFO: [Synth 8-6157] synthesizing module 'axi_crossbar_v2_1_18_decerr_slave' [c:/hdl_projects/cora_robot/cora_robot.srcs/sources_1/bd/design_1/ipshared/15a3/hdl/axi_crossbar_v2_1_vl_rfs.v:3501]
	Parameter C_AXI_ID_WIDTH bound to: 1 - type: integer 
	Parameter C_AXI_DATA_WIDTH bound to: 32 - type: integer 
	Parameter C_AXI_BUSER_WIDTH bound to: 1 - type: integer 
	Parameter C_AXI_RUSER_WIDTH bound to: 1 - type: integer 
	Parameter C_AXI_PROTOCOL bound to: 2 - type: integer 
	Parameter C_RESP bound to: 3 - type: integer 
	Parameter P_WRITE_IDLE bound to: 2'b00 
	Parameter P_WRITE_DATA bound to: 2'b01 
	Parameter P_WRITE_RESP bound to: 2'b10 
	Parameter P_READ_IDLE bound to: 1'b0 
	Parameter P_READ_DATA bound to: 1'b1 
	Parameter P_AXI4 bound to: 0 - type: integer 
	Parameter P_AXI3 bound to: 1 - type: integer 
	Parameter P_AXILITE bound to: 2 - type: integer 
INFO: [Synth 8-6155] done synthesizing module 'axi_crossbar_v2_1_18_decerr_slave' (4#1) [c:/hdl_projects/cora_robot/cora_robot.srcs/sources_1/bd/design_1/ipshared/15a3/hdl/axi_crossbar_v2_1_vl_rfs.v:3501]
INFO: [Synth 8-6157] synthesizing module 'axi_crossbar_v2_1_18_addr_arbiter_sasd' [c:/hdl_projects/cora_robot/cora_robot.srcs/sources_1/bd/design_1/ipshared/15a3/hdl/axi_crossbar_v2_1_vl_rfs.v:65]
	Parameter C_FAMILY bound to: zynq - type: string 
	Parameter C_NUM_S bound to: 1 - type: integer 
	Parameter C_NUM_S_LOG bound to: 1 - type: integer 
	Parameter C_AMESG_WIDTH bound to: 64 - type: integer 
	Parameter C_GRANT_ENC bound to: 1 - type: integer 
	Parameter C_ARB_PRIORITY bound to: 0 - type: integer 
	Parameter P_PRIO_MASK bound to: 1'b0 
INFO: [Synth 8-6155] done synthesizing module 'axi_crossbar_v2_1_18_addr_arbiter_sasd' (5#1) [c:/hdl_projects/cora_robot/cora_robot.srcs/sources_1/bd/design_1/ipshared/15a3/hdl/axi_crossbar_v2_1_vl_rfs.v:65]
INFO: [Synth 8-6157] synthesizing module 'axi_crossbar_v2_1_18_splitter' [c:/hdl_projects/cora_robot/cora_robot.srcs/sources_1/bd/design_1/ipshared/15a3/hdl/axi_crossbar_v2_1_vl_rfs.v:4461]
	Parameter C_NUM_M bound to: 3 - type: integer 
INFO: [Synth 8-6155] done synthesizing module 'axi_crossbar_v2_1_18_splitter' (6#1) [c:/hdl_projects/cora_robot/cora_robot.srcs/sources_1/bd/design_1/ipshared/15a3/hdl/axi_crossbar_v2_1_vl_rfs.v:4461]
INFO: [Synth 8-6157] synthesizing module 'axi_crossbar_v2_1_18_splitter__parameterized0' [c:/hdl_projects/cora_robot/cora_robot.srcs/sources_1/bd/design_1/ipshared/15a3/hdl/axi_crossbar_v2_1_vl_rfs.v:4461]
	Parameter C_NUM_M bound to: 2 - type: integer 
INFO: [Synth 8-6155] done synthesizing module 'axi_crossbar_v2_1_18_splitter__parameterized0' (6#1) [c:/hdl_projects/cora_robot/cora_robot.srcs/sources_1/bd/design_1/ipshared/15a3/hdl/axi_crossbar_v2_1_vl_rfs.v:4461]
INFO: [Synth 8-6157] synthesizing module 'generic_baseblocks_v2_1_0_mux_enc' [c:/hdl_projects/cora_robot/cora_robot.srcs/sources_1/bd/design_1/ipshared/b752/hdl/generic_baseblocks_v2_1_vl_rfs.v:2452]
	Parameter C_FAMILY bound to: rtl - type: string 
	Parameter C_RATIO bound to: 6 - type: integer 
	Parameter C_SEL_WIDTH bound to: 3 - type: integer 
	Parameter C_DATA_WIDTH bound to: 1 - type: integer 
INFO: [Synth 8-6155] done synthesizing module 'generic_baseblocks_v2_1_0_mux_enc' (7#1) [c:/hdl_projects/cora_robot/cora_robot.srcs/sources_1/bd/design_1/ipshared/b752/hdl/generic_baseblocks_v2_1_vl_rfs.v:2452]
INFO: [Synth 8-6157] synthesizing module 'generic_baseblocks_v2_1_0_mux_enc__parameterized0' [c:/hdl_projects/cora_robot/cora_robot.srcs/sources_1/bd/design_1/ipshared/b752/hdl/generic_baseblocks_v2_1_vl_rfs.v:2452]
	Parameter C_FAMILY bound to: rtl - type: string 
	Parameter C_RATIO bound to: 1 - type: integer 
	Parameter C_SEL_WIDTH bound to: 1 - type: integer 
	Parameter C_DATA_WIDTH bound to: 1 - type: integer 
INFO: [Synth 8-6155] done synthesizing module 'generic_baseblocks_v2_1_0_mux_enc__parameterized0' (7#1) [c:/hdl_projects/cora_robot/cora_robot.srcs/sources_1/bd/design_1/ipshared/b752/hdl/generic_baseblocks_v2_1_vl_rfs.v:2452]
INFO: [Synth 8-6157] synthesizing module 'generic_baseblocks_v2_1_0_mux_enc__parameterized1' [c:/hdl_projects/cora_robot/cora_robot.srcs/sources_1/bd/design_1/ipshared/b752/hdl/generic_baseblocks_v2_1_vl_rfs.v:2452]
	Parameter C_FAMILY bound to: rtl - type: string 
	Parameter C_RATIO bound to: 6 - type: integer 
	Parameter C_SEL_WIDTH bound to: 3 - type: integer 
	Parameter C_DATA_WIDTH bound to: 36 - type: integer 
INFO: [Synth 8-6155] done synthesizing module 'generic_baseblocks_v2_1_0_mux_enc__parameterized1' (7#1) [c:/hdl_projects/cora_robot/cora_robot.srcs/sources_1/bd/design_1/ipshared/b752/hdl/generic_baseblocks_v2_1_vl_rfs.v:2452]
INFO: [Synth 8-6157] synthesizing module 'axi_register_slice_v2_1_17_axic_register_slice' [c:/hdl_projects/cora_robot/cora_robot.srcs/sources_1/bd/design_1/ipshared/6020/hdl/axi_register_slice_v2_1_vl_rfs.v:189]
	Parameter C_FAMILY bound to: zynq - type: string 
	Parameter C_DATA_WIDTH bound to: 36 - type: integer 
	Parameter C_REG_CONFIG bound to: 1 - type: integer 
INFO: [Synth 8-6155] done synthesizing module 'axi_register_slice_v2_1_17_axic_register_slice' (8#1) [c:/hdl_projects/cora_robot/cora_robot.srcs/sources_1/bd/design_1/ipshared/6020/hdl/axi_register_slice_v2_1_vl_rfs.v:189]
INFO: [Synth 8-6157] synthesizing module 'generic_baseblocks_v2_1_0_mux_enc__parameterized2' [c:/hdl_projects/cora_robot/cora_robot.srcs/sources_1/bd/design_1/ipshared/b752/hdl/generic_baseblocks_v2_1_vl_rfs.v:2452]
	Parameter C_FAMILY bound to: rtl - type: string 
	Parameter C_RATIO bound to: 6 - type: integer 
	Parameter C_SEL_WIDTH bound to: 3 - type: integer 
	Parameter C_DATA_WIDTH bound to: 3 - type: integer 
INFO: [Synth 8-6155] done synthesizing module 'generic_baseblocks_v2_1_0_mux_enc__parameterized2' (8#1) [c:/hdl_projects/cora_robot/cora_robot.srcs/sources_1/bd/design_1/ipshared/b752/hdl/generic_baseblocks_v2_1_vl_rfs.v:2452]
WARNING: [Synth 8-6014] Unused sequential element gen_debug_trans_seq.debug_aw_trans_seq_i_reg was removed.  [c:/hdl_projects/cora_robot/cora_robot.srcs/sources_1/bd/design_1/ipshared/15a3/hdl/axi_crossbar_v2_1_vl_rfs.v:2056]
WARNING: [Synth 8-6014] Unused sequential element gen_debug_trans_seq.debug_ar_trans_seq_i_reg was removed.  [c:/hdl_projects/cora_robot/cora_robot.srcs/sources_1/bd/design_1/ipshared/15a3/hdl/axi_crossbar_v2_1_vl_rfs.v:2067]
WARNING: [Synth 8-6014] Unused sequential element gen_debug_trans_seq.debug_w_beat_cnt_i_reg was removed.  [c:/hdl_projects/cora_robot/cora_robot.srcs/sources_1/bd/design_1/ipshared/15a3/hdl/axi_crossbar_v2_1_vl_rfs.v:2078]
WARNING: [Synth 8-6014] Unused sequential element gen_debug_trans_seq.debug_r_beat_cnt_i_reg was removed.  [c:/hdl_projects/cora_robot/cora_robot.srcs/sources_1/bd/design_1/ipshared/15a3/hdl/axi_crossbar_v2_1_vl_rfs.v:2091]
INFO: [Synth 8-6155] done synthesizing module 'axi_crossbar_v2_1_18_crossbar_sasd' (9#1) [c:/hdl_projects/cora_robot/cora_robot.srcs/sources_1/bd/design_1/ipshared/15a3/hdl/axi_crossbar_v2_1_vl_rfs.v:1240]
INFO: [Synth 8-6155] done synthesizing module 'axi_crossbar_v2_1_18_axi_crossbar' (10#1) [c:/hdl_projects/cora_robot/cora_robot.srcs/sources_1/bd/design_1/ipshared/15a3/hdl/axi_crossbar_v2_1_vl_rfs.v:4884]
INFO: [Synth 8-6155] done synthesizing module 'design_1_xbar_0' (11#1) [c:/hdl_projects/cora_robot/cora_robot.srcs/sources_1/bd/design_1/ip/design_1_xbar_0/synth/design_1_xbar_0.v:59]
WARNING: [Synth 8-3331] design generic_baseblocks_v2_1_0_mux_enc__parameterized0 has unconnected port S[0]
WARNING: [Synth 8-3331] design axi_crossbar_v2_1_18_decerr_slave has unconnected port S_AXI_AWID[0]
WARNING: [Synth 8-3331] design axi_crossbar_v2_1_18_decerr_slave has unconnected port S_AXI_WLAST
WARNING: [Synth 8-3331] design axi_crossbar_v2_1_18_decerr_slave has unconnected port S_AXI_ARID[0]
WARNING: [Synth 8-3331] design axi_crossbar_v2_1_18_decerr_slave has unconnected port S_AXI_ARLEN[7]
WARNING: [Synth 8-3331] design axi_crossbar_v2_1_18_decerr_slave has unconnected port S_AXI_ARLEN[6]
WARNING: [Synth 8-3331] design axi_crossbar_v2_1_18_decerr_slave has unconnected port S_AXI_ARLEN[5]
WARNING: [Synth 8-3331] design axi_crossbar_v2_1_18_decerr_slave has unconnected port S_AXI_ARLEN[4]
WARNING: [Synth 8-3331] design axi_crossbar_v2_1_18_decerr_slave has unconnected port S_AXI_ARLEN[3]
WARNING: [Synth 8-3331] design axi_crossbar_v2_1_18_decerr_slave has unconnected port S_AXI_ARLEN[2]
WARNING: [Synth 8-3331] design axi_crossbar_v2_1_18_decerr_slave has unconnected port S_AXI_ARLEN[1]
WARNING: [Synth 8-3331] design axi_crossbar_v2_1_18_decerr_slave has unconnected port S_AXI_ARLEN[0]
WARNING: [Synth 8-3331] design axi_crossbar_v2_1_18_addr_decoder has unconnected port ADDR[1]
WARNING: [Synth 8-3331] design axi_crossbar_v2_1_18_addr_decoder has unconnected port ADDR[0]
WARNING: [Synth 8-3331] design axi_crossbar_v2_1_18_crossbar_sasd has unconnected port S_AXI_AWID[0]
WARNING: [Synth 8-3331] design axi_crossbar_v2_1_18_crossbar_sasd has unconnected port S_AXI_ARID[0]
WARNING: [Synth 8-3331] design axi_crossbar_v2_1_18_crossbar_sasd has unconnected port M_AXI_BID[4]
WARNING: [Synth 8-3331] design axi_crossbar_v2_1_18_crossbar_sasd has unconnected port M_AXI_BID[3]
WARNING: [Synth 8-3331] design axi_crossbar_v2_1_18_crossbar_sasd has unconnected port M_AXI_BID[2]
WARNING: [Synth 8-3331] design axi_crossbar_v2_1_18_crossbar_sasd has unconnected port M_AXI_BID[1]
WARNING: [Synth 8-3331] design axi_crossbar_v2_1_18_crossbar_sasd has unconnected port M_AXI_BID[0]
WARNING: [Synth 8-3331] design axi_crossbar_v2_1_18_crossbar_sasd has unconnected port M_AXI_RID[4]
WARNING: [Synth 8-3331] design axi_crossbar_v2_1_18_crossbar_sasd has unconnected port M_AXI_RID[3]
WARNING: [Synth 8-3331] design axi_crossbar_v2_1_18_crossbar_sasd has unconnected port M_AXI_RID[2]
WARNING: [Synth 8-3331] design axi_crossbar_v2_1_18_crossbar_sasd has unconnected port M_AXI_RID[1]
WARNING: [Synth 8-3331] design axi_crossbar_v2_1_18_crossbar_sasd has unconnected port M_AXI_RID[0]
WARNING: [Synth 8-3331] design axi_crossbar_v2_1_18_axi_crossbar has unconnected port s_axi_awid[0]
WARNING: [Synth 8-3331] design axi_crossbar_v2_1_18_axi_crossbar has unconnected port s_axi_awlen[7]
WARNING: [Synth 8-3331] design axi_crossbar_v2_1_18_axi_crossbar has unconnected port s_axi_awlen[6]
WARNING: [Synth 8-3331] design axi_crossbar_v2_1_18_axi_crossbar has unconnected port s_axi_awlen[5]
WARNING: [Synth 8-3331] design axi_crossbar_v2_1_18_axi_crossbar has unconnected port s_axi_awlen[4]
WARNING: [Synth 8-3331] design axi_crossbar_v2_1_18_axi_crossbar has unconnected port s_axi_awlen[3]
WARNING: [Synth 8-3331] design axi_crossbar_v2_1_18_axi_crossbar has unconnected port s_axi_awlen[2]
WARNING: [Synth 8-3331] design axi_crossbar_v2_1_18_axi_crossbar has unconnected port s_axi_awlen[1]
WARNING: [Synth 8-3331] design axi_crossbar_v2_1_18_axi_crossbar has unconnected port s_axi_awlen[0]
WARNING: [Synth 8-3331] design axi_crossbar_v2_1_18_axi_crossbar has unconnected port s_axi_awsize[2]
WARNING: [Synth 8-3331] design axi_crossbar_v2_1_18_axi_crossbar has unconnected port s_axi_awsize[1]
WARNING: [Synth 8-3331] design axi_crossbar_v2_1_18_axi_crossbar has unconnected port s_axi_awsize[0]
WARNING: [Synth 8-3331] design axi_crossbar_v2_1_18_axi_crossbar has unconnected port s_axi_awburst[1]
WARNING: [Synth 8-3331] design axi_crossbar_v2_1_18_axi_crossbar has unconnected port s_axi_awburst[0]
WARNING: [Synth 8-3331] design axi_crossbar_v2_1_18_axi_crossbar has unconnected port s_axi_awlock[0]
WARNING: [Synth 8-3331] design axi_crossbar_v2_1_18_axi_crossbar has unconnected port s_axi_awcache[3]
WARNING: [Synth 8-3331] design axi_crossbar_v2_1_18_axi_crossbar has unconnected port s_axi_awcache[2]
WARNING: [Synth 8-3331] design axi_crossbar_v2_1_18_axi_crossbar has unconnected port s_axi_awcache[1]
WARNING: [Synth 8-3331] design axi_crossbar_v2_1_18_axi_crossbar has unconnected port s_axi_awcache[0]
WARNING: [Synth 8-3331] design axi_crossbar_v2_1_18_axi_crossbar has unconnected port s_axi_awqos[3]
WARNING: [Synth 8-3331] design axi_crossbar_v2_1_18_axi_crossbar has unconnected port s_axi_awqos[2]
WARNING: [Synth 8-3331] design axi_crossbar_v2_1_18_axi_crossbar has unconnected port s_axi_awqos[1]
WARNING: [Synth 8-3331] design axi_crossbar_v2_1_18_axi_crossbar has unconnected port s_axi_awqos[0]
WARNING: [Synth 8-3331] design axi_crossbar_v2_1_18_axi_crossbar has unconnected port s_axi_awuser[0]
WARNING: [Synth 8-3331] design axi_crossbar_v2_1_18_axi_crossbar has unconnected port s_axi_wid[0]
WARNING: [Synth 8-3331] design axi_crossbar_v2_1_18_axi_crossbar has unconnected port s_axi_wlast[0]
WARNING: [Synth 8-3331] design axi_crossbar_v2_1_18_axi_crossbar has unconnected port s_axi_wuser[0]
WARNING: [Synth 8-3331] design axi_crossbar_v2_1_18_axi_crossbar has unconnected port s_axi_arid[0]
WARNING: [Synth 8-3331] design axi_crossbar_v2_1_18_axi_crossbar has unconnected port s_axi_arlen[7]
WARNING: [Synth 8-3331] design axi_crossbar_v2_1_18_axi_crossbar has unconnected port s_axi_arlen[6]
WARNING: [Synth 8-3331] design axi_crossbar_v2_1_18_axi_crossbar has unconnected port s_axi_arlen[5]
WARNING: [Synth 8-3331] design axi_crossbar_v2_1_18_axi_crossbar has unconnected port s_axi_arlen[4]
WARNING: [Synth 8-3331] design axi_crossbar_v2_1_18_axi_crossbar has unconnected port s_axi_arlen[3]
WARNING: [Synth 8-3331] design axi_crossbar_v2_1_18_axi_crossbar has unconnected port s_axi_arlen[2]
WARNING: [Synth 8-3331] design axi_crossbar_v2_1_18_axi_crossbar has unconnected port s_axi_arlen[1]
WARNING: [Synth 8-3331] design axi_crossbar_v2_1_18_axi_crossbar has unconnected port s_axi_arlen[0]
WARNING: [Synth 8-3331] design axi_crossbar_v2_1_18_axi_crossbar has unconnected port s_axi_arsize[2]
WARNING: [Synth 8-3331] design axi_crossbar_v2_1_18_axi_crossbar has unconnected port s_axi_arsize[1]
WARNING: [Synth 8-3331] design axi_crossbar_v2_1_18_axi_crossbar has unconnected port s_axi_arsize[0]
WARNING: [Synth 8-3331] design axi_crossbar_v2_1_18_axi_crossbar has unconnected port s_axi_arburst[1]
WARNING: [Synth 8-3331] design axi_crossbar_v2_1_18_axi_crossbar has unconnected port s_axi_arburst[0]
WARNING: [Synth 8-3331] design axi_crossbar_v2_1_18_axi_crossbar has unconnected port s_axi_arlock[0]
WARNING: [Synth 8-3331] design axi_crossbar_v2_1_18_axi_crossbar has unconnected port s_axi_arcache[3]
WARNING: [Synth 8-3331] design axi_crossbar_v2_1_18_axi_crossbar has unconnected port s_axi_arcache[2]
WARNING: [Synth 8-3331] design axi_crossbar_v2_1_18_axi_crossbar has unconnected port s_axi_arcache[1]
WARNING: [Synth 8-3331] design axi_crossbar_v2_1_18_axi_crossbar has unconnected port s_axi_arcache[0]
WARNING: [Synth 8-3331] design axi_crossbar_v2_1_18_axi_crossbar has unconnected port s_axi_arqos[3]
WARNING: [Synth 8-3331] design axi_crossbar_v2_1_18_axi_crossbar has unconnected port s_axi_arqos[2]
WARNING: [Synth 8-3331] design axi_crossbar_v2_1_18_axi_crossbar has unconnected port s_axi_arqos[1]
WARNING: [Synth 8-3331] design axi_crossbar_v2_1_18_axi_crossbar has unconnected port s_axi_arqos[0]
WARNING: [Synth 8-3331] design axi_crossbar_v2_1_18_axi_crossbar has unconnected port s_axi_aruser[0]
WARNING: [Synth 8-3331] design axi_crossbar_v2_1_18_axi_crossbar has unconnected port m_axi_bid[4]
WARNING: [Synth 8-3331] design axi_crossbar_v2_1_18_axi_crossbar has unconnected port m_axi_bid[3]
WARNING: [Synth 8-3331] design axi_crossbar_v2_1_18_axi_crossbar has unconnected port m_axi_bid[2]
WARNING: [Synth 8-3331] design axi_crossbar_v2_1_18_axi_crossbar has unconnected port m_axi_bid[1]
WARNING: [Synth 8-3331] design axi_crossbar_v2_1_18_axi_crossbar has unconnected port m_axi_bid[0]
WARNING: [Synth 8-3331] design axi_crossbar_v2_1_18_axi_crossbar has unconnected port m_axi_buser[4]
WARNING: [Synth 8-3331] design axi_crossbar_v2_1_18_axi_crossbar has unconnected port m_axi_buser[3]
WARNING: [Synth 8-3331] design axi_crossbar_v2_1_18_axi_crossbar has unconnected port m_axi_buser[2]
WARNING: [Synth 8-3331] design axi_crossbar_v2_1_18_axi_crossbar has unconnected port m_axi_buser[1]
WARNING: [Synth 8-3331] design axi_crossbar_v2_1_18_axi_crossbar has unconnected port m_axi_buser[0]
WARNING: [Synth 8-3331] design axi_crossbar_v2_1_18_axi_crossbar has unconnected port m_axi_rid[4]
WARNING: [Synth 8-3331] design axi_crossbar_v2_1_18_axi_crossbar has unconnected port m_axi_rid[3]
WARNING: [Synth 8-3331] design axi_crossbar_v2_1_18_axi_crossbar has unconnected port m_axi_rid[2]
WARNING: [Synth 8-3331] design axi_crossbar_v2_1_18_axi_crossbar has unconnected port m_axi_rid[1]
WARNING: [Synth 8-3331] design axi_crossbar_v2_1_18_axi_crossbar has unconnected port m_axi_rid[0]
WARNING: [Synth 8-3331] design axi_crossbar_v2_1_18_axi_crossbar has unconnected port m_axi_rlast[4]
WARNING: [Synth 8-3331] design axi_crossbar_v2_1_18_axi_crossbar has unconnected port m_axi_rlast[3]
WARNING: [Synth 8-3331] design axi_crossbar_v2_1_18_axi_crossbar has unconnected port m_axi_rlast[2]
WARNING: [Synth 8-3331] design axi_crossbar_v2_1_18_axi_crossbar has unconnected port m_axi_rlast[1]
WARNING: [Synth 8-3331] design axi_crossbar_v2_1_18_axi_crossbar has unconnected port m_axi_rlast[0]
WARNING: [Synth 8-3331] design axi_crossbar_v2_1_18_axi_crossbar has unconnected port m_axi_ruser[4]
WARNING: [Synth 8-3331] design axi_crossbar_v2_1_18_axi_crossbar has unconnected port m_axi_ruser[3]
WARNING: [Synth 8-3331] design axi_crossbar_v2_1_18_axi_crossbar has unconnected port m_axi_ruser[2]
INFO: [Common 17-14] Message 'Synth 8-3331' appears 100 times and further instances of the messages will be disabled. Use the Tcl command set_msg_config to change the current settings.
---------------------------------------------------------------------------------
Finished RTL Elaboration : Time (s): cpu = 00:00:18 ; elapsed = 00:00:21 . Memory (MB): peak = 638.688 ; gain = 257.605
---------------------------------------------------------------------------------

Report Check Netlist: 
+------+------------------+-------+---------+-------+------------------+
|      |Item              |Errors |Warnings |Status |Description       |
+------+------------------+-------+---------+-------+------------------+
|1     |multi_driven_nets |      0|        0|Passed |Multi driven nets |
+------+------------------+-------+---------+-------+------------------+
---------------------------------------------------------------------------------
Start Handling Custom Attributes
---------------------------------------------------------------------------------
---------------------------------------------------------------------------------
Finished Handling Custom Attributes : Time (s): cpu = 00:00:18 ; elapsed = 00:00:21 . Memory (MB): peak = 638.688 ; gain = 257.605
---------------------------------------------------------------------------------
---------------------------------------------------------------------------------
Finished RTL Optimization Phase 1 : Time (s): cpu = 00:00:18 ; elapsed = 00:00:21 . Memory (MB): peak = 638.688 ; gain = 257.605
---------------------------------------------------------------------------------
INFO: [Device 21-403] Loading part xc7z010clg400-1
INFO: [Project 1-570] Preparing netlist for logic optimization

Processing XDC Constraints
Initializing timing engine
Parsing XDC File [c:/hdl_projects/cora_robot/cora_robot.srcs/sources_1/bd/design_1/ip/design_1_xbar_0/design_1_xbar_0_ooc.xdc] for cell 'inst'
Finished Parsing XDC File [c:/hdl_projects/cora_robot/cora_robot.srcs/sources_1/bd/design_1/ip/design_1_xbar_0/design_1_xbar_0_ooc.xdc] for cell 'inst'
Parsing XDC File [C:/hdl_projects/cora_robot/cora_robot.runs/design_1_xbar_0_synth_1/dont_touch.xdc]
Finished Parsing XDC File [C:/hdl_projects/cora_robot/cora_robot.runs/design_1_xbar_0_synth_1/dont_touch.xdc]
Completed Processing XDC Constraints

INFO: [Project 1-111] Unisim Transformation Summary:
No Unisim elements were transformed.

Constraint Validation Runtime : Time (s): cpu = 00:00:00 ; elapsed = 00:00:00.062 . Memory (MB): peak = 879.762 ; gain = 1.566
---------------------------------------------------------------------------------
Finished Constraint Validation : Time (s): cpu = 00:00:30 ; elapsed = 00:01:07 . Memory (MB): peak = 879.762 ; gain = 498.680
---------------------------------------------------------------------------------
---------------------------------------------------------------------------------
Start Loading Part and Timing Information
---------------------------------------------------------------------------------
Loading part: xc7z010clg400-1
---------------------------------------------------------------------------------
Finished Loading Part and Timing Information : Time (s): cpu = 00:00:30 ; elapsed = 00:01:07 . Memory (MB): peak = 879.762 ; gain = 498.680
---------------------------------------------------------------------------------
---------------------------------------------------------------------------------
Start Applying 'set_property' XDC Constraints
---------------------------------------------------------------------------------
Applied set_property DONT_TOUCH = true for inst. (constraint file  C:/hdl_projects/cora_robot/cora_robot.runs/design_1_xbar_0_synth_1/dont_touch.xdc, line 9).
---------------------------------------------------------------------------------
Finished applying 'set_property' XDC Constraints : Time (s): cpu = 00:00:30 ; elapsed = 00:01:07 . Memory (MB): peak = 879.762 ; gain = 498.680
---------------------------------------------------------------------------------
INFO: [Synth 8-4471] merging register 'gen_axilite.s_axi_wready_i_reg' into 'gen_axilite.s_axi_awready_i_reg' [c:/hdl_projects/cora_robot/cora_robot.srcs/sources_1/bd/design_1/ipshared/15a3/hdl/axi_crossbar_v2_1_vl_rfs.v:3574]
WARNING: [Synth 8-6014] Unused sequential element gen_axilite.s_axi_wready_i_reg was removed.  [c:/hdl_projects/cora_robot/cora_robot.srcs/sources_1/bd/design_1/ipshared/15a3/hdl/axi_crossbar_v2_1_vl_rfs.v:3574]
INFO: [Synth 8-5544] ROM "f_mux_return5" won't be mapped to Block RAM because address size (3) smaller than threshold (5)
INFO: [Synth 8-5544] ROM "f_mux_return5" won't be mapped to Block RAM because address size (3) smaller than threshold (5)
INFO: [Synth 8-5544] ROM "f_mux_return4" won't be mapped to Block RAM because address size (3) smaller than threshold (5)
INFO: [Synth 8-5544] ROM "f_mux_return3" won't be mapped to Block RAM because address size (3) smaller than threshold (5)
INFO: [Synth 8-5544] ROM "f_mux_return2" won't be mapped to Block RAM because address size (3) smaller than threshold (5)
INFO: [Synth 8-5544] ROM "f_mux_return1" won't be mapped to Block RAM because address size (3) smaller than threshold (5)
INFO: [Synth 8-5544] ROM "f_mux_return5" won't be mapped to Block RAM because address size (3) smaller than threshold (5)
INFO: [Synth 8-5544] ROM "f_mux_return5" won't be mapped to Block RAM because address size (3) smaller than threshold (5)
INFO: [Synth 8-5544] ROM "f_mux_return4" won't be mapped to Block RAM because address size (3) smaller than threshold (5)
INFO: [Synth 8-5544] ROM "f_mux_return3" won't be mapped to Block RAM because address size (3) smaller than threshold (5)
INFO: [Synth 8-5544] ROM "f_mux_return2" won't be mapped to Block RAM because address size (3) smaller than threshold (5)
INFO: [Synth 8-5544] ROM "f_mux_return1" won't be mapped to Block RAM because address size (3) smaller than threshold (5)
INFO: [Synth 8-5544] ROM "f_mux_return5" won't be mapped to Block RAM because address size (3) smaller than threshold (5)
INFO: [Synth 8-5544] ROM "f_mux_return5" won't be mapped to Block RAM because address size (3) smaller than threshold (5)
INFO: [Synth 8-5544] ROM "f_mux_return4" won't be mapped to Block RAM because address size (3) smaller than threshold (5)
INFO: [Synth 8-5544] ROM "f_mux_return3" won't be mapped to Block RAM because address size (3) smaller than threshold (5)
INFO: [Synth 8-5544] ROM "f_mux_return2" won't be mapped to Block RAM because address size (3) smaller than threshold (5)
INFO: [Synth 8-5544] ROM "f_mux_return1" won't be mapped to Block RAM because address size (3) smaller than threshold (5)
---------------------------------------------------------------------------------
Finished RTL Optimization Phase 2 : Time (s): cpu = 00:00:30 ; elapsed = 00:01:08 . Memory (MB): peak = 879.762 ; gain = 498.680
---------------------------------------------------------------------------------

Report RTL Partitions: 
+-+--------------+------------+----------+
| |RTL Partition |Replication |Instances |
+-+--------------+------------+----------+
+-+--------------+------------+----------+
---------------------------------------------------------------------------------
Start RTL Component Statistics 
---------------------------------------------------------------------------------
Detailed RTL Component Info : 
+---Registers : 
	               64 Bit    Registers := 1     
	               36 Bit    Registers := 2     
	                6 Bit    Registers := 1     
	                3 Bit    Registers := 2     
	                2 Bit    Registers := 2     
	                1 Bit    Registers := 14    
+---Muxes : 
	   2 Input     64 Bit        Muxes := 1     
	   2 Input     36 Bit        Muxes := 2     
	   2 Input      6 Bit        Muxes := 1     
	   2 Input      5 Bit        Muxes := 1     
	   2 Input      3 Bit        Muxes := 2     
	   2 Input      1 Bit        Muxes := 50    
---------------------------------------------------------------------------------
Finished RTL Component Statistics 
---------------------------------------------------------------------------------
---------------------------------------------------------------------------------
Start RTL Hierarchical Component Statistics 
---------------------------------------------------------------------------------
Hierarchical RTL Component report 
Module axi_crossbar_v2_1_18_addr_decoder 
Detailed RTL Component Info : 
+---Muxes : 
	   2 Input      5 Bit        Muxes := 1     
Module axi_crossbar_v2_1_18_decerr_slave 
Detailed RTL Component Info : 
+---Registers : 
	                1 Bit    Registers := 4     
+---Muxes : 
	   2 Input      1 Bit        Muxes := 3     
Module axi_crossbar_v2_1_18_addr_arbiter_sasd 
Detailed RTL Component Info : 
+---Registers : 
	               64 Bit    Registers := 1     
	                1 Bit    Registers := 7     
+---Muxes : 
	   2 Input     64 Bit        Muxes := 1     
	   2 Input      1 Bit        Muxes := 5     
Module axi_crossbar_v2_1_18_splitter 
Detailed RTL Component Info : 
+---Registers : 
	                3 Bit    Registers := 1     
Module axi_crossbar_v2_1_18_splitter__parameterized0 
Detailed RTL Component Info : 
+---Registers : 
	                2 Bit    Registers := 1     
Module generic_baseblocks_v2_1_0_mux_enc 
Detailed RTL Component Info : 
+---Muxes : 
	   2 Input      1 Bit        Muxes := 6     
Module generic_baseblocks_v2_1_0_mux_enc__parameterized1 
Detailed RTL Component Info : 
+---Muxes : 
	   2 Input      1 Bit        Muxes := 6     
Module axi_register_slice_v2_1_17_axic_register_slice 
Detailed RTL Component Info : 
+---Registers : 
	               36 Bit    Registers := 2     
	                2 Bit    Registers := 1     
	                1 Bit    Registers := 2     
+---Muxes : 
	   2 Input     36 Bit        Muxes := 2     
Module generic_baseblocks_v2_1_0_mux_enc__parameterized2 
Detailed RTL Component Info : 
+---Muxes : 
	   2 Input      1 Bit        Muxes := 6     
Module axi_crossbar_v2_1_18_crossbar_sasd 
Detailed RTL Component Info : 
+---Registers : 
	                6 Bit    Registers := 1     
	                3 Bit    Registers := 1     
	                1 Bit    Registers := 1     
+---Muxes : 
	   2 Input      6 Bit        Muxes := 1     
	   2 Input      3 Bit        Muxes := 2     
---------------------------------------------------------------------------------
Finished RTL Hierarchical Component Statistics
---------------------------------------------------------------------------------
---------------------------------------------------------------------------------
Start Part Resource Summary
---------------------------------------------------------------------------------
Part Resources:
DSPs: 80 (col length:40)
BRAMs: 120 (col length: RAMB18 40 RAMB36 20)
---------------------------------------------------------------------------------
Finished Part Resource Summary
---------------------------------------------------------------------------------
---------------------------------------------------------------------------------
Start Cross Boundary and Area Optimization
---------------------------------------------------------------------------------
Warning: Parallel synthesis criteria is not met 
WARNING: [Synth 8-6014] Unused sequential element gen_sasd.crossbar_sasd_0/addr_arbiter_inst/gen_no_arbiter.m_grant_enc_i_reg was removed.  [c:/hdl_projects/cora_robot/cora_robot.srcs/sources_1/bd/design_1/ipshared/15a3/hdl/axi_crossbar_v2_1_vl_rfs.v:324]
INFO: [Synth 8-3936] Found unconnected internal register 'gen_sasd.crossbar_sasd_0/reg_slice_r/m_payload_i_reg' and it is trimmed from '36' to '35' bits. [c:/hdl_projects/cora_robot/cora_robot.srcs/sources_1/bd/design_1/ipshared/6020/hdl/axi_register_slice_v2_1_vl_rfs.v:422]
INFO: [Synth 8-3332] Sequential element (gen_sasd.crossbar_sasd_0/addr_arbiter_inst/gen_no_arbiter.m_amesg_i_reg[63]) is unused and will be removed from module axi_crossbar_v2_1_18_axi_crossbar.
INFO: [Synth 8-3332] Sequential element (gen_sasd.crossbar_sasd_0/addr_arbiter_inst/gen_no_arbiter.m_amesg_i_reg[62]) is unused and will be removed from module axi_crossbar_v2_1_18_axi_crossbar.
INFO: [Synth 8-3332] Sequential element (gen_sasd.crossbar_sasd_0/addr_arbiter_inst/gen_no_arbiter.m_amesg_i_reg[61]) is unused and will be removed from module axi_crossbar_v2_1_18_axi_crossbar.
INFO: [Synth 8-3332] Sequential element (gen_sasd.crossbar_sasd_0/addr_arbiter_inst/gen_no_arbiter.m_amesg_i_reg[60]) is unused and will be removed from module axi_crossbar_v2_1_18_axi_crossbar.
INFO: [Synth 8-3332] Sequential element (gen_sasd.crossbar_sasd_0/addr_arbiter_inst/gen_no_arbiter.m_amesg_i_reg[59]) is unused and will be removed from module axi_crossbar_v2_1_18_axi_crossbar.
INFO: [Synth 8-3332] Sequential element (gen_sasd.crossbar_sasd_0/addr_arbiter_inst/gen_no_arbiter.m_amesg_i_reg[58]) is unused and will be removed from module axi_crossbar_v2_1_18_axi_crossbar.
INFO: [Synth 8-3332] Sequential element (gen_sasd.crossbar_sasd_0/addr_arbiter_inst/gen_no_arbiter.m_amesg_i_reg[57]) is unused and will be removed from module axi_crossbar_v2_1_18_axi_crossbar.
INFO: [Synth 8-3332] Sequential element (gen_sasd.crossbar_sasd_0/addr_arbiter_inst/gen_no_arbiter.m_amesg_i_reg[56]) is unused and will be removed from module axi_crossbar_v2_1_18_axi_crossbar.
INFO: [Synth 8-3332] Sequential element (gen_sasd.crossbar_sasd_0/addr_arbiter_inst/gen_no_arbiter.m_amesg_i_reg[55]) is unused and will be removed from module axi_crossbar_v2_1_18_axi_crossbar.
INFO: [Synth 8-3332] Sequential element (gen_sasd.crossbar_sasd_0/addr_arbiter_inst/gen_no_arbiter.m_amesg_i_reg[54]) is unused and will be removed from module axi_crossbar_v2_1_18_axi_crossbar.
INFO: [Synth 8-3332] Sequential element (gen_sasd.crossbar_sasd_0/addr_arbiter_inst/gen_no_arbiter.m_amesg_i_reg[53]) is unused and will be removed from module axi_crossbar_v2_1_18_axi_crossbar.
INFO: [Synth 8-3332] Sequential element (gen_sasd.crossbar_sasd_0/addr_arbiter_inst/gen_no_arbiter.m_amesg_i_reg[52]) is unused and will be removed from module axi_crossbar_v2_1_18_axi_crossbar.
INFO: [Synth 8-3332] Sequential element (gen_sasd.crossbar_sasd_0/addr_arbiter_inst/gen_no_arbiter.m_amesg_i_reg[51]) is unused and will be removed from module axi_crossbar_v2_1_18_axi_crossbar.
INFO: [Synth 8-3332] Sequential element (gen_sasd.crossbar_sasd_0/addr_arbiter_inst/gen_no_arbiter.m_amesg_i_reg[50]) is unused and will be removed from module axi_crossbar_v2_1_18_axi_crossbar.
INFO: [Synth 8-3332] Sequential element (gen_sasd.crossbar_sasd_0/addr_arbiter_inst/gen_no_arbiter.m_amesg_i_reg[49]) is unused and will be removed from module axi_crossbar_v2_1_18_axi_crossbar.
INFO: [Synth 8-3332] Sequential element (gen_sasd.crossbar_sasd_0/addr_arbiter_inst/gen_no_arbiter.m_amesg_i_reg[45]) is unused and will be removed from module axi_crossbar_v2_1_18_axi_crossbar.
INFO: [Synth 8-3332] Sequential element (gen_sasd.crossbar_sasd_0/addr_arbiter_inst/gen_no_arbiter.m_amesg_i_reg[44]) is unused and will be removed from module axi_crossbar_v2_1_18_axi_crossbar.
INFO: [Synth 8-3332] Sequential element (gen_sasd.crossbar_sasd_0/addr_arbiter_inst/gen_no_arbiter.m_amesg_i_reg[43]) is unused and will be removed from module axi_crossbar_v2_1_18_axi_crossbar.
INFO: [Synth 8-3332] Sequential element (gen_sasd.crossbar_sasd_0/addr_arbiter_inst/gen_no_arbiter.m_amesg_i_reg[42]) is unused and will be removed from module axi_crossbar_v2_1_18_axi_crossbar.
INFO: [Synth 8-3332] Sequential element (gen_sasd.crossbar_sasd_0/addr_arbiter_inst/gen_no_arbiter.m_amesg_i_reg[41]) is unused and will be removed from module axi_crossbar_v2_1_18_axi_crossbar.
INFO: [Synth 8-3332] Sequential element (gen_sasd.crossbar_sasd_0/addr_arbiter_inst/gen_no_arbiter.m_amesg_i_reg[40]) is unused and will be removed from module axi_crossbar_v2_1_18_axi_crossbar.
INFO: [Synth 8-3332] Sequential element (gen_sasd.crossbar_sasd_0/addr_arbiter_inst/gen_no_arbiter.m_amesg_i_reg[39]) is unused and will be removed from module axi_crossbar_v2_1_18_axi_crossbar.
INFO: [Synth 8-3332] Sequential element (gen_sasd.crossbar_sasd_0/addr_arbiter_inst/gen_no_arbiter.m_amesg_i_reg[38]) is unused and will be removed from module axi_crossbar_v2_1_18_axi_crossbar.
INFO: [Synth 8-3332] Sequential element (gen_sasd.crossbar_sasd_0/addr_arbiter_inst/gen_no_arbiter.m_amesg_i_reg[37]) is unused and will be removed from module axi_crossbar_v2_1_18_axi_crossbar.
INFO: [Synth 8-3332] Sequential element (gen_sasd.crossbar_sasd_0/addr_arbiter_inst/gen_no_arbiter.m_amesg_i_reg[36]) is unused and will be removed from module axi_crossbar_v2_1_18_axi_crossbar.
INFO: [Synth 8-3332] Sequential element (gen_sasd.crossbar_sasd_0/addr_arbiter_inst/gen_no_arbiter.m_amesg_i_reg[35]) is unused and will be removed from module axi_crossbar_v2_1_18_axi_crossbar.
INFO: [Synth 8-3332] Sequential element (gen_sasd.crossbar_sasd_0/addr_arbiter_inst/gen_no_arbiter.m_amesg_i_reg[34]) is unused and will be removed from module axi_crossbar_v2_1_18_axi_crossbar.
INFO: [Synth 8-3332] Sequential element (gen_sasd.crossbar_sasd_0/addr_arbiter_inst/gen_no_arbiter.m_amesg_i_reg[33]) is unused and will be removed from module axi_crossbar_v2_1_18_axi_crossbar.
INFO: [Synth 8-3332] Sequential element (gen_sasd.crossbar_sasd_0/addr_arbiter_inst/gen_no_arbiter.m_amesg_i_reg[0]) is unused and will be removed from module axi_crossbar_v2_1_18_axi_crossbar.
INFO: [Synth 8-3332] Sequential element (gen_sasd.crossbar_sasd_0/reg_slice_r/skid_buffer_reg[35]) is unused and will be removed from module axi_crossbar_v2_1_18_axi_crossbar.
---------------------------------------------------------------------------------
Finished Cross Boundary and Area Optimization : Time (s): cpu = 00:00:32 ; elapsed = 00:01:10 . Memory (MB): peak = 879.762 ; gain = 498.680
---------------------------------------------------------------------------------

Report RTL Partitions: 
+-+--------------+------------+----------+
| |RTL Partition |Replication |Instances |
+-+--------------+------------+----------+
+-+--------------+------------+----------+
---------------------------------------------------------------------------------
Start Applying XDC Timing Constraints
---------------------------------------------------------------------------------
---------------------------------------------------------------------------------
Finished Applying XDC Timing Constraints : Time (s): cpu = 00:00:42 ; elapsed = 00:01:21 . Memory (MB): peak = 879.762 ; gain = 498.680
---------------------------------------------------------------------------------
---------------------------------------------------------------------------------
Start Timing Optimization
---------------------------------------------------------------------------------
---------------------------------------------------------------------------------
Finished Timing Optimization : Time (s): cpu = 00:00:43 ; elapsed = 00:01:22 . Memory (MB): peak = 903.047 ; gain = 521.965
---------------------------------------------------------------------------------

Report RTL Partitions: 
+-+--------------+------------+----------+
| |RTL Partition |Replication |Instances |
+-+--------------+------------+----------+
+-+--------------+------------+----------+
---------------------------------------------------------------------------------
Start Technology Mapping
---------------------------------------------------------------------------------
---------------------------------------------------------------------------------
Finished Technology Mapping : Time (s): cpu = 00:00:43 ; elapsed = 00:01:22 . Memory (MB): peak = 903.047 ; gain = 521.965
---------------------------------------------------------------------------------

Report RTL Partitions: 
+-+--------------+------------+----------+
| |RTL Partition |Replication |Instances |
+-+--------------+------------+----------+
+-+--------------+------------+----------+
---------------------------------------------------------------------------------
Start IO Insertion
---------------------------------------------------------------------------------
---------------------------------------------------------------------------------
Start Flattening Before IO Insertion
---------------------------------------------------------------------------------
---------------------------------------------------------------------------------
Finished Flattening Before IO Insertion
---------------------------------------------------------------------------------
---------------------------------------------------------------------------------
Start Final Netlist Cleanup
---------------------------------------------------------------------------------
---------------------------------------------------------------------------------
Finished Final Netlist Cleanup
---------------------------------------------------------------------------------
---------------------------------------------------------------------------------
Finished IO Insertion : Time (s): cpu = 00:00:44 ; elapsed = 00:01:24 . Memory (MB): peak = 903.047 ; gain = 521.965
---------------------------------------------------------------------------------

Report Check Netlist: 
+------+------------------+-------+---------+-------+------------------+
|      |Item              |Errors |Warnings |Status |Description       |
+------+------------------+-------+---------+-------+------------------+
|1     |multi_driven_nets |      0|        0|Passed |Multi driven nets |
+------+------------------+-------+---------+-------+------------------+
---------------------------------------------------------------------------------
Start Renaming Generated Instances
---------------------------------------------------------------------------------
---------------------------------------------------------------------------------
Finished Renaming Generated Instances : Time (s): cpu = 00:00:44 ; elapsed = 00:01:24 . Memory (MB): peak = 903.047 ; gain = 521.965
---------------------------------------------------------------------------------

Report RTL Partitions: 
+-+--------------+------------+----------+
| |RTL Partition |Replication |Instances |
+-+--------------+------------+----------+
+-+--------------+------------+----------+
---------------------------------------------------------------------------------
Start Rebuilding User Hierarchy
---------------------------------------------------------------------------------
---------------------------------------------------------------------------------
Finished Rebuilding User Hierarchy : Time (s): cpu = 00:00:44 ; elapsed = 00:01:24 . Memory (MB): peak = 903.047 ; gain = 521.965
---------------------------------------------------------------------------------
---------------------------------------------------------------------------------
Start Renaming Generated Ports
---------------------------------------------------------------------------------
---------------------------------------------------------------------------------
Finished Renaming Generated Ports : Time (s): cpu = 00:00:44 ; elapsed = 00:01:24 . Memory (MB): peak = 903.047 ; gain = 521.965
---------------------------------------------------------------------------------
---------------------------------------------------------------------------------
Start Handling Custom Attributes
---------------------------------------------------------------------------------
---------------------------------------------------------------------------------
Finished Handling Custom Attributes : Time (s): cpu = 00:00:44 ; elapsed = 00:01:24 . Memory (MB): peak = 903.047 ; gain = 521.965
---------------------------------------------------------------------------------
---------------------------------------------------------------------------------
Start Renaming Generated Nets
---------------------------------------------------------------------------------
---------------------------------------------------------------------------------
Finished Renaming Generated Nets : Time (s): cpu = 00:00:44 ; elapsed = 00:01:24 . Memory (MB): peak = 903.047 ; gain = 521.965
---------------------------------------------------------------------------------
---------------------------------------------------------------------------------
Start Writing Synthesis Report
---------------------------------------------------------------------------------

Report BlackBoxes: 
+-+--------------+----------+
| |BlackBox name |Instances |
+-+--------------+----------+
+-+--------------+----------+

Report Cell Usage: 
+------+-----+------+
|      |Cell |Count |
+------+-----+------+
|1     |LUT1 |     2|
|2     |LUT2 |    14|
|3     |LUT3 |    10|
|4     |LUT4 |    58|
|5     |LUT5 |    38|
|6     |LUT6 |   128|
|7     |FDRE |   134|
+------+-----+------+

Report Instance Areas: 
+------+-------------------------------------+-----------------------------------------------+------+
|      |Instance                             |Module                                         |Cells |
+------+-------------------------------------+-----------------------------------------------+------+
|1     |top                                  |                                               |   384|
|2     |  inst                               |axi_crossbar_v2_1_18_axi_crossbar              |   384|
|3     |    \gen_sasd.crossbar_sasd_0        |axi_crossbar_v2_1_18_crossbar_sasd             |   384|
|4     |      addr_arbiter_inst              |axi_crossbar_v2_1_18_addr_arbiter_sasd         |   147|
|5     |      \gen_decerr.decerr_slave_inst  |axi_crossbar_v2_1_18_decerr_slave              |    15|
|6     |      reg_slice_r                    |axi_register_slice_v2_1_17_axic_register_slice |   188|
|7     |      splitter_ar                    |axi_crossbar_v2_1_18_splitter__parameterized0  |     6|
|8     |      splitter_aw                    |axi_crossbar_v2_1_18_splitter                  |    12|
+------+-------------------------------------+-----------------------------------------------+------+
---------------------------------------------------------------------------------
Finished Writing Synthesis Report : Time (s): cpu = 00:00:44 ; elapsed = 00:01:24 . Memory (MB): peak = 903.047 ; gain = 521.965
---------------------------------------------------------------------------------
Synthesis finished with 0 errors, 0 critical warnings and 78 warnings.
Synthesis Optimization Runtime : Time (s): cpu = 00:00:18 ; elapsed = 00:00:41 . Memory (MB): peak = 903.047 ; gain = 280.891
Synthesis Optimization Complete : Time (s): cpu = 00:00:45 ; elapsed = 00:01:24 . Memory (MB): peak = 903.047 ; gain = 521.965
INFO: [Project 1-571] Translating synthesized netlist
INFO: [Project 1-570] Preparing netlist for logic optimization
INFO: [Opt 31-138] Pushed 0 inverter(s) to 0 load pin(s).
INFO: [Project 1-111] Unisim Transformation Summary:
No Unisim elements were transformed.

INFO: [Common 17-83] Releasing license: Synthesis
98 Infos, 106 Warnings, 0 Critical Warnings and 0 Errors encountered.
synth_design completed successfully
synth_design: Time (s): cpu = 00:00:47 ; elapsed = 00:01:27 . Memory (MB): peak = 903.047 ; gain = 528.883
WARNING: [Constraints 18-5210] No constraint will be written out.
INFO: [Common 17-1381] The checkpoint 'C:/hdl_projects/cora_robot/cora_robot.runs/design_1_xbar_0_synth_1/design_1_xbar_0.dcp' has been generated.
