

================================================================
== Vivado HLS Report for 'CvtColor_1'
================================================================
* Date:           Thu May 31 13:28:38 2018

* Version:        2017.4_AR70530_AR70530 (Build 2086221 on Fri Dec 15 21:13:33 MST 2017)
* Project:        cvt_colour
* Solution:       solution1
* Product family: zynq
* Target device:  xc7z020clg400-1


================================================================
== Performance Estimates
================================================================
+ Timing (ns): 
    * Summary: 
    +--------+-------+----------+------------+
    |  Clock | Target| Estimated| Uncertainty|
    +--------+-------+----------+------------+
    |ap_clk  |  10.00|      9.40|        1.25|
    +--------+-------+----------+------------+

+ Latency (clock cycles): 
    * Summary: 
    +-----+---------+-----+---------+---------+
    |    Latency    |    Interval   | Pipeline|
    | min |   max   | min |   max   |   Type  |
    +-----+---------+-----+---------+---------+
    |    1|  4012001|    1|  4012001|   none  |
    +-----+---------+-----+---------+---------+

    + Detail: 
        * Instance: 
        N/A

        * Loop: 
        +---------------+-----+---------+----------+-----------+-----------+----------+----------+
        |               |    Latency    | Iteration|  Initiation Interval  |   Trip   |          |
        |   Loop Name   | min |   max   |  Latency |  achieved |   target  |   Count  | Pipelined|
        +---------------+-----+---------+----------+-----------+-----------+----------+----------+
        |- loop_height  |    0|  4012000| 3 ~ 2006 |          -|          -| 0 ~ 2000 |    no    |
        | + loop_width  |    0|     2003|         5|          1|          1| 0 ~ 2000 |    yes   |
        +---------------+-----+---------+----------+-----------+-----------+----------+----------+



================================================================
== Utilization Estimates
================================================================
* Summary: 
+-----------------+---------+-------+--------+-------+
|       Name      | BRAM_18K| DSP48E|   FF   |  LUT  |
+-----------------+---------+-------+--------+-------+
|DSP              |        -|      3|       -|      -|
|Expression       |        -|      -|       0|    159|
|FIFO             |        -|      -|       -|      -|
|Instance         |        -|      -|       -|      -|
|Memory           |        -|      -|       -|      -|
|Multiplexer      |        -|      -|       -|    126|
|Register         |        0|      -|     280|     32|
+-----------------+---------+-------+--------+-------+
|Total            |        0|      3|     280|    317|
+-----------------+---------+-------+--------+-------+
|Available        |      280|    220|  106400|  53200|
+-----------------+---------+-------+--------+-------+
|Utilization (%)  |        0|      1|   ~0   |   ~0  |
+-----------------+---------+-------+--------+-------+

+ Detail: 
    * Instance: 
    N/A

    * DSP48: 
    +--------------------------+----------------------+--------------+
    |         Instance         |        Module        |  Expression  |
    +--------------------------+----------------------+--------------+
    |image_filter_mac_cud_U24  |image_filter_mac_cud  | i0 + i1 * i2 |
    |image_filter_mac_dEe_U25  |image_filter_mac_dEe  | i0 * i1 + i2 |
    |image_filter_mul_bkb_U23  |image_filter_mul_bkb  |    i0 * i1   |
    +--------------------------+----------------------+--------------+

    * Memory: 
    N/A

    * FIFO: 
    N/A

    * Expression: 
    +----------------------------------+----------+-------+---+----+------------+------------+
    |           Variable Name          | Operation| DSP48E| FF| LUT| Bitwidth P0| Bitwidth P1|
    +----------------------------------+----------+-------+---+----+------------+------------+
    |i_fu_226_p2                       |     +    |      0|  0|  18|          11|           1|
    |j_fu_241_p2                       |     +    |      0|  0|  18|          11|           1|
    |p_Val2_4_fu_285_p2                |     +    |      0|  0|  15|           8|           8|
    |ap_block_state7_pp0_stage0_iter4  |    and   |      0|  0|   8|           1|           1|
    |tmp_2_i_fu_236_p2                 |   icmp   |      0|  0|  18|          32|          32|
    |tmp_i_fu_221_p2                   |   icmp   |      0|  0|  18|          32|          32|
    |ap_block_pp0_stage0_01001         |    or    |      0|  0|   8|           1|           1|
    |ap_block_state1                   |    or    |      0|  0|   8|           1|           1|
    |ap_block_state4_pp0_stage0_iter1  |    or    |      0|  0|   8|           1|           1|
    |not_carry_fu_304_p2               |    or    |      0|  0|   8|           1|           1|
    |p_dst_data_stream_V_din           |  select  |      0|  0|   8|           1|           8|
    |ap_enable_pp0                     |    xor   |      0|  0|   8|           1|           2|
    |ap_enable_reg_pp0_iter1           |    xor   |      0|  0|   8|           2|           1|
    |p_Result_2_i_i_i_i_1_fu_298_p2    |    xor   |      0|  0|   8|           1|           2|
    +----------------------------------+----------+-------+---+----+------------+------------+
    |Total                             |          |      0|  0| 159|         104|          92|
    +----------------------------------+----------+-------+---+----+------------+------------+

    * Multiplexer: 
    +-----------------------------+----+-----------+-----+-----------+
    |             Name            | LUT| Input Size| Bits| Total Bits|
    +-----------------------------+----+-----------+-----+-----------+
    |ap_NS_fsm                    |  27|          5|    1|          5|
    |ap_done                      |   9|          2|    1|          2|
    |ap_enable_reg_pp0_iter1      |   9|          2|    1|          2|
    |ap_enable_reg_pp0_iter4      |   9|          2|    1|          2|
    |i_i_reg_195                  |   9|          2|   11|         22|
    |j_i_reg_206                  |   9|          2|   11|         22|
    |p_dst_data_stream_V_blk_n    |   9|          2|    1|          2|
    |p_src_cols_V_blk_n           |   9|          2|    1|          2|
    |p_src_data_stream_0_V_blk_n  |   9|          2|    1|          2|
    |p_src_data_stream_1_V_blk_n  |   9|          2|    1|          2|
    |p_src_data_stream_2_V_blk_n  |   9|          2|    1|          2|
    |p_src_rows_V_blk_n           |   9|          2|    1|          2|
    +-----------------------------+----+-----------+-----+-----------+
    |Total                        | 126|         27|   32|         67|
    +-----------------------------+----+-----------+-----+-----------+

    * Register: 
    +---------------------------------+----+----+-----+-----------+
    |               Name              | FF | LUT| Bits| Const Bits|
    +---------------------------------+----+----+-----+-----------+
    |ap_CS_fsm                        |   4|   0|    4|          0|
    |ap_done_reg                      |   1|   0|    1|          0|
    |ap_enable_reg_pp0_iter0          |   1|   0|    1|          0|
    |ap_enable_reg_pp0_iter1          |   1|   0|    1|          0|
    |ap_enable_reg_pp0_iter2          |   1|   0|    1|          0|
    |ap_enable_reg_pp0_iter3          |   1|   0|    1|          0|
    |ap_enable_reg_pp0_iter4          |   1|   0|    1|          0|
    |ap_reg_pp0_iter2_tmp_10_reg_371  |   8|   0|    8|          0|
    |ap_reg_pp0_iter2_tmp_11_reg_376  |   8|   0|    8|          0|
    |cols_reg_343                     |  32|   0|   32|          0|
    |i_i_reg_195                      |  11|   0|   11|          0|
    |i_reg_357                        |  11|   0|   11|          0|
    |j_i_reg_206                      |  11|   0|   11|          0|
    |p_Val2_3_reg_396                 |   8|   0|    8|          0|
    |r_V_1_reg_391                    |  30|   0|   30|          0|
    |r_V_4_i_i_reg_386                |  29|   0|   29|          0|
    |rows_reg_348                     |  32|   0|   32|          0|
    |tmp_10_reg_371                   |   8|   0|    8|          0|
    |tmp_11_reg_376                   |   8|   0|    8|          0|
    |tmp_12_reg_381                   |   8|   0|    8|          0|
    |tmp_2_i_reg_362                  |   1|   0|    1|          0|
    |tmp_reg_401                      |   1|   0|    1|          0|
    |tmp_2_i_reg_362                  |  64|  32|    1|          0|
    +---------------------------------+----+----+-----+-----------+
    |Total                            | 280|  32|  217|          0|
    +---------------------------------+----+----+-----+-----------+



================================================================
== Interface
================================================================
* Summary: 
+-------------------------------+-----+-----+------------+-----------------------+--------------+
|           RTL Ports           | Dir | Bits|  Protocol  |     Source Object     |    C Type    |
+-------------------------------+-----+-----+------------+-----------------------+--------------+
|ap_clk                         |  in |    1| ap_ctrl_hs |       CvtColor.1      | return value |
|ap_rst                         |  in |    1| ap_ctrl_hs |       CvtColor.1      | return value |
|ap_start                       |  in |    1| ap_ctrl_hs |       CvtColor.1      | return value |
|ap_done                        | out |    1| ap_ctrl_hs |       CvtColor.1      | return value |
|ap_continue                    |  in |    1| ap_ctrl_hs |       CvtColor.1      | return value |
|ap_idle                        | out |    1| ap_ctrl_hs |       CvtColor.1      | return value |
|ap_ready                       | out |    1| ap_ctrl_hs |       CvtColor.1      | return value |
|p_src_rows_V_dout              |  in |   32|   ap_fifo  |      p_src_rows_V     |    pointer   |
|p_src_rows_V_empty_n           |  in |    1|   ap_fifo  |      p_src_rows_V     |    pointer   |
|p_src_rows_V_read              | out |    1|   ap_fifo  |      p_src_rows_V     |    pointer   |
|p_src_cols_V_dout              |  in |   32|   ap_fifo  |      p_src_cols_V     |    pointer   |
|p_src_cols_V_empty_n           |  in |    1|   ap_fifo  |      p_src_cols_V     |    pointer   |
|p_src_cols_V_read              | out |    1|   ap_fifo  |      p_src_cols_V     |    pointer   |
|p_src_data_stream_0_V_dout     |  in |    8|   ap_fifo  | p_src_data_stream_0_V |    pointer   |
|p_src_data_stream_0_V_empty_n  |  in |    1|   ap_fifo  | p_src_data_stream_0_V |    pointer   |
|p_src_data_stream_0_V_read     | out |    1|   ap_fifo  | p_src_data_stream_0_V |    pointer   |
|p_src_data_stream_1_V_dout     |  in |    8|   ap_fifo  | p_src_data_stream_1_V |    pointer   |
|p_src_data_stream_1_V_empty_n  |  in |    1|   ap_fifo  | p_src_data_stream_1_V |    pointer   |
|p_src_data_stream_1_V_read     | out |    1|   ap_fifo  | p_src_data_stream_1_V |    pointer   |
|p_src_data_stream_2_V_dout     |  in |    8|   ap_fifo  | p_src_data_stream_2_V |    pointer   |
|p_src_data_stream_2_V_empty_n  |  in |    1|   ap_fifo  | p_src_data_stream_2_V |    pointer   |
|p_src_data_stream_2_V_read     | out |    1|   ap_fifo  | p_src_data_stream_2_V |    pointer   |
|p_dst_data_stream_V_din        | out |    8|   ap_fifo  |  p_dst_data_stream_V  |    pointer   |
|p_dst_data_stream_V_full_n     |  in |    1|   ap_fifo  |  p_dst_data_stream_V  |    pointer   |
|p_dst_data_stream_V_write      | out |    1|   ap_fifo  |  p_dst_data_stream_V  |    pointer   |
+-------------------------------+-----+-----+------------+-----------------------+--------------+

