

================================================================
== Vivado HLS Report for 'image_filter'
================================================================
* Date:           Thu May 31 13:28:39 2018

* Version:        2017.4_AR70530_AR70530 (Build 2086221 on Fri Dec 15 21:13:33 MST 2017)
* Project:        cvt_colour
* Solution:       solution1
* Product family: zynq
* Target device:  xc7z020clg400-1


================================================================
== Performance Estimates
================================================================
+ Timing (ns): 
    * Summary: 
    +--------+-------+----------+------------+
    |  Clock | Target| Estimated| Uncertainty|
    +--------+-------+----------+------------+
    |ap_clk  |  10.00|      9.40|        1.25|
    +--------+-------+----------+------------+

+ Latency (clock cycles): 
    * Summary: 
    +-----+---------+-----+---------+----------+
    |    Latency    |    Interval   | Pipeline |
    | min |   max   | min |   max   |   Type   |
    +-----+---------+-----+---------+----------+
    |   10|  4014004|    4|  4014004| dataflow |
    +-----+---------+-----+---------+----------+

    + Detail: 
        * Instance: 
        +-------------------------+----------------------+-----+---------+-----+---------+---------+
        |                         |                      |    Latency    |    Interval   | Pipeline|
        |         Instance        |        Module        | min |   max   | min |   max   |   Type  |
        +-------------------------+----------------------+-----+---------+-----+---------+---------+
        |AXIvideo2Mat_U0          |AXIvideo2Mat          |    3|  4014003|    3|  4014003|   none  |
        |CvtColor_1_U0            |CvtColor_1            |    1|  4012001|    1|  4012001|   none  |
        |Mat2AXIvideo_U0          |Mat2AXIvideo          |    1|  4008001|    1|  4008001|   none  |
        |CvtColor_U0              |CvtColor              |    1|  4006001|    1|  4006001|   none  |
        |Block_Mat_exit47_pro_U0  |Block_Mat_exit47_pro  |    0|        0|    0|        0|   none  |
        +-------------------------+----------------------+-----+---------+-----+---------+---------+

        * Loop: 
        N/A



================================================================
== Utilization Estimates
================================================================
* Summary: 
+-----------------+---------+-------+--------+-------+
|       Name      | BRAM_18K| DSP48E|   FF   |  LUT  |
+-----------------+---------+-------+--------+-------+
|DSP              |        -|      -|       -|      -|
|Expression       |        -|      -|       0|     76|
|FIFO             |        0|      -|      75|    492|
|Instance         |        0|      3|     851|   1719|
|Memory           |        -|      -|       -|      -|
|Multiplexer      |        -|      -|       -|     36|
|Register         |        -|      -|       6|      -|
+-----------------+---------+-------+--------+-------+
|Total            |        0|      3|     932|   2323|
+-----------------+---------+-------+--------+-------+
|Available        |      280|    220|  106400|  53200|
+-----------------+---------+-------+--------+-------+
|Utilization (%)  |        0|      1|   ~0   |      4|
+-----------------+---------+-------+--------+-------+

+ Detail: 
    * Instance: 
    +-------------------------+----------------------+---------+-------+-----+-----+
    |         Instance        |        Module        | BRAM_18K| DSP48E|  FF | LUT |
    +-------------------------+----------------------+---------+-------+-----+-----+
    |AXIvideo2Mat_U0          |AXIvideo2Mat          |        0|      0|  290|  591|
    |Block_Mat_exit47_pro_U0  |Block_Mat_exit47_pro  |        0|      0|    3|   80|
    |CvtColor_U0              |CvtColor              |        0|      0|  105|  235|
    |CvtColor_1_U0            |CvtColor_1            |        0|      3|  280|  317|
    |Mat2AXIvideo_U0          |Mat2AXIvideo          |        0|      0|  173|  496|
    +-------------------------+----------------------+---------+-------+-----+-----+
    |Total                    |                      |        0|      3|  851| 1719|
    +-------------------------+----------------------+---------+-------+-----+-----+

    * DSP48: 
    N/A

    * Memory: 
    N/A

    * FIFO: 
    +-----------------------+---------+---+----+------+-----+---------+
    |          Name         | BRAM_18K| FF| LUT| Depth| Bits| Size:D*B|
    +-----------------------+---------+---+----+------+-----+---------+
    |img_0_cols_V_c18_U     |        0|  5|  44|     1|   32|       32|
    |img_0_cols_V_c_U       |        0|  5|  44|     1|   32|       32|
    |img_0_data_stream_0_U  |        0|  5|  20|     1|    8|        8|
    |img_0_data_stream_1_U  |        0|  5|  20|     1|    8|        8|
    |img_0_data_stream_2_U  |        0|  5|  20|     1|    8|        8|
    |img_0_rows_V_c17_U     |        0|  5|  44|     1|   32|       32|
    |img_0_rows_V_c_U       |        0|  5|  44|     1|   32|       32|
    |img_1_cols_V_c_U       |        0|  5|  44|     3|   32|       96|
    |img_1_data_stream_0_U  |        0|  5|  20|     1|    8|        8|
    |img_1_rows_V_c_U       |        0|  5|  44|     3|   32|       96|
    |img_2_cols_V_c_U       |        0|  5|  44|     4|   32|      128|
    |img_2_data_stream_0_U  |        0|  5|  20|     1|    8|        8|
    |img_2_data_stream_1_U  |        0|  5|  20|     1|    8|        8|
    |img_2_data_stream_2_U  |        0|  5|  20|     1|    8|        8|
    |img_2_rows_V_c_U       |        0|  5|  44|     4|   32|      128|
    +-----------------------+---------+---+----+------+-----+---------+
    |Total                  |        0| 75| 492|    25|  312|      632|
    +-----------------------+---------+---+----+------+-----+---------+

    * Expression: 
    +------------------------------------------+----------+-------+---+----+------------+------------+
    |               Variable Name              | Operation| DSP48E| FF| LUT| Bitwidth P0| Bitwidth P1|
    +------------------------------------------+----------+-------+---+----+------------+------------+
    |AXIvideo2Mat_U0_ap_ready_count            |     +    |      0|  0|  10|           2|           1|
    |Block_Mat_exit47_pro_U0_ap_ready_count    |     +    |      0|  0|  10|           2|           1|
    |AXIvideo2Mat_U0_ap_start                  |    and   |      0|  0|   8|           1|           1|
    |Block_Mat_exit47_pro_U0_ap_start          |    and   |      0|  0|   8|           1|           1|
    |Block_Mat_exit47_pro_U0_start_full_n      |    and   |      0|  0|   8|           1|           1|
    |ap_idle                                   |    and   |      0|  0|   8|           1|           1|
    |ap_sync_ready                             |    and   |      0|  0|   8|           1|           1|
    |ap_sync_AXIvideo2Mat_U0_ap_ready          |    or    |      0|  0|   8|           1|           1|
    |ap_sync_Block_Mat_exit47_pro_U0_ap_ready  |    or    |      0|  0|   8|           1|           1|
    +------------------------------------------+----------+-------+---+----+------------+------------+
    |Total                                     |          |      0|  0|  76|          11|           9|
    +------------------------------------------+----------+-------+---+----+------------+------------+

    * Multiplexer: 
    +----------------------------------------------+----+-----------+-----+-----------+
    |                     Name                     | LUT| Input Size| Bits| Total Bits|
    +----------------------------------------------+----+-----------+-----+-----------+
    |AXIvideo2Mat_U0_ap_ready_count                |   9|          2|    2|          4|
    |Block_Mat_exit47_pro_U0_ap_ready_count        |   9|          2|    2|          4|
    |ap_sync_reg_AXIvideo2Mat_U0_ap_ready          |   9|          2|    1|          2|
    |ap_sync_reg_Block_Mat_exit47_pro_U0_ap_ready  |   9|          2|    1|          2|
    +----------------------------------------------+----+-----------+-----+-----------+
    |Total                                         |  36|          8|    6|         12|
    +----------------------------------------------+----+-----------+-----+-----------+

    * Register: 
    +----------------------------------------------+---+----+-----+-----------+
    |                     Name                     | FF| LUT| Bits| Const Bits|
    +----------------------------------------------+---+----+-----+-----------+
    |AXIvideo2Mat_U0_ap_ready_count                |  2|   0|    2|          0|
    |Block_Mat_exit47_pro_U0_ap_ready_count        |  2|   0|    2|          0|
    |ap_sync_reg_AXIvideo2Mat_U0_ap_ready          |  1|   0|    1|          0|
    |ap_sync_reg_Block_Mat_exit47_pro_U0_ap_ready  |  1|   0|    1|          0|
    +----------------------------------------------+---+----+-----+-----------+
    |Total                                         |  6|   0|    6|          0|
    +----------------------------------------------+---+----+-----+-----------+



================================================================
== Interface
================================================================
* Summary: 
+----------------------+-----+-----+------------+------------------------+--------------+
|       RTL Ports      | Dir | Bits|  Protocol  |      Source Object     |    C Type    |
+----------------------+-----+-----+------------+------------------------+--------------+
|INPUT_STREAM_TDATA    |  in |   32|    axis    |  INPUT_STREAM_V_data_V |    pointer   |
|INPUT_STREAM_TKEEP    |  in |    4|    axis    |  INPUT_STREAM_V_keep_V |    pointer   |
|INPUT_STREAM_TSTRB    |  in |    4|    axis    |  INPUT_STREAM_V_strb_V |    pointer   |
|INPUT_STREAM_TUSER    |  in |    1|    axis    |  INPUT_STREAM_V_user_V |    pointer   |
|INPUT_STREAM_TLAST    |  in |    1|    axis    |  INPUT_STREAM_V_last_V |    pointer   |
|INPUT_STREAM_TID      |  in |    1|    axis    |   INPUT_STREAM_V_id_V  |    pointer   |
|INPUT_STREAM_TDEST    |  in |    1|    axis    |  INPUT_STREAM_V_dest_V |    pointer   |
|INPUT_STREAM_TVALID   |  in |    1|    axis    |  INPUT_STREAM_V_dest_V |    pointer   |
|INPUT_STREAM_TREADY   | out |    1|    axis    |  INPUT_STREAM_V_dest_V |    pointer   |
|OUTPUT_STREAM_TDATA   | out |   32|    axis    | OUTPUT_STREAM_V_data_V |    pointer   |
|OUTPUT_STREAM_TKEEP   | out |    4|    axis    | OUTPUT_STREAM_V_keep_V |    pointer   |
|OUTPUT_STREAM_TSTRB   | out |    4|    axis    | OUTPUT_STREAM_V_strb_V |    pointer   |
|OUTPUT_STREAM_TUSER   | out |    1|    axis    | OUTPUT_STREAM_V_user_V |    pointer   |
|OUTPUT_STREAM_TLAST   | out |    1|    axis    | OUTPUT_STREAM_V_last_V |    pointer   |
|OUTPUT_STREAM_TID     | out |    1|    axis    |  OUTPUT_STREAM_V_id_V  |    pointer   |
|OUTPUT_STREAM_TDEST   | out |    1|    axis    | OUTPUT_STREAM_V_dest_V |    pointer   |
|OUTPUT_STREAM_TVALID  | out |    1|    axis    | OUTPUT_STREAM_V_dest_V |    pointer   |
|OUTPUT_STREAM_TREADY  |  in |    1|    axis    | OUTPUT_STREAM_V_dest_V |    pointer   |
|rows                  |  in |   32|   ap_none  |          rows          |    scalar    |
|cols                  |  in |   32|   ap_none  |          cols          |    scalar    |
|ap_clk                |  in |    1| ap_ctrl_hs |      image_filter      | return value |
|ap_rst_n              |  in |    1| ap_ctrl_hs |      image_filter      | return value |
|ap_done               | out |    1| ap_ctrl_hs |      image_filter      | return value |
|ap_start              |  in |    1| ap_ctrl_hs |      image_filter      | return value |
|ap_ready              | out |    1| ap_ctrl_hs |      image_filter      | return value |
|ap_idle               | out |    1| ap_ctrl_hs |      image_filter      | return value |
+----------------------+-----+-----+------------+------------------------+--------------+

