#-----------------------------------------------------------
# Vivado v2018.2 (64-bit)
# SW Build 2258646 on Thu Jun 14 20:03:12 MDT 2018
# IP Build 2256618 on Thu Jun 14 22:10:49 MDT 2018
# Start of session at: Sun Feb  3 12:38:17 2019
# Process ID: 19788
# Current directory: C:/Users/aptay/AppData/Roaming/Xilinx/Vivado
# Command line: vivado.exe -gui_launcher_event rodinguilauncherevent18200
# Log file: C:/Users/aptay/AppData/Roaming/Xilinx/Vivado/vivado.log
# Journal file: C:/Users/aptay/AppData/Roaming/Xilinx/Vivado\vivado.jou
#-----------------------------------------------------------
WARNING: [Common 17-1271] The MYVIVADO environment variable specifies an invalid location 'C:\Xilinx\Vivado\2017.4\patches\AR70530\vivado'
start_gui
open_project C:/hdl_projects/cora_robot/cora_robot.xpr
Scanning sources...
Finished scanning sources
INFO: [IP_Flow 19-234] Refreshing IP repositories
INFO: [IP_Flow 19-1700] Loaded user IP repository 'c:/hdl_projects/digilent'.
INFO: [IP_Flow 19-2313] Loaded Vivado IP repository 'C:/Xilinx/Vivado/2018.2/data/ip'.
open_project: Time (s): cpu = 00:00:34 ; elapsed = 00:00:31 . Memory (MB): peak = 919.867 ; gain = 227.344
update_compile_order -fileset sources_1
archive_project C:/hdl_projects/cora_robot.xpr.zip -temp_dir C:/temp -force -exclude_run_results -include_local_ip_cache -include_config_settings
INFO: [Coretcl 2-137] starting archive...
INFO: [Coretcl 2-1499] Saving project copy to temporary location 'C:/temp' for archiving project
Scanning sources...
Finished scanning sources
INFO: [IP_Flow 19-234] Refreshing IP repositories
INFO: [IP_Flow 19-1700] Loaded user IP repository 'c:/hdl_projects/digilent'.
INFO: [IP_Flow 19-2313] Loaded Vivado IP repository 'C:/Xilinx/Vivado/2018.2/data/ip'.
INFO: [Coretcl 2-1211] Creating project copy for archival...
INFO: [Coretcl 2-135] resetting runs for excluding generated files from archive...
WARNING: [Coretcl 2-105] Run 'synth_1' is currently active
INFO: [Coretcl 2-133] re-setting run 'synth_1'...
WARNING: [Coretcl 2-105] Run 'design_1_rst_ps7_0_50M_0_synth_1' is currently active
INFO: [Coretcl 2-133] re-setting run 'design_1_rst_ps7_0_50M_0_synth_1'...
WARNING: [Coretcl 2-105] Run 'design_1_processing_system7_0_0_synth_1' is currently active
INFO: [Coretcl 2-133] re-setting run 'design_1_processing_system7_0_0_synth_1'...
WARNING: [Coretcl 2-105] Run 'design_1_xbar_0_synth_1' is currently active
INFO: [Coretcl 2-133] re-setting run 'design_1_xbar_0_synth_1'...
WARNING: [Coretcl 2-105] Run 'design_1_axi_iic_0_0_synth_1' is currently active
INFO: [Coretcl 2-133] re-setting run 'design_1_axi_iic_0_0_synth_1'...
WARNING: [Coretcl 2-105] Run 'design_1_PmodJSTK2_0_0_synth_1' is currently active
INFO: [Coretcl 2-133] re-setting run 'design_1_PmodJSTK2_0_0_synth_1'...
WARNING: [Coretcl 2-105] Run 'design_1_PmodJSTK2_1_0_synth_1' is currently active
INFO: [Coretcl 2-133] re-setting run 'design_1_PmodJSTK2_1_0_synth_1'...
INFO: [Coretcl 2-133] re-setting run 'impl_1'...
INFO: [Coretcl 2-133] re-setting run 'design_1_rst_ps7_0_50M_0_impl_1'...
INFO: [Coretcl 2-133] re-setting run 'design_1_processing_system7_0_0_impl_1'...
INFO: [Coretcl 2-133] re-setting run 'design_1_xbar_0_impl_1'...
INFO: [Coretcl 2-133] re-setting run 'design_1_axi_iic_0_0_impl_1'...
INFO: [Coretcl 2-133] re-setting run 'design_1_PmodJSTK2_0_0_impl_1'...
INFO: [Coretcl 2-133] re-setting run 'design_1_PmodJSTK2_1_0_impl_1'...
INFO: [Coretcl 2-1212] Importing remotely added design sources and verilog include files (if any)...
INFO: [filemgmt 20-334] All file(s) are already imported in fileset: 'design_1_PmodJSTK2_0_0'
INFO: [filemgmt 20-348] Importing the appropriate files for fileset: 'design_1_PmodJSTK2_0_0'
INFO: [filemgmt 20-334] All file(s) are already imported in fileset: 'design_1_PmodJSTK2_1_0'
INFO: [filemgmt 20-348] Importing the appropriate files for fileset: 'design_1_PmodJSTK2_1_0'
INFO: [filemgmt 20-334] All file(s) are already imported in fileset: 'design_1_axi_iic_0_0'
INFO: [filemgmt 20-348] Importing the appropriate files for fileset: 'design_1_axi_iic_0_0'
INFO: [filemgmt 20-334] All file(s) are already imported in fileset: 'design_1_processing_system7_0_0'
INFO: [filemgmt 20-348] Importing the appropriate files for fileset: 'design_1_processing_system7_0_0'
INFO: [filemgmt 20-334] All file(s) are already imported in fileset: 'design_1_rst_ps7_0_50M_0'
INFO: [filemgmt 20-348] Importing the appropriate files for fileset: 'design_1_rst_ps7_0_50M_0'
INFO: [filemgmt 20-334] All file(s) are already imported in fileset: 'design_1_xbar_0'
INFO: [filemgmt 20-348] Importing the appropriate files for fileset: 'design_1_xbar_0'
INFO: [filemgmt 20-334] All file(s) are already imported in fileset: 'sources_1'
INFO: [filemgmt 20-348] Importing the appropriate files for fileset: 'sources_1'
