#-----------------------------------------------------------
# Vivado v2018.2 (64-bit)
# SW Build 2258646 on Thu Jun 14 20:03:12 MDT 2018
# IP Build 2256618 on Thu Jun 14 22:10:49 MDT 2018
# Start of session at: Sun Aug  5 22:09:20 2018
# Process ID: 29768
# Current directory: C:/Users/aptay/AppData/Roaming/Xilinx/Vivado
# Command line: vivado.exe -gui_launcher_event rodinguilauncherevent29872
# Log file: C:/Users/aptay/AppData/Roaming/Xilinx/Vivado/vivado.log
# Journal file: C:/Users/aptay/AppData/Roaming/Xilinx/Vivado\vivado.jou
#-----------------------------------------------------------
WARNING: [Common 17-1271] The MYVIVADO environment variable specifies an invalid location 'C:\Xilinx\Vivado\2017.4\patches\AR70530\vivado'
start_gui
open_project C:/hdl_projects/cora_distance/cora_distance.xpr
Scanning sources...
Finished scanning sources
INFO: [IP_Flow 19-234] Refreshing IP repositories
INFO: [IP_Flow 19-1700] Loaded user IP repository 'c:/hdl_projects/digilent'.
INFO: [IP_Flow 19-2313] Loaded Vivado IP repository 'C:/Xilinx/Vivado/2018.2/data/ip'.
open_project: Time (s): cpu = 00:00:24 ; elapsed = 00:00:20 . Memory (MB): peak = 902.742 ; gain = 176.348
update_compile_order -fileset sources_1
open_bd_design {C:/hdl_projects/cora_distance/cora_distance.srcs/sources_1/bd/design_1/design_1.bd}
Adding cell -- xilinx.com:ip:processing_system7:5.5 - processing_system7_0
Adding cell -- xilinx.com:ip:proc_sys_reset:5.0 - rst_ps7_0_50M
Adding cell -- xilinx.com:ip:xlconcat:2.1 - xlconcat_0
Adding cell -- digilentinc.com:IP:PmodMAXSONAR:1.0 - PmodMAXSONAR_0
Adding cell -- digilentinc.com:IP:PmodMTDS:1.0 - PmodMTDS_0
Adding cell -- xilinx.com:ip:axi_crossbar:2.1 - xbar
Adding cell -- xilinx.com:ip:axi_protocol_converter:2.1 - auto_pc
Successfully read diagram <design_1> from BD file <C:/hdl_projects/cora_distance/cora_distance.srcs/sources_1/bd/design_1/design_1.bd>
open_bd_design: Time (s): cpu = 00:00:11 ; elapsed = 00:00:11 . Memory (MB): peak = 991.055 ; gain = 79.730
archive_project C:/hdl_projects/cora_distance.xpr.zip -temp_dir C:/temp -force -include_local_ip_cache
INFO: [Coretcl 2-137] starting archive...
INFO: [Coretcl 2-1499] Saving project copy to temporary location 'C:/temp' for archiving project
Scanning sources...
Finished scanning sources
INFO: [IP_Flow 19-234] Refreshing IP repositories
INFO: [IP_Flow 19-1700] Loaded user IP repository 'c:/hdl_projects/digilent'.
INFO: [IP_Flow 19-2313] Loaded Vivado IP repository 'C:/Xilinx/Vivado/2018.2/data/ip'.
INFO: [Coretcl 2-1211] Creating project copy for archival...
INFO: [Coretcl 2-1213] Including run results for 'synth_1'
INFO: [Coretcl 2-1213] Including run results for 'impl_1'
INFO: [Coretcl 2-1212] Importing remotely added design sources and verilog include files (if any)...
INFO: [filemgmt 20-334] All file(s) are already imported in fileset: 'sources_1'
INFO: [filemgmt 20-348] Importing the appropriate files for fileset: 'sources_1'
