#-----------------------------------------------------------
# Webtalk v2019.1.1 (64-bit)
# SW Build 2580384 on Sat Jun 29 08:12:21 MDT 2019
# 
# Start of session at: Sat Mar  7 18:29:19 2020
# Process ID: 37068
# Current directory: C:/hdl_projects/sd/sd.sdk/webtalk
# Command line: wbtcv.exe -mode batch -source sdk_webtalk.tcl
# Log file: C:/hdl_projects/sd/sd.sdk/webtalk/webtalk.log
# Journal file: C:/hdl_projects/sd/sd.sdk/webtalk\webtalk.jou
#-----------------------------------------------------------
source sdk_webtalk.tcl
# webtalk_init -webtalk_dir C:\\hdl_projects\\sd\\sd.sdk\\webtalk
# webtalk_register_client -client project
# webtalk_add_data -client project -key date_generated -value "2020-03-07 18:29:17" -context "software_version_and_target_device"
# webtalk_add_data -client project -key product_version -value "SDK v2019.1" -context "software_version_and_target_device"
# webtalk_add_data -client project -key build_version -value "2019.1" -context "software_version_and_target_device"
# webtalk_add_data -client project -key os_platform -value "amd64" -context "software_version_and_target_device"
# webtalk_add_data -client project -key registration_id -value "176032993_1777485347_210642998_121" -context "software_version_and_target_device"
# webtalk_add_data -client project -key tool_flow -value "SDK" -context "software_version_and_target_device"
# webtalk_add_data -client project -key beta -value "false" -context "software_version_and_target_device"
# webtalk_add_data -client project -key route_design -value "NA" -context "software_version_and_target_device"
# webtalk_add_data -client project -key target_family -value "NA" -context "software_version_and_target_device"
# webtalk_add_data -client project -key target_device -value "NA" -context "software_version_and_target_device"
# webtalk_add_data -client project -key target_package -value "NA" -context "software_version_and_target_device"
# webtalk_add_data -client project -key target_speed -value "NA" -context "software_version_and_target_device"
# webtalk_add_data -client project -key random_id -value "2orna4nuibi2fc88010qntppgc" -context "software_version_and_target_device"
# webtalk_add_data -client project -key project_id -value "2019.1_1" -context "software_version_and_target_device"
# webtalk_add_data -client project -key project_iteration -value "1" -context "software_version_and_target_device"
# webtalk_add_data -client project -key os_name -value "Microsoft Windows 8 or later , 64-bit" -context "user_environment"
# webtalk_add_data -client project -key os_release -value "major release  (build 9200)" -context "user_environment"
# webtalk_add_data -client project -key cpu_name -value "Intel(R) Core(TM) i9-9980HK CPU @ 2.40GHz" -context "user_environment"
# webtalk_add_data -client project -key cpu_speed -value "2400 MHz" -context "user_environment"
# webtalk_add_data -client project -key total_processors -value "1" -context "user_environment"
# webtalk_add_data -client project -key system_ram -value "34.074 GB" -context "user_environment"
# webtalk_register_client -client sdk
# webtalk_add_data -client sdk -key uid -value "1583580990765" -context "sdk\\\\hardware/1583580990765"
# webtalk_add_data -client sdk -key isZynq -value "true" -context "sdk\\\\hardware/1583580990765"
# webtalk_add_data -client sdk -key isZynqMP -value "false" -context "sdk\\\\hardware/1583580990765"
# webtalk_add_data -client sdk -key Processors -value "2" -context "sdk\\\\hardware/1583580990765"
# webtalk_add_data -client sdk -key VivadoVersion -value "2019.1.1" -context "sdk\\\\hardware/1583580990765"
# webtalk_add_data -client sdk -key Arch -value "zynq" -context "sdk\\\\hardware/1583580990765"
# webtalk_add_data -client sdk -key Device -value "7z020" -context "sdk\\\\hardware/1583580990765"
# webtalk_add_data -client sdk -key IsHandoff -value "true" -context "sdk\\\\hardware/1583580990765"
# webtalk_add_data -client sdk -key os -value "NA" -context "sdk\\\\hardware/1583580990765"
# webtalk_add_data -client sdk -key apptemplate -value "NA" -context "sdk\\\\hardware/1583580990765"
# webtalk_add_data -client sdk -key RecordType -value "HWCreation" -context "sdk\\\\hardware/1583580990765"
# webtalk_add_data -client sdk -key uid -value "1583581216342" -context "sdk\\\\application/1583581216342"
# webtalk_add_data -client sdk -key os -value "linux" -context "sdk\\\\application/1583581216342"
# webtalk_add_data -client sdk -key apptemplate -value "linux_hello_world" -context "sdk\\\\application/1583581216342"
# webtalk_add_data -client sdk -key RecordType -value "APPCreation" -context "sdk\\\\application/1583581216342"
# webtalk_add_data -client sdk -key LangUsed -value "C" -context "sdk\\\\application/1583581216342"
# webtalk_add_data -client sdk -key Procused -value "" -context "sdk\\\\application/1583581216342"
# webtalk_add_data -client sdk -key uid -value "1583581573507" -context "sdk\\\\application/1583581573507"
# webtalk_add_data -client sdk -key os -value "linux" -context "sdk\\\\application/1583581573507"
# webtalk_add_data -client sdk -key apptemplate -value "linux_hello_world" -context "sdk\\\\application/1583581573507"
# webtalk_add_data -client sdk -key RecordType -value "APPCreation" -context "sdk\\\\application/1583581573507"
# webtalk_add_data -client sdk -key LangUsed -value "C" -context "sdk\\\\application/1583581573507"
# webtalk_add_data -client sdk -key Procused -value "" -context "sdk\\\\application/1583581573507"
# webtalk_add_data -client sdk -key projSize -value "235.703125" -context "sdk\\\\application/1583581573507"
# webtalk_add_data -client sdk -key uid -value "NA" -context "sdk\\\\bsp/1583605757829"
# webtalk_add_data -client sdk -key RecordType -value "ToolUsage" -context "sdk\\\\bsp/1583605757829"
# webtalk_add_data -client sdk -key BootgenCount -value "0" -context "sdk\\\\bsp/1583605757829"
# webtalk_add_data -client sdk -key DebugCount -value "0" -context "sdk\\\\bsp/1583605757829"
# webtalk_add_data -client sdk -key PerfCount -value "0" -context "sdk\\\\bsp/1583605757829"
# webtalk_add_data -client sdk -key FlashCount -value "0" -context "sdk\\\\bsp/1583605757829"
# webtalk_add_data -client sdk -key CrossTriggCount -value "0" -context "sdk\\\\bsp/1583605757829"
# webtalk_add_data -client sdk -key QemuDebugCount -value "0" -context "sdk\\\\bsp/1583605757829"
# webtalk_transmit -clientid 2926811066 -regid "176032993_1777485347_210642998_121" -xml C:\\hdl_projects\\sd\\sd.sdk\\webtalk\\usage_statistics_ext_sdk.xml -html C:\\hdl_projects\\sd\\sd.sdk\\webtalk\\usage_statistics_ext_sdk.html -wdm C:\\hdl_projects\\sd\\sd.sdk\\webtalk\\sdk_webtalk.wdm -intro "<H3>SDK Usage Report</H3><BR>"
# webtalk_terminate
INFO: [Common 17-206] Exiting Webtalk at Sat Mar  7 18:29:19 2020...
