
*** Running vivado
    with args -log design_1_axi_dynclk_0_0.vds -m64 -product Vivado -mode batch -messageDb vivado.pb -notrace -source design_1_axi_dynclk_0_0.tcl


****** Vivado v2019.2 (64-bit)
  **** SW Build 2708876 on Wed Nov  6 21:40:23 MST 2019
  **** IP Build 2700528 on Thu Nov  7 00:09:20 MST 2019
    ** Copyright 1986-2019 Xilinx, Inc. All Rights Reserved.

source design_1_axi_dynclk_0_0.tcl -notrace
create_project: Time (s): cpu = 00:00:05 ; elapsed = 00:00:05 . Memory (MB): peak = 462.652 ; gain = 161.820
INFO: [IP_Flow 19-234] Refreshing IP repositories
INFO: [IP_Flow 19-1700] Loaded user IP repository 'c:/git_repos/hackster/digilent'.
INFO: [IP_Flow 19-2313] Loaded Vivado IP repository 'C:/Xilinx/Vivado/2019.2/data/ip'.
update_ip_catalog: Time (s): cpu = 00:00:02 ; elapsed = 00:00:05 . Memory (MB): peak = 487.484 ; gain = 24.832
Command: synth_design -top design_1_axi_dynclk_0_0 -part xc7z020clg400-1 -mode out_of_context
Starting synth_design
Attempting to get a license for feature 'Synthesis' and/or device 'xc7z020'
INFO: [Common 17-349] Got license for feature 'Synthesis' and/or device 'xc7z020'
INFO: [Device 21-403] Loading part xc7z020clg400-1
INFO: Launching helper process for spawning children vivado processes
INFO: Helper process launched with PID 61520 
---------------------------------------------------------------------------------
Starting RTL Elaboration : Time (s): cpu = 00:00:08 ; elapsed = 00:00:08 . Memory (MB): peak = 1031.500 ; gain = 235.152
---------------------------------------------------------------------------------
WARNING: [Synth 8-1565] actual for formal port rst is neither a static name nor a globally static expression [c:/git_repos/hackster/Zybo_EV_Platform/block_compile.srcs/sources_1/bd/design_1/ipshared/9097/src/axi_dynclk.vhd:225]
WARNING: [Synth 8-1565] actual for formal port s1_clkout0 is neither a static name nor a globally static expression [c:/git_repos/hackster/Zybo_EV_Platform/block_compile.srcs/sources_1/bd/design_1/ipshared/9097/src/axi_dynclk.vhd:227]
WARNING: [Synth 8-1565] actual for formal port s1_clkfbout is neither a static name nor a globally static expression [c:/git_repos/hackster/Zybo_EV_Platform/block_compile.srcs/sources_1/bd/design_1/ipshared/9097/src/axi_dynclk.vhd:228]
WARNING: [Synth 8-1565] actual for formal port s1_lock is neither a static name nor a globally static expression [c:/git_repos/hackster/Zybo_EV_Platform/block_compile.srcs/sources_1/bd/design_1/ipshared/9097/src/axi_dynclk.vhd:230]
INFO: [Synth 8-638] synthesizing module 'design_1_axi_dynclk_0_0' [c:/git_repos/hackster/Zybo_EV_Platform/block_compile.srcs/sources_1/bd/design_1/ip/design_1_axi_dynclk_0_0/synth/design_1_axi_dynclk_0_0.vhd:86]
	Parameter C_S00_AXI_DATA_WIDTH bound to: 32 - type: integer 
	Parameter C_S00_AXI_ADDR_WIDTH bound to: 5 - type: integer 
	Parameter ADD_BUFMR bound to: 0 - type: bool 
INFO: [Synth 8-3491] module 'axi_dynclk' declared at 'c:/git_repos/hackster/Zybo_EV_Platform/block_compile.srcs/sources_1/bd/design_1/ipshared/9097/src/axi_dynclk.vhd:10' bound to instance 'U0' of component 'axi_dynclk' [c:/git_repos/hackster/Zybo_EV_Platform/block_compile.srcs/sources_1/bd/design_1/ip/design_1_axi_dynclk_0_0/synth/design_1_axi_dynclk_0_0.vhd:161]
INFO: [Synth 8-638] synthesizing module 'axi_dynclk' [c:/git_repos/hackster/Zybo_EV_Platform/block_compile.srcs/sources_1/bd/design_1/ipshared/9097/src/axi_dynclk.vhd:57]
	Parameter ADD_BUFMR bound to: 0 - type: bool 
	Parameter C_S00_AXI_DATA_WIDTH bound to: 32 - type: integer 
	Parameter C_S00_AXI_ADDR_WIDTH bound to: 5 - type: integer 
	Parameter C_S_AXI_DATA_WIDTH bound to: 32 - type: integer 
	Parameter C_S_AXI_ADDR_WIDTH bound to: 5 - type: integer 
INFO: [Synth 8-3491] module 'axi_dynclk_S00_AXI' declared at 'c:/git_repos/hackster/Zybo_EV_Platform/block_compile.srcs/sources_1/bd/design_1/ipshared/9097/src/axi_dynclk_S00_AXI.vhd:5' bound to instance 'axi_dynclk_S00_AXI_inst' of component 'axi_dynclk_S00_AXI' [c:/git_repos/hackster/Zybo_EV_Platform/block_compile.srcs/sources_1/bd/design_1/ipshared/9097/src/axi_dynclk.vhd:147]
INFO: [Synth 8-638] synthesizing module 'axi_dynclk_S00_AXI' [c:/git_repos/hackster/Zybo_EV_Platform/block_compile.srcs/sources_1/bd/design_1/ipshared/9097/src/axi_dynclk_S00_AXI.vhd:93]
	Parameter C_S_AXI_DATA_WIDTH bound to: 32 - type: integer 
	Parameter C_S_AXI_ADDR_WIDTH bound to: 5 - type: integer 
INFO: [Synth 8-226] default block is never used [c:/git_repos/hackster/Zybo_EV_Platform/block_compile.srcs/sources_1/bd/design_1/ipshared/9097/src/axi_dynclk_S00_AXI.vhd:399]
WARNING: [Synth 8-6014] Unused sequential element loc_addr_reg was removed.  [c:/git_repos/hackster/Zybo_EV_Platform/block_compile.srcs/sources_1/bd/design_1/ipshared/9097/src/axi_dynclk_S00_AXI.vhd:231]
INFO: [Synth 8-256] done synthesizing module 'axi_dynclk_S00_AXI' (1#1) [c:/git_repos/hackster/Zybo_EV_Platform/block_compile.srcs/sources_1/bd/design_1/ipshared/9097/src/axi_dynclk_S00_AXI.vhd:93]
INFO: [Synth 8-113] binding component instance 'BUFIO_inst' to cell 'BUFIO' [c:/git_repos/hackster/Zybo_EV_Platform/block_compile.srcs/sources_1/bd/design_1/ipshared/9097/src/axi_dynclk.vhd:198]
	Parameter BUFR_DIVIDE bound to: 5 - type: string 
	Parameter SIM_DEVICE bound to: 7SERIES - type: string 
INFO: [Synth 8-113] binding component instance 'BUFR_inst' to cell 'BUFR' [c:/git_repos/hackster/Zybo_EV_Platform/block_compile.srcs/sources_1/bd/design_1/ipshared/9097/src/axi_dynclk.vhd:204]
	Parameter DIV_F bound to: 2 - type: integer 
INFO: [Synth 8-3491] module 'mmcme2_drp' declared at 'c:/git_repos/hackster/Zybo_EV_Platform/block_compile.srcs/sources_1/bd/design_1/ipshared/9097/src/mmcme2_drp.v:50' bound to instance 'Inst_mmcme2_drp' of component 'mmcme2_drp' [c:/git_repos/hackster/Zybo_EV_Platform/block_compile.srcs/sources_1/bd/design_1/ipshared/9097/src/axi_dynclk.vhd:218]
INFO: [Synth 8-6157] synthesizing module 'mmcme2_drp' [c:/git_repos/hackster/Zybo_EV_Platform/block_compile.srcs/sources_1/bd/design_1/ipshared/9097/src/mmcme2_drp.v:50]
	Parameter DIV_F bound to: 2 - type: integer 
	Parameter TCQ bound to: 100 - type: integer 
	Parameter RESTART bound to: 4'b0001 
	Parameter WAIT_LOCK bound to: 4'b0010 
	Parameter WAIT_SEN bound to: 4'b0011 
	Parameter ADDRESS bound to: 4'b0100 
	Parameter WAIT_A_DRDY bound to: 4'b0101 
	Parameter BITMASK bound to: 4'b0110 
	Parameter BITSET bound to: 4'b0111 
	Parameter WRITE bound to: 4'b1000 
	Parameter WAIT_DRDY bound to: 4'b1001 
	Parameter STATE_COUNT_CONST bound to: 13 - type: integer 
INFO: [Synth 8-6157] synthesizing module 'MMCME2_ADV' [C:/Xilinx/Vivado/2019.2/scripts/rt/data/unisim_comp.v:39940]
	Parameter BANDWIDTH bound to: OPTIMIZED - type: string 
	Parameter CLKFBOUT_MULT_F bound to: 10.000000 - type: double 
	Parameter CLKFBOUT_PHASE bound to: 0.000000 - type: double 
	Parameter CLKFBOUT_USE_FINE_PS bound to: FALSE - type: string 
	Parameter CLKIN1_PERIOD bound to: 10.000000 - type: double 
	Parameter CLKIN2_PERIOD bound to: 0.000000 - type: double 
	Parameter CLKOUT0_DIVIDE_F bound to: 2.000000 - type: double 
	Parameter CLKOUT0_DUTY_CYCLE bound to: 0.500000 - type: double 
	Parameter CLKOUT0_PHASE bound to: 0.000000 - type: double 
	Parameter CLKOUT0_USE_FINE_PS bound to: FALSE - type: string 
	Parameter CLKOUT1_DIVIDE bound to: 1 - type: integer 
	Parameter CLKOUT1_DUTY_CYCLE bound to: 0.500000 - type: double 
	Parameter CLKOUT1_PHASE bound to: 0.000000 - type: double 
	Parameter CLKOUT1_USE_FINE_PS bound to: FALSE - type: string 
	Parameter CLKOUT2_DIVIDE bound to: 1 - type: integer 
	Parameter CLKOUT2_DUTY_CYCLE bound to: 0.500000 - type: double 
	Parameter CLKOUT2_PHASE bound to: 0.000000 - type: double 
	Parameter CLKOUT2_USE_FINE_PS bound to: FALSE - type: string 
	Parameter CLKOUT3_DIVIDE bound to: 1 - type: integer 
	Parameter CLKOUT3_DUTY_CYCLE bound to: 0.500000 - type: double 
	Parameter CLKOUT3_PHASE bound to: 0.000000 - type: double 
	Parameter CLKOUT3_USE_FINE_PS bound to: FALSE - type: string 
	Parameter CLKOUT4_CASCADE bound to: FALSE - type: string 
	Parameter CLKOUT4_DIVIDE bound to: 1 - type: integer 
	Parameter CLKOUT4_DUTY_CYCLE bound to: 0.500000 - type: double 
	Parameter CLKOUT4_PHASE bound to: 0.000000 - type: double 
	Parameter CLKOUT4_USE_FINE_PS bound to: FALSE - type: string 
	Parameter CLKOUT5_DIVIDE bound to: 1 - type: integer 
	Parameter CLKOUT5_DUTY_CYCLE bound to: 0.500000 - type: double 
	Parameter CLKOUT5_PHASE bound to: 0.000000 - type: double 
	Parameter CLKOUT5_USE_FINE_PS bound to: FALSE - type: string 
	Parameter CLKOUT6_DIVIDE bound to: 1 - type: integer 
	Parameter CLKOUT6_DUTY_CYCLE bound to: 0.500000 - type: double 
	Parameter CLKOUT6_PHASE bound to: 0.000000 - type: double 
	Parameter CLKOUT6_USE_FINE_PS bound to: FALSE - type: string 
	Parameter COMPENSATION bound to: ZHOLD - type: string 
	Parameter DIVCLK_DIVIDE bound to: 1 - type: integer 
	Parameter IS_CLKINSEL_INVERTED bound to: 1'b0 
	Parameter IS_PSEN_INVERTED bound to: 1'b0 
	Parameter IS_PSINCDEC_INVERTED bound to: 1'b0 
	Parameter IS_PWRDWN_INVERTED bound to: 1'b0 
	Parameter IS_RST_INVERTED bound to: 1'b0 
	Parameter REF_JITTER1 bound to: 0.010000 - type: double 
	Parameter REF_JITTER2 bound to: 0.010000 - type: double 
	Parameter SS_EN bound to: FALSE - type: string 
	Parameter SS_MODE bound to: CENTER_HIGH - type: string 
	Parameter SS_MOD_PERIOD bound to: 10000 - type: integer 
	Parameter STARTUP_WAIT bound to: FALSE - type: string 
INFO: [Synth 8-6155] done synthesizing module 'MMCME2_ADV' (2#1) [C:/Xilinx/Vivado/2019.2/scripts/rt/data/unisim_comp.v:39940]
INFO: [Synth 8-6155] done synthesizing module 'mmcme2_drp' (3#1) [c:/git_repos/hackster/Zybo_EV_Platform/block_compile.srcs/sources_1/bd/design_1/ipshared/9097/src/mmcme2_drp.v:50]
INFO: [Synth 8-256] done synthesizing module 'axi_dynclk' (4#1) [c:/git_repos/hackster/Zybo_EV_Platform/block_compile.srcs/sources_1/bd/design_1/ipshared/9097/src/axi_dynclk.vhd:57]
INFO: [Synth 8-256] done synthesizing module 'design_1_axi_dynclk_0_0' (5#1) [c:/git_repos/hackster/Zybo_EV_Platform/block_compile.srcs/sources_1/bd/design_1/ip/design_1_axi_dynclk_0_0/synth/design_1_axi_dynclk_0_0.vhd:86]
WARNING: [Synth 8-3331] design axi_dynclk_S00_AXI has unconnected port S_AXI_AWPROT[2]
WARNING: [Synth 8-3331] design axi_dynclk_S00_AXI has unconnected port S_AXI_AWPROT[1]
WARNING: [Synth 8-3331] design axi_dynclk_S00_AXI has unconnected port S_AXI_AWPROT[0]
WARNING: [Synth 8-3331] design axi_dynclk_S00_AXI has unconnected port S_AXI_ARPROT[2]
WARNING: [Synth 8-3331] design axi_dynclk_S00_AXI has unconnected port S_AXI_ARPROT[1]
WARNING: [Synth 8-3331] design axi_dynclk_S00_AXI has unconnected port S_AXI_ARPROT[0]
---------------------------------------------------------------------------------
Finished RTL Elaboration : Time (s): cpu = 00:00:10 ; elapsed = 00:00:10 . Memory (MB): peak = 1104.762 ; gain = 308.414
---------------------------------------------------------------------------------

Report Check Netlist: 
+------+------------------+-------+---------+-------+------------------+
|      |Item              |Errors |Warnings |Status |Description       |
+------+------------------+-------+---------+-------+------------------+
|1     |multi_driven_nets |      0|        0|Passed |Multi driven nets |
+------+------------------+-------+---------+-------+------------------+
---------------------------------------------------------------------------------
Start Handling Custom Attributes
---------------------------------------------------------------------------------
---------------------------------------------------------------------------------
Finished Handling Custom Attributes : Time (s): cpu = 00:00:11 ; elapsed = 00:00:11 . Memory (MB): peak = 1104.762 ; gain = 308.414
---------------------------------------------------------------------------------
---------------------------------------------------------------------------------
Finished RTL Optimization Phase 1 : Time (s): cpu = 00:00:11 ; elapsed = 00:00:11 . Memory (MB): peak = 1104.762 ; gain = 308.414
---------------------------------------------------------------------------------
Netlist sorting complete. Time (s): cpu = 00:00:00 ; elapsed = 00:00:00.023 . Memory (MB): peak = 1104.762 ; gain = 0.000
INFO: [Netlist 29-17] Analyzing 2 Unisim elements for replacement
INFO: [Netlist 29-28] Unisim Transformation completed in 0 CPU seconds
INFO: [Project 1-570] Preparing netlist for logic optimization

Processing XDC Constraints
Initializing timing engine
Completed Processing XDC Constraints

Netlist sorting complete. Time (s): cpu = 00:00:00 ; elapsed = 00:00:00 . Memory (MB): peak = 1180.375 ; gain = 0.000
INFO: [Project 1-111] Unisim Transformation Summary:
No Unisim elements were transformed.

WARNING: [Constraints 18-5210] No constraints selected for write.
Resolution: This message can indicate that there are no constraints for the design, or it can indicate that the used_in flags are set such that the constraints are ignored. This later case is used when running synth_design to not write synthesis constraints to the resulting checkpoint. Instead, project constraints are read when the synthesized design is opened.
Constraint Validation Runtime : Time (s): cpu = 00:00:00 ; elapsed = 00:00:00.097 . Memory (MB): peak = 1182.359 ; gain = 1.984
---------------------------------------------------------------------------------
Finished Constraint Validation : Time (s): cpu = 00:00:20 ; elapsed = 00:00:21 . Memory (MB): peak = 1182.359 ; gain = 386.012
---------------------------------------------------------------------------------
---------------------------------------------------------------------------------
Start Loading Part and Timing Information
---------------------------------------------------------------------------------
Loading part: xc7z020clg400-1
---------------------------------------------------------------------------------
Finished Loading Part and Timing Information : Time (s): cpu = 00:00:20 ; elapsed = 00:00:21 . Memory (MB): peak = 1182.359 ; gain = 386.012
---------------------------------------------------------------------------------
---------------------------------------------------------------------------------
Start Applying 'set_property' XDC Constraints
---------------------------------------------------------------------------------
---------------------------------------------------------------------------------
Finished applying 'set_property' XDC Constraints : Time (s): cpu = 00:00:20 ; elapsed = 00:00:21 . Memory (MB): peak = 1182.359 ; gain = 386.012
---------------------------------------------------------------------------------
INFO: [Synth 8-802] inferred FSM for state register 'current_state_reg' in module 'mmcme2_drp'
INFO: [Synth 8-5544] ROM "next_state_count" won't be mapped to Block RAM because address size (4) smaller than threshold (5)
INFO: [Synth 8-5544] ROM "next_di" won't be mapped to Block RAM because address size (4) smaller than threshold (5)
INFO: [Synth 8-5544] ROM "next_rst_mmcm" won't be mapped to Block RAM because address size (4) smaller than threshold (5)
INFO: [Synth 8-5544] ROM "next_den" won't be mapped to Block RAM because address size (4) smaller than threshold (5)
INFO: [Synth 8-5544] ROM "next_dwe" won't be mapped to Block RAM because address size (4) smaller than threshold (5)
INFO: [Synth 8-5544] ROM "next_daddr" won't be mapped to Block RAM because address size (4) smaller than threshold (5)
INFO: [Synth 8-802] inferred FSM for state register 'clk_state_reg' in module 'axi_dynclk'
INFO: [Synth 8-5544] ROM "clk_state" won't be mapped to Block RAM because address size (3) smaller than threshold (5)
---------------------------------------------------------------------------------------------------
                   State |                     New Encoding |                Previous Encoding 
---------------------------------------------------------------------------------------------------
                 RESTART |                        000000001 |                             0001
               WAIT_LOCK |                        000000010 |                             0010
                WAIT_SEN |                        000000100 |                             0011
                 ADDRESS |                        000001000 |                             0100
             WAIT_A_DRDY |                        000010000 |                             0101
                 BITMASK |                        000100000 |                             0110
                  BITSET |                        001000000 |                             0111
                   WRITE |                        010000000 |                             1000
               WAIT_DRDY |                        100000000 |                             1001
---------------------------------------------------------------------------------------------------
INFO: [Synth 8-3354] encoded FSM with state register 'current_state_reg' using encoding 'one-hot' in module 'mmcme2_drp'
---------------------------------------------------------------------------------------------------
                   State |                     New Encoding |                Previous Encoding 
---------------------------------------------------------------------------------------------------
                   reset |                            00001 |                              000
             wait_locked |                            00010 |                              001
                 wait_en |                            00100 |                              010
               wait_srdy |                            01000 |                              011
                 enabled |                            10000 |                              100
---------------------------------------------------------------------------------------------------
INFO: [Synth 8-3354] encoded FSM with state register 'clk_state_reg' using encoding 'one-hot' in module 'axi_dynclk'
---------------------------------------------------------------------------------
Finished RTL Optimization Phase 2 : Time (s): cpu = 00:00:21 ; elapsed = 00:00:21 . Memory (MB): peak = 1182.359 ; gain = 386.012
---------------------------------------------------------------------------------

Report RTL Partitions: 
+-+--------------+------------+----------+
| |RTL Partition |Replication |Instances |
+-+--------------+------------+----------+
+-+--------------+------------+----------+
---------------------------------------------------------------------------------
Start RTL Component Statistics 
---------------------------------------------------------------------------------
Detailed RTL Component Info : 
+---Adders : 
	   2 Input      4 Bit       Adders := 2     
+---Registers : 
	               39 Bit    Registers := 1     
	               32 Bit    Registers := 8     
	               16 Bit    Registers := 1     
	                7 Bit    Registers := 1     
	                5 Bit    Registers := 2     
	                4 Bit    Registers := 2     
	                2 Bit    Registers := 2     
	                1 Bit    Registers := 10    
+---Muxes : 
	   2 Input     32 Bit        Muxes := 7     
	   8 Input     32 Bit        Muxes := 7     
	   9 Input     16 Bit        Muxes := 1     
	   9 Input      9 Bit        Muxes := 1     
	   2 Input      9 Bit        Muxes := 5     
	   9 Input      7 Bit        Muxes := 1     
	   5 Input      5 Bit        Muxes := 1     
	   9 Input      4 Bit        Muxes := 2     
	   2 Input      1 Bit        Muxes := 5     
	   9 Input      1 Bit        Muxes := 8     
	   5 Input      1 Bit        Muxes := 1     
---------------------------------------------------------------------------------
Finished RTL Component Statistics 
---------------------------------------------------------------------------------
---------------------------------------------------------------------------------
Start RTL Hierarchical Component Statistics 
---------------------------------------------------------------------------------
Hierarchical RTL Component report 
Module axi_dynclk_S00_AXI 
Detailed RTL Component Info : 
+---Registers : 
	               32 Bit    Registers := 8     
	                5 Bit    Registers := 2     
	                2 Bit    Registers := 2     
	                1 Bit    Registers := 5     
+---Muxes : 
	   2 Input     32 Bit        Muxes := 7     
	   8 Input     32 Bit        Muxes := 7     
	   2 Input      1 Bit        Muxes := 4     
Module mmcme2_drp 
Detailed RTL Component Info : 
+---Adders : 
	   2 Input      4 Bit       Adders := 2     
+---Registers : 
	               39 Bit    Registers := 1     
	               16 Bit    Registers := 1     
	                7 Bit    Registers := 1     
	                4 Bit    Registers := 2     
	                1 Bit    Registers := 4     
+---Muxes : 
	   9 Input     16 Bit        Muxes := 1     
	   9 Input      9 Bit        Muxes := 1     
	   2 Input      9 Bit        Muxes := 5     
	   9 Input      7 Bit        Muxes := 1     
	   9 Input      4 Bit        Muxes := 2     
	   2 Input      1 Bit        Muxes := 1     
	   9 Input      1 Bit        Muxes := 8     
Module axi_dynclk 
Detailed RTL Component Info : 
+---Registers : 
	                1 Bit    Registers := 1     
+---Muxes : 
	   5 Input      5 Bit        Muxes := 1     
	   5 Input      1 Bit        Muxes := 1     
---------------------------------------------------------------------------------
Finished RTL Hierarchical Component Statistics
---------------------------------------------------------------------------------
---------------------------------------------------------------------------------
Start Part Resource Summary
---------------------------------------------------------------------------------
Part Resources:
DSPs: 220 (col length:60)
BRAMs: 280 (col length: RAMB18 60 RAMB36 30)
---------------------------------------------------------------------------------
Finished Part Resource Summary
---------------------------------------------------------------------------------
---------------------------------------------------------------------------------
Start Cross Boundary and Area Optimization
---------------------------------------------------------------------------------
Warning: Parallel synthesis criteria is not met 
WARNING: [Synth 8-3331] design design_1_axi_dynclk_0_0 has unconnected port s00_axi_awprot[2]
WARNING: [Synth 8-3331] design design_1_axi_dynclk_0_0 has unconnected port s00_axi_awprot[1]
WARNING: [Synth 8-3331] design design_1_axi_dynclk_0_0 has unconnected port s00_axi_awprot[0]
WARNING: [Synth 8-3331] design design_1_axi_dynclk_0_0 has unconnected port s00_axi_arprot[2]
WARNING: [Synth 8-3331] design design_1_axi_dynclk_0_0 has unconnected port s00_axi_arprot[1]
WARNING: [Synth 8-3331] design design_1_axi_dynclk_0_0 has unconnected port s00_axi_arprot[0]
INFO: [Synth 8-3886] merging instance 'U0/Inst_mmcme2_drp/rom_do_reg[16]' (FDR) to 'U0/Inst_mmcme2_drp/rom_do_reg[17]'
INFO: [Synth 8-3886] merging instance 'U0/Inst_mmcme2_drp/rom_do_reg[17]' (FDR) to 'U0/Inst_mmcme2_drp/rom_do_reg[18]'
INFO: [Synth 8-3886] merging instance 'U0/Inst_mmcme2_drp/rom_do_reg[18]' (FDR) to 'U0/Inst_mmcme2_drp/rom_do_reg[19]'
INFO: [Synth 8-3886] merging instance 'U0/Inst_mmcme2_drp/rom_do_reg[19]' (FDR) to 'U0/Inst_mmcme2_drp/rom_do_reg[21]'
INFO: [Synth 8-3886] merging instance 'U0/Inst_mmcme2_drp/rom_do_reg[20]' (FDR) to 'U0/Inst_mmcme2_drp/rom_do_reg[23]'
INFO: [Synth 8-3886] merging instance 'U0/Inst_mmcme2_drp/rom_do_reg[21]' (FDR) to 'U0/Inst_mmcme2_drp/rom_do_reg[22]'
INFO: [Synth 8-3886] merging instance 'U0/Inst_mmcme2_drp/rom_do_reg[22]' (FDR) to 'U0/Inst_mmcme2_drp/rom_do_reg[25]'
INFO: [Synth 8-3886] merging instance 'U0/Inst_mmcme2_drp/rom_do_reg[26]' (FDR) to 'U0/Inst_mmcme2_drp/rom_do_reg[29]'
INFO: [Synth 8-3886] merging instance 'U0/axi_dynclk_S00_AXI_inst/axi_rresp_reg[0]' (FDRE) to 'U0/axi_dynclk_S00_AXI_inst/axi_rresp_reg[1]'
INFO: [Synth 8-3333] propagating constant 0 across sequential element (\U0/axi_dynclk_S00_AXI_inst/axi_rresp_reg[1] )
INFO: [Synth 8-3886] merging instance 'U0/axi_dynclk_S00_AXI_inst/axi_bresp_reg[0]' (FDRE) to 'U0/axi_dynclk_S00_AXI_inst/axi_bresp_reg[1]'
INFO: [Synth 8-3333] propagating constant 0 across sequential element (\U0/axi_dynclk_S00_AXI_inst/axi_bresp_reg[1] )
---------------------------------------------------------------------------------
Finished Cross Boundary and Area Optimization : Time (s): cpu = 00:00:24 ; elapsed = 00:00:25 . Memory (MB): peak = 1182.359 ; gain = 386.012
---------------------------------------------------------------------------------

Report RTL Partitions: 
+-+--------------+------------+----------+
| |RTL Partition |Replication |Instances |
+-+--------------+------------+----------+
+-+--------------+------------+----------+
---------------------------------------------------------------------------------
Start Applying XDC Timing Constraints
---------------------------------------------------------------------------------
---------------------------------------------------------------------------------
Finished Applying XDC Timing Constraints : Time (s): cpu = 00:00:37 ; elapsed = 00:00:38 . Memory (MB): peak = 1182.359 ; gain = 386.012
---------------------------------------------------------------------------------
---------------------------------------------------------------------------------
Start Timing Optimization
---------------------------------------------------------------------------------
---------------------------------------------------------------------------------
Finished Timing Optimization : Time (s): cpu = 00:00:37 ; elapsed = 00:00:38 . Memory (MB): peak = 1182.359 ; gain = 386.012
---------------------------------------------------------------------------------

Report RTL Partitions: 
+-+--------------+------------+----------+
| |RTL Partition |Replication |Instances |
+-+--------------+------------+----------+
+-+--------------+------------+----------+
---------------------------------------------------------------------------------
Start Technology Mapping
---------------------------------------------------------------------------------
---------------------------------------------------------------------------------
Finished Technology Mapping : Time (s): cpu = 00:00:38 ; elapsed = 00:00:38 . Memory (MB): peak = 1201.945 ; gain = 405.598
---------------------------------------------------------------------------------

Report RTL Partitions: 
+-+--------------+------------+----------+
| |RTL Partition |Replication |Instances |
+-+--------------+------------+----------+
+-+--------------+------------+----------+
---------------------------------------------------------------------------------
Start IO Insertion
---------------------------------------------------------------------------------
---------------------------------------------------------------------------------
Start Flattening Before IO Insertion
---------------------------------------------------------------------------------
---------------------------------------------------------------------------------
Finished Flattening Before IO Insertion
---------------------------------------------------------------------------------
---------------------------------------------------------------------------------
Start Final Netlist Cleanup
---------------------------------------------------------------------------------
---------------------------------------------------------------------------------
Finished Final Netlist Cleanup
---------------------------------------------------------------------------------
---------------------------------------------------------------------------------
Finished IO Insertion : Time (s): cpu = 00:00:45 ; elapsed = 00:00:46 . Memory (MB): peak = 1207.738 ; gain = 411.391
---------------------------------------------------------------------------------
---------------------------------------------------------------------------------
Start Renaming Generated Instances
---------------------------------------------------------------------------------
---------------------------------------------------------------------------------
Finished Renaming Generated Instances : Time (s): cpu = 00:00:45 ; elapsed = 00:00:46 . Memory (MB): peak = 1207.738 ; gain = 411.391
---------------------------------------------------------------------------------

Report RTL Partitions: 
+-+--------------+------------+----------+
| |RTL Partition |Replication |Instances |
+-+--------------+------------+----------+
+-+--------------+------------+----------+

Report Check Netlist: 
+------+------------------+-------+---------+-------+------------------+
|      |Item              |Errors |Warnings |Status |Description       |
+------+------------------+-------+---------+-------+------------------+
|1     |multi_driven_nets |      0|        0|Passed |Multi driven nets |
+------+------------------+-------+---------+-------+------------------+
---------------------------------------------------------------------------------
Start Rebuilding User Hierarchy
---------------------------------------------------------------------------------
---------------------------------------------------------------------------------
Finished Rebuilding User Hierarchy : Time (s): cpu = 00:00:45 ; elapsed = 00:00:46 . Memory (MB): peak = 1207.738 ; gain = 411.391
---------------------------------------------------------------------------------
---------------------------------------------------------------------------------
Start Renaming Generated Ports
---------------------------------------------------------------------------------
---------------------------------------------------------------------------------
Finished Renaming Generated Ports : Time (s): cpu = 00:00:45 ; elapsed = 00:00:46 . Memory (MB): peak = 1207.738 ; gain = 411.391
---------------------------------------------------------------------------------
---------------------------------------------------------------------------------
Start Handling Custom Attributes
---------------------------------------------------------------------------------
---------------------------------------------------------------------------------
Finished Handling Custom Attributes : Time (s): cpu = 00:00:45 ; elapsed = 00:00:46 . Memory (MB): peak = 1207.738 ; gain = 411.391
---------------------------------------------------------------------------------
---------------------------------------------------------------------------------
Start Renaming Generated Nets
---------------------------------------------------------------------------------
---------------------------------------------------------------------------------
Finished Renaming Generated Nets : Time (s): cpu = 00:00:45 ; elapsed = 00:00:46 . Memory (MB): peak = 1207.738 ; gain = 411.391
---------------------------------------------------------------------------------
---------------------------------------------------------------------------------
Start Writing Synthesis Report
---------------------------------------------------------------------------------

Report BlackBoxes: 
+-+--------------+----------+
| |BlackBox name |Instances |
+-+--------------+----------+
+-+--------------+----------+

Report Cell Usage: 
+------+-----------+------+
|      |Cell       |Count |
+------+-----------+------+
|1     |BUFIO      |     1|
|2     |BUFR       |     1|
|3     |LUT1       |     3|
|4     |LUT2       |    10|
|5     |LUT3       |    10|
|6     |LUT4       |    41|
|7     |LUT5       |    97|
|8     |LUT6       |    70|
|9     |MMCME2_ADV |     1|
|10    |MUXF7      |    32|
|11    |FDRE       |   325|
|12    |FDSE       |    23|
+------+-----------+------+

Report Instance Areas: 
+------+----------------------------+-------------------+------+
|      |Instance                    |Module             |Cells |
+------+----------------------------+-------------------+------+
|1     |top                         |                   |   614|
|2     |  U0                        |axi_dynclk         |   614|
|3     |    Inst_mmcme2_drp         |mmcme2_drp         |   141|
|4     |    axi_dynclk_S00_AXI_inst |axi_dynclk_S00_AXI |   464|
+------+----------------------------+-------------------+------+
---------------------------------------------------------------------------------
Finished Writing Synthesis Report : Time (s): cpu = 00:00:45 ; elapsed = 00:00:46 . Memory (MB): peak = 1207.738 ; gain = 411.391
---------------------------------------------------------------------------------
Synthesis finished with 0 errors, 0 critical warnings and 6 warnings.
Synthesis Optimization Runtime : Time (s): cpu = 00:00:32 ; elapsed = 00:00:43 . Memory (MB): peak = 1207.738 ; gain = 333.793
Synthesis Optimization Complete : Time (s): cpu = 00:00:46 ; elapsed = 00:00:46 . Memory (MB): peak = 1207.738 ; gain = 411.391
INFO: [Project 1-571] Translating synthesized netlist
Netlist sorting complete. Time (s): cpu = 00:00:00 ; elapsed = 00:00:00.018 . Memory (MB): peak = 1207.738 ; gain = 0.000
INFO: [Netlist 29-17] Analyzing 34 Unisim elements for replacement
INFO: [Netlist 29-28] Unisim Transformation completed in 0 CPU seconds
INFO: [Project 1-570] Preparing netlist for logic optimization
INFO: [Opt 31-138] Pushed 0 inverter(s) to 0 load pin(s).
Netlist sorting complete. Time (s): cpu = 00:00:00 ; elapsed = 00:00:00.001 . Memory (MB): peak = 1228.473 ; gain = 0.000
INFO: [Project 1-111] Unisim Transformation Summary:
No Unisim elements were transformed.

INFO: [Common 17-83] Releasing license: Synthesis
55 Infos, 18 Warnings, 0 Critical Warnings and 0 Errors encountered.
synth_design completed successfully
synth_design: Time (s): cpu = 00:00:55 ; elapsed = 00:00:57 . Memory (MB): peak = 1228.473 ; gain = 728.613
Netlist sorting complete. Time (s): cpu = 00:00:00 ; elapsed = 00:00:00 . Memory (MB): peak = 1228.473 ; gain = 0.000
WARNING: [Constraints 18-5210] No constraints selected for write.
Resolution: This message can indicate that there are no constraints for the design, or it can indicate that the used_in flags are set such that the constraints are ignored. This later case is used when running synth_design to not write synthesis constraints to the resulting checkpoint. Instead, project constraints are read when the synthesized design is opened.
INFO: [Common 17-1381] The checkpoint 'C:/git_repos/hackster/Zybo_EV_Platform/block_compile.runs/design_1_axi_dynclk_0_0_synth_1/design_1_axi_dynclk_0_0.dcp' has been generated.
WARNING: [Common 17-576] 'use_project_ipc' is deprecated. This option is deprecated and no longer used.
INFO: [Coretcl 2-1648] Added synthesis output to IP cache for IP design_1_axi_dynclk_0_0, cache-ID = fe922626d852defd
INFO: [Coretcl 2-1174] Renamed 3 cell refs.
Netlist sorting complete. Time (s): cpu = 00:00:00 ; elapsed = 00:00:00 . Memory (MB): peak = 1228.473 ; gain = 0.000
WARNING: [Constraints 18-5210] No constraints selected for write.
Resolution: This message can indicate that there are no constraints for the design, or it can indicate that the used_in flags are set such that the constraints are ignored. This later case is used when running synth_design to not write synthesis constraints to the resulting checkpoint. Instead, project constraints are read when the synthesized design is opened.
INFO: [Common 17-1381] The checkpoint 'C:/git_repos/hackster/Zybo_EV_Platform/block_compile.runs/design_1_axi_dynclk_0_0_synth_1/design_1_axi_dynclk_0_0.dcp' has been generated.
INFO: [runtcl-4] Executing : report_utilization -file design_1_axi_dynclk_0_0_utilization_synth.rpt -pb design_1_axi_dynclk_0_0_utilization_synth.pb
INFO: [Common 17-206] Exiting Vivado at Sun Dec  8 17:40:05 2019...
