
*** Running vivado
    with args -log design_1_axi_intc_0_0.vds -m64 -product Vivado -mode batch -messageDb vivado.pb -notrace -source design_1_axi_intc_0_0.tcl

WARNING: Ignoring invalid XILINX_PATH location C:\Xilinx\Vivado\2017.4\patches\AR70530\vivado.
Resolution: An invalid XILINX_PATH location has been detected. To resolve this issue:

1. Verify the value of XILINX_PATH is accurate by viewing the value the variable via 'set XILINX_PATH' for Windows or 'echo $XILINX_PATH' for Linux, and update it as needed.

2. To unset the variable using on Windows using 'set XILINX_PATH=' or remove it from Advanced System Settings\Environment Variables. On Linux 'unsetenv XILINX_PATH'


****** Vivado v2018.2 (64-bit)
  **** SW Build 2258646 on Thu Jun 14 20:03:12 MDT 2018
  **** IP Build 2256618 on Thu Jun 14 22:10:49 MDT 2018
    ** Copyright 1986-2018 Xilinx, Inc. All Rights Reserved.

WARNING: [Common 17-1271] The MYVIVADO environment variable specifies an invalid location 'C:\Xilinx\Vivado\2017.4\patches\AR70530\vivado'
source design_1_axi_intc_0_0.tcl -notrace
Command: synth_design -top design_1_axi_intc_0_0 -part xc7s50csga324-1 -mode out_of_context
Starting synth_design
Attempting to get a license for feature 'Synthesis' and/or device 'xc7s50'
INFO: [Common 17-349] Got license for feature 'Synthesis' and/or device 'xc7s50'
INFO: Launching helper process for spawning children vivado processes
INFO: Helper process launched with PID 9856 
---------------------------------------------------------------------------------
Starting RTL Elaboration : Time (s): cpu = 00:00:04 ; elapsed = 00:00:07 . Memory (MB): peak = 475.699 ; gain = 102.125
---------------------------------------------------------------------------------
INFO: [Synth 8-638] synthesizing module 'design_1_axi_intc_0_0' [c:/hdl_projects/s7_tdm114/s7_tdm114.srcs/sources_1/bd/design_1/ip/design_1_axi_intc_0_0/synth/design_1_axi_intc_0_0.vhd:85]
	Parameter C_FAMILY bound to: spartan7 - type: string 
	Parameter C_INSTANCE bound to: design_1_axi_intc_0_0 - type: string 
	Parameter C_S_AXI_ADDR_WIDTH bound to: 9 - type: integer 
	Parameter C_S_AXI_DATA_WIDTH bound to: 32 - type: integer 
	Parameter C_NUM_INTR_INPUTS bound to: 1 - type: integer 
	Parameter C_NUM_SW_INTR bound to: 0 - type: integer 
	Parameter C_KIND_OF_INTR bound to: 32'b11111111111111111111111111111110 
	Parameter C_KIND_OF_EDGE bound to: 32'b11111111111111111111111111111111 
	Parameter C_KIND_OF_LVL bound to: 32'b11111111111111111111111111111111 
	Parameter C_ASYNC_INTR bound to: 32'b11111111111111111111111111111110 
	Parameter C_NUM_SYNC_FF bound to: 2 - type: integer 
	Parameter C_IVAR_RESET_VALUE bound to: 32'b00000000000000000000000000010000 
	Parameter C_ENABLE_ASYNC bound to: 0 - type: integer 
	Parameter C_HAS_IPR bound to: 1 - type: integer 
	Parameter C_HAS_SIE bound to: 1 - type: integer 
	Parameter C_HAS_CIE bound to: 1 - type: integer 
	Parameter C_HAS_IVR bound to: 1 - type: integer 
	Parameter C_HAS_ILR bound to: 0 - type: integer 
	Parameter C_IRQ_IS_LEVEL bound to: 1 - type: integer 
	Parameter C_IRQ_ACTIVE bound to: 1'b1 
	Parameter C_DISABLE_SYNCHRONIZERS bound to: 0 - type: integer 
	Parameter C_MB_CLK_NOT_CONNECTED bound to: 1 - type: integer 
	Parameter C_HAS_FAST bound to: 0 - type: integer 
	Parameter C_EN_CASCADE_MODE bound to: 0 - type: integer 
	Parameter C_CASCADE_MASTER bound to: 0 - type: integer 
INFO: [Synth 8-3491] module 'axi_intc' declared at 'c:/hdl_projects/s7_tdm114/s7_tdm114.srcs/sources_1/bd/design_1/ipshared/2fec/hdl/axi_intc_v4_1_vh_rfs.vhd:3658' bound to instance 'U0' of component 'axi_intc' [c:/hdl_projects/s7_tdm114/s7_tdm114.srcs/sources_1/bd/design_1/ip/design_1_axi_intc_0_0/synth/design_1_axi_intc_0_0.vhd:184]
INFO: [Synth 8-638] synthesizing module 'axi_intc' [c:/hdl_projects/s7_tdm114/s7_tdm114.srcs/sources_1/bd/design_1/ipshared/2fec/hdl/axi_intc_v4_1_vh_rfs.vhd:3776]
	Parameter C_FAMILY bound to: spartan7 - type: string 
	Parameter C_INSTANCE bound to: design_1_axi_intc_0_0 - type: string 
	Parameter C_S_AXI_ADDR_WIDTH bound to: 9 - type: integer 
	Parameter C_S_AXI_DATA_WIDTH bound to: 32 - type: integer 
	Parameter C_NUM_INTR_INPUTS bound to: 1 - type: integer 
	Parameter C_NUM_SW_INTR bound to: 0 - type: integer 
	Parameter C_KIND_OF_INTR bound to: -2 - type: integer 
	Parameter C_KIND_OF_EDGE bound to: -1 - type: integer 
	Parameter C_KIND_OF_LVL bound to: -1 - type: integer 
	Parameter C_ASYNC_INTR bound to: -2 - type: integer 
	Parameter C_NUM_SYNC_FF bound to: 2 - type: integer 
	Parameter C_IVAR_RESET_VALUE bound to: 16 - type: integer 
	Parameter C_HAS_IPR bound to: 1 - type: integer 
	Parameter C_HAS_SIE bound to: 1 - type: integer 
	Parameter C_HAS_CIE bound to: 1 - type: integer 
	Parameter C_HAS_IVR bound to: 1 - type: integer 
	Parameter C_HAS_ILR bound to: 0 - type: integer 
	Parameter C_IRQ_IS_LEVEL bound to: 1 - type: integer 
	Parameter C_IRQ_ACTIVE bound to: 1'b1 
	Parameter C_DISABLE_SYNCHRONIZERS bound to: 0 - type: integer 
	Parameter C_MB_CLK_NOT_CONNECTED bound to: 1 - type: integer 
	Parameter C_HAS_FAST bound to: 0 - type: integer 
	Parameter C_ENABLE_ASYNC bound to: 0 - type: integer 
	Parameter C_EN_CASCADE_MODE bound to: 0 - type: integer 
	Parameter C_CASCADE_MASTER bound to: 0 - type: integer 
INFO: [Synth 8-5534] Detected attribute (* max_fanout = "10000" *) [c:/hdl_projects/s7_tdm114/s7_tdm114.srcs/sources_1/bd/design_1/ipshared/2fec/hdl/axi_intc_v4_1_vh_rfs.vhd:3703]
INFO: [Synth 8-5534] Detected attribute (* max_fanout = "10000" *) [c:/hdl_projects/s7_tdm114/s7_tdm114.srcs/sources_1/bd/design_1/ipshared/2fec/hdl/axi_intc_v4_1_vh_rfs.vhd:3704]
INFO: [Synth 8-638] synthesizing module 'intc_core' [c:/hdl_projects/s7_tdm114/s7_tdm114.srcs/sources_1/bd/design_1/ipshared/2fec/hdl/axi_intc_v4_1_vh_rfs.vhd:782]
	Parameter C_FAMILY bound to: spartan7 - type: string 
	Parameter C_DWIDTH bound to: 32 - type: integer 
	Parameter C_NUM_INTR_INPUTS bound to: 1 - type: integer 
	Parameter C_NUM_SW_INTR bound to: 0 - type: integer 
	Parameter C_KIND_OF_INTR bound to: -2 - type: integer 
	Parameter C_KIND_OF_EDGE bound to: -1 - type: integer 
	Parameter C_KIND_OF_LVL bound to: -1 - type: integer 
	Parameter C_ASYNC_INTR bound to: -2 - type: integer 
	Parameter C_NUM_SYNC_FF bound to: 2 - type: integer 
	Parameter C_HAS_IPR bound to: 1 - type: integer 
	Parameter C_HAS_SIE bound to: 1 - type: integer 
	Parameter C_HAS_CIE bound to: 1 - type: integer 
	Parameter C_HAS_IVR bound to: 1 - type: integer 
	Parameter C_HAS_ILR bound to: 0 - type: integer 
	Parameter C_IRQ_IS_LEVEL bound to: 1 - type: integer 
	Parameter C_IRQ_ACTIVE bound to: 1'b1 
	Parameter C_DISABLE_SYNCHRONIZERS bound to: 0 - type: integer 
	Parameter C_MB_CLK_NOT_CONNECTED bound to: 1 - type: integer 
	Parameter C_HAS_FAST bound to: 0 - type: integer 
	Parameter C_IVAR_RESET_VALUE bound to: 16 - type: integer 
	Parameter C_EN_CASCADE_MODE bound to: 0 - type: integer 
	Parameter C_CASCADE_MASTER bound to: 0 - type: integer 
INFO: [Synth 8-5534] Detected attribute (* buffer_type = "none" *) [c:/hdl_projects/s7_tdm114/s7_tdm114.srcs/sources_1/bd/design_1/ipshared/2fec/hdl/axi_intc_v4_1_vh_rfs.vhd:752]
WARNING: [Synth 8-6014] Unused sequential element ack_or_reg was removed.  [c:/hdl_projects/s7_tdm114/s7_tdm114.srcs/sources_1/bd/design_1/ipshared/2fec/hdl/axi_intc_v4_1_vh_rfs.vhd:2858]
WARNING: [Synth 8-6426] Mix of Sync and Async assignments to register 'ivr_out_reg' in module 'intc_core' in the same process may cause logic issues. 
 Please split the sync and async parts into different processes [c:/hdl_projects/s7_tdm114/s7_tdm114.srcs/sources_1/bd/design_1/ipshared/2fec/hdl/axi_intc_v4_1_vh_rfs.vhd:1899]
INFO: [Synth 8-256] done synthesizing module 'intc_core' (1#1) [c:/hdl_projects/s7_tdm114/s7_tdm114.srcs/sources_1/bd/design_1/ipshared/2fec/hdl/axi_intc_v4_1_vh_rfs.vhd:782]
INFO: [Synth 8-638] synthesizing module 'axi_lite_ipif' [c:/hdl_projects/s7_tdm114/s7_tdm114.srcs/sources_1/bd/design_1/ipshared/cced/hdl/axi_lite_ipif_v3_0_vh_rfs.vhd:2948]
	Parameter C_S_AXI_DATA_WIDTH bound to: 32 - type: integer 
	Parameter C_S_AXI_ADDR_WIDTH bound to: 9 - type: integer 
	Parameter C_S_AXI_MIN_SIZE bound to: 32'b00000000000000000000000101111111 
	Parameter C_USE_WSTRB bound to: 1 - type: integer 
	Parameter C_DPHASE_TIMEOUT bound to: 8 - type: integer 
	Parameter C_ARD_ADDR_RANGE_ARRAY bound to: 256'b0000000000000000000000000000000000000000000000000000000000000000000000000000000000000000000000000000000000000000000000000011111100000000000000000000000000000000000000000000000000000001000000000000000000000000000000000000000000000000000000000000000101111111 
	Parameter C_ARD_NUM_CE_ARRAY bound to: 64'b0000000000000000000000000001000000000000000000000000000000000001 
	Parameter C_FAMILY bound to: spartan7 - type: string 
INFO: [Synth 8-638] synthesizing module 'slave_attachment' [c:/hdl_projects/s7_tdm114/s7_tdm114.srcs/sources_1/bd/design_1/ipshared/cced/hdl/axi_lite_ipif_v3_0_vh_rfs.vhd:2341]
	Parameter C_ARD_ADDR_RANGE_ARRAY bound to: 256'b0000000000000000000000000000000000000000000000000000000000000000000000000000000000000000000000000000000000000000000000000011111100000000000000000000000000000000000000000000000000000001000000000000000000000000000000000000000000000000000000000000000101111111 
	Parameter C_ARD_NUM_CE_ARRAY bound to: 64'b0000000000000000000000000001000000000000000000000000000000000001 
	Parameter C_IPIF_ABUS_WIDTH bound to: 9 - type: integer 
	Parameter C_IPIF_DBUS_WIDTH bound to: 32 - type: integer 
	Parameter C_S_AXI_MIN_SIZE bound to: 383 - type: integer 
	Parameter C_USE_WSTRB bound to: 1 - type: integer 
	Parameter C_DPHASE_TIMEOUT bound to: 8 - type: integer 
	Parameter C_FAMILY bound to: spartan7 - type: string 
INFO: [Synth 8-638] synthesizing module 'address_decoder' [c:/hdl_projects/s7_tdm114/s7_tdm114.srcs/sources_1/bd/design_1/ipshared/cced/hdl/axi_lite_ipif_v3_0_vh_rfs.vhd:1775]
	Parameter C_BUS_AWIDTH bound to: 9 - type: integer 
	Parameter C_S_AXI_MIN_SIZE bound to: 383 - type: integer 
	Parameter C_ARD_ADDR_RANGE_ARRAY bound to: 256'b0000000000000000000000000000000000000000000000000000000000000000000000000000000000000000000000000000000000000000000000000011111100000000000000000000000000000000000000000000000000000001000000000000000000000000000000000000000000000000000000000000000101111111 
	Parameter C_ARD_NUM_CE_ARRAY bound to: 64'b0000000000000000000000000001000000000000000000000000000000000001 
	Parameter C_FAMILY bound to: nofamily - type: string 
INFO: [Synth 8-638] synthesizing module 'pselect_f' [c:/hdl_projects/s7_tdm114/s7_tdm114.srcs/sources_1/bd/design_1/ipshared/cced/hdl/axi_lite_ipif_v3_0_vh_rfs.vhd:1534]
	Parameter C_AB bound to: 3 - type: integer 
	Parameter C_AW bound to: 9 - type: integer 
	Parameter C_BAR bound to: 9'b000000000 
	Parameter C_FAMILY bound to: nofamily - type: string 
INFO: [Synth 8-256] done synthesizing module 'pselect_f' (2#1) [c:/hdl_projects/s7_tdm114/s7_tdm114.srcs/sources_1/bd/design_1/ipshared/cced/hdl/axi_lite_ipif_v3_0_vh_rfs.vhd:1534]
INFO: [Synth 8-638] synthesizing module 'pselect_f__parameterized0' [c:/hdl_projects/s7_tdm114/s7_tdm114.srcs/sources_1/bd/design_1/ipshared/cced/hdl/axi_lite_ipif_v3_0_vh_rfs.vhd:1534]
	Parameter C_AB bound to: 4 - type: integer 
	Parameter C_AW bound to: 4 - type: integer 
	Parameter C_BAR bound to: 4'b0000 
	Parameter C_FAMILY bound to: nofamily - type: string 
INFO: [Synth 8-256] done synthesizing module 'pselect_f__parameterized0' (2#1) [c:/hdl_projects/s7_tdm114/s7_tdm114.srcs/sources_1/bd/design_1/ipshared/cced/hdl/axi_lite_ipif_v3_0_vh_rfs.vhd:1534]
INFO: [Synth 8-638] synthesizing module 'pselect_f__parameterized1' [c:/hdl_projects/s7_tdm114/s7_tdm114.srcs/sources_1/bd/design_1/ipshared/cced/hdl/axi_lite_ipif_v3_0_vh_rfs.vhd:1534]
	Parameter C_AB bound to: 4 - type: integer 
	Parameter C_AW bound to: 4 - type: integer 
	Parameter C_BAR bound to: 4'b0001 
	Parameter C_FAMILY bound to: nofamily - type: string 
INFO: [Synth 8-256] done synthesizing module 'pselect_f__parameterized1' (2#1) [c:/hdl_projects/s7_tdm114/s7_tdm114.srcs/sources_1/bd/design_1/ipshared/cced/hdl/axi_lite_ipif_v3_0_vh_rfs.vhd:1534]
INFO: [Synth 8-638] synthesizing module 'pselect_f__parameterized2' [c:/hdl_projects/s7_tdm114/s7_tdm114.srcs/sources_1/bd/design_1/ipshared/cced/hdl/axi_lite_ipif_v3_0_vh_rfs.vhd:1534]
	Parameter C_AB bound to: 4 - type: integer 
	Parameter C_AW bound to: 4 - type: integer 
	Parameter C_BAR bound to: 4'b0010 
	Parameter C_FAMILY bound to: nofamily - type: string 
INFO: [Synth 8-256] done synthesizing module 'pselect_f__parameterized2' (2#1) [c:/hdl_projects/s7_tdm114/s7_tdm114.srcs/sources_1/bd/design_1/ipshared/cced/hdl/axi_lite_ipif_v3_0_vh_rfs.vhd:1534]
INFO: [Synth 8-638] synthesizing module 'pselect_f__parameterized3' [c:/hdl_projects/s7_tdm114/s7_tdm114.srcs/sources_1/bd/design_1/ipshared/cced/hdl/axi_lite_ipif_v3_0_vh_rfs.vhd:1534]
	Parameter C_AB bound to: 4 - type: integer 
	Parameter C_AW bound to: 4 - type: integer 
	Parameter C_BAR bound to: 4'b0011 
	Parameter C_FAMILY bound to: nofamily - type: string 
INFO: [Synth 8-256] done synthesizing module 'pselect_f__parameterized3' (2#1) [c:/hdl_projects/s7_tdm114/s7_tdm114.srcs/sources_1/bd/design_1/ipshared/cced/hdl/axi_lite_ipif_v3_0_vh_rfs.vhd:1534]
INFO: [Synth 8-638] synthesizing module 'pselect_f__parameterized4' [c:/hdl_projects/s7_tdm114/s7_tdm114.srcs/sources_1/bd/design_1/ipshared/cced/hdl/axi_lite_ipif_v3_0_vh_rfs.vhd:1534]
	Parameter C_AB bound to: 4 - type: integer 
	Parameter C_AW bound to: 4 - type: integer 
	Parameter C_BAR bound to: 4'b0100 
	Parameter C_FAMILY bound to: nofamily - type: string 
INFO: [Synth 8-256] done synthesizing module 'pselect_f__parameterized4' (2#1) [c:/hdl_projects/s7_tdm114/s7_tdm114.srcs/sources_1/bd/design_1/ipshared/cced/hdl/axi_lite_ipif_v3_0_vh_rfs.vhd:1534]
INFO: [Synth 8-638] synthesizing module 'pselect_f__parameterized5' [c:/hdl_projects/s7_tdm114/s7_tdm114.srcs/sources_1/bd/design_1/ipshared/cced/hdl/axi_lite_ipif_v3_0_vh_rfs.vhd:1534]
	Parameter C_AB bound to: 4 - type: integer 
	Parameter C_AW bound to: 4 - type: integer 
	Parameter C_BAR bound to: 4'b0101 
	Parameter C_FAMILY bound to: nofamily - type: string 
INFO: [Synth 8-256] done synthesizing module 'pselect_f__parameterized5' (2#1) [c:/hdl_projects/s7_tdm114/s7_tdm114.srcs/sources_1/bd/design_1/ipshared/cced/hdl/axi_lite_ipif_v3_0_vh_rfs.vhd:1534]
INFO: [Synth 8-638] synthesizing module 'pselect_f__parameterized6' [c:/hdl_projects/s7_tdm114/s7_tdm114.srcs/sources_1/bd/design_1/ipshared/cced/hdl/axi_lite_ipif_v3_0_vh_rfs.vhd:1534]
	Parameter C_AB bound to: 4 - type: integer 
	Parameter C_AW bound to: 4 - type: integer 
	Parameter C_BAR bound to: 4'b0110 
	Parameter C_FAMILY bound to: nofamily - type: string 
INFO: [Synth 8-256] done synthesizing module 'pselect_f__parameterized6' (2#1) [c:/hdl_projects/s7_tdm114/s7_tdm114.srcs/sources_1/bd/design_1/ipshared/cced/hdl/axi_lite_ipif_v3_0_vh_rfs.vhd:1534]
INFO: [Synth 8-638] synthesizing module 'pselect_f__parameterized7' [c:/hdl_projects/s7_tdm114/s7_tdm114.srcs/sources_1/bd/design_1/ipshared/cced/hdl/axi_lite_ipif_v3_0_vh_rfs.vhd:1534]
	Parameter C_AB bound to: 4 - type: integer 
	Parameter C_AW bound to: 4 - type: integer 
	Parameter C_BAR bound to: 4'b0111 
	Parameter C_FAMILY bound to: nofamily - type: string 
INFO: [Synth 8-256] done synthesizing module 'pselect_f__parameterized7' (2#1) [c:/hdl_projects/s7_tdm114/s7_tdm114.srcs/sources_1/bd/design_1/ipshared/cced/hdl/axi_lite_ipif_v3_0_vh_rfs.vhd:1534]
INFO: [Synth 8-638] synthesizing module 'pselect_f__parameterized8' [c:/hdl_projects/s7_tdm114/s7_tdm114.srcs/sources_1/bd/design_1/ipshared/cced/hdl/axi_lite_ipif_v3_0_vh_rfs.vhd:1534]
	Parameter C_AB bound to: 4 - type: integer 
	Parameter C_AW bound to: 4 - type: integer 
	Parameter C_BAR bound to: 4'b1000 
	Parameter C_FAMILY bound to: nofamily - type: string 
INFO: [Synth 8-256] done synthesizing module 'pselect_f__parameterized8' (2#1) [c:/hdl_projects/s7_tdm114/s7_tdm114.srcs/sources_1/bd/design_1/ipshared/cced/hdl/axi_lite_ipif_v3_0_vh_rfs.vhd:1534]
INFO: [Synth 8-638] synthesizing module 'pselect_f__parameterized9' [c:/hdl_projects/s7_tdm114/s7_tdm114.srcs/sources_1/bd/design_1/ipshared/cced/hdl/axi_lite_ipif_v3_0_vh_rfs.vhd:1534]
	Parameter C_AB bound to: 4 - type: integer 
	Parameter C_AW bound to: 4 - type: integer 
	Parameter C_BAR bound to: 4'b1001 
	Parameter C_FAMILY bound to: nofamily - type: string 
INFO: [Synth 8-256] done synthesizing module 'pselect_f__parameterized9' (2#1) [c:/hdl_projects/s7_tdm114/s7_tdm114.srcs/sources_1/bd/design_1/ipshared/cced/hdl/axi_lite_ipif_v3_0_vh_rfs.vhd:1534]
INFO: [Synth 8-638] synthesizing module 'pselect_f__parameterized10' [c:/hdl_projects/s7_tdm114/s7_tdm114.srcs/sources_1/bd/design_1/ipshared/cced/hdl/axi_lite_ipif_v3_0_vh_rfs.vhd:1534]
	Parameter C_AB bound to: 4 - type: integer 
	Parameter C_AW bound to: 4 - type: integer 
	Parameter C_BAR bound to: 4'b1010 
	Parameter C_FAMILY bound to: nofamily - type: string 
INFO: [Synth 8-256] done synthesizing module 'pselect_f__parameterized10' (2#1) [c:/hdl_projects/s7_tdm114/s7_tdm114.srcs/sources_1/bd/design_1/ipshared/cced/hdl/axi_lite_ipif_v3_0_vh_rfs.vhd:1534]
INFO: [Synth 8-638] synthesizing module 'pselect_f__parameterized11' [c:/hdl_projects/s7_tdm114/s7_tdm114.srcs/sources_1/bd/design_1/ipshared/cced/hdl/axi_lite_ipif_v3_0_vh_rfs.vhd:1534]
	Parameter C_AB bound to: 4 - type: integer 
	Parameter C_AW bound to: 4 - type: integer 
	Parameter C_BAR bound to: 4'b1011 
	Parameter C_FAMILY bound to: nofamily - type: string 
INFO: [Synth 8-256] done synthesizing module 'pselect_f__parameterized11' (2#1) [c:/hdl_projects/s7_tdm114/s7_tdm114.srcs/sources_1/bd/design_1/ipshared/cced/hdl/axi_lite_ipif_v3_0_vh_rfs.vhd:1534]
INFO: [Synth 8-638] synthesizing module 'pselect_f__parameterized12' [c:/hdl_projects/s7_tdm114/s7_tdm114.srcs/sources_1/bd/design_1/ipshared/cced/hdl/axi_lite_ipif_v3_0_vh_rfs.vhd:1534]
	Parameter C_AB bound to: 4 - type: integer 
	Parameter C_AW bound to: 4 - type: integer 
	Parameter C_BAR bound to: 4'b1100 
	Parameter C_FAMILY bound to: nofamily - type: string 
INFO: [Synth 8-256] done synthesizing module 'pselect_f__parameterized12' (2#1) [c:/hdl_projects/s7_tdm114/s7_tdm114.srcs/sources_1/bd/design_1/ipshared/cced/hdl/axi_lite_ipif_v3_0_vh_rfs.vhd:1534]
INFO: [Synth 8-638] synthesizing module 'pselect_f__parameterized13' [c:/hdl_projects/s7_tdm114/s7_tdm114.srcs/sources_1/bd/design_1/ipshared/cced/hdl/axi_lite_ipif_v3_0_vh_rfs.vhd:1534]
	Parameter C_AB bound to: 4 - type: integer 
	Parameter C_AW bound to: 4 - type: integer 
	Parameter C_BAR bound to: 4'b1101 
	Parameter C_FAMILY bound to: nofamily - type: string 
INFO: [Synth 8-256] done synthesizing module 'pselect_f__parameterized13' (2#1) [c:/hdl_projects/s7_tdm114/s7_tdm114.srcs/sources_1/bd/design_1/ipshared/cced/hdl/axi_lite_ipif_v3_0_vh_rfs.vhd:1534]
INFO: [Synth 8-638] synthesizing module 'pselect_f__parameterized14' [c:/hdl_projects/s7_tdm114/s7_tdm114.srcs/sources_1/bd/design_1/ipshared/cced/hdl/axi_lite_ipif_v3_0_vh_rfs.vhd:1534]
	Parameter C_AB bound to: 4 - type: integer 
	Parameter C_AW bound to: 4 - type: integer 
	Parameter C_BAR bound to: 4'b1110 
	Parameter C_FAMILY bound to: nofamily - type: string 
INFO: [Synth 8-256] done synthesizing module 'pselect_f__parameterized14' (2#1) [c:/hdl_projects/s7_tdm114/s7_tdm114.srcs/sources_1/bd/design_1/ipshared/cced/hdl/axi_lite_ipif_v3_0_vh_rfs.vhd:1534]
INFO: [Synth 8-638] synthesizing module 'pselect_f__parameterized15' [c:/hdl_projects/s7_tdm114/s7_tdm114.srcs/sources_1/bd/design_1/ipshared/cced/hdl/axi_lite_ipif_v3_0_vh_rfs.vhd:1534]
	Parameter C_AB bound to: 4 - type: integer 
	Parameter C_AW bound to: 4 - type: integer 
	Parameter C_BAR bound to: 4'b1111 
	Parameter C_FAMILY bound to: nofamily - type: string 
INFO: [Synth 8-256] done synthesizing module 'pselect_f__parameterized15' (2#1) [c:/hdl_projects/s7_tdm114/s7_tdm114.srcs/sources_1/bd/design_1/ipshared/cced/hdl/axi_lite_ipif_v3_0_vh_rfs.vhd:1534]
INFO: [Synth 8-638] synthesizing module 'pselect_f__parameterized16' [c:/hdl_projects/s7_tdm114/s7_tdm114.srcs/sources_1/bd/design_1/ipshared/cced/hdl/axi_lite_ipif_v3_0_vh_rfs.vhd:1534]
	Parameter C_AB bound to: 2 - type: integer 
	Parameter C_AW bound to: 9 - type: integer 
	Parameter C_BAR bound to: 9'b100000000 
	Parameter C_FAMILY bound to: nofamily - type: string 
INFO: [Synth 8-256] done synthesizing module 'pselect_f__parameterized16' (2#1) [c:/hdl_projects/s7_tdm114/s7_tdm114.srcs/sources_1/bd/design_1/ipshared/cced/hdl/axi_lite_ipif_v3_0_vh_rfs.vhd:1534]
INFO: [Synth 8-256] done synthesizing module 'address_decoder' (3#1) [c:/hdl_projects/s7_tdm114/s7_tdm114.srcs/sources_1/bd/design_1/ipshared/cced/hdl/axi_lite_ipif_v3_0_vh_rfs.vhd:1775]
INFO: [Synth 8-226] default block is never used [c:/hdl_projects/s7_tdm114/s7_tdm114.srcs/sources_1/bd/design_1/ipshared/cced/hdl/axi_lite_ipif_v3_0_vh_rfs.vhd:2550]
INFO: [Synth 8-256] done synthesizing module 'slave_attachment' (4#1) [c:/hdl_projects/s7_tdm114/s7_tdm114.srcs/sources_1/bd/design_1/ipshared/cced/hdl/axi_lite_ipif_v3_0_vh_rfs.vhd:2341]
INFO: [Synth 8-256] done synthesizing module 'axi_lite_ipif' (5#1) [c:/hdl_projects/s7_tdm114/s7_tdm114.srcs/sources_1/bd/design_1/ipshared/cced/hdl/axi_lite_ipif_v3_0_vh_rfs.vhd:2948]
INFO: [Synth 8-256] done synthesizing module 'axi_intc' (6#1) [c:/hdl_projects/s7_tdm114/s7_tdm114.srcs/sources_1/bd/design_1/ipshared/2fec/hdl/axi_intc_v4_1_vh_rfs.vhd:3776]
INFO: [Synth 8-256] done synthesizing module 'design_1_axi_intc_0_0' (7#1) [c:/hdl_projects/s7_tdm114/s7_tdm114.srcs/sources_1/bd/design_1/ip/design_1_axi_intc_0_0/synth/design_1_axi_intc_0_0.vhd:85]
WARNING: [Synth 8-3331] design pselect_f__parameterized16 has unconnected port A[2]
WARNING: [Synth 8-3331] design pselect_f__parameterized16 has unconnected port A[3]
WARNING: [Synth 8-3331] design pselect_f__parameterized16 has unconnected port A[4]
WARNING: [Synth 8-3331] design pselect_f__parameterized16 has unconnected port A[5]
WARNING: [Synth 8-3331] design pselect_f__parameterized16 has unconnected port A[6]
WARNING: [Synth 8-3331] design pselect_f__parameterized16 has unconnected port A[7]
WARNING: [Synth 8-3331] design pselect_f__parameterized16 has unconnected port A[8]
WARNING: [Synth 8-3331] design pselect_f has unconnected port A[3]
WARNING: [Synth 8-3331] design pselect_f has unconnected port A[4]
WARNING: [Synth 8-3331] design pselect_f has unconnected port A[5]
WARNING: [Synth 8-3331] design pselect_f has unconnected port A[6]
WARNING: [Synth 8-3331] design pselect_f has unconnected port A[7]
WARNING: [Synth 8-3331] design pselect_f has unconnected port A[8]
WARNING: [Synth 8-3331] design address_decoder has unconnected port Bus_RNW
WARNING: [Synth 8-3331] design intc_core has unconnected port Bus2ip_rdce[3]
WARNING: [Synth 8-3331] design intc_core has unconnected port Bus2ip_rdce[4]
WARNING: [Synth 8-3331] design intc_core has unconnected port Bus2ip_rdce[5]
WARNING: [Synth 8-3331] design intc_core has unconnected port Bus2ip_rdce[10]
WARNING: [Synth 8-3331] design intc_core has unconnected port Bus2ip_rdce[11]
WARNING: [Synth 8-3331] design intc_core has unconnected port Bus2ip_rdce[12]
WARNING: [Synth 8-3331] design intc_core has unconnected port Bus2ip_rdce[13]
WARNING: [Synth 8-3331] design intc_core has unconnected port Bus2ip_rdce[14]
WARNING: [Synth 8-3331] design intc_core has unconnected port Bus2ip_rdce[15]
WARNING: [Synth 8-3331] design intc_core has unconnected port Bus2ip_rdce[16]
WARNING: [Synth 8-3331] design intc_core has unconnected port Bus2ip_wrce[1]
WARNING: [Synth 8-3331] design intc_core has unconnected port Bus2ip_wrce[6]
WARNING: [Synth 8-3331] design intc_core has unconnected port Bus2ip_wrce[8]
WARNING: [Synth 8-3331] design intc_core has unconnected port Bus2ip_wrce[9]
WARNING: [Synth 8-3331] design intc_core has unconnected port Bus2ip_wrce[10]
WARNING: [Synth 8-3331] design intc_core has unconnected port Bus2ip_wrce[11]
WARNING: [Synth 8-3331] design intc_core has unconnected port Bus2ip_wrce[12]
WARNING: [Synth 8-3331] design intc_core has unconnected port Bus2ip_wrce[13]
WARNING: [Synth 8-3331] design intc_core has unconnected port Bus2ip_wrce[14]
WARNING: [Synth 8-3331] design intc_core has unconnected port Bus2ip_wrce[15]
WARNING: [Synth 8-3331] design intc_core has unconnected port Bus2ip_wrce[16]
WARNING: [Synth 8-3331] design intc_core has unconnected port Wr_data[31]
WARNING: [Synth 8-3331] design intc_core has unconnected port Wr_data[30]
WARNING: [Synth 8-3331] design intc_core has unconnected port Wr_data[29]
WARNING: [Synth 8-3331] design intc_core has unconnected port Wr_data[28]
WARNING: [Synth 8-3331] design intc_core has unconnected port Wr_data[27]
WARNING: [Synth 8-3331] design intc_core has unconnected port Wr_data[26]
WARNING: [Synth 8-3331] design intc_core has unconnected port Wr_data[25]
WARNING: [Synth 8-3331] design intc_core has unconnected port Wr_data[24]
WARNING: [Synth 8-3331] design intc_core has unconnected port Wr_data[23]
WARNING: [Synth 8-3331] design intc_core has unconnected port Wr_data[22]
WARNING: [Synth 8-3331] design intc_core has unconnected port Wr_data[21]
WARNING: [Synth 8-3331] design intc_core has unconnected port Wr_data[20]
WARNING: [Synth 8-3331] design intc_core has unconnected port Wr_data[19]
WARNING: [Synth 8-3331] design intc_core has unconnected port Wr_data[18]
WARNING: [Synth 8-3331] design intc_core has unconnected port Wr_data[17]
WARNING: [Synth 8-3331] design intc_core has unconnected port Wr_data[16]
WARNING: [Synth 8-3331] design intc_core has unconnected port Wr_data[15]
WARNING: [Synth 8-3331] design intc_core has unconnected port Wr_data[14]
WARNING: [Synth 8-3331] design intc_core has unconnected port Wr_data[13]
WARNING: [Synth 8-3331] design intc_core has unconnected port Wr_data[12]
WARNING: [Synth 8-3331] design intc_core has unconnected port Wr_data[11]
WARNING: [Synth 8-3331] design intc_core has unconnected port Wr_data[10]
WARNING: [Synth 8-3331] design intc_core has unconnected port Wr_data[9]
WARNING: [Synth 8-3331] design intc_core has unconnected port Wr_data[8]
WARNING: [Synth 8-3331] design intc_core has unconnected port Wr_data[7]
WARNING: [Synth 8-3331] design intc_core has unconnected port Wr_data[6]
WARNING: [Synth 8-3331] design intc_core has unconnected port Wr_data[5]
WARNING: [Synth 8-3331] design intc_core has unconnected port Wr_data[4]
WARNING: [Synth 8-3331] design intc_core has unconnected port Wr_data[3]
WARNING: [Synth 8-3331] design intc_core has unconnected port Wr_data[2]
WARNING: [Synth 8-3331] design intc_core has unconnected port Processor_clk
WARNING: [Synth 8-3331] design intc_core has unconnected port processor_rst
WARNING: [Synth 8-3331] design intc_core has unconnected port Processor_ack[1]
WARNING: [Synth 8-3331] design intc_core has unconnected port Processor_ack[0]
WARNING: [Synth 8-3331] design intc_core has unconnected port Interrupt_address_in[31]
WARNING: [Synth 8-3331] design intc_core has unconnected port Interrupt_address_in[30]
WARNING: [Synth 8-3331] design intc_core has unconnected port Interrupt_address_in[29]
WARNING: [Synth 8-3331] design intc_core has unconnected port Interrupt_address_in[28]
WARNING: [Synth 8-3331] design intc_core has unconnected port Interrupt_address_in[27]
WARNING: [Synth 8-3331] design intc_core has unconnected port Interrupt_address_in[26]
WARNING: [Synth 8-3331] design intc_core has unconnected port Interrupt_address_in[25]
WARNING: [Synth 8-3331] design intc_core has unconnected port Interrupt_address_in[24]
WARNING: [Synth 8-3331] design intc_core has unconnected port Interrupt_address_in[23]
WARNING: [Synth 8-3331] design intc_core has unconnected port Interrupt_address_in[22]
WARNING: [Synth 8-3331] design intc_core has unconnected port Interrupt_address_in[21]
WARNING: [Synth 8-3331] design intc_core has unconnected port Interrupt_address_in[20]
WARNING: [Synth 8-3331] design intc_core has unconnected port Interrupt_address_in[19]
WARNING: [Synth 8-3331] design intc_core has unconnected port Interrupt_address_in[18]
WARNING: [Synth 8-3331] design intc_core has unconnected port Interrupt_address_in[17]
WARNING: [Synth 8-3331] design intc_core has unconnected port Interrupt_address_in[16]
WARNING: [Synth 8-3331] design intc_core has unconnected port Interrupt_address_in[15]
WARNING: [Synth 8-3331] design intc_core has unconnected port Interrupt_address_in[14]
WARNING: [Synth 8-3331] design intc_core has unconnected port Interrupt_address_in[13]
WARNING: [Synth 8-3331] design intc_core has unconnected port Interrupt_address_in[12]
WARNING: [Synth 8-3331] design intc_core has unconnected port Interrupt_address_in[11]
WARNING: [Synth 8-3331] design intc_core has unconnected port Interrupt_address_in[10]
WARNING: [Synth 8-3331] design intc_core has unconnected port Interrupt_address_in[9]
WARNING: [Synth 8-3331] design intc_core has unconnected port Interrupt_address_in[8]
WARNING: [Synth 8-3331] design intc_core has unconnected port Interrupt_address_in[7]
WARNING: [Synth 8-3331] design intc_core has unconnected port Interrupt_address_in[6]
WARNING: [Synth 8-3331] design intc_core has unconnected port Interrupt_address_in[5]
WARNING: [Synth 8-3331] design intc_core has unconnected port Interrupt_address_in[4]
WARNING: [Synth 8-3331] design intc_core has unconnected port Interrupt_address_in[3]
WARNING: [Synth 8-3331] design intc_core has unconnected port Interrupt_address_in[2]
WARNING: [Synth 8-3331] design intc_core has unconnected port Interrupt_address_in[1]
INFO: [Common 17-14] Message 'Synth 8-3331' appears 100 times and further instances of the messages will be disabled. Use the Tcl command set_msg_config to change the current settings.
---------------------------------------------------------------------------------
Finished RTL Elaboration : Time (s): cpu = 00:00:06 ; elapsed = 00:00:10 . Memory (MB): peak = 533.332 ; gain = 159.758
---------------------------------------------------------------------------------

Report Check Netlist: 
+------+------------------+-------+---------+-------+------------------+
|      |Item              |Errors |Warnings |Status |Description       |
+------+------------------+-------+---------+-------+------------------+
|1     |multi_driven_nets |      0|        0|Passed |Multi driven nets |
+------+------------------+-------+---------+-------+------------------+
---------------------------------------------------------------------------------
Start Handling Custom Attributes
---------------------------------------------------------------------------------
---------------------------------------------------------------------------------
Finished Handling Custom Attributes : Time (s): cpu = 00:00:06 ; elapsed = 00:00:11 . Memory (MB): peak = 533.332 ; gain = 159.758
---------------------------------------------------------------------------------
---------------------------------------------------------------------------------
Finished RTL Optimization Phase 1 : Time (s): cpu = 00:00:06 ; elapsed = 00:00:11 . Memory (MB): peak = 533.332 ; gain = 159.758
---------------------------------------------------------------------------------
INFO: [Device 21-403] Loading part xc7s50csga324-1
INFO: [Project 1-570] Preparing netlist for logic optimization

Processing XDC Constraints
Initializing timing engine
Parsing XDC File [c:/hdl_projects/s7_tdm114/s7_tdm114.srcs/sources_1/bd/design_1/ip/design_1_axi_intc_0_0/design_1_axi_intc_0_0_ooc.xdc] for cell 'U0'
Finished Parsing XDC File [c:/hdl_projects/s7_tdm114/s7_tdm114.srcs/sources_1/bd/design_1/ip/design_1_axi_intc_0_0/design_1_axi_intc_0_0_ooc.xdc] for cell 'U0'
Parsing XDC File [c:/hdl_projects/s7_tdm114/s7_tdm114.srcs/sources_1/bd/design_1/ip/design_1_axi_intc_0_0/design_1_axi_intc_0_0.xdc] for cell 'U0'
Finished Parsing XDC File [c:/hdl_projects/s7_tdm114/s7_tdm114.srcs/sources_1/bd/design_1/ip/design_1_axi_intc_0_0/design_1_axi_intc_0_0.xdc] for cell 'U0'
Parsing XDC File [C:/hdl_projects/s7_tdm114/s7_tdm114.runs/design_1_axi_intc_0_0_synth_1/dont_touch.xdc]
Finished Parsing XDC File [C:/hdl_projects/s7_tdm114/s7_tdm114.runs/design_1_axi_intc_0_0_synth_1/dont_touch.xdc]
Parsing XDC File [c:/hdl_projects/s7_tdm114/s7_tdm114.srcs/sources_1/bd/design_1/ip/design_1_axi_intc_0_0/design_1_axi_intc_0_0_clocks.xdc] for cell 'U0'
Finished Parsing XDC File [c:/hdl_projects/s7_tdm114/s7_tdm114.srcs/sources_1/bd/design_1/ip/design_1_axi_intc_0_0/design_1_axi_intc_0_0_clocks.xdc] for cell 'U0'
Completed Processing XDC Constraints

INFO: [Project 1-111] Unisim Transformation Summary:
No Unisim elements were transformed.

Constraint Validation Runtime : Time (s): cpu = 00:00:00 ; elapsed = 00:00:00.110 . Memory (MB): peak = 850.680 ; gain = 1.570
---------------------------------------------------------------------------------
Finished Constraint Validation : Time (s): cpu = 00:00:21 ; elapsed = 00:00:46 . Memory (MB): peak = 850.680 ; gain = 477.105
---------------------------------------------------------------------------------
---------------------------------------------------------------------------------
Start Loading Part and Timing Information
---------------------------------------------------------------------------------
Loading part: xc7s50csga324-1
---------------------------------------------------------------------------------
Finished Loading Part and Timing Information : Time (s): cpu = 00:00:21 ; elapsed = 00:00:46 . Memory (MB): peak = 850.680 ; gain = 477.105
---------------------------------------------------------------------------------
---------------------------------------------------------------------------------
Start Applying 'set_property' XDC Constraints
---------------------------------------------------------------------------------
Applied set_property DONT_TOUCH = true for U0. (constraint file  C:/hdl_projects/s7_tdm114/s7_tdm114.runs/design_1_axi_intc_0_0_synth_1/dont_touch.xdc, line 9).
---------------------------------------------------------------------------------
Finished applying 'set_property' XDC Constraints : Time (s): cpu = 00:00:21 ; elapsed = 00:00:47 . Memory (MB): peak = 850.680 ; gain = 477.105
---------------------------------------------------------------------------------
INFO: [Synth 8-802] inferred FSM for state register 'state_reg' in module 'slave_attachment'
INFO: [Synth 8-5544] ROM "s_axi_rresp_i" won't be mapped to Block RAM because address size (2) smaller than threshold (5)
INFO: [Synth 8-5544] ROM "s_axi_rresp_i" won't be mapped to Block RAM because address size (2) smaller than threshold (5)
INFO: [Synth 8-5544] ROM "s_axi_bresp_i" won't be mapped to Block RAM because address size (2) smaller than threshold (5)
INFO: [Synth 8-5544] ROM "s_axi_bresp_i" won't be mapped to Block RAM because address size (2) smaller than threshold (5)
INFO: [Synth 8-5544] ROM "state" won't be mapped to Block RAM because address size (1) smaller than threshold (5)
INFO: [Synth 8-5544] ROM "state" won't be mapped to Block RAM because address size (1) smaller than threshold (5)
INFO: [Synth 8-5544] ROM "state" won't be mapped to Block RAM because address size (1) smaller than threshold (5)
INFO: [Synth 8-5544] ROM "state" won't be mapped to Block RAM because address size (1) smaller than threshold (5)
---------------------------------------------------------------------------------------------------
                   State |                     New Encoding |                Previous Encoding 
---------------------------------------------------------------------------------------------------
                 iSTATE2 |                             0001 |                               00
                  iSTATE |                             0010 |                               01
                 iSTATE0 |                             0100 |                               10
                 iSTATE1 |                             1000 |                               11
---------------------------------------------------------------------------------------------------
INFO: [Synth 8-3354] encoded FSM with state register 'state_reg' using encoding 'one-hot' in module 'slave_attachment'
---------------------------------------------------------------------------------
Finished RTL Optimization Phase 2 : Time (s): cpu = 00:00:22 ; elapsed = 00:00:48 . Memory (MB): peak = 850.680 ; gain = 477.105
---------------------------------------------------------------------------------

Report RTL Partitions: 
+-+--------------+------------+----------+
| |RTL Partition |Replication |Instances |
+-+--------------+------------+----------+
+-+--------------+------------+----------+
---------------------------------------------------------------------------------
Start RTL Component Statistics 
---------------------------------------------------------------------------------
Detailed RTL Component Info : 
+---Adders : 
	   2 Input      4 Bit       Adders := 1     
+---Registers : 
	               32 Bit    Registers := 2     
	                9 Bit    Registers := 1     
	                4 Bit    Registers := 1     
	                2 Bit    Registers := 3     
	                1 Bit    Registers := 42    
+---Muxes : 
	   7 Input     32 Bit        Muxes := 1     
	   2 Input     32 Bit        Muxes := 2     
	   2 Input      9 Bit        Muxes := 1     
	   4 Input      4 Bit        Muxes := 1     
	   2 Input      4 Bit        Muxes := 6     
	   7 Input      3 Bit        Muxes := 1     
	   7 Input      2 Bit        Muxes := 1     
	   2 Input      2 Bit        Muxes := 2     
	   2 Input      1 Bit        Muxes := 23    
	   4 Input      1 Bit        Muxes := 3     
---------------------------------------------------------------------------------
Finished RTL Component Statistics 
---------------------------------------------------------------------------------
---------------------------------------------------------------------------------
Start RTL Hierarchical Component Statistics 
---------------------------------------------------------------------------------
Hierarchical RTL Component report 
Module intc_core 
Detailed RTL Component Info : 
+---Registers : 
	               32 Bit    Registers := 1     
	                1 Bit    Registers := 11    
+---Muxes : 
	   7 Input     32 Bit        Muxes := 1     
	   2 Input     32 Bit        Muxes := 2     
	   7 Input      3 Bit        Muxes := 1     
	   2 Input      1 Bit        Muxes := 1     
Module pselect_f 
Detailed RTL Component Info : 
+---Muxes : 
	   2 Input      1 Bit        Muxes := 1     
Module pselect_f__parameterized16 
Detailed RTL Component Info : 
+---Muxes : 
	   2 Input      1 Bit        Muxes := 1     
Module pselect_f__parameterized0 
Detailed RTL Component Info : 
+---Muxes : 
	   2 Input      1 Bit        Muxes := 1     
Module pselect_f__parameterized1 
Detailed RTL Component Info : 
+---Muxes : 
	   2 Input      1 Bit        Muxes := 1     
Module pselect_f__parameterized2 
Detailed RTL Component Info : 
+---Muxes : 
	   2 Input      1 Bit        Muxes := 1     
Module pselect_f__parameterized3 
Detailed RTL Component Info : 
+---Muxes : 
	   2 Input      1 Bit        Muxes := 1     
Module pselect_f__parameterized4 
Detailed RTL Component Info : 
+---Muxes : 
	   2 Input      1 Bit        Muxes := 1     
Module pselect_f__parameterized5 
Detailed RTL Component Info : 
+---Muxes : 
	   2 Input      1 Bit        Muxes := 1     
Module pselect_f__parameterized6 
Detailed RTL Component Info : 
+---Muxes : 
	   2 Input      1 Bit        Muxes := 1     
Module pselect_f__parameterized7 
Detailed RTL Component Info : 
+---Muxes : 
	   2 Input      1 Bit        Muxes := 1     
Module pselect_f__parameterized8 
Detailed RTL Component Info : 
+---Muxes : 
	   2 Input      1 Bit        Muxes := 1     
Module pselect_f__parameterized9 
Detailed RTL Component Info : 
+---Muxes : 
	   2 Input      1 Bit        Muxes := 1     
Module pselect_f__parameterized10 
Detailed RTL Component Info : 
+---Muxes : 
	   2 Input      1 Bit        Muxes := 1     
Module pselect_f__parameterized11 
Detailed RTL Component Info : 
+---Muxes : 
	   2 Input      1 Bit        Muxes := 1     
Module pselect_f__parameterized12 
Detailed RTL Component Info : 
+---Muxes : 
	   2 Input      1 Bit        Muxes := 1     
Module pselect_f__parameterized13 
Detailed RTL Component Info : 
+---Muxes : 
	   2 Input      1 Bit        Muxes := 1     
Module pselect_f__parameterized14 
Detailed RTL Component Info : 
+---Muxes : 
	   2 Input      1 Bit        Muxes := 1     
Module pselect_f__parameterized15 
Detailed RTL Component Info : 
+---Muxes : 
	   2 Input      1 Bit        Muxes := 1     
Module address_decoder 
Detailed RTL Component Info : 
+---Registers : 
	                1 Bit    Registers := 20    
Module slave_attachment 
Detailed RTL Component Info : 
+---Adders : 
	   2 Input      4 Bit       Adders := 1     
+---Registers : 
	               32 Bit    Registers := 1     
	                9 Bit    Registers := 1     
	                4 Bit    Registers := 1     
	                2 Bit    Registers := 3     
	                1 Bit    Registers := 7     
+---Muxes : 
	   2 Input      9 Bit        Muxes := 1     
	   4 Input      4 Bit        Muxes := 1     
	   2 Input      4 Bit        Muxes := 6     
	   7 Input      2 Bit        Muxes := 1     
	   2 Input      2 Bit        Muxes := 2     
	   2 Input      1 Bit        Muxes := 4     
	   4 Input      1 Bit        Muxes := 3     
Module axi_intc 
Detailed RTL Component Info : 
+---Registers : 
	                1 Bit    Registers := 4     
---------------------------------------------------------------------------------
Finished RTL Hierarchical Component Statistics
---------------------------------------------------------------------------------
---------------------------------------------------------------------------------
Start Part Resource Summary
---------------------------------------------------------------------------------
Part Resources:
DSPs: 120 (col length:60)
BRAMs: 150 (col length: RAMB18 60 RAMB36 30)
---------------------------------------------------------------------------------
Finished Part Resource Summary
---------------------------------------------------------------------------------
---------------------------------------------------------------------------------
Start Cross Boundary and Area Optimization
---------------------------------------------------------------------------------
Warning: Parallel synthesis criteria is not met 
INFO: [Synth 8-3886] merging instance 'U0/INTC_CORE_I/IPR_GEN.ipr_reg[1]' (FDR) to 'U0/INTC_CORE_I/IPR_GEN.ipr_reg[2]'
INFO: [Synth 8-3886] merging instance 'U0/INTC_CORE_I/IPR_GEN.ipr_reg[2]' (FDR) to 'U0/INTC_CORE_I/IPR_GEN.ipr_reg[3]'
INFO: [Synth 8-3886] merging instance 'U0/INTC_CORE_I/IPR_GEN.ipr_reg[3]' (FDR) to 'U0/INTC_CORE_I/IPR_GEN.ipr_reg[4]'
INFO: [Synth 8-3886] merging instance 'U0/INTC_CORE_I/IPR_GEN.ipr_reg[4]' (FDR) to 'U0/INTC_CORE_I/IPR_GEN.ipr_reg[5]'
INFO: [Synth 8-3886] merging instance 'U0/INTC_CORE_I/IPR_GEN.ipr_reg[5]' (FDR) to 'U0/INTC_CORE_I/IPR_GEN.ipr_reg[6]'
INFO: [Synth 8-3886] merging instance 'U0/INTC_CORE_I/IPR_GEN.ipr_reg[6]' (FDR) to 'U0/INTC_CORE_I/IPR_GEN.ipr_reg[7]'
INFO: [Synth 8-3886] merging instance 'U0/INTC_CORE_I/IPR_GEN.ipr_reg[7]' (FDR) to 'U0/INTC_CORE_I/IPR_GEN.ipr_reg[8]'
INFO: [Synth 8-3886] merging instance 'U0/INTC_CORE_I/IPR_GEN.ipr_reg[8]' (FDR) to 'U0/INTC_CORE_I/IPR_GEN.ipr_reg[9]'
INFO: [Synth 8-3886] merging instance 'U0/INTC_CORE_I/IPR_GEN.ipr_reg[9]' (FDR) to 'U0/INTC_CORE_I/IPR_GEN.ipr_reg[10]'
INFO: [Synth 8-3886] merging instance 'U0/INTC_CORE_I/IPR_GEN.ipr_reg[10]' (FDR) to 'U0/INTC_CORE_I/IPR_GEN.ipr_reg[11]'
INFO: [Synth 8-3886] merging instance 'U0/INTC_CORE_I/IPR_GEN.ipr_reg[11]' (FDR) to 'U0/INTC_CORE_I/IPR_GEN.ipr_reg[12]'
INFO: [Synth 8-3886] merging instance 'U0/INTC_CORE_I/IPR_GEN.ipr_reg[12]' (FDR) to 'U0/INTC_CORE_I/IPR_GEN.ipr_reg[13]'
INFO: [Synth 8-3886] merging instance 'U0/INTC_CORE_I/IPR_GEN.ipr_reg[13]' (FDR) to 'U0/INTC_CORE_I/IPR_GEN.ipr_reg[14]'
INFO: [Synth 8-3886] merging instance 'U0/INTC_CORE_I/IPR_GEN.ipr_reg[14]' (FDR) to 'U0/INTC_CORE_I/IPR_GEN.ipr_reg[15]'
INFO: [Synth 8-3886] merging instance 'U0/INTC_CORE_I/IPR_GEN.ipr_reg[15]' (FDR) to 'U0/INTC_CORE_I/IPR_GEN.ipr_reg[16]'
INFO: [Synth 8-3886] merging instance 'U0/INTC_CORE_I/IPR_GEN.ipr_reg[16]' (FDR) to 'U0/INTC_CORE_I/IPR_GEN.ipr_reg[17]'
INFO: [Synth 8-3886] merging instance 'U0/INTC_CORE_I/IPR_GEN.ipr_reg[17]' (FDR) to 'U0/INTC_CORE_I/IPR_GEN.ipr_reg[18]'
INFO: [Synth 8-3886] merging instance 'U0/INTC_CORE_I/IPR_GEN.ipr_reg[18]' (FDR) to 'U0/INTC_CORE_I/IPR_GEN.ipr_reg[19]'
INFO: [Synth 8-3886] merging instance 'U0/INTC_CORE_I/IPR_GEN.ipr_reg[19]' (FDR) to 'U0/INTC_CORE_I/IPR_GEN.ipr_reg[20]'
INFO: [Synth 8-3886] merging instance 'U0/INTC_CORE_I/IPR_GEN.ipr_reg[20]' (FDR) to 'U0/INTC_CORE_I/IPR_GEN.ipr_reg[21]'
INFO: [Synth 8-3886] merging instance 'U0/INTC_CORE_I/IPR_GEN.ipr_reg[21]' (FDR) to 'U0/INTC_CORE_I/IPR_GEN.ipr_reg[22]'
INFO: [Synth 8-3886] merging instance 'U0/INTC_CORE_I/IPR_GEN.ipr_reg[22]' (FDR) to 'U0/INTC_CORE_I/IPR_GEN.ipr_reg[23]'
INFO: [Synth 8-3886] merging instance 'U0/INTC_CORE_I/IPR_GEN.ipr_reg[23]' (FDR) to 'U0/INTC_CORE_I/IPR_GEN.ipr_reg[24]'
INFO: [Synth 8-3886] merging instance 'U0/INTC_CORE_I/IPR_GEN.ipr_reg[24]' (FDR) to 'U0/INTC_CORE_I/IPR_GEN.ipr_reg[25]'
INFO: [Synth 8-3886] merging instance 'U0/INTC_CORE_I/IPR_GEN.ipr_reg[25]' (FDR) to 'U0/INTC_CORE_I/IPR_GEN.ipr_reg[26]'
INFO: [Synth 8-3886] merging instance 'U0/INTC_CORE_I/IPR_GEN.ipr_reg[26]' (FDR) to 'U0/INTC_CORE_I/IPR_GEN.ipr_reg[27]'
INFO: [Synth 8-3886] merging instance 'U0/INTC_CORE_I/IPR_GEN.ipr_reg[27]' (FDR) to 'U0/INTC_CORE_I/IPR_GEN.ipr_reg[28]'
INFO: [Synth 8-3886] merging instance 'U0/INTC_CORE_I/IPR_GEN.ipr_reg[28]' (FDR) to 'U0/INTC_CORE_I/IPR_GEN.ipr_reg[29]'
INFO: [Synth 8-3886] merging instance 'U0/INTC_CORE_I/IPR_GEN.ipr_reg[29]' (FDR) to 'U0/INTC_CORE_I/IPR_GEN.ipr_reg[30]'
INFO: [Synth 8-3886] merging instance 'U0/INTC_CORE_I/IPR_GEN.ipr_reg[30]' (FDR) to 'U0/INTC_CORE_I/IPR_GEN.ipr_reg[31]'
INFO: [Synth 8-3333] propagating constant 0 across sequential element (U0/\INTC_CORE_I/IPR_GEN.ipr_reg[31] )
INFO: [Synth 8-3333] propagating constant 0 across sequential element (U0/\AXI_LITE_IPIF_I/I_SLAVE_ATTACHMENT/s_axi_rresp_i_reg[0] )
INFO: [Synth 8-3333] propagating constant 0 across sequential element (U0/\AXI_LITE_IPIF_I/I_SLAVE_ATTACHMENT/s_axi_bresp_i_reg[0] )
INFO: [Synth 8-3886] merging instance 'U0/AXI_LITE_IPIF_I/I_SLAVE_ATTACHMENT/s_axi_rdata_i_reg[2]' (FDRE) to 'U0/AXI_LITE_IPIF_I/I_SLAVE_ATTACHMENT/s_axi_rdata_i_reg[3]'
INFO: [Synth 8-3886] merging instance 'U0/AXI_LITE_IPIF_I/I_SLAVE_ATTACHMENT/s_axi_rdata_i_reg[3]' (FDRE) to 'U0/AXI_LITE_IPIF_I/I_SLAVE_ATTACHMENT/s_axi_rdata_i_reg[4]'
INFO: [Synth 8-3886] merging instance 'U0/AXI_LITE_IPIF_I/I_SLAVE_ATTACHMENT/s_axi_rdata_i_reg[4]' (FDRE) to 'U0/AXI_LITE_IPIF_I/I_SLAVE_ATTACHMENT/s_axi_rdata_i_reg[5]'
INFO: [Synth 8-3886] merging instance 'U0/AXI_LITE_IPIF_I/I_SLAVE_ATTACHMENT/s_axi_rdata_i_reg[5]' (FDRE) to 'U0/AXI_LITE_IPIF_I/I_SLAVE_ATTACHMENT/s_axi_rdata_i_reg[6]'
INFO: [Synth 8-3886] merging instance 'U0/AXI_LITE_IPIF_I/I_SLAVE_ATTACHMENT/s_axi_rdata_i_reg[6]' (FDRE) to 'U0/AXI_LITE_IPIF_I/I_SLAVE_ATTACHMENT/s_axi_rdata_i_reg[7]'
INFO: [Synth 8-3886] merging instance 'U0/AXI_LITE_IPIF_I/I_SLAVE_ATTACHMENT/s_axi_rdata_i_reg[7]' (FDRE) to 'U0/AXI_LITE_IPIF_I/I_SLAVE_ATTACHMENT/s_axi_rdata_i_reg[8]'
INFO: [Synth 8-3886] merging instance 'U0/AXI_LITE_IPIF_I/I_SLAVE_ATTACHMENT/s_axi_rdata_i_reg[8]' (FDRE) to 'U0/AXI_LITE_IPIF_I/I_SLAVE_ATTACHMENT/s_axi_rdata_i_reg[9]'
INFO: [Synth 8-3886] merging instance 'U0/AXI_LITE_IPIF_I/I_SLAVE_ATTACHMENT/s_axi_rdata_i_reg[9]' (FDRE) to 'U0/AXI_LITE_IPIF_I/I_SLAVE_ATTACHMENT/s_axi_rdata_i_reg[10]'
INFO: [Synth 8-3886] merging instance 'U0/AXI_LITE_IPIF_I/I_SLAVE_ATTACHMENT/s_axi_rdata_i_reg[10]' (FDRE) to 'U0/AXI_LITE_IPIF_I/I_SLAVE_ATTACHMENT/s_axi_rdata_i_reg[11]'
INFO: [Synth 8-3886] merging instance 'U0/AXI_LITE_IPIF_I/I_SLAVE_ATTACHMENT/s_axi_rdata_i_reg[11]' (FDRE) to 'U0/AXI_LITE_IPIF_I/I_SLAVE_ATTACHMENT/s_axi_rdata_i_reg[12]'
INFO: [Synth 8-3886] merging instance 'U0/AXI_LITE_IPIF_I/I_SLAVE_ATTACHMENT/s_axi_rdata_i_reg[12]' (FDRE) to 'U0/AXI_LITE_IPIF_I/I_SLAVE_ATTACHMENT/s_axi_rdata_i_reg[13]'
INFO: [Synth 8-3886] merging instance 'U0/AXI_LITE_IPIF_I/I_SLAVE_ATTACHMENT/s_axi_rdata_i_reg[13]' (FDRE) to 'U0/AXI_LITE_IPIF_I/I_SLAVE_ATTACHMENT/s_axi_rdata_i_reg[14]'
INFO: [Synth 8-3886] merging instance 'U0/AXI_LITE_IPIF_I/I_SLAVE_ATTACHMENT/s_axi_rdata_i_reg[14]' (FDRE) to 'U0/AXI_LITE_IPIF_I/I_SLAVE_ATTACHMENT/s_axi_rdata_i_reg[15]'
INFO: [Synth 8-3886] merging instance 'U0/AXI_LITE_IPIF_I/I_SLAVE_ATTACHMENT/s_axi_rdata_i_reg[15]' (FDRE) to 'U0/AXI_LITE_IPIF_I/I_SLAVE_ATTACHMENT/s_axi_rdata_i_reg[16]'
INFO: [Synth 8-3886] merging instance 'U0/AXI_LITE_IPIF_I/I_SLAVE_ATTACHMENT/s_axi_rdata_i_reg[16]' (FDRE) to 'U0/AXI_LITE_IPIF_I/I_SLAVE_ATTACHMENT/s_axi_rdata_i_reg[17]'
INFO: [Synth 8-3886] merging instance 'U0/AXI_LITE_IPIF_I/I_SLAVE_ATTACHMENT/s_axi_rdata_i_reg[17]' (FDRE) to 'U0/AXI_LITE_IPIF_I/I_SLAVE_ATTACHMENT/s_axi_rdata_i_reg[18]'
INFO: [Synth 8-3886] merging instance 'U0/AXI_LITE_IPIF_I/I_SLAVE_ATTACHMENT/s_axi_rdata_i_reg[18]' (FDRE) to 'U0/AXI_LITE_IPIF_I/I_SLAVE_ATTACHMENT/s_axi_rdata_i_reg[19]'
INFO: [Synth 8-3886] merging instance 'U0/AXI_LITE_IPIF_I/I_SLAVE_ATTACHMENT/s_axi_rdata_i_reg[19]' (FDRE) to 'U0/AXI_LITE_IPIF_I/I_SLAVE_ATTACHMENT/s_axi_rdata_i_reg[20]'
INFO: [Synth 8-3886] merging instance 'U0/AXI_LITE_IPIF_I/I_SLAVE_ATTACHMENT/s_axi_rdata_i_reg[20]' (FDRE) to 'U0/AXI_LITE_IPIF_I/I_SLAVE_ATTACHMENT/s_axi_rdata_i_reg[21]'
INFO: [Synth 8-3886] merging instance 'U0/AXI_LITE_IPIF_I/I_SLAVE_ATTACHMENT/s_axi_rdata_i_reg[21]' (FDRE) to 'U0/AXI_LITE_IPIF_I/I_SLAVE_ATTACHMENT/s_axi_rdata_i_reg[22]'
INFO: [Synth 8-3886] merging instance 'U0/AXI_LITE_IPIF_I/I_SLAVE_ATTACHMENT/s_axi_rdata_i_reg[22]' (FDRE) to 'U0/AXI_LITE_IPIF_I/I_SLAVE_ATTACHMENT/s_axi_rdata_i_reg[23]'
INFO: [Synth 8-3886] merging instance 'U0/AXI_LITE_IPIF_I/I_SLAVE_ATTACHMENT/s_axi_rdata_i_reg[23]' (FDRE) to 'U0/AXI_LITE_IPIF_I/I_SLAVE_ATTACHMENT/s_axi_rdata_i_reg[24]'
INFO: [Synth 8-3886] merging instance 'U0/AXI_LITE_IPIF_I/I_SLAVE_ATTACHMENT/s_axi_rdata_i_reg[24]' (FDRE) to 'U0/AXI_LITE_IPIF_I/I_SLAVE_ATTACHMENT/s_axi_rdata_i_reg[25]'
INFO: [Synth 8-3886] merging instance 'U0/AXI_LITE_IPIF_I/I_SLAVE_ATTACHMENT/s_axi_rdata_i_reg[25]' (FDRE) to 'U0/AXI_LITE_IPIF_I/I_SLAVE_ATTACHMENT/s_axi_rdata_i_reg[26]'
INFO: [Synth 8-3886] merging instance 'U0/AXI_LITE_IPIF_I/I_SLAVE_ATTACHMENT/s_axi_rdata_i_reg[26]' (FDRE) to 'U0/AXI_LITE_IPIF_I/I_SLAVE_ATTACHMENT/s_axi_rdata_i_reg[27]'
INFO: [Synth 8-3886] merging instance 'U0/AXI_LITE_IPIF_I/I_SLAVE_ATTACHMENT/s_axi_rdata_i_reg[27]' (FDRE) to 'U0/AXI_LITE_IPIF_I/I_SLAVE_ATTACHMENT/s_axi_rdata_i_reg[28]'
INFO: [Synth 8-3886] merging instance 'U0/AXI_LITE_IPIF_I/I_SLAVE_ATTACHMENT/s_axi_rdata_i_reg[28]' (FDRE) to 'U0/AXI_LITE_IPIF_I/I_SLAVE_ATTACHMENT/s_axi_rdata_i_reg[29]'
INFO: [Synth 8-3886] merging instance 'U0/AXI_LITE_IPIF_I/I_SLAVE_ATTACHMENT/s_axi_rdata_i_reg[29]' (FDRE) to 'U0/AXI_LITE_IPIF_I/I_SLAVE_ATTACHMENT/s_axi_rdata_i_reg[30]'
INFO: [Synth 8-3886] merging instance 'U0/AXI_LITE_IPIF_I/I_SLAVE_ATTACHMENT/s_axi_rdata_i_reg[30]' (FDRE) to 'U0/AXI_LITE_IPIF_I/I_SLAVE_ATTACHMENT/s_axi_rdata_i_reg[31]'
WARNING: [Synth 8-3332] Sequential element (AXI_LITE_IPIF_I/I_SLAVE_ATTACHMENT/bus2ip_addr_i_reg[1]) is unused and will be removed from module axi_intc.
WARNING: [Synth 8-3332] Sequential element (AXI_LITE_IPIF_I/I_SLAVE_ATTACHMENT/bus2ip_addr_i_reg[0]) is unused and will be removed from module axi_intc.
WARNING: [Synth 8-3332] Sequential element (AXI_LITE_IPIF_I/I_SLAVE_ATTACHMENT/s_axi_bresp_i_reg[0]) is unused and will be removed from module axi_intc.
WARNING: [Synth 8-3332] Sequential element (INTC_CORE_I/IPR_GEN.ipr_reg[31]) is unused and will be removed from module axi_intc.
WARNING: [Synth 8-3332] Sequential element (AXI_LITE_IPIF_I/I_SLAVE_ATTACHMENT/s_axi_rresp_i_reg[0]) is unused and will be removed from module axi_intc.
INFO: [Synth 8-3886] merging instance 'U0/INTC_CORE_I/irq_gen_reg' (FDR) to 'U0/INTC_CORE_I/IPR_GEN.ipr_reg[0]'
---------------------------------------------------------------------------------
Finished Cross Boundary and Area Optimization : Time (s): cpu = 00:00:24 ; elapsed = 00:00:50 . Memory (MB): peak = 850.680 ; gain = 477.105
---------------------------------------------------------------------------------

Report RTL Partitions: 
+-+--------------+------------+----------+
| |RTL Partition |Replication |Instances |
+-+--------------+------------+----------+
+-+--------------+------------+----------+
---------------------------------------------------------------------------------
Start Applying XDC Timing Constraints
---------------------------------------------------------------------------------
---------------------------------------------------------------------------------
Finished Applying XDC Timing Constraints : Time (s): cpu = 00:00:40 ; elapsed = 00:01:10 . Memory (MB): peak = 850.680 ; gain = 477.105
---------------------------------------------------------------------------------
---------------------------------------------------------------------------------
Start Timing Optimization
---------------------------------------------------------------------------------
---------------------------------------------------------------------------------
Finished Timing Optimization : Time (s): cpu = 00:00:40 ; elapsed = 00:01:11 . Memory (MB): peak = 869.281 ; gain = 495.707
---------------------------------------------------------------------------------

Report RTL Partitions: 
+-+--------------+------------+----------+
| |RTL Partition |Replication |Instances |
+-+--------------+------------+----------+
+-+--------------+------------+----------+
---------------------------------------------------------------------------------
Start Technology Mapping
---------------------------------------------------------------------------------
---------------------------------------------------------------------------------
Finished Technology Mapping : Time (s): cpu = 00:00:40 ; elapsed = 00:01:11 . Memory (MB): peak = 870.531 ; gain = 496.957
---------------------------------------------------------------------------------

Report RTL Partitions: 
+-+--------------+------------+----------+
| |RTL Partition |Replication |Instances |
+-+--------------+------------+----------+
+-+--------------+------------+----------+
---------------------------------------------------------------------------------
Start IO Insertion
---------------------------------------------------------------------------------
---------------------------------------------------------------------------------
Start Flattening Before IO Insertion
---------------------------------------------------------------------------------
---------------------------------------------------------------------------------
Finished Flattening Before IO Insertion
---------------------------------------------------------------------------------
---------------------------------------------------------------------------------
Start Final Netlist Cleanup
---------------------------------------------------------------------------------
---------------------------------------------------------------------------------
Finished Final Netlist Cleanup
---------------------------------------------------------------------------------
---------------------------------------------------------------------------------
Finished IO Insertion : Time (s): cpu = 00:00:43 ; elapsed = 00:01:14 . Memory (MB): peak = 870.531 ; gain = 496.957
---------------------------------------------------------------------------------

Report Check Netlist: 
+------+------------------+-------+---------+-------+------------------+
|      |Item              |Errors |Warnings |Status |Description       |
+------+------------------+-------+---------+-------+------------------+
|1     |multi_driven_nets |      0|        0|Passed |Multi driven nets |
+------+------------------+-------+---------+-------+------------------+
---------------------------------------------------------------------------------
Start Renaming Generated Instances
---------------------------------------------------------------------------------
---------------------------------------------------------------------------------
Finished Renaming Generated Instances : Time (s): cpu = 00:00:43 ; elapsed = 00:01:14 . Memory (MB): peak = 870.531 ; gain = 496.957
---------------------------------------------------------------------------------

Report RTL Partitions: 
+-+--------------+------------+----------+
| |RTL Partition |Replication |Instances |
+-+--------------+------------+----------+
+-+--------------+------------+----------+
---------------------------------------------------------------------------------
Start Rebuilding User Hierarchy
---------------------------------------------------------------------------------
---------------------------------------------------------------------------------
Finished Rebuilding User Hierarchy : Time (s): cpu = 00:00:43 ; elapsed = 00:01:14 . Memory (MB): peak = 870.531 ; gain = 496.957
---------------------------------------------------------------------------------
---------------------------------------------------------------------------------
Start Renaming Generated Ports
---------------------------------------------------------------------------------
---------------------------------------------------------------------------------
Finished Renaming Generated Ports : Time (s): cpu = 00:00:43 ; elapsed = 00:01:14 . Memory (MB): peak = 870.531 ; gain = 496.957
---------------------------------------------------------------------------------
---------------------------------------------------------------------------------
Start Handling Custom Attributes
---------------------------------------------------------------------------------
---------------------------------------------------------------------------------
Finished Handling Custom Attributes : Time (s): cpu = 00:00:43 ; elapsed = 00:01:14 . Memory (MB): peak = 870.531 ; gain = 496.957
---------------------------------------------------------------------------------
---------------------------------------------------------------------------------
Start Renaming Generated Nets
---------------------------------------------------------------------------------
---------------------------------------------------------------------------------
Finished Renaming Generated Nets : Time (s): cpu = 00:00:43 ; elapsed = 00:01:14 . Memory (MB): peak = 870.531 ; gain = 496.957
---------------------------------------------------------------------------------
---------------------------------------------------------------------------------
Start Writing Synthesis Report
---------------------------------------------------------------------------------

Report BlackBoxes: 
+-+--------------+----------+
| |BlackBox name |Instances |
+-+--------------+----------+
+-+--------------+----------+

Report Cell Usage: 
+------+-----+------+
|      |Cell |Count |
+------+-----+------+
|1     |LUT1 |     2|
|2     |LUT2 |     8|
|3     |LUT3 |    11|
|4     |LUT4 |    14|
|5     |LUT5 |    32|
|6     |LUT6 |    17|
|7     |FDRE |    60|
|8     |FDSE |     2|
+------+-----+------+

Report Instance Areas: 
+------+-------------------------+-----------------+------+
|      |Instance                 |Module           |Cells |
+------+-------------------------+-----------------+------+
|1     |top                      |                 |   146|
|2     |  U0                     |axi_intc         |   146|
|3     |    AXI_LITE_IPIF_I      |axi_lite_ipif    |   122|
|4     |      I_SLAVE_ATTACHMENT |slave_attachment |   122|
|5     |        I_DECODER        |address_decoder  |    58|
|6     |    INTC_CORE_I          |intc_core        |    20|
+------+-------------------------+-----------------+------+
---------------------------------------------------------------------------------
Finished Writing Synthesis Report : Time (s): cpu = 00:00:43 ; elapsed = 00:01:14 . Memory (MB): peak = 870.531 ; gain = 496.957
---------------------------------------------------------------------------------
Synthesis finished with 0 errors, 0 critical warnings and 72 warnings.
Synthesis Optimization Runtime : Time (s): cpu = 00:00:27 ; elapsed = 00:00:44 . Memory (MB): peak = 870.531 ; gain = 179.609
Synthesis Optimization Complete : Time (s): cpu = 00:00:43 ; elapsed = 00:01:14 . Memory (MB): peak = 870.531 ; gain = 496.957
INFO: [Project 1-571] Translating synthesized netlist
INFO: [Project 1-570] Preparing netlist for logic optimization
INFO: [Opt 31-138] Pushed 0 inverter(s) to 0 load pin(s).
INFO: [Project 1-111] Unisim Transformation Summary:
No Unisim elements were transformed.

INFO: [Common 17-83] Releasing license: Synthesis
136 Infos, 107 Warnings, 0 Critical Warnings and 0 Errors encountered.
synth_design completed successfully
synth_design: Time (s): cpu = 00:00:46 ; elapsed = 00:01:18 . Memory (MB): peak = 870.531 ; gain = 508.797
WARNING: [Constraints 18-5210] No constraint will be written out.
INFO: [Common 17-1381] The checkpoint 'C:/hdl_projects/s7_tdm114/s7_tdm114.runs/design_1_axi_intc_0_0_synth_1/design_1_axi_intc_0_0.dcp' has been generated.
