#-----------------------------------------------------------
# Vivado v2018.2 (64-bit)
# SW Build 2258646 on Thu Jun 14 20:03:12 MDT 2018
# IP Build 2256618 on Thu Jun 14 22:10:49 MDT 2018
# Start of session at: Sun Aug 19 11:11:32 2018
# Process ID: 5740
# Current directory: C:/Users/aptay/AppData/Roaming/Xilinx/Vivado
# Command line: vivado.exe -gui_launcher_event rodinguilauncherevent4260
# Log file: C:/Users/aptay/AppData/Roaming/Xilinx/Vivado/vivado.log
# Journal file: C:/Users/aptay/AppData/Roaming/Xilinx/Vivado\vivado.jou
#-----------------------------------------------------------
WARNING: [Common 17-1271] The MYVIVADO environment variable specifies an invalid location 'C:\Xilinx\Vivado\2017.4\patches\AR70530\vivado'
start_gui
open_project C:/hdl_projects/cora_servo/cora_servo.xpr
Scanning sources...
Finished scanning sources
INFO: [IP_Flow 19-234] Refreshing IP repositories
INFO: [IP_Flow 19-1700] Loaded user IP repository 'c:/hdl_projects/digilent'.
INFO: [IP_Flow 19-2313] Loaded Vivado IP repository 'C:/Xilinx/Vivado/2018.2/data/ip'.
WARNING: [BD 41-1661] One or more IPs have been locked in the design 'design_1.bd'. Please run report_ip_status for more details and recommendations on how to fix this issue.
List of locked IPs:
design_1_PmodMAXSONAR_0_0
design_1_PmodNAV_0_0

open_project: Time (s): cpu = 00:00:25 ; elapsed = 00:00:16 . Memory (MB): peak = 942.316 ; gain = 218.461
update_compile_order -fileset sources_1
open_bd_design {C:/hdl_projects/cora_servo/cora_servo.srcs/sources_1/bd/design_1/design_1.bd}
Adding cell -- xilinx.com:ip:processing_system7:5.5 - processing_system7_0
Adding cell -- xilinx.com:ip:proc_sys_reset:5.0 - rst_ps7_0_50M
Adding cell -- xilinx.com:ip:axi_iic:2.0 - axi_iic_0
Adding cell -- xilinx.com:ip:xlconcat:2.1 - xlconcat_0
Adding cell -- digilentinc.com:IP:PmodMAXSONAR:1.0 - PmodMAXSONAR_0
Adding cell -- digilentinc.com:IP:PmodNAV:1.0 - PmodNAV_0
Adding cell -- xilinx.com:ip:axi_crossbar:2.1 - xbar
Adding cell -- xilinx.com:ip:axi_protocol_converter:2.1 - auto_pc
Successfully read diagram <design_1> from BD file <C:/hdl_projects/cora_servo/cora_servo.srcs/sources_1/bd/design_1/design_1.bd>
open_bd_design: Time (s): cpu = 00:00:11 ; elapsed = 00:00:11 . Memory (MB): peak = 1031.805 ; gain = 78.531
close_bd_design [get_bd_designs design_1]
archive_project C:/hdl_projects/cora_servo.xpr.zip -temp_dir C:/temp -force -include_local_ip_cache
INFO: [Coretcl 2-137] starting archive...
INFO: [Coretcl 2-1499] Saving project copy to temporary location 'C:/temp' for archiving project
Scanning sources...
Finished scanning sources
INFO: [IP_Flow 19-234] Refreshing IP repositories
INFO: [IP_Flow 19-1700] Loaded user IP repository 'c:/hdl_projects/digilent'.
INFO: [IP_Flow 19-2313] Loaded Vivado IP repository 'C:/Xilinx/Vivado/2018.2/data/ip'.
WARNING: [BD 41-1661] One or more IPs have been locked in the design 'design_1.bd'. Please run report_ip_status for more details and recommendations on how to fix this issue.
List of locked IPs:
design_1_PmodMAXSONAR_0_0
design_1_PmodNAV_0_0

INFO: [Coretcl 2-1211] Creating project copy for archival...
WARNING: [IP_Flow 19-2162] IP 'design_1_PmodMAXSONAR_0_0' is locked:
* IP 'design_1_PmodMAXSONAR_0_0' contains one or more locked subcores.
Please select 'Report IP Status' from the 'Tools/Report' menu or run Tcl command 'report_ip_status' for more information.
WARNING: [IP_Flow 19-2162] IP 'design_1_PmodNAV_0_0' is locked:
* IP 'design_1_PmodNAV_0_0' contains one or more locked subcores.
Please select 'Report IP Status' from the 'Tools/Report' menu or run Tcl command 'report_ip_status' for more information.
WARNING: [IP_Flow 19-2162] IP 'PmodMAXSONAR_pmod_bridge_0_0' is locked:
* This IP has board specific outputs. Current project board 'digilentinc.com:cora-z7-10:part0:1.0' and the board 'digilentinc.com:arty:part0:1.1' used to customize the IP 'PmodMAXSONAR_pmod_bridge_0_0' do not match.
* Current project part 'xc7z010clg400-1' and the part 'xc7a35ticsg324-1L' used to customize the IP 'PmodMAXSONAR_pmod_bridge_0_0' do not match.
Please select 'Report IP Status' from the 'Tools/Report' menu or run Tcl command 'report_ip_status' for more information.
WARNING: [IP_Flow 19-2162] IP 'PmodMAXSONAR_xlslice_0_0' is locked:
* Current project part 'xc7z010clg400-1' and the part 'xc7a35ticsg324-1L' used to customize the IP 'PmodMAXSONAR_xlslice_0_0' do not match.
Please select 'Report IP Status' from the 'Tools/Report' menu or run Tcl command 'report_ip_status' for more information.
WARNING: [IP_Flow 19-2162] IP 'PmodMAXSONAR_xlconstant_0_0' is locked:
* IP definition 'Constant (1.1)' for IP 'PmodMAXSONAR_xlconstant_0_0' (customized with software release 2017.4) has a different revision in the IP Catalog.
* Current project part 'xc7z010clg400-1' and the part 'xc7a35ticsg324-1L' used to customize the IP 'PmodMAXSONAR_xlconstant_0_0' do not match.
Please select 'Report IP Status' from the 'Tools/Report' menu or run Tcl command 'report_ip_status' for more information.
WARNING: [IP_Flow 19-2162] IP 'PmodMAXSONAR_PWM_Analyzer_0_1' is locked:
* Current project part 'xc7z010clg400-1' and the part 'xc7a35ticsg324-1L' used to customize the IP 'PmodMAXSONAR_PWM_Analyzer_0_1' do not match.
Please select 'Report IP Status' from the 'Tools/Report' menu or run Tcl command 'report_ip_status' for more information.
WARNING: [IP_Flow 19-2162] IP 'design_1_PmodMAXSONAR_0_0' is locked:
* IP 'design_1_PmodMAXSONAR_0_0' contains one or more locked subcores.
Please select 'Report IP Status' from the 'Tools/Report' menu or run Tcl command 'report_ip_status' for more information.
WARNING: [IP_Flow 19-2162] IP 'PmodNAV_pmod_bridge_0_0' is locked:
* This IP has board specific outputs. Current project board 'digilentinc.com:cora-z7-10:part0:1.0' and the board 'digilentinc.com:arty:part0:1.1' used to customize the IP 'PmodNAV_pmod_bridge_0_0' do not match.
* Current project part 'xc7z010clg400-1' and the part 'xc7a35ticsg324-1L' used to customize the IP 'PmodNAV_pmod_bridge_0_0' do not match.
Please select 'Report IP Status' from the 'Tools/Report' menu or run Tcl command 'report_ip_status' for more information.
WARNING: [IP_Flow 19-2162] IP 'PmodNAV_xlconcat_0_0' is locked:
* Current project part 'xc7z010clg400-1' and the part 'xc7a35ticsg324-1L' used to customize the IP 'PmodNAV_xlconcat_0_0' do not match.
Please select 'Report IP Status' from the 'Tools/Report' menu or run Tcl command 'report_ip_status' for more information.
WARNING: [IP_Flow 19-2162] IP 'PmodNAV_xlconcat_0_1' is locked:
* Current project part 'xc7z010clg400-1' and the part 'xc7a35ticsg324-1L' used to customize the IP 'PmodNAV_xlconcat_0_1' do not match.
Please select 'Report IP Status' from the 'Tools/Report' menu or run Tcl command 'report_ip_status' for more information.
WARNING: [IP_Flow 19-2162] IP 'PmodNAV_xlconcat_0_2' is locked:
* Current project part 'xc7z010clg400-1' and the part 'xc7a35ticsg324-1L' used to customize the IP 'PmodNAV_xlconcat_0_2' do not match.
Please select 'Report IP Status' from the 'Tools/Report' menu or run Tcl command 'report_ip_status' for more information.
WARNING: [IP_Flow 19-2162] IP 'PmodNAV_xlconcat_0_3' is locked:
* Current project part 'xc7z010clg400-1' and the part 'xc7a35ticsg324-1L' used to customize the IP 'PmodNAV_xlconcat_0_3' do not match.
Please select 'Report IP Status' from the 'Tools/Report' menu or run Tcl command 'report_ip_status' for more information.
WARNING: [IP_Flow 19-2162] IP 'PmodNAV_xlslice_0_0' is locked:
* Current project part 'xc7z010clg400-1' and the part 'xc7a35ticsg324-1L' used to customize the IP 'PmodNAV_xlslice_0_0' do not match.
Please select 'Report IP Status' from the 'Tools/Report' menu or run Tcl command 'report_ip_status' for more information.
WARNING: [IP_Flow 19-2162] IP 'PmodNAV_xlslice_0_3' is locked:
* Current project part 'xc7z010clg400-1' and the part 'xc7a35ticsg324-1L' used to customize the IP 'PmodNAV_xlslice_0_3' do not match.
Please select 'Report IP Status' from the 'Tools/Report' menu or run Tcl command 'report_ip_status' for more information.
WARNING: [IP_Flow 19-2162] IP 'PmodNAV_xlslice_0_4' is locked:
* Current project part 'xc7z010clg400-1' and the part 'xc7a35ticsg324-1L' used to customize the IP 'PmodNAV_xlslice_0_4' do not match.
Please select 'Report IP Status' from the 'Tools/Report' menu or run Tcl command 'report_ip_status' for more information.
WARNING: [IP_Flow 19-2162] IP 'PmodNAV_xlslice_0_5' is locked:
* Current project part 'xc7z010clg400-1' and the part 'xc7a35ticsg324-1L' used to customize the IP 'PmodNAV_xlslice_0_5' do not match.
Please select 'Report IP Status' from the 'Tools/Report' menu or run Tcl command 'report_ip_status' for more information.
WARNING: [IP_Flow 19-2162] IP 'PmodNAV_xlslice_0_6' is locked:
* Current project part 'xc7z010clg400-1' and the part 'xc7a35ticsg324-1L' used to customize the IP 'PmodNAV_xlslice_0_6' do not match.
Please select 'Report IP Status' from the 'Tools/Report' menu or run Tcl command 'report_ip_status' for more information.
WARNING: [IP_Flow 19-2162] IP 'PmodNAV_xlslice_0_8' is locked:
* Current project part 'xc7z010clg400-1' and the part 'xc7a35ticsg324-1L' used to customize the IP 'PmodNAV_xlslice_0_8' do not match.
Please select 'Report IP Status' from the 'Tools/Report' menu or run Tcl command 'report_ip_status' for more information.
WARNING: [IP_Flow 19-2162] IP 'PmodNAV_xlslice_0_9' is locked:
* Current project part 'xc7z010clg400-1' and the part 'xc7a35ticsg324-1L' used to customize the IP 'PmodNAV_xlslice_0_9' do not match.
Please select 'Report IP Status' from the 'Tools/Report' menu or run Tcl command 'report_ip_status' for more information.
WARNING: [IP_Flow 19-2162] IP 'PmodNAV_axi_gpio_0_0' is locked:
* IP definition 'AXI GPIO (2.0)' for IP 'PmodNAV_axi_gpio_0_0' (customized with software release 2017.4) has a different revision in the IP Catalog.
* This IP has board specific outputs. Current project board 'digilentinc.com:cora-z7-10:part0:1.0' and the board 'digilentinc.com:arty:part0:1.1' used to customize the IP 'PmodNAV_axi_gpio_0_0' do not match.
* Current project part 'xc7z010clg400-1' and the part 'xc7a35ticsg324-1L' used to customize the IP 'PmodNAV_axi_gpio_0_0' do not match.
Please select 'Report IP Status' from the 'Tools/Report' menu or run Tcl command 'report_ip_status' for more information.
WARNING: [IP_Flow 19-2162] IP 'PmodNAV_axi_quad_spi_0_0' is locked:
* IP definition 'AXI Quad SPI (3.2)' for IP 'PmodNAV_axi_quad_spi_0_0' (customized with software release 2017.4) has a different revision in the IP Catalog.
* This IP has board specific outputs. Current project board 'digilentinc.com:cora-z7-10:part0:1.0' and the board 'digilentinc.com:arty:part0:1.1' used to customize the IP 'PmodNAV_axi_quad_spi_0_0' do not match.
* Current project part 'xc7z010clg400-1' and the part 'xc7a35ticsg324-1L' used to customize the IP 'PmodNAV_axi_quad_spi_0_0' do not match.
Please select 'Report IP Status' from the 'Tools/Report' menu or run Tcl command 'report_ip_status' for more information.
WARNING: [IP_Flow 19-2162] IP 'PmodNAV_xlslice_8_0' is locked:
* Current project part 'xc7z010clg400-1' and the part 'xc7a35ticsg324-1L' used to customize the IP 'PmodNAV_xlslice_8_0' do not match.
Please select 'Report IP Status' from the 'Tools/Report' menu or run Tcl command 'report_ip_status' for more information.
WARNING: [IP_Flow 19-2162] IP 'PmodNAV_xlslice_8_1' is locked:
* Current project part 'xc7z010clg400-1' and the part 'xc7a35ticsg324-1L' used to customize the IP 'PmodNAV_xlslice_8_1' do not match.
Please select 'Report IP Status' from the 'Tools/Report' menu or run Tcl command 'report_ip_status' for more information.
WARNING: [IP_Flow 19-2162] IP 'PmodNAV_xlslice_8_2' is locked:
* Current project part 'xc7z010clg400-1' and the part 'xc7a35ticsg324-1L' used to customize the IP 'PmodNAV_xlslice_8_2' do not match.
Please select 'Report IP Status' from the 'Tools/Report' menu or run Tcl command 'report_ip_status' for more information.
WARNING: [IP_Flow 19-2162] IP 'PmodNAV_xlconcat_0_4' is locked:
* Current project part 'xc7z010clg400-1' and the part 'xc7a35ticsg324-1L' used to customize the IP 'PmodNAV_xlconcat_0_4' do not match.
Please select 'Report IP Status' from the 'Tools/Report' menu or run Tcl command 'report_ip_status' for more information.
WARNING: [IP_Flow 19-2162] IP 'design_1_PmodNAV_0_0' is locked:
* IP 'design_1_PmodNAV_0_0' contains one or more locked subcores.
Please select 'Report IP Status' from the 'Tools/Report' menu or run Tcl command 'report_ip_status' for more information.
WARNING: [BD 41-1661] One or more IPs have been locked in the design 'design_1.bd'. Please run report_ip_status for more details and recommendations on how to fix this issue.
List of locked IPs:
design_1_PmodMAXSONAR_0_0
design_1_PmodNAV_0_0

INFO: [Coretcl 2-1213] Including run results for 'synth_1'
INFO: [Coretcl 2-1213] Including run results for 'design_1_rst_ps7_0_50M_0_synth_1'
INFO: [Coretcl 2-1213] Including run results for 'design_1_processing_system7_0_0_synth_1'
INFO: [Coretcl 2-1213] Including run results for 'design_1_PmodNAV_0_0_synth_1'
INFO: [Coretcl 2-1213] Including run results for 'design_1_PmodMAXSONAR_0_0_synth_1'
INFO: [Coretcl 2-1213] Including run results for 'design_1_xbar_0_synth_1'
INFO: [Coretcl 2-1213] Including run results for 'design_1_auto_pc_0_synth_1'
INFO: [Coretcl 2-1213] Including run results for 'design_1_axi_iic_0_0_synth_1'
INFO: [Coretcl 2-1213] Including run results for 'impl_1'
INFO: [Coretcl 2-133] re-setting run 'design_1_rst_ps7_0_50M_0_impl_1'...
INFO: [Coretcl 2-133] re-setting run 'design_1_processing_system7_0_0_impl_1'...
INFO: [Coretcl 2-133] re-setting run 'design_1_PmodNAV_0_0_impl_1'...
INFO: [Coretcl 2-133] re-setting run 'design_1_PmodMAXSONAR_0_0_impl_1'...
INFO: [Coretcl 2-133] re-setting run 'design_1_xbar_0_impl_1'...
INFO: [Coretcl 2-133] re-setting run 'design_1_auto_pc_0_impl_1'...
INFO: [Coretcl 2-133] re-setting run 'design_1_axi_iic_0_0_impl_1'...
INFO: [Coretcl 2-1212] Importing remotely added design sources and verilog include files (if any)...
INFO: [filemgmt 20-334] All file(s) are already imported in fileset: 'design_1_PmodMAXSONAR_0_0'
INFO: [filemgmt 20-348] Importing the appropriate files for fileset: 'design_1_PmodMAXSONAR_0_0'
INFO: [filemgmt 20-334] All file(s) are already imported in fileset: 'design_1_PmodNAV_0_0'
INFO: [filemgmt 20-348] Importing the appropriate files for fileset: 'design_1_PmodNAV_0_0'
INFO: [filemgmt 20-334] All file(s) are already imported in fileset: 'design_1_auto_pc_0'
INFO: [filemgmt 20-348] Importing the appropriate files for fileset: 'design_1_auto_pc_0'
INFO: [filemgmt 20-334] All file(s) are already imported in fileset: 'design_1_axi_iic_0_0'
INFO: [filemgmt 20-348] Importing the appropriate files for fileset: 'design_1_axi_iic_0_0'
INFO: [filemgmt 20-334] All file(s) are already imported in fileset: 'design_1_processing_system7_0_0'
INFO: [filemgmt 20-348] Importing the appropriate files for fileset: 'design_1_processing_system7_0_0'
INFO: [filemgmt 20-334] All file(s) are already imported in fileset: 'design_1_rst_ps7_0_50M_0'
INFO: [filemgmt 20-348] Importing the appropriate files for fileset: 'design_1_rst_ps7_0_50M_0'
INFO: [filemgmt 20-334] All file(s) are already imported in fileset: 'design_1_xbar_0'
INFO: [filemgmt 20-348] Importing the appropriate files for fileset: 'design_1_xbar_0'
INFO: [filemgmt 20-334] All file(s) are already imported in fileset: 'sources_1'
INFO: [filemgmt 20-348] Importing the appropriate files for fileset: 'sources_1'
